--------------- Build Started: 05/22/2017 20:16:35 Project: Node-Capybara, Configuration: ARM GCC 4.9-2015-q1-update Debug ---------------
cydsfit.exe -.appdatapath "C:\Users\DFM\AppData\Local\Cypress Semiconductor\PSoC Creator\4.0" -.fdsnotice -.fdswarpdepfile=warp_dependencies.txt -.fdselabdepfile=elab_dependencies.txt -.fdsbldfile=generated_files.txt -.fdsreffile=referenced_files.txt -p D:\Downloads\FRUCD\Node-Capybara\Node-Capybara\Node-Capybara.cydsn\Node-Capybara.cyprj -d CY8C5868AXI-LP035 -s D:\Downloads\FRUCD\Node-Capybara\Node-Capybara\Node-Capybara.cydsn\Generated_Source\PSoC5 -- -yv2 -q10 -ygs -o2 -v3 -.fftcfgtype=LE
Elaborating Design...
HDL Generation...
Synthesis...
Tech Mapping...
Analog Placement...
Log: apr.M0058: The analog placement iterative improvement is 44% done. (App=cydsfit)
Log: apr.M0058: The analog placement iterative improvement is 63% done. (App=cydsfit)
Log: apr.M0058: The analog placement iterative improvement is 92% done. (App=cydsfit)
Analog Routing...
Analog Code Generation...
Digital Placement...
Digital Routing...
Bitstream Generation...
Bitstream Verification...
Static timing analysis...
API Generation...
Dependency Generation...
Cleanup...
arm-none-eabi-gcc.exe -mcpu=cortex-m3 -mthumb -I.\emFile_V322c\Code\Include\PSoC5 -I.\emFile_V322c\Code\Include\PSoC5\emf16nOS -I. -IGenerated_Source\PSoC5 -Wa,-alh=.\CortexM3\ARM_GCC_493\Debug/sd_manager.lst -g -D DEBUG -Wall -ffunction-sections -O0 -ffat-lto-objects -c sd_manager.c -o .\CortexM3\ARM_GCC_493\Debug\sd_manager.o
sd_manager.c: In function 'sd_init':
sd_manager.c:52:21: warning: unused variable 'test_folder' [-Wunused-variable]
  char file_str[64], test_folder[32];
                     ^
sd_manager.c: In function 'sd_buffer':
sd_manager.c:143:10: warning: operation on 'sd_tail' may be undefined [-Wsequence-point]
  sd_tail = ((sd_tail == SD_QUEUE_LENGTH-1) ? sd_tail:sd_tail++); //if buffer full stay at tail
          ^
arm-none-eabi-gcc.exe -mcpu=cortex-m3 -mthumb -I.\emFile_V322c\Code\Include\PSoC5 -I.\emFile_V322c\Code\Include\PSoC5\emf16nOS -I. -IGenerated_Source\PSoC5 -Wa,-alh=.\CortexM3\ARM_GCC_493\Debug/cyfitter_cfg.lst -g -D DEBUG -Wall -ffunction-sections -O0 -ffat-lto-objects -c Generated_Source\PSoC5\cyfitter_cfg.c -o .\CortexM3\ARM_GCC_493\Debug\cyfitter_cfg.o
arm-none-eabi-ar.exe -rs .\CortexM3\ARM_GCC_493\Debug\Node-Capybara.a .\CortexM3\ARM_GCC_493\Debug\cyfitter_cfg.o .\CortexM3\ARM_GCC_493\Debug\CyDmac.o .\CortexM3\ARM_GCC_493\Debug\CyFlash.o .\CortexM3\ARM_GCC_493\Debug\CyLib.o .\CortexM3\ARM_GCC_493\Debug\cyPm.o .\CortexM3\ARM_GCC_493\Debug\CySpc.o .\CortexM3\ARM_GCC_493\Debug\cyutils.o .\CortexM3\ARM_GCC_493\Debug\emFile_1_ConfigMMC_SPI.o .\CortexM3\ARM_GCC_493\Debug\emFile_1_MMC_HW_SPI.o .\CortexM3\ARM_GCC_493\Debug\emFile_1_PM.o .\CortexM3\ARM_GCC_493\Debug\emFile_1_SPI0.o .\CortexM3\ARM_GCC_493\Debug\emFile_1_SPI0_PM.o .\CortexM3\ARM_GCC_493\Debug\emFile_1_SPI0_INT.o .\CortexM3\ARM_GCC_493\Debug\emFile_1_mosi0.o .\CortexM3\ARM_GCC_493\Debug\emFile_1_Clock_1.o .\CortexM3\ARM_GCC_493\Debug\emFile_1_miso0.o .\CortexM3\ARM_GCC_493\Debug\emFile_1_sclk0.o .\CortexM3\ARM_GCC_493\Debug\emFile_1_SPI0_CS.o .\CortexM3\ARM_GCC_493\Debug\Rx_1.o .\CortexM3\ARM_GCC_493\Debug\Tx_1.o .\CortexM3\ARM_GCC_493\Debug\CAN_1.o .\CortexM3\ARM_GCC_493\Debug\CAN_1_INT.o .\CortexM3\ARM_GCC_493\Debug\CAN_1_PM.o .\CortexM3\ARM_GCC_493\Debug\CAN_1_TX_RX_func.o .\CortexM3\ARM_GCC_493\Debug\USBUART_1.o .\CortexM3\ARM_GCC_493\Debug\USBUART_1_audio.o .\CortexM3\ARM_GCC_493\Debug\USBUART_1_boot.o .\CortexM3\ARM_GCC_493\Debug\USBUART_1_cdc.o .\CortexM3\ARM_GCC_493\Debug\USBUART_1_cls.o .\CortexM3\ARM_GCC_493\Debug\USBUART_1_descr.o .\CortexM3\ARM_GCC_493\Debug\USBUART_1_drv.o .\CortexM3\ARM_GCC_493\Debug\USBUART_1_episr.o .\CortexM3\ARM_GCC_493\Debug\USBUART_1_hid.o .\CortexM3\ARM_GCC_493\Debug\USBUART_1_pm.o .\CortexM3\ARM_GCC_493\Debug\USBUART_1_std.o .\CortexM3\ARM_GCC_493\Debug\USBUART_1_vnd.o .\CortexM3\ARM_GCC_493\Debug\USBUART_1_midi.o .\CortexM3\ARM_GCC_493\Debug\USBUART_1_msc.o .\CortexM3\ARM_GCC_493\Debug\USBUART_1_Dm.o .\CortexM3\ARM_GCC_493\Debug\USBUART_1_Dp.o .\CortexM3\ARM_GCC_493\Debug\power_isr.o .\CortexM3\ARM_GCC_493\Debug\power.o .\CortexM3\ARM_GCC_493\Debug\timer_clock.o .\CortexM3\ARM_GCC_493\Debug\rtc_i2c.o .\CortexM3\ARM_GCC_493\Debug\rtc_i2c_BOOT.o .\CortexM3\ARM_GCC_493\Debug\rtc_i2c_INT.o .\CortexM3\ARM_GCC_493\Debug\rtc_i2c_PM.o .\CortexM3\ARM_GCC_493\Debug\rtc_i2c_SLAVE.o .\CortexM3\ARM_GCC_493\Debug\rtc_i2c_MASTER.o .\CortexM3\ARM_GCC_493\Debug\RTC_SDA_1.o .\CortexM3\ARM_GCC_493\Debug\RTC_SCL_1.o .\CortexM3\ARM_GCC_493\Debug\millis_timer.o .\CortexM3\ARM_GCC_493\Debug\millis_timer_PM.o .\CortexM3\ARM_GCC_493\Debug\power_comp.o .\CortexM3\ARM_GCC_493\Debug\power_comp_PM.o .\CortexM3\ARM_GCC_493\Debug\sd_timer.o .\CortexM3\ARM_GCC_493\Debug\sd_timer_PM.o .\CortexM3\ARM_GCC_493\Debug\sd_isr.o .\CortexM3\ARM_GCC_493\Debug\watchdog_timer.o .\CortexM3\ARM_GCC_493\Debug\watchdog_timer_PM.o .\CortexM3\ARM_GCC_493\Debug\wdt_reset_isr.o .\CortexM3\ARM_GCC_493\Debug\heartbeat_timer.o .\CortexM3\ARM_GCC_493\Debug\heartbeat_timer_PM.o .\CortexM3\ARM_GCC_493\Debug\heartbeat_isr.o .\CortexM3\ARM_GCC_493\Debug\CyBootAsmGnu.o
arm-none-eabi-ar.exe: creating .\CortexM3\ARM_GCC_493\Debug\Node-Capybara.a
arm-none-eabi-gcc.exe -Wl,--start-group -o .\CortexM3\ARM_GCC_493\Debug\Node-Capybara.elf .\CortexM3\ARM_GCC_493\Debug\main.o .\CortexM3\ARM_GCC_493\Debug\can_manager.o .\CortexM3\ARM_GCC_493\Debug\sd_manager.o .\CortexM3\ARM_GCC_493\Debug\usb_manager.o .\CortexM3\ARM_GCC_493\Debug\cymetadata.o .\CortexM3\ARM_GCC_493\Debug\Cm3Start.o .\CortexM3\ARM_GCC_493\Debug\Node-Capybara.a "D:\Programming\Cypress\PSoC Creator\4.0\PSoC Creator\psoc\content\cycomponentlibrary\CyComponentLibrary.cylib\CortexM3\ARM_GCC_493\Debug\CyComponentLibrary.a" -mcpu=cortex-m3 -mthumb -g -ffunction-sections -O0 -ffat-lto-objects -l emf16noslfn -L Generated_Source\PSoC5 -L .\emFile_V322c\LinkLibrary\PSoC5\GCC -Wl,-Map,.\CortexM3\ARM_GCC_493\Debug/Node-Capybara.map -T D:\Downloads\FRUCD\Node-Capybara\Node-Capybara\Node-Capybara.cydsn\Generated_Source\PSoC5\cm3gcc.ld -specs=nano.specs -Wl,--gc-sections -Wl,--end-group
cyelftool.exe -C D:\Downloads\FRUCD\Node-Capybara\Node-Capybara\Node-Capybara.cydsn\CortexM3\ARM_GCC_493\Debug\Node-Capybara.elf --flash_row_size 256 --flash_size 262144
cyelftool.exe -S D:\Downloads\FRUCD\Node-Capybara\Node-Capybara\Node-Capybara.cydsn\CortexM3\ARM_GCC_493\Debug\Node-Capybara.elf
Flash used: 28592 of 262144 bytes (10.9 %).
SRAM used: 41797 of 65536 bytes (63.8 %). Stack: 16384 bytes. Heap: 4096 bytes.
--------------- Build Succeeded: 05/22/2017 20:17:13 ---------------
