--------------- Clean Started: 06/15/2017 08:30:22 Project: Node-Capybara, Configuration: ARM GCC 4.9-2015-q1-update Debug ---------------
Deleting file ".\CortexM3\ARM_GCC_493\Debug\main.o"
Deleting file ".\CortexM3\ARM_GCC_493\Debug\can_manager.o"
Deleting file ".\CortexM3\ARM_GCC_493\Debug\sd_manager.o"
Deleting file ".\CortexM3\ARM_GCC_493\Debug\usb_manager.o"
Deleting file ".\CortexM3\ARM_GCC_493\Debug\speed_manager.o"
Deleting file ".\CortexM3\ARM_GCC_493\Debug\SoC.o"
Deleting file ".\CortexM3\ARM_GCC_493\Debug\cyfitter_cfg.o"
Deleting file ".\CortexM3\ARM_GCC_493\Debug\cymetadata.o"
Deleting file ".\CortexM3\ARM_GCC_493\Debug\Cm3Start.o"
Deleting file ".\CortexM3\ARM_GCC_493\Debug\CyBootAsmGnu.o"
Deleting file ".\CortexM3\ARM_GCC_493\Debug\CyDmac.o"
Deleting file ".\CortexM3\ARM_GCC_493\Debug\CyFlash.o"
Deleting file ".\CortexM3\ARM_GCC_493\Debug\CyLib.o"
Deleting file ".\CortexM3\ARM_GCC_493\Debug\cyPm.o"
Deleting file ".\CortexM3\ARM_GCC_493\Debug\CySpc.o"
Deleting file ".\CortexM3\ARM_GCC_493\Debug\cyutils.o"
Deleting file ".\CortexM3\ARM_GCC_493\Debug\emFile_1_ConfigMMC_SPI.o"
Deleting file ".\CortexM3\ARM_GCC_493\Debug\emFile_1_MMC_HW_SPI.o"
Deleting file ".\CortexM3\ARM_GCC_493\Debug\emFile_1_PM.o"
Deleting file ".\CortexM3\ARM_GCC_493\Debug\emFile_1_SPI0.o"
Deleting file ".\CortexM3\ARM_GCC_493\Debug\emFile_1_SPI0_PM.o"
Deleting file ".\CortexM3\ARM_GCC_493\Debug\emFile_1_SPI0_INT.o"
Deleting file ".\CortexM3\ARM_GCC_493\Debug\emFile_1_mosi0.o"
Deleting file ".\CortexM3\ARM_GCC_493\Debug\emFile_1_Clock_1.o"
Deleting file ".\CortexM3\ARM_GCC_493\Debug\emFile_1_miso0.o"
Deleting file ".\CortexM3\ARM_GCC_493\Debug\emFile_1_sclk0.o"
Deleting file ".\CortexM3\ARM_GCC_493\Debug\emFile_1_SPI0_CS.o"
Deleting file ".\CortexM3\ARM_GCC_493\Debug\Rx_1.o"
Deleting file ".\CortexM3\ARM_GCC_493\Debug\Tx_1.o"
Deleting file ".\CortexM3\ARM_GCC_493\Debug\CAN_1.o"
Deleting file ".\CortexM3\ARM_GCC_493\Debug\CAN_1_INT.o"
Deleting file ".\CortexM3\ARM_GCC_493\Debug\CAN_1_PM.o"
Deleting file ".\CortexM3\ARM_GCC_493\Debug\CAN_1_TX_RX_func.o"
Deleting file ".\CortexM3\ARM_GCC_493\Debug\USBUART_1.o"
Deleting file ".\CortexM3\ARM_GCC_493\Debug\USBUART_1_audio.o"
Deleting file ".\CortexM3\ARM_GCC_493\Debug\USBUART_1_boot.o"
Deleting file ".\CortexM3\ARM_GCC_493\Debug\USBUART_1_cdc.o"
Deleting file ".\CortexM3\ARM_GCC_493\Debug\USBUART_1_cls.o"
Deleting file ".\CortexM3\ARM_GCC_493\Debug\USBUART_1_descr.o"
Deleting file ".\CortexM3\ARM_GCC_493\Debug\USBUART_1_drv.o"
Deleting file ".\CortexM3\ARM_GCC_493\Debug\USBUART_1_episr.o"
Deleting file ".\CortexM3\ARM_GCC_493\Debug\USBUART_1_hid.o"
Deleting file ".\CortexM3\ARM_GCC_493\Debug\USBUART_1_pm.o"
Deleting file ".\CortexM3\ARM_GCC_493\Debug\USBUART_1_std.o"
Deleting file ".\CortexM3\ARM_GCC_493\Debug\USBUART_1_vnd.o"
Deleting file ".\CortexM3\ARM_GCC_493\Debug\USBUART_1_midi.o"
Deleting file ".\CortexM3\ARM_GCC_493\Debug\USBUART_1_msc.o"
Deleting file ".\CortexM3\ARM_GCC_493\Debug\USBUART_1_Dm.o"
Deleting file ".\CortexM3\ARM_GCC_493\Debug\USBUART_1_Dp.o"
Deleting file ".\CortexM3\ARM_GCC_493\Debug\power_isr.o"
Deleting file ".\CortexM3\ARM_GCC_493\Debug\power.o"
Deleting file ".\CortexM3\ARM_GCC_493\Debug\timer_clock.o"
Deleting file ".\CortexM3\ARM_GCC_493\Debug\rtc_i2c.o"
Deleting file ".\CortexM3\ARM_GCC_493\Debug\rtc_i2c_BOOT.o"
Deleting file ".\CortexM3\ARM_GCC_493\Debug\rtc_i2c_INT.o"
Deleting file ".\CortexM3\ARM_GCC_493\Debug\rtc_i2c_PM.o"
Deleting file ".\CortexM3\ARM_GCC_493\Debug\rtc_i2c_SLAVE.o"
Deleting file ".\CortexM3\ARM_GCC_493\Debug\rtc_i2c_MASTER.o"
Deleting file ".\CortexM3\ARM_GCC_493\Debug\RTC_SDA_1.o"
Deleting file ".\CortexM3\ARM_GCC_493\Debug\RTC_SCL_1.o"
Deleting file ".\CortexM3\ARM_GCC_493\Debug\millis_timer.o"
Deleting file ".\CortexM3\ARM_GCC_493\Debug\millis_timer_PM.o"
Deleting file ".\CortexM3\ARM_GCC_493\Debug\power_comp.o"
Deleting file ".\CortexM3\ARM_GCC_493\Debug\power_comp_PM.o"
Deleting file ".\CortexM3\ARM_GCC_493\Debug\sd_timer.o"
Deleting file ".\CortexM3\ARM_GCC_493\Debug\sd_timer_PM.o"
Deleting file ".\CortexM3\ARM_GCC_493\Debug\sd_isr.o"
Deleting file ".\CortexM3\ARM_GCC_493\Debug\watchdog_timer.o"
Deleting file ".\CortexM3\ARM_GCC_493\Debug\watchdog_timer_PM.o"
Deleting file ".\CortexM3\ARM_GCC_493\Debug\wdt_reset_isr.o"
Deleting file ".\CortexM3\ARM_GCC_493\Debug\heartbeat_timer.o"
Deleting file ".\CortexM3\ARM_GCC_493\Debug\heartbeat_timer_PM.o"
Deleting file ".\CortexM3\ARM_GCC_493\Debug\heartbeat_isr.o"
Deleting file ".\CortexM3\ARM_GCC_493\Debug\sysclk.o"
Deleting file ".\CortexM3\ARM_GCC_493\Debug\Channel_1_Timer.o"
Deleting file ".\CortexM3\ARM_GCC_493\Debug\Channel_1_Timer_PM.o"
Deleting file ".\CortexM3\ARM_GCC_493\Debug\Channel1_isr.o"
Deleting file ".\CortexM3\ARM_GCC_493\Debug\CR1.o"
Deleting file ".\CortexM3\ARM_GCC_493\Debug\CR1_PM.o"
Deleting file ".\CortexM3\ARM_GCC_493\Debug\Tachometer_pin.o"
Deleting file ".\CortexM3\ARM_GCC_493\Debug\onboard_led.o"
Deleting file ".\CortexM3\ARM_GCC_493\Debug\Comp_1.o"
Deleting file ".\CortexM3\ARM_GCC_493\Debug\Comp_1_PM.o"
Deleting file ".\CortexM3\ARM_GCC_493\Debug\My_ADC.o"
Deleting file ".\CortexM3\ARM_GCC_493\Debug\My_ADC_PM.o"
Deleting file ".\CortexM3\ARM_GCC_493\Debug\My_ADC_INT.o"
Deleting file ".\CortexM3\ARM_GCC_493\Debug\DVDAC_1.o"
Deleting file ".\CortexM3\ARM_GCC_493\Debug\DVDAC_1_PM.o"
Deleting file ".\CortexM3\ARM_GCC_493\Debug\Pin_1.o"
Deleting file ".\CortexM3\ARM_GCC_493\Debug\comparator_out.o"
Deleting file ".\CortexM3\ARM_GCC_493\Debug\My_ADC_AMux.o"
Deleting file ".\CortexM3\ARM_GCC_493\Debug\My_ADC_Ext_CP_Clk.o"
Deleting file ".\CortexM3\ARM_GCC_493\Debug\My_ADC_IRQ.o"
Deleting file ".\CortexM3\ARM_GCC_493\Debug\My_ADC_theACLK.o"
Deleting file ".\CortexM3\ARM_GCC_493\Debug\DVDAC_1_DMA_dma.o"
Deleting file ".\CortexM3\ARM_GCC_493\Debug\DVDAC_1_VDAC8.o"
Deleting file ".\CortexM3\ARM_GCC_493\Debug\DVDAC_1_VDAC8_PM.o"
Deleting file ".\CortexM3\ARM_GCC_493\Debug\DVDAC_1_IntClock.o"
Deleting file ".\CortexM3\ARM_GCC_493\Debug\Node-Capybara.hex"
Deleting file ".\CortexM3\ARM_GCC_493\Debug\Node-Capybara.elf"
Deleting file ".\CortexM3\ARM_GCC_493\Debug\Node-Capybara.map"
Deleting file ".\Node-Capybara.rpt"
Deleting file ".\Node-Capybara_timing.html"
Deleting file ".\CortexM3\ARM_GCC_493\Debug\.deps\SOURCE_C__ARM_GCC_GENERIC.P"
Deleting file ".\CortexM3\ARM_GCC_493\Debug\.deps\SOURCE_ASM__ARM_GCC_GENERIC.P"
--------------- Clean Succeeded: 06/15/2017 08:30:23 ---------------
