ARM GAS  D:\Windows\AppData\Local\Temp\ccI3PfK0.s 			page 1


   1              		.syntax unified
   2              		.cpu cortex-m3
   3              		.fpu softvfp
   4              		.eabi_attribute 20, 1
   5              		.eabi_attribute 21, 1
   6              		.eabi_attribute 23, 3
   7              		.eabi_attribute 24, 1
   8              		.eabi_attribute 25, 1
   9              		.eabi_attribute 26, 1
  10              		.eabi_attribute 30, 6
  11              		.eabi_attribute 34, 1
  12              		.eabi_attribute 18, 4
  13              		.thumb
  14              		.file	"cymetadata.c"
  15              		.text
  16              	.Ltext0:
  17              		.cfi_sections	.debug_frame
  18              		.global	cy_meta_configecc
  19              		.section	.cyconfigecc,"a",%progbits
  20              		.align	2
  21              		.type	cy_meta_configecc, %object
  22              		.size	cy_meta_configecc, 2024
  23              	cy_meta_configecc:
  24 0000 01       		.byte	1
  25 0001 45       		.byte	69
  26 0002 00       		.byte	0
  27 0003 40       		.byte	64
  28 0004 06       		.byte	6
  29 0005 52       		.byte	82
  30 0006 00       		.byte	0
  31 0007 40       		.byte	64
  32 0008 04       		.byte	4
  33 0009 64       		.byte	100
  34 000a 00       		.byte	0
  35 000b 40       		.byte	64
  36 000c 01       		.byte	1
  37 000d 65       		.byte	101
  38 000e 00       		.byte	0
  39 000f 40       		.byte	64
  40 0010 2D       		.byte	45
  41 0011 02       		.byte	2
  42 0012 01       		.byte	1
  43 0013 40       		.byte	64
  44 0014 0D       		.byte	13
  45 0015 03       		.byte	3
  46 0016 01       		.byte	1
  47 0017 40       		.byte	64
  48 0018 1E       		.byte	30
  49 0019 04       		.byte	4
  50 001a 01       		.byte	1
  51 001b 40       		.byte	64
  52 001c 13       		.byte	19
  53 001d 05       		.byte	5
  54 001e 01       		.byte	1
  55 001f 40       		.byte	64
  56 0020 37       		.byte	55
  57 0021 06       		.byte	6
ARM GAS  D:\Windows\AppData\Local\Temp\ccI3PfK0.s 			page 2


  58 0022 01       		.byte	1
  59 0023 40       		.byte	64
  60 0024 16       		.byte	22
  61 0025 07       		.byte	7
  62 0026 01       		.byte	1
  63 0027 40       		.byte	64
  64 0028 46       		.byte	70
  65 0029 08       		.byte	8
  66 002a 01       		.byte	1
  67 002b 40       		.byte	64
  68 002c 28       		.byte	40
  69 002d 09       		.byte	9
  70 002e 01       		.byte	1
  71 002f 40       		.byte	64
  72 0030 44       		.byte	68
  73 0031 0A       		.byte	10
  74 0032 01       		.byte	1
  75 0033 40       		.byte	64
  76 0034 2D       		.byte	45
  77 0035 0B       		.byte	11
  78 0036 01       		.byte	1
  79 0037 40       		.byte	64
  80 0038 17       		.byte	23
  81 0039 0C       		.byte	12
  82 003a 01       		.byte	1
  83 003b 40       		.byte	64
  84 003c 39       		.byte	57
  85 003d 0D       		.byte	13
  86 003e 01       		.byte	1
  87 003f 40       		.byte	64
  88 0040 36       		.byte	54
  89 0041 0E       		.byte	14
  90 0042 01       		.byte	1
  91 0043 40       		.byte	64
  92 0044 2B       		.byte	43
  93 0045 0F       		.byte	15
  94 0046 01       		.byte	1
  95 0047 40       		.byte	64
  96 0048 2C       		.byte	44
  97 0049 14       		.byte	20
  98 004a 01       		.byte	1
  99 004b 40       		.byte	64
 100 004c 10       		.byte	16
 101 004d 15       		.byte	21
 102 004e 01       		.byte	1
 103 004f 40       		.byte	64
 104 0050 32       		.byte	50
 105 0051 16       		.byte	22
 106 0052 01       		.byte	1
 107 0053 40       		.byte	64
 108 0054 13       		.byte	19
 109 0055 17       		.byte	23
 110 0056 01       		.byte	1
 111 0057 40       		.byte	64
 112 0058 04       		.byte	4
 113 0059 19       		.byte	25
 114 005a 01       		.byte	1
ARM GAS  D:\Windows\AppData\Local\Temp\ccI3PfK0.s 			page 3


 115 005b 40       		.byte	64
 116 005c 03       		.byte	3
 117 005d 1B       		.byte	27
 118 005e 01       		.byte	1
 119 005f 40       		.byte	64
 120 0060 07       		.byte	7
 121 0061 40       		.byte	64
 122 0062 01       		.byte	1
 123 0063 40       		.byte	64
 124 0064 09       		.byte	9
 125 0065 41       		.byte	65
 126 0066 01       		.byte	1
 127 0067 40       		.byte	64
 128 0068 06       		.byte	6
 129 0069 42       		.byte	66
 130 006a 01       		.byte	1
 131 006b 40       		.byte	64
 132 006c 06       		.byte	6
 133 006d 43       		.byte	67
 134 006e 01       		.byte	1
 135 006f 40       		.byte	64
 136 0070 04       		.byte	4
 137 0071 44       		.byte	68
 138 0072 01       		.byte	1
 139 0073 40       		.byte	64
 140 0074 0D       		.byte	13
 141 0075 45       		.byte	69
 142 0076 01       		.byte	1
 143 0077 40       		.byte	64
 144 0078 08       		.byte	8
 145 0079 46       		.byte	70
 146 007a 01       		.byte	1
 147 007b 40       		.byte	64
 148 007c 09       		.byte	9
 149 007d 47       		.byte	71
 150 007e 01       		.byte	1
 151 007f 40       		.byte	64
 152 0080 0D       		.byte	13
 153 0081 48       		.byte	72
 154 0082 01       		.byte	1
 155 0083 40       		.byte	64
 156 0084 0A       		.byte	10
 157 0085 49       		.byte	73
 158 0086 01       		.byte	1
 159 0087 40       		.byte	64
 160 0088 0A       		.byte	10
 161 0089 4C       		.byte	76
 162 008a 01       		.byte	1
 163 008b 40       		.byte	64
 164 008c 0A       		.byte	10
 165 008d 4D       		.byte	77
 166 008e 01       		.byte	1
 167 008f 40       		.byte	64
 168 0090 07       		.byte	7
 169 0091 50       		.byte	80
 170 0092 01       		.byte	1
 171 0093 40       		.byte	64
ARM GAS  D:\Windows\AppData\Local\Temp\ccI3PfK0.s 			page 4


 172 0094 03       		.byte	3
 173 0095 51       		.byte	81
 174 0096 01       		.byte	1
 175 0097 40       		.byte	64
 176 0098 7E       		.byte	126
 177 0099 02       		.byte	2
 178 009a 10       		.byte	16
 179 009b 40       		.byte	64
 180 009c 11       		.byte	17
 181 009d 40       		.byte	64
 182 009e 14       		.byte	20
 183 009f 60       		.byte	96
 184 00a0 19       		.byte	25
 185 00a1 01       		.byte	1
 186 00a2 31       		.byte	49
 187 00a3 40       		.byte	64
 188 00a4 7C       		.byte	124
 189 00a5 40       		.byte	64
 190 00a6 84       		.byte	-124
 191 00a7 0D       		.byte	13
 192 00a8 87       		.byte	-121
 193 00a9 0D       		.byte	13
 194 00aa 8A       		.byte	-118
 195 00ab 0F       		.byte	15
 196 00ac 8B       		.byte	-117
 197 00ad 0D       		.byte	13
 198 00ae 87       		.byte	-121
 199 00af 0D       		.byte	13
 200 00b0 02       		.byte	2
 201 00b1 01       		.byte	1
 202 00b2 2A       		.byte	42
 203 00b3 01       		.byte	1
 204 00b4 36       		.byte	54
 205 00b5 01       		.byte	1
 206 00b6 40       		.byte	64
 207 00b7 12       		.byte	18
 208 00b8 49       		.byte	73
 209 00b9 FF       		.byte	-1
 210 00ba 4A       		.byte	74
 211 00bb FF       		.byte	-1
 212 00bc 4B       		.byte	75
 213 00bd FF       		.byte	-1
 214 00be 4F       		.byte	79
 215 00bf 01       		.byte	1
 216 00c0 50       		.byte	80
 217 00c1 18       		.byte	24
 218 00c2 52       		.byte	82
 219 00c3 80       		.byte	-128
 220 00c4 58       		.byte	88
 221 00c5 04       		.byte	4
 222 00c6 5A       		.byte	90
 223 00c7 04       		.byte	4
 224 00c8 5B       		.byte	91
 225 00c9 04       		.byte	4
 226 00ca 5C       		.byte	92
 227 00cb 01       		.byte	1
 228 00cc 5D       		.byte	93
ARM GAS  D:\Windows\AppData\Local\Temp\ccI3PfK0.s 			page 5


 229 00cd 11       		.byte	17
 230 00ce 5F       		.byte	95
 231 00cf 01       		.byte	1
 232 00d0 60       		.byte	96
 233 00d1 40       		.byte	64
 234 00d2 62       		.byte	98
 235 00d3 40       		.byte	64
 236 00d4 64       		.byte	100
 237 00d5 40       		.byte	64
 238 00d6 65       		.byte	101
 239 00d7 40       		.byte	64
 240 00d8 66       		.byte	102
 241 00d9 80       		.byte	-128
 242 00da 68       		.byte	104
 243 00db 80       		.byte	-128
 244 00dc 6A       		.byte	106
 245 00dd 80       		.byte	-128
 246 00de 6C       		.byte	108
 247 00df 80       		.byte	-128
 248 00e0 6E       		.byte	110
 249 00e1 80       		.byte	-128
 250 00e2 C0       		.byte	-64
 251 00e3 12       		.byte	18
 252 00e4 C9       		.byte	-55
 253 00e5 FF       		.byte	-1
 254 00e6 CA       		.byte	-54
 255 00e7 FF       		.byte	-1
 256 00e8 CB       		.byte	-53
 257 00e9 FF       		.byte	-1
 258 00ea CD       		.byte	-51
 259 00eb 83       		.byte	-125
 260 00ec CE       		.byte	-50
 261 00ed 03       		.byte	3
 262 00ee CF       		.byte	-49
 263 00ef 01       		.byte	1
 264 00f0 D0       		.byte	-48
 265 00f1 18       		.byte	24
 266 00f2 DA       		.byte	-38
 267 00f3 04       		.byte	4
 268 00f4 DD       		.byte	-35
 269 00f5 01       		.byte	1
 270 00f6 DF       		.byte	-33
 271 00f7 01       		.byte	1
 272 00f8 E0       		.byte	-32
 273 00f9 40       		.byte	64
 274 00fa E2       		.byte	-30
 275 00fb 40       		.byte	64
 276 00fc E4       		.byte	-28
 277 00fd 40       		.byte	64
 278 00fe E5       		.byte	-27
 279 00ff 40       		.byte	64
 280 0100 E6       		.byte	-26
 281 0101 80       		.byte	-128
 282 0102 E8       		.byte	-24
 283 0103 80       		.byte	-128
 284 0104 EA       		.byte	-22
 285 0105 80       		.byte	-128
ARM GAS  D:\Windows\AppData\Local\Temp\ccI3PfK0.s 			page 6


 286 0106 EC       		.byte	-20
 287 0107 80       		.byte	-128
 288 0108 EE       		.byte	-18
 289 0109 80       		.byte	-128
 290 010a 07       		.byte	7
 291 010b 80       		.byte	-128
 292 010c 16       		.byte	22
 293 010d 04       		.byte	4
 294 010e 1F       		.byte	31
 295 010f 80       		.byte	-128
 296 0110 41       		.byte	65
 297 0111 20       		.byte	32
 298 0112 43       		.byte	67
 299 0113 40       		.byte	64
 300 0114 45       		.byte	69
 301 0115 20       		.byte	32
 302 0116 46       		.byte	70
 303 0117 04       		.byte	4
 304 0118 47       		.byte	71
 305 0119 80       		.byte	-128
 306 011a 77       		.byte	119
 307 011b C0       		.byte	-64
 308 011c C0       		.byte	-64
 309 011d 10       		.byte	16
 310 011e C4       		.byte	-60
 311 011f 40       		.byte	64
 312 0120 D0       		.byte	-48
 313 0121 3C       		.byte	60
 314 0122 E6       		.byte	-26
 315 0123 02       		.byte	2
 316 0124 07       		.byte	7
 317 0125 01       		.byte	1
 318 0126 1F       		.byte	31
 319 0127 01       		.byte	1
 320 0128 37       		.byte	55
 321 0129 01       		.byte	1
 322 012a 3F       		.byte	63
 323 012b 40       		.byte	64
 324 012c 40       		.byte	64
 325 012d 13       		.byte	19
 326 012e 45       		.byte	69
 327 012f EC       		.byte	-20
 328 0130 47       		.byte	71
 329 0131 02       		.byte	2
 330 0132 48       		.byte	72
 331 0133 13       		.byte	19
 332 0134 49       		.byte	73
 333 0135 FF       		.byte	-1
 334 0136 4A       		.byte	74
 335 0137 FF       		.byte	-1
 336 0138 4B       		.byte	75
 337 0139 FF       		.byte	-1
 338 013a 4D       		.byte	77
 339 013b 83       		.byte	-125
 340 013c 4E       		.byte	78
 341 013d 03       		.byte	3
 342 013e 4F       		.byte	79
ARM GAS  D:\Windows\AppData\Local\Temp\ccI3PfK0.s 			page 7


 343 013f 01       		.byte	1
 344 0140 50       		.byte	80
 345 0141 18       		.byte	24
 346 0142 54       		.byte	84
 347 0143 01       		.byte	1
 348 0144 59       		.byte	89
 349 0145 04       		.byte	4
 350 0146 5A       		.byte	90
 351 0147 04       		.byte	4
 352 0148 5B       		.byte	91
 353 0149 04       		.byte	4
 354 014a 5D       		.byte	93
 355 014b 11       		.byte	17
 356 014c 5F       		.byte	95
 357 014d 01       		.byte	1
 358 014e 60       		.byte	96
 359 014f 40       		.byte	64
 360 0150 62       		.byte	98
 361 0151 40       		.byte	64
 362 0152 64       		.byte	100
 363 0153 40       		.byte	64
 364 0154 65       		.byte	101
 365 0155 40       		.byte	64
 366 0156 66       		.byte	102
 367 0157 80       		.byte	-128
 368 0158 68       		.byte	104
 369 0159 80       		.byte	-128
 370 015a 6A       		.byte	106
 371 015b 80       		.byte	-128
 372 015c 6C       		.byte	108
 373 015d 80       		.byte	-128
 374 015e 6E       		.byte	110
 375 015f 80       		.byte	-128
 376 0160 22       		.byte	34
 377 0161 40       		.byte	64
 378 0162 33       		.byte	51
 379 0163 40       		.byte	64
 380 0164 3A       		.byte	58
 381 0165 04       		.byte	4
 382 0166 43       		.byte	67
 383 0167 48       		.byte	72
 384 0168 49       		.byte	73
 385 0169 05       		.byte	5
 386 016a 52       		.byte	82
 387 016b 04       		.byte	4
 388 016c 53       		.byte	83
 389 016d 08       		.byte	8
 390 016e 59       		.byte	89
 391 016f 05       		.byte	5
 392 0170 5A       		.byte	90
 393 0171 80       		.byte	-128
 394 0172 87       		.byte	-121
 395 0173 02       		.byte	2
 396 0174 9B       		.byte	-101
 397 0175 40       		.byte	64
 398 0176 9E       		.byte	-98
 399 0177 04       		.byte	4
ARM GAS  D:\Windows\AppData\Local\Temp\ccI3PfK0.s 			page 8


 400 0178 B7       		.byte	-73
 401 0179 80       		.byte	-128
 402 017a CC       		.byte	-52
 403 017b 08       		.byte	8
 404 017c CE       		.byte	-50
 405 017d 02       		.byte	2
 406 017e D0       		.byte	-48
 407 017f 0A       		.byte	10
 408 0180 D6       		.byte	-42
 409 0181 0B       		.byte	11
 410 0182 E2       		.byte	-30
 411 0183 08       		.byte	8
 412 0184 EA       		.byte	-22
 413 0185 40       		.byte	64
 414 0186 23       		.byte	35
 415 0187 01       		.byte	1
 416 0188 2F       		.byte	47
 417 0189 01       		.byte	1
 418 018a 33       		.byte	51
 419 018b 01       		.byte	1
 420 018c 40       		.byte	64
 421 018d 41       		.byte	65
 422 018e 49       		.byte	73
 423 018f FF       		.byte	-1
 424 0190 4A       		.byte	74
 425 0191 FF       		.byte	-1
 426 0192 4B       		.byte	75
 427 0193 FF       		.byte	-1
 428 0194 4F       		.byte	79
 429 0195 01       		.byte	1
 430 0196 50       		.byte	80
 431 0197 18       		.byte	24
 432 0198 52       		.byte	82
 433 0199 80       		.byte	-128
 434 019a 59       		.byte	89
 435 019b 04       		.byte	4
 436 019c 5A       		.byte	90
 437 019d 04       		.byte	4
 438 019e 5B       		.byte	91
 439 019f 04       		.byte	4
 440 01a0 5C       		.byte	92
 441 01a1 10       		.byte	16
 442 01a2 5D       		.byte	93
 443 01a3 11       		.byte	17
 444 01a4 5F       		.byte	95
 445 01a5 01       		.byte	1
 446 01a6 60       		.byte	96
 447 01a7 40       		.byte	64
 448 01a8 62       		.byte	98
 449 01a9 40       		.byte	64
 450 01aa 64       		.byte	100
 451 01ab 40       		.byte	64
 452 01ac 65       		.byte	101
 453 01ad 40       		.byte	64
 454 01ae 66       		.byte	102
 455 01af 80       		.byte	-128
 456 01b0 68       		.byte	104
ARM GAS  D:\Windows\AppData\Local\Temp\ccI3PfK0.s 			page 9


 457 01b1 80       		.byte	-128
 458 01b2 6A       		.byte	106
 459 01b3 80       		.byte	-128
 460 01b4 6C       		.byte	108
 461 01b5 80       		.byte	-128
 462 01b6 6E       		.byte	110
 463 01b7 80       		.byte	-128
 464 01b8 82       		.byte	-126
 465 01b9 01       		.byte	1
 466 01ba 9E       		.byte	-98
 467 01bb 01       		.byte	1
 468 01bc B6       		.byte	-74
 469 01bd 01       		.byte	1
 470 01be BE       		.byte	-66
 471 01bf 40       		.byte	64
 472 01c0 C0       		.byte	-64
 473 01c1 41       		.byte	65
 474 01c2 C5       		.byte	-59
 475 01c3 EC       		.byte	-20
 476 01c4 C6       		.byte	-58
 477 01c5 02       		.byte	2
 478 01c6 C8       		.byte	-56
 479 01c7 07       		.byte	7
 480 01c8 C9       		.byte	-55
 481 01c9 FF       		.byte	-1
 482 01ca CA       		.byte	-54
 483 01cb FF       		.byte	-1
 484 01cc CB       		.byte	-53
 485 01cd FF       		.byte	-1
 486 01ce CD       		.byte	-51
 487 01cf 83       		.byte	-125
 488 01d0 CE       		.byte	-50
 489 01d1 03       		.byte	3
 490 01d2 CF       		.byte	-49
 491 01d3 01       		.byte	1
 492 01d4 D0       		.byte	-48
 493 01d5 18       		.byte	24
 494 01d6 D4       		.byte	-44
 495 01d7 01       		.byte	1
 496 01d8 D8       		.byte	-40
 497 01d9 04       		.byte	4
 498 01da DA       		.byte	-38
 499 01db 04       		.byte	4
 500 01dc DB       		.byte	-37
 501 01dd 04       		.byte	4
 502 01de DD       		.byte	-35
 503 01df 11       		.byte	17
 504 01e0 DF       		.byte	-33
 505 01e1 01       		.byte	1
 506 01e2 E0       		.byte	-32
 507 01e3 40       		.byte	64
 508 01e4 E2       		.byte	-30
 509 01e5 40       		.byte	64
 510 01e6 E4       		.byte	-28
 511 01e7 40       		.byte	64
 512 01e8 E5       		.byte	-27
 513 01e9 40       		.byte	64
ARM GAS  D:\Windows\AppData\Local\Temp\ccI3PfK0.s 			page 10


 514 01ea E6       		.byte	-26
 515 01eb 80       		.byte	-128
 516 01ec E8       		.byte	-24
 517 01ed 80       		.byte	-128
 518 01ee EA       		.byte	-22
 519 01ef 80       		.byte	-128
 520 01f0 EC       		.byte	-20
 521 01f1 80       		.byte	-128
 522 01f2 EE       		.byte	-18
 523 01f3 80       		.byte	-128
 524 01f4 02       		.byte	2
 525 01f5 40       		.byte	64
 526 01f6 09       		.byte	9
 527 01f7 80       		.byte	-128
 528 01f8 19       		.byte	25
 529 01f9 40       		.byte	64
 530 01fa 27       		.byte	39
 531 01fb 20       		.byte	32
 532 01fc 2E       		.byte	46
 533 01fd 80       		.byte	-128
 534 01fe 2F       		.byte	47
 535 01ff 80       		.byte	-128
 536 0200 41       		.byte	65
 537 0201 80       		.byte	-128
 538 0202 42       		.byte	66
 539 0203 80       		.byte	-128
 540 0204 45       		.byte	69
 541 0205 80       		.byte	-128
 542 0206 46       		.byte	70
 543 0207 40       		.byte	64
 544 0208 49       		.byte	73
 545 0209 05       		.byte	5
 546 020a 51       		.byte	81
 547 020b 80       		.byte	-128
 548 020c 53       		.byte	83
 549 020d 80       		.byte	-128
 550 020e 59       		.byte	89
 551 020f 45       		.byte	69
 552 0210 76       		.byte	118
 553 0211 C0       		.byte	-64
 554 0212 A3       		.byte	-93
 555 0213 02       		.byte	2
 556 0214 C0       		.byte	-64
 557 0215 08       		.byte	8
 558 0216 C2       		.byte	-62
 559 0217 01       		.byte	1
 560 0218 CA       		.byte	-54
 561 0219 90       		.byte	-112
 562 021a D0       		.byte	-48
 563 021b 99       		.byte	-103
 564 021c D6       		.byte	-42
 565 021d 0B       		.byte	11
 566 021e E2       		.byte	-30
 567 021f 02       		.byte	2
 568 0220 04       		.byte	4
 569 0221 06       		.byte	6
 570 0222 0E       		.byte	14
ARM GAS  D:\Windows\AppData\Local\Temp\ccI3PfK0.s 			page 11


 571 0223 03       		.byte	3
 572 0224 16       		.byte	22
 573 0225 01       		.byte	1
 574 0226 26       		.byte	38
 575 0227 05       		.byte	5
 576 0228 2B       		.byte	43
 577 0229 01       		.byte	1
 578 022a 2F       		.byte	47
 579 022b 01       		.byte	1
 580 022c 32       		.byte	50
 581 022d 07       		.byte	7
 582 022e 35       		.byte	53
 583 022f 01       		.byte	1
 584 0230 40       		.byte	64
 585 0231 42       		.byte	66
 586 0232 49       		.byte	73
 587 0233 FF       		.byte	-1
 588 0234 4A       		.byte	74
 589 0235 FF       		.byte	-1
 590 0236 4B       		.byte	75
 591 0237 FF       		.byte	-1
 592 0238 4F       		.byte	79
 593 0239 01       		.byte	1
 594 023a 50       		.byte	80
 595 023b 18       		.byte	24
 596 023c 52       		.byte	82
 597 023d 80       		.byte	-128
 598 023e 58       		.byte	88
 599 023f 04       		.byte	4
 600 0240 59       		.byte	89
 601 0241 04       		.byte	4
 602 0242 5A       		.byte	90
 603 0243 04       		.byte	4
 604 0244 5B       		.byte	91
 605 0245 04       		.byte	4
 606 0246 5C       		.byte	92
 607 0247 10       		.byte	16
 608 0248 5D       		.byte	93
 609 0249 11       		.byte	17
 610 024a 5F       		.byte	95
 611 024b 01       		.byte	1
 612 024c 60       		.byte	96
 613 024d 40       		.byte	64
 614 024e 62       		.byte	98
 615 024f 40       		.byte	64
 616 0250 64       		.byte	100
 617 0251 40       		.byte	64
 618 0252 65       		.byte	101
 619 0253 40       		.byte	64
 620 0254 66       		.byte	102
 621 0255 80       		.byte	-128
 622 0256 68       		.byte	104
 623 0257 80       		.byte	-128
 624 0258 6A       		.byte	106
 625 0259 80       		.byte	-128
 626 025a 6C       		.byte	108
 627 025b 80       		.byte	-128
ARM GAS  D:\Windows\AppData\Local\Temp\ccI3PfK0.s 			page 12


 628 025c 6E       		.byte	110
 629 025d 80       		.byte	-128
 630 025e 85       		.byte	-123
 631 025f 1D       		.byte	29
 632 0260 89       		.byte	-119
 633 0261 1D       		.byte	29
 634 0262 91       		.byte	-111
 635 0263 0D       		.byte	13
 636 0264 93       		.byte	-109
 637 0265 10       		.byte	16
 638 0266 95       		.byte	-107
 639 0267 02       		.byte	2
 640 0268 97       		.byte	-105
 641 0269 0D       		.byte	13
 642 026a 99       		.byte	-103
 643 026b 02       		.byte	2
 644 026c 9B       		.byte	-101
 645 026d 08       		.byte	8
 646 026e 9D       		.byte	-99
 647 026f 1D       		.byte	29
 648 0270 A1       		.byte	-95
 649 0271 1D       		.byte	29
 650 0272 A5       		.byte	-91
 651 0273 02       		.byte	2
 652 0274 A7       		.byte	-89
 653 0275 04       		.byte	4
 654 0276 AD       		.byte	-83
 655 0277 01       		.byte	1
 656 0278 AF       		.byte	-81
 657 0279 02       		.byte	2
 658 027a B3       		.byte	-77
 659 027b 0F       		.byte	15
 660 027c B7       		.byte	-73
 661 027d 10       		.byte	16
 662 027e BB       		.byte	-69
 663 027f 08       		.byte	8
 664 0280 BF       		.byte	-65
 665 0281 40       		.byte	64
 666 0282 C0       		.byte	-64
 667 0283 52       		.byte	82
 668 0284 C9       		.byte	-55
 669 0285 FF       		.byte	-1
 670 0286 CA       		.byte	-54
 671 0287 FF       		.byte	-1
 672 0288 CB       		.byte	-53
 673 0289 FF       		.byte	-1
 674 028a CD       		.byte	-51
 675 028b 83       		.byte	-125
 676 028c CE       		.byte	-50
 677 028d 03       		.byte	3
 678 028e CF       		.byte	-49
 679 028f 01       		.byte	1
 680 0290 D0       		.byte	-48
 681 0291 18       		.byte	24
 682 0292 D9       		.byte	-39
 683 0293 04       		.byte	4
 684 0294 DA       		.byte	-38
ARM GAS  D:\Windows\AppData\Local\Temp\ccI3PfK0.s 			page 13


 685 0295 04       		.byte	4
 686 0296 DD       		.byte	-35
 687 0297 01       		.byte	1
 688 0298 DF       		.byte	-33
 689 0299 01       		.byte	1
 690 029a E0       		.byte	-32
 691 029b 40       		.byte	64
 692 029c E2       		.byte	-30
 693 029d 40       		.byte	64
 694 029e E4       		.byte	-28
 695 029f 40       		.byte	64
 696 02a0 E5       		.byte	-27
 697 02a1 40       		.byte	64
 698 02a2 E6       		.byte	-26
 699 02a3 80       		.byte	-128
 700 02a4 E8       		.byte	-24
 701 02a5 80       		.byte	-128
 702 02a6 EA       		.byte	-22
 703 02a7 80       		.byte	-128
 704 02a8 EC       		.byte	-20
 705 02a9 80       		.byte	-128
 706 02aa EE       		.byte	-18
 707 02ab 80       		.byte	-128
 708 02ac 05       		.byte	5
 709 02ad 40       		.byte	64
 710 02ae 07       		.byte	7
 711 02af 10       		.byte	16
 712 02b0 0E       		.byte	14
 713 02b1 20       		.byte	32
 714 02b2 14       		.byte	20
 715 02b3 10       		.byte	16
 716 02b4 17       		.byte	23
 717 02b5 04       		.byte	4
 718 02b6 1E       		.byte	30
 719 02b7 20       		.byte	32
 720 02b8 21       		.byte	33
 721 02b9 48       		.byte	72
 722 02ba 23       		.byte	35
 723 02bb 01       		.byte	1
 724 02bc 27       		.byte	39
 725 02bd 08       		.byte	8
 726 02be 28       		.byte	40
 727 02bf 10       		.byte	16
 728 02c0 29       		.byte	41
 729 02c1 40       		.byte	64
 730 02c2 2A       		.byte	42
 731 02c3 02       		.byte	2
 732 02c4 2C       		.byte	44
 733 02c5 02       		.byte	2
 734 02c6 2F       		.byte	47
 735 02c7 08       		.byte	8
 736 02c8 31       		.byte	49
 737 02c9 08       		.byte	8
 738 02ca 33       		.byte	51
 739 02cb 51       		.byte	81
 740 02cc 39       		.byte	57
 741 02cd 14       		.byte	20
ARM GAS  D:\Windows\AppData\Local\Temp\ccI3PfK0.s 			page 14


 742 02ce 41       		.byte	65
 743 02cf 20       		.byte	32
 744 02d0 45       		.byte	69
 745 02d1 20       		.byte	32
 746 02d2 46       		.byte	70
 747 02d3 44       		.byte	68
 748 02d4 48       		.byte	72
 749 02d5 02       		.byte	2
 750 02d6 74       		.byte	116
 751 02d7 02       		.byte	2
 752 02d8 76       		.byte	118
 753 02d9 40       		.byte	64
 754 02da 91       		.byte	-111
 755 02db 14       		.byte	20
 756 02dc 95       		.byte	-107
 757 02dd 80       		.byte	-128
 758 02de 97       		.byte	-105
 759 02df 01       		.byte	1
 760 02e0 99       		.byte	-103
 761 02e1 40       		.byte	64
 762 02e2 9A       		.byte	-102
 763 02e3 06       		.byte	6
 764 02e4 9B       		.byte	-101
 765 02e5 55       		.byte	85
 766 02e6 A3       		.byte	-93
 767 02e7 08       		.byte	8
 768 02e8 A4       		.byte	-92
 769 02e9 02       		.byte	2
 770 02ea C0       		.byte	-64
 771 02eb A0       		.byte	-96
 772 02ec C2       		.byte	-62
 773 02ed 20       		.byte	32
 774 02ee C4       		.byte	-60
 775 02ef 20       		.byte	32
 776 02f0 CA       		.byte	-54
 777 02f1 3B       		.byte	59
 778 02f2 CC       		.byte	-52
 779 02f3 0F       		.byte	15
 780 02f4 CE       		.byte	-50
 781 02f5 06       		.byte	6
 782 02f6 D0       		.byte	-48
 783 02f7 A4       		.byte	-92
 784 02f8 D2       		.byte	-46
 785 02f9 08       		.byte	8
 786 02fa E2       		.byte	-30
 787 02fb 02       		.byte	2
 788 02fc 00       		.byte	0
 789 02fd 01       		.byte	1
 790 02fe 02       		.byte	2
 791 02ff 06       		.byte	6
 792 0300 04       		.byte	4
 793 0301 05       		.byte	5
 794 0302 06       		.byte	6
 795 0303 02       		.byte	2
 796 0304 08       		.byte	8
 797 0305 04       		.byte	4
 798 0306 0A       		.byte	10
ARM GAS  D:\Windows\AppData\Local\Temp\ccI3PfK0.s 			page 15


 799 0307 03       		.byte	3
 800 0308 24       		.byte	36
 801 0309 03       		.byte	3
 802 030a 26       		.byte	38
 803 030b 04       		.byte	4
 804 030c 32       		.byte	50
 805 030d 07       		.byte	7
 806 030e 3A       		.byte	58
 807 030f 08       		.byte	8
 808 0310 40       		.byte	64
 809 0311 53       		.byte	83
 810 0312 49       		.byte	73
 811 0313 FF       		.byte	-1
 812 0314 4A       		.byte	74
 813 0315 FF       		.byte	-1
 814 0316 4B       		.byte	75
 815 0317 FF       		.byte	-1
 816 0318 4D       		.byte	77
 817 0319 83       		.byte	-125
 818 031a 4E       		.byte	78
 819 031b 03       		.byte	3
 820 031c 4F       		.byte	79
 821 031d 01       		.byte	1
 822 031e 50       		.byte	80
 823 031f 18       		.byte	24
 824 0320 56       		.byte	86
 825 0321 02       		.byte	2
 826 0322 57       		.byte	87
 827 0323 28       		.byte	40
 828 0324 58       		.byte	88
 829 0325 04       		.byte	4
 830 0326 5A       		.byte	90
 831 0327 04       		.byte	4
 832 0328 5B       		.byte	91
 833 0329 04       		.byte	4
 834 032a 5D       		.byte	93
 835 032b 01       		.byte	1
 836 032c 5F       		.byte	95
 837 032d 01       		.byte	1
 838 032e 60       		.byte	96
 839 032f 40       		.byte	64
 840 0330 62       		.byte	98
 841 0331 40       		.byte	64
 842 0332 64       		.byte	100
 843 0333 40       		.byte	64
 844 0334 65       		.byte	101
 845 0335 40       		.byte	64
 846 0336 66       		.byte	102
 847 0337 80       		.byte	-128
 848 0338 68       		.byte	104
 849 0339 80       		.byte	-128
 850 033a 6A       		.byte	106
 851 033b 80       		.byte	-128
 852 033c 6C       		.byte	108
 853 033d 80       		.byte	-128
 854 033e 6E       		.byte	110
 855 033f 80       		.byte	-128
ARM GAS  D:\Windows\AppData\Local\Temp\ccI3PfK0.s 			page 16


 856 0340 84       		.byte	-124
 857 0341 02       		.byte	2
 858 0342 8A       		.byte	-118
 859 0343 01       		.byte	1
 860 0344 8C       		.byte	-116
 861 0345 02       		.byte	2
 862 0346 92       		.byte	-110
 863 0347 01       		.byte	1
 864 0348 A4       		.byte	-92
 865 0349 02       		.byte	2
 866 034a B0       		.byte	-80
 867 034b 02       		.byte	2
 868 034c B6       		.byte	-74
 869 034d 01       		.byte	1
 870 034e BE       		.byte	-66
 871 034f 41       		.byte	65
 872 0350 C0       		.byte	-64
 873 0351 52       		.byte	82
 874 0352 C5       		.byte	-59
 875 0353 EC       		.byte	-20
 876 0354 C7       		.byte	-57
 877 0355 02       		.byte	2
 878 0356 C8       		.byte	-56
 879 0357 13       		.byte	19
 880 0358 C9       		.byte	-55
 881 0359 FF       		.byte	-1
 882 035a CA       		.byte	-54
 883 035b FF       		.byte	-1
 884 035c CB       		.byte	-53
 885 035d FF       		.byte	-1
 886 035e CD       		.byte	-51
 887 035f 83       		.byte	-125
 888 0360 CE       		.byte	-50
 889 0361 03       		.byte	3
 890 0362 CF       		.byte	-49
 891 0363 01       		.byte	1
 892 0364 D0       		.byte	-48
 893 0365 18       		.byte	24
 894 0366 D4       		.byte	-44
 895 0367 01       		.byte	1
 896 0368 D8       		.byte	-40
 897 0369 04       		.byte	4
 898 036a DA       		.byte	-38
 899 036b 04       		.byte	4
 900 036c DB       		.byte	-37
 901 036d 04       		.byte	4
 902 036e DD       		.byte	-35
 903 036f 11       		.byte	17
 904 0370 DF       		.byte	-33
 905 0371 01       		.byte	1
 906 0372 E0       		.byte	-32
 907 0373 40       		.byte	64
 908 0374 E2       		.byte	-30
 909 0375 40       		.byte	64
 910 0376 E4       		.byte	-28
 911 0377 40       		.byte	64
 912 0378 E5       		.byte	-27
ARM GAS  D:\Windows\AppData\Local\Temp\ccI3PfK0.s 			page 17


 913 0379 40       		.byte	64
 914 037a E6       		.byte	-26
 915 037b 80       		.byte	-128
 916 037c E8       		.byte	-24
 917 037d 80       		.byte	-128
 918 037e EA       		.byte	-22
 919 037f 80       		.byte	-128
 920 0380 EC       		.byte	-20
 921 0381 80       		.byte	-128
 922 0382 EE       		.byte	-18
 923 0383 80       		.byte	-128
 924 0384 00       		.byte	0
 925 0385 10       		.byte	16
 926 0386 03       		.byte	3
 927 0387 90       		.byte	-112
 928 0388 05       		.byte	5
 929 0389 40       		.byte	64
 930 038a 06       		.byte	6
 931 038b 04       		.byte	4
 932 038c 07       		.byte	7
 933 038d 10       		.byte	16
 934 038e 0A       		.byte	10
 935 038f 40       		.byte	64
 936 0390 0B       		.byte	11
 937 0391 80       		.byte	-128
 938 0392 0C       		.byte	12
 939 0393 02       		.byte	2
 940 0394 13       		.byte	19
 941 0395 08       		.byte	8
 942 0396 17       		.byte	23
 943 0397 08       		.byte	8
 944 0398 18       		.byte	24
 945 0399 10       		.byte	16
 946 039a 1F       		.byte	31
 947 039b 41       		.byte	65
 948 039c 43       		.byte	67
 949 039d 08       		.byte	8
 950 039e 46       		.byte	70
 951 039f 04       		.byte	4
 952 03a0 48       		.byte	72
 953 03a1 02       		.byte	2
 954 03a2 4C       		.byte	76
 955 03a3 02       		.byte	2
 956 03a4 4D       		.byte	77
 957 03a5 0A       		.byte	10
 958 03a6 56       		.byte	86
 959 03a7 04       		.byte	4
 960 03a8 57       		.byte	87
 961 03a9 08       		.byte	8
 962 03aa 5D       		.byte	93
 963 03ab 0A       		.byte	10
 964 03ac 5E       		.byte	94
 965 03ad 40       		.byte	64
 966 03ae 60       		.byte	96
 967 03af 10       		.byte	16
 968 03b0 69       		.byte	105
 969 03b1 56       		.byte	86
ARM GAS  D:\Windows\AppData\Local\Temp\ccI3PfK0.s 			page 18


 970 03b2 6A       		.byte	106
 971 03b3 0B       		.byte	11
 972 03b4 6B       		.byte	107
 973 03b5 41       		.byte	65
 974 03b6 70       		.byte	112
 975 03b7 80       		.byte	-128
 976 03b8 72       		.byte	114
 977 03b9 02       		.byte	2
 978 03ba 95       		.byte	-107
 979 03bb D6       		.byte	-42
 980 03bc 96       		.byte	-106
 981 03bd 0B       		.byte	11
 982 03be 97       		.byte	-105
 983 03bf 03       		.byte	3
 984 03c0 99       		.byte	-103
 985 03c1 40       		.byte	64
 986 03c2 9B       		.byte	-101
 987 03c3 1C       		.byte	28
 988 03c4 9E       		.byte	-98
 989 03c5 02       		.byte	2
 990 03c6 A3       		.byte	-93
 991 03c7 80       		.byte	-128
 992 03c8 A4       		.byte	-92
 993 03c9 80       		.byte	-128
 994 03ca B1       		.byte	-79
 995 03cb 02       		.byte	2
 996 03cc B2       		.byte	-78
 997 03cd 06       		.byte	6
 998 03ce C0       		.byte	-64
 999 03cf EE       		.byte	-18
 1000 03d0 C2       		.byte	-62
 1001 03d1 10       		.byte	16
 1002 03d2 C4       		.byte	-60
 1003 03d3 24       		.byte	36
 1004 03d4 D0       		.byte	-48
 1005 03d5 22       		.byte	34
 1006 03d6 D2       		.byte	-46
 1007 03d7 18       		.byte	24
 1008 03d8 D6       		.byte	-42
 1009 03d9 D0       		.byte	-48
 1010 03da D8       		.byte	-40
 1011 03db 02       		.byte	2
 1012 03dc E2       		.byte	-30
 1013 03dd 08       		.byte	8
 1014 03de 01       		.byte	1
 1015 03df 46       		.byte	70
 1016 03e0 05       		.byte	5
 1017 03e1 39       		.byte	57
 1018 03e2 07       		.byte	7
 1019 03e3 06       		.byte	6
 1020 03e4 09       		.byte	9
 1021 03e5 42       		.byte	66
 1022 03e6 11       		.byte	17
 1023 03e7 42       		.byte	66
 1024 03e8 13       		.byte	19
 1025 03e9 04       		.byte	4
 1026 03ea 15       		.byte	21
ARM GAS  D:\Windows\AppData\Local\Temp\ccI3PfK0.s 			page 19


 1027 03eb 04       		.byte	4
 1028 03ec 17       		.byte	23
 1029 03ed 20       		.byte	32
 1030 03ee 19       		.byte	25
 1031 03ef 01       		.byte	1
 1032 03f0 1B       		.byte	27
 1033 03f1 5E       		.byte	94
 1034 03f2 1D       		.byte	29
 1035 03f3 77       		.byte	119
 1036 03f4 1F       		.byte	31
 1037 03f5 08       		.byte	8
 1038 03f6 21       		.byte	33
 1039 03f7 46       		.byte	70
 1040 03f8 2B       		.byte	43
 1041 03f9 46       		.byte	70
 1042 03fa 2D       		.byte	45
 1043 03fb 46       		.byte	70
 1044 03fc 31       		.byte	49
 1045 03fd 08       		.byte	8
 1046 03fe 33       		.byte	51
 1047 03ff 70       		.byte	112
 1048 0400 35       		.byte	53
 1049 0401 0F       		.byte	15
 1050 0402 39       		.byte	57
 1051 0403 20       		.byte	32
 1052 0404 3B       		.byte	59
 1053 0405 0C       		.byte	12
 1054 0406 3F       		.byte	63
 1055 0407 01       		.byte	1
 1056 0408 59       		.byte	89
 1057 0409 04       		.byte	4
 1058 040a 5F       		.byte	95
 1059 040b 01       		.byte	1
 1060 040c 00       		.byte	0
 1061 040d 24       		.byte	36
 1062 040e 01       		.byte	1
 1063 040f 40       		.byte	64
 1064 0410 03       		.byte	3
 1065 0411 80       		.byte	-128
 1066 0412 09       		.byte	9
 1067 0413 04       		.byte	4
 1068 0414 0A       		.byte	10
 1069 0415 82       		.byte	-126
 1070 0416 10       		.byte	16
 1071 0417 82       		.byte	-126
 1072 0418 11       		.byte	17
 1073 0419 14       		.byte	20
 1074 041a 19       		.byte	25
 1075 041b 08       		.byte	8
 1076 041c 20       		.byte	32
 1077 041d 10       		.byte	16
 1078 041e 22       		.byte	34
 1079 041f 40       		.byte	64
 1080 0420 24       		.byte	36
 1081 0421 04       		.byte	4
 1082 0422 25       		.byte	37
 1083 0423 04       		.byte	4
ARM GAS  D:\Windows\AppData\Local\Temp\ccI3PfK0.s 			page 20


 1084 0424 27       		.byte	39
 1085 0425 9C       		.byte	-100
 1086 0426 29       		.byte	41
 1087 0427 48       		.byte	72
 1088 0428 2A       		.byte	42
 1089 0429 02       		.byte	2
 1090 042a 2B       		.byte	43
 1091 042b 08       		.byte	8
 1092 042c 2D       		.byte	45
 1093 042d 50       		.byte	80
 1094 042e 2E       		.byte	46
 1095 042f 02       		.byte	2
 1096 0430 32       		.byte	50
 1097 0431 45       		.byte	69
 1098 0432 33       		.byte	51
 1099 0433 10       		.byte	16
 1100 0434 34       		.byte	52
 1101 0435 80       		.byte	-128
 1102 0436 35       		.byte	53
 1103 0437 42       		.byte	66
 1104 0438 36       		.byte	54
 1105 0439 08       		.byte	8
 1106 043a 37       		.byte	55
 1107 043b 10       		.byte	16
 1108 043c 38       		.byte	56
 1109 043d 16       		.byte	22
 1110 043e 39       		.byte	57
 1111 043f 40       		.byte	64
 1112 0440 3C       		.byte	60
 1113 0441 24       		.byte	36
 1114 0442 3E       		.byte	62
 1115 0443 01       		.byte	1
 1116 0444 40       		.byte	64
 1117 0445 80       		.byte	-128
 1118 0446 41       		.byte	65
 1119 0447 40       		.byte	64
 1120 0448 43       		.byte	67
 1121 0449 14       		.byte	20
 1122 044a 4A       		.byte	74
 1123 044b 02       		.byte	2
 1124 044c 4B       		.byte	75
 1125 044d 04       		.byte	4
 1126 044e 50       		.byte	80
 1127 044f 03       		.byte	3
 1128 0450 52       		.byte	82
 1129 0451 2C       		.byte	44
 1130 0452 53       		.byte	83
 1131 0453 40       		.byte	64
 1132 0454 94       		.byte	-108
 1133 0455 04       		.byte	4
 1134 0456 95       		.byte	-107
 1135 0457 56       		.byte	86
 1136 0458 96       		.byte	-106
 1137 0459 02       		.byte	2
 1138 045a 97       		.byte	-105
 1139 045b 87       		.byte	-121
 1140 045c 99       		.byte	-103
ARM GAS  D:\Windows\AppData\Local\Temp\ccI3PfK0.s 			page 21


 1141 045d 40       		.byte	64
 1142 045e 9E       		.byte	-98
 1143 045f 04       		.byte	4
 1144 0460 9F       		.byte	-97
 1145 0461 90       		.byte	-112
 1146 0462 A0       		.byte	-96
 1147 0463 10       		.byte	16
 1148 0464 A3       		.byte	-93
 1149 0465 88       		.byte	-120
 1150 0466 A4       		.byte	-92
 1151 0467 82       		.byte	-126
 1152 0468 A6       		.byte	-90
 1153 0469 20       		.byte	32
 1154 046a B1       		.byte	-79
 1155 046b 10       		.byte	16
 1156 046c C0       		.byte	-64
 1157 046d 0F       		.byte	15
 1158 046e C2       		.byte	-62
 1159 046f 0D       		.byte	13
 1160 0470 C4       		.byte	-60
 1161 0471 0F       		.byte	15
 1162 0472 CA       		.byte	-54
 1163 0473 BF       		.byte	-65
 1164 0474 CC       		.byte	-52
 1165 0475 FF       		.byte	-1
 1166 0476 CE       		.byte	-50
 1167 0477 EF       		.byte	-17
 1168 0478 D0       		.byte	-48
 1169 0479 0F       		.byte	15
 1170 047a D2       		.byte	-46
 1171 047b 08       		.byte	8
 1172 047c E6       		.byte	-26
 1173 047d 02       		.byte	2
 1174 047e 05       		.byte	5
 1175 047f 04       		.byte	4
 1176 0480 07       		.byte	7
 1177 0481 43       		.byte	67
 1178 0482 0E       		.byte	14
 1179 0483 01       		.byte	1
 1180 0484 0F       		.byte	15
 1181 0485 EC       		.byte	-20
 1182 0486 12       		.byte	18
 1183 0487 01       		.byte	1
 1184 0488 13       		.byte	19
 1185 0489 12       		.byte	18
 1186 048a 17       		.byte	23
 1187 048b 01       		.byte	1
 1188 048c 19       		.byte	25
 1189 048d 88       		.byte	-120
 1190 048e 1B       		.byte	27
 1191 048f 03       		.byte	3
 1192 0490 1C       		.byte	28
 1193 0491 01       		.byte	1
 1194 0492 20       		.byte	32
 1195 0493 01       		.byte	1
 1196 0494 21       		.byte	33
 1197 0495 E0       		.byte	-32
ARM GAS  D:\Windows\AppData\Local\Temp\ccI3PfK0.s 			page 22


 1198 0496 24       		.byte	36
 1199 0497 01       		.byte	1
 1200 0498 28       		.byte	40
 1201 0499 01       		.byte	1
 1202 049a 2D       		.byte	45
 1203 049b 21       		.byte	33
 1204 049c 2F       		.byte	47
 1205 049d 02       		.byte	2
 1206 049e 32       		.byte	50
 1207 049f 01       		.byte	1
 1208 04a0 33       		.byte	51
 1209 04a1 10       		.byte	16
 1210 04a2 35       		.byte	53
 1211 04a3 E0       		.byte	-32
 1212 04a4 37       		.byte	55
 1213 04a5 0F       		.byte	15
 1214 04a6 3E       		.byte	62
 1215 04a7 04       		.byte	4
 1216 04a8 3F       		.byte	63
 1217 04a9 10       		.byte	16
 1218 04aa 54       		.byte	84
 1219 04ab 40       		.byte	64
 1220 04ac 58       		.byte	88
 1221 04ad 04       		.byte	4
 1222 04ae 59       		.byte	89
 1223 04af 04       		.byte	4
 1224 04b0 5B       		.byte	91
 1225 04b1 04       		.byte	4
 1226 04b2 5F       		.byte	95
 1227 04b3 01       		.byte	1
 1228 04b4 80       		.byte	-128
 1229 04b5 24       		.byte	36
 1230 04b6 82       		.byte	-126
 1231 04b7 10       		.byte	16
 1232 04b8 84       		.byte	-124
 1233 04b9 21       		.byte	33
 1234 04ba 86       		.byte	-122
 1235 04bb 9E       		.byte	-98
 1236 04bc 88       		.byte	-120
 1237 04bd 08       		.byte	8
 1238 04be 8C       		.byte	-116
 1239 04bf 11       		.byte	17
 1240 04c0 8E       		.byte	-114
 1241 04c1 62       		.byte	98
 1242 04c2 90       		.byte	-112
 1243 04c3 C0       		.byte	-64
 1244 04c4 94       		.byte	-108
 1245 04c5 10       		.byte	16
 1246 04c6 96       		.byte	-106
 1247 04c7 0C       		.byte	12
 1248 04c8 9C       		.byte	-100
 1249 04c9 1C       		.byte	28
 1250 04ca A0       		.byte	-96
 1251 04cb 1C       		.byte	28
 1252 04cc A4       		.byte	-92
 1253 04cd 14       		.byte	20
 1254 04ce A6       		.byte	-90
ARM GAS  D:\Windows\AppData\Local\Temp\ccI3PfK0.s 			page 23


 1255 04cf 08       		.byte	8
 1256 04d0 A8       		.byte	-88
 1257 04d1 70       		.byte	112
 1258 04d2 AA       		.byte	-86
 1259 04d3 0F       		.byte	15
 1260 04d4 AC       		.byte	-84
 1261 04d5 0C       		.byte	12
 1262 04d6 AE       		.byte	-82
 1263 04d7 10       		.byte	16
 1264 04d8 B0       		.byte	-80
 1265 04d9 C1       		.byte	-63
 1266 04da B2       		.byte	-78
 1267 04db 30       		.byte	48
 1268 04dc B6       		.byte	-74
 1269 04dd 0F       		.byte	15
 1270 04de B8       		.byte	-72
 1271 04df 02       		.byte	2
 1272 04e0 BA       		.byte	-70
 1273 04e1 08       		.byte	8
 1274 04e2 D4       		.byte	-44
 1275 04e3 09       		.byte	9
 1276 04e4 D8       		.byte	-40
 1277 04e5 04       		.byte	4
 1278 04e6 DB       		.byte	-37
 1279 04e7 04       		.byte	4
 1280 04e8 DF       		.byte	-33
 1281 04e9 01       		.byte	1
 1282 04ea 01       		.byte	1
 1283 04eb 40       		.byte	64
 1284 04ec 04       		.byte	4
 1285 04ed 04       		.byte	4
 1286 04ee 05       		.byte	5
 1287 04ef 60       		.byte	96
 1288 04f0 06       		.byte	6
 1289 04f1 04       		.byte	4
 1290 04f2 07       		.byte	7
 1291 04f3 40       		.byte	64
 1292 04f4 08       		.byte	8
 1293 04f5 02       		.byte	2
 1294 04f6 0A       		.byte	10
 1295 04f7 02       		.byte	2
 1296 04f8 0B       		.byte	11
 1297 04f9 80       		.byte	-128
 1298 04fa 0C       		.byte	12
 1299 04fb 80       		.byte	-128
 1300 04fc 0E       		.byte	14
 1301 04fd 40       		.byte	64
 1302 04fe 0F       		.byte	15
 1303 04ff 10       		.byte	16
 1304 0500 10       		.byte	16
 1305 0501 80       		.byte	-128
 1306 0502 11       		.byte	17
 1307 0503 14       		.byte	20
 1308 0504 13       		.byte	19
 1309 0505 10       		.byte	16
 1310 0506 15       		.byte	21
 1311 0507 46       		.byte	70
ARM GAS  D:\Windows\AppData\Local\Temp\ccI3PfK0.s 			page 24


 1312 0508 17       		.byte	23
 1313 0509 10       		.byte	16
 1314 050a 18       		.byte	24
 1315 050b 10       		.byte	16
 1316 050c 1C       		.byte	28
 1317 050d 20       		.byte	32
 1318 050e 1D       		.byte	29
 1319 050f 41       		.byte	65
 1320 0510 1E       		.byte	30
 1321 0511 40       		.byte	64
 1322 0512 1F       		.byte	31
 1323 0513 88       		.byte	-120
 1324 0514 21       		.byte	33
 1325 0515 50       		.byte	80
 1326 0516 22       		.byte	34
 1327 0517 04       		.byte	4
 1328 0518 29       		.byte	41
 1329 0519 41       		.byte	65
 1330 051a 30       		.byte	48
 1331 051b 02       		.byte	2
 1332 051c 32       		.byte	50
 1333 051d 04       		.byte	4
 1334 051e 33       		.byte	51
 1335 051f 10       		.byte	16
 1336 0520 38       		.byte	56
 1337 0521 04       		.byte	4
 1338 0522 39       		.byte	57
 1339 0523 80       		.byte	-128
 1340 0524 5D       		.byte	93
 1341 0525 20       		.byte	32
 1342 0526 5F       		.byte	95
 1343 0527 85       		.byte	-123
 1344 0528 60       		.byte	96
 1345 0529 12       		.byte	18
 1346 052a 62       		.byte	98
 1347 052b 20       		.byte	32
 1348 052c 67       		.byte	103
 1349 052d 02       		.byte	2
 1350 052e 8F       		.byte	-113
 1351 052f 48       		.byte	72
 1352 0530 C0       		.byte	-64
 1353 0531 F1       		.byte	-15
 1354 0532 C2       		.byte	-62
 1355 0533 B9       		.byte	-71
 1356 0534 C4       		.byte	-60
 1357 0535 FE       		.byte	-2
 1358 0536 CA       		.byte	-54
 1359 0537 09       		.byte	9
 1360 0538 CC       		.byte	-52
 1361 0539 07       		.byte	7
 1362 053a CE       		.byte	-50
 1363 053b 0A       		.byte	10
 1364 053c D6       		.byte	-42
 1365 053d F0       		.byte	-16
 1366 053e D8       		.byte	-40
 1367 053f 1E       		.byte	30
 1368 0540 0C       		.byte	12
ARM GAS  D:\Windows\AppData\Local\Temp\ccI3PfK0.s 			page 25


 1369 0541 01       		.byte	1
 1370 0542 34       		.byte	52
 1371 0543 01       		.byte	1
 1372 0544 3E       		.byte	62
 1373 0545 10       		.byte	16
 1374 0546 40       		.byte	64
 1375 0547 42       		.byte	66
 1376 0548 49       		.byte	73
 1377 0549 FF       		.byte	-1
 1378 054a 4A       		.byte	74
 1379 054b FF       		.byte	-1
 1380 054c 4B       		.byte	75
 1381 054d FF       		.byte	-1
 1382 054e 4F       		.byte	79
 1383 054f 01       		.byte	1
 1384 0550 50       		.byte	80
 1385 0551 18       		.byte	24
 1386 0552 58       		.byte	88
 1387 0553 04       		.byte	4
 1388 0554 5A       		.byte	90
 1389 0555 04       		.byte	4
 1390 0556 5D       		.byte	93
 1391 0557 01       		.byte	1
 1392 0558 5F       		.byte	95
 1393 0559 01       		.byte	1
 1394 055a 60       		.byte	96
 1395 055b 40       		.byte	64
 1396 055c 62       		.byte	98
 1397 055d 40       		.byte	64
 1398 055e 64       		.byte	100
 1399 055f 40       		.byte	64
 1400 0560 65       		.byte	101
 1401 0561 40       		.byte	64
 1402 0562 66       		.byte	102
 1403 0563 80       		.byte	-128
 1404 0564 68       		.byte	104
 1405 0565 80       		.byte	-128
 1406 0566 6A       		.byte	106
 1407 0567 80       		.byte	-128
 1408 0568 6C       		.byte	108
 1409 0569 80       		.byte	-128
 1410 056a 6E       		.byte	110
 1411 056b 80       		.byte	-128
 1412 056c C0       		.byte	-64
 1413 056d 42       		.byte	66
 1414 056e C9       		.byte	-55
 1415 056f FF       		.byte	-1
 1416 0570 CA       		.byte	-54
 1417 0571 FF       		.byte	-1
 1418 0572 CB       		.byte	-53
 1419 0573 FF       		.byte	-1
 1420 0574 CD       		.byte	-51
 1421 0575 83       		.byte	-125
 1422 0576 CE       		.byte	-50
 1423 0577 03       		.byte	3
 1424 0578 CF       		.byte	-49
 1425 0579 01       		.byte	1
ARM GAS  D:\Windows\AppData\Local\Temp\ccI3PfK0.s 			page 26


 1426 057a D0       		.byte	-48
 1427 057b 18       		.byte	24
 1428 057c D2       		.byte	-46
 1429 057d 80       		.byte	-128
 1430 057e DA       		.byte	-38
 1431 057f 04       		.byte	4
 1432 0580 DB       		.byte	-37
 1433 0581 04       		.byte	4
 1434 0582 DD       		.byte	-35
 1435 0583 11       		.byte	17
 1436 0584 DF       		.byte	-33
 1437 0585 01       		.byte	1
 1438 0586 E0       		.byte	-32
 1439 0587 40       		.byte	64
 1440 0588 E2       		.byte	-30
 1441 0589 40       		.byte	64
 1442 058a E4       		.byte	-28
 1443 058b 40       		.byte	64
 1444 058c E5       		.byte	-27
 1445 058d 40       		.byte	64
 1446 058e E6       		.byte	-26
 1447 058f 80       		.byte	-128
 1448 0590 E8       		.byte	-24
 1449 0591 80       		.byte	-128
 1450 0592 EA       		.byte	-22
 1451 0593 80       		.byte	-128
 1452 0594 EC       		.byte	-20
 1453 0595 80       		.byte	-128
 1454 0596 EE       		.byte	-18
 1455 0597 80       		.byte	-128
 1456 0598 03       		.byte	3
 1457 0599 02       		.byte	2
 1458 059a 19       		.byte	25
 1459 059b 20       		.byte	32
 1460 059c 41       		.byte	65
 1461 059d 20       		.byte	32
 1462 059e 42       		.byte	66
 1463 059f 80       		.byte	-128
 1464 05a0 43       		.byte	67
 1465 05a1 20       		.byte	32
 1466 05a2 45       		.byte	69
 1467 05a3 20       		.byte	32
 1468 05a4 46       		.byte	70
 1469 05a5 80       		.byte	-128
 1470 05a6 76       		.byte	118
 1471 05a7 80       		.byte	-128
 1472 05a8 85       		.byte	-123
 1473 05a9 20       		.byte	32
 1474 05aa 9E       		.byte	-98
 1475 05ab 80       		.byte	-128
 1476 05ac A3       		.byte	-93
 1477 05ad 22       		.byte	34
 1478 05ae C0       		.byte	-64
 1479 05af 01       		.byte	1
 1480 05b0 D0       		.byte	-48
 1481 05b1 A5       		.byte	-91
 1482 05b2 E2       		.byte	-30
ARM GAS  D:\Windows\AppData\Local\Temp\ccI3PfK0.s 			page 27


 1483 05b3 80       		.byte	-128
 1484 05b4 E8       		.byte	-24
 1485 05b5 20       		.byte	32
 1486 05b6 EA       		.byte	-22
 1487 05b7 01       		.byte	1
 1488 05b8 40       		.byte	64
 1489 05b9 42       		.byte	66
 1490 05ba 49       		.byte	73
 1491 05bb FF       		.byte	-1
 1492 05bc 4A       		.byte	74
 1493 05bd FF       		.byte	-1
 1494 05be 4B       		.byte	75
 1495 05bf FF       		.byte	-1
 1496 05c0 4D       		.byte	77
 1497 05c1 83       		.byte	-125
 1498 05c2 4E       		.byte	78
 1499 05c3 03       		.byte	3
 1500 05c4 4F       		.byte	79
 1501 05c5 01       		.byte	1
 1502 05c6 50       		.byte	80
 1503 05c7 18       		.byte	24
 1504 05c8 5A       		.byte	90
 1505 05c9 04       		.byte	4
 1506 05ca 5D       		.byte	93
 1507 05cb 01       		.byte	1
 1508 05cc 5F       		.byte	95
 1509 05cd 01       		.byte	1
 1510 05ce 60       		.byte	96
 1511 05cf 40       		.byte	64
 1512 05d0 62       		.byte	98
 1513 05d1 40       		.byte	64
 1514 05d2 64       		.byte	100
 1515 05d3 40       		.byte	64
 1516 05d4 65       		.byte	101
 1517 05d5 40       		.byte	64
 1518 05d6 66       		.byte	102
 1519 05d7 80       		.byte	-128
 1520 05d8 68       		.byte	104
 1521 05d9 80       		.byte	-128
 1522 05da 6A       		.byte	106
 1523 05db 80       		.byte	-128
 1524 05dc 6C       		.byte	108
 1525 05dd 80       		.byte	-128
 1526 05de 6E       		.byte	110
 1527 05df 80       		.byte	-128
 1528 05e0 86       		.byte	-122
 1529 05e1 01       		.byte	1
 1530 05e2 8E       		.byte	-114
 1531 05e3 01       		.byte	1
 1532 05e4 B6       		.byte	-74
 1533 05e5 01       		.byte	1
 1534 05e6 BE       		.byte	-66
 1535 05e7 40       		.byte	64
 1536 05e8 C0       		.byte	-64
 1537 05e9 42       		.byte	66
 1538 05ea C5       		.byte	-59
 1539 05eb EC       		.byte	-20
ARM GAS  D:\Windows\AppData\Local\Temp\ccI3PfK0.s 			page 28


 1540 05ec C6       		.byte	-58
 1541 05ed 20       		.byte	32
 1542 05ee C8       		.byte	-56
 1543 05ef 0B       		.byte	11
 1544 05f0 C9       		.byte	-55
 1545 05f1 FF       		.byte	-1
 1546 05f2 CA       		.byte	-54
 1547 05f3 FF       		.byte	-1
 1548 05f4 CB       		.byte	-53
 1549 05f5 FF       		.byte	-1
 1550 05f6 CD       		.byte	-51
 1551 05f7 83       		.byte	-125
 1552 05f8 CE       		.byte	-50
 1553 05f9 03       		.byte	3
 1554 05fa CF       		.byte	-49
 1555 05fb 01       		.byte	1
 1556 05fc D0       		.byte	-48
 1557 05fd 18       		.byte	24
 1558 05fe D4       		.byte	-44
 1559 05ff 01       		.byte	1
 1560 0600 D8       		.byte	-40
 1561 0601 04       		.byte	4
 1562 0602 DA       		.byte	-38
 1563 0603 04       		.byte	4
 1564 0604 DB       		.byte	-37
 1565 0605 04       		.byte	4
 1566 0606 DD       		.byte	-35
 1567 0607 11       		.byte	17
 1568 0608 DF       		.byte	-33
 1569 0609 01       		.byte	1
 1570 060a E0       		.byte	-32
 1571 060b 40       		.byte	64
 1572 060c E2       		.byte	-30
 1573 060d 40       		.byte	64
 1574 060e E4       		.byte	-28
 1575 060f 40       		.byte	64
 1576 0610 E5       		.byte	-27
 1577 0611 40       		.byte	64
 1578 0612 E6       		.byte	-26
 1579 0613 80       		.byte	-128
 1580 0614 E8       		.byte	-24
 1581 0615 80       		.byte	-128
 1582 0616 EA       		.byte	-22
 1583 0617 80       		.byte	-128
 1584 0618 EC       		.byte	-20
 1585 0619 80       		.byte	-128
 1586 061a EE       		.byte	-18
 1587 061b 80       		.byte	-128
 1588 061c 03       		.byte	3
 1589 061d 21       		.byte	33
 1590 061e 19       		.byte	25
 1591 061f 40       		.byte	64
 1592 0620 41       		.byte	65
 1593 0621 20       		.byte	32
 1594 0622 42       		.byte	66
 1595 0623 80       		.byte	-128
 1596 0624 45       		.byte	69
ARM GAS  D:\Windows\AppData\Local\Temp\ccI3PfK0.s 			page 29


 1597 0625 20       		.byte	32
 1598 0626 46       		.byte	70
 1599 0627 80       		.byte	-128
 1600 0628 47       		.byte	71
 1601 0629 01       		.byte	1
 1602 062a 49       		.byte	73
 1603 062b 05       		.byte	5
 1604 062c 51       		.byte	81
 1605 062d 20       		.byte	32
 1606 062e 53       		.byte	83
 1607 062f 20       		.byte	32
 1608 0630 59       		.byte	89
 1609 0631 45       		.byte	69
 1610 0632 A3       		.byte	-93
 1611 0633 02       		.byte	2
 1612 0634 B3       		.byte	-77
 1613 0635 20       		.byte	32
 1614 0636 C0       		.byte	-64
 1615 0637 05       		.byte	5
 1616 0638 D0       		.byte	-48
 1617 0639 A5       		.byte	-91
 1618 063a D6       		.byte	-42
 1619 063b 0B       		.byte	11
 1620 063c E6       		.byte	-26
 1621 063d 08       		.byte	8
 1622 063e EA       		.byte	-22
 1623 063f 08       		.byte	8
 1624 0640 EE       		.byte	-18
 1625 0641 22       		.byte	34
 1626 0642 86       		.byte	-122
 1627 0643 10       		.byte	16
 1628 0644 A2       		.byte	-94
 1629 0645 10       		.byte	16
 1630 0646 AF       		.byte	-81
 1631 0647 08       		.byte	8
 1632 0648 EE       		.byte	-18
 1633 0649 02       		.byte	2
 1634 064a E2       		.byte	-30
 1635 064b 80       		.byte	-128
 1636 064c E8       		.byte	-24
 1637 064d 20       		.byte	32
 1638 064e EA       		.byte	-22
 1639 064f 01       		.byte	1
 1640 0650 30       		.byte	48
 1641 0651 10       		.byte	16
 1642 0652 32       		.byte	50
 1643 0653 02       		.byte	2
 1644 0654 36       		.byte	54
 1645 0655 40       		.byte	64
 1646 0656 37       		.byte	55
 1647 0657 08       		.byte	8
 1648 0658 3B       		.byte	59
 1649 0659 40       		.byte	64
 1650 065a CC       		.byte	-52
 1651 065b F0       		.byte	-16
 1652 065c CE       		.byte	-50
 1653 065d 10       		.byte	16
ARM GAS  D:\Windows\AppData\Local\Temp\ccI3PfK0.s 			page 30


 1654 065e 33       		.byte	51
 1655 065f 20       		.byte	32
 1656 0660 37       		.byte	55
 1657 0661 80       		.byte	-128
 1658 0662 84       		.byte	-124
 1659 0663 10       		.byte	16
 1660 0664 97       		.byte	-105
 1661 0665 40       		.byte	64
 1662 0666 9C       		.byte	-100
 1663 0667 10       		.byte	16
 1664 0668 9F       		.byte	-97
 1665 0669 08       		.byte	8
 1666 066a A6       		.byte	-90
 1667 066b 42       		.byte	66
 1668 066c CC       		.byte	-52
 1669 066d 30       		.byte	48
 1670 066e E6       		.byte	-26
 1671 066f 40       		.byte	64
 1672 0670 3E       		.byte	62
 1673 0671 10       		.byte	16
 1674 0672 97       		.byte	-105
 1675 0673 40       		.byte	64
 1676 0674 9F       		.byte	-97
 1677 0675 88       		.byte	-120
 1678 0676 A6       		.byte	-90
 1679 0677 42       		.byte	66
 1680 0678 B7       		.byte	-73
 1681 0679 20       		.byte	32
 1682 067a CE       		.byte	-50
 1683 067b 20       		.byte	32
 1684 067c 86       		.byte	-122
 1685 067d 02       		.byte	2
 1686 067e 96       		.byte	-106
 1687 067f 10       		.byte	16
 1688 0680 97       		.byte	-105
 1689 0681 40       		.byte	64
 1690 0682 9F       		.byte	-97
 1691 0683 88       		.byte	-120
 1692 0684 A6       		.byte	-90
 1693 0685 42       		.byte	66
 1694 0686 E2       		.byte	-30
 1695 0687 40       		.byte	64
 1696 0688 09       		.byte	9
 1697 0689 02       		.byte	2
 1698 068a 62       		.byte	98
 1699 068b 02       		.byte	2
 1700 068c C2       		.byte	-62
 1701 068d 08       		.byte	8
 1702 068e D8       		.byte	-40
 1703 068f 02       		.byte	2
 1704 0690 08       		.byte	8
 1705 0691 20       		.byte	32
 1706 0692 0C       		.byte	12
 1707 0693 01       		.byte	1
 1708 0694 12       		.byte	18
 1709 0695 40       		.byte	64
 1710 0696 5B       		.byte	91
ARM GAS  D:\Windows\AppData\Local\Temp\ccI3PfK0.s 			page 31


 1711 0697 08       		.byte	8
 1712 0698 64       		.byte	100
 1713 0699 40       		.byte	64
 1714 069a 87       		.byte	-121
 1715 069b 10       		.byte	16
 1716 069c A1       		.byte	-95
 1717 069d 02       		.byte	2
 1718 069e B2       		.byte	-78
 1719 069f 02       		.byte	2
 1720 06a0 C2       		.byte	-62
 1721 06a1 06       		.byte	6
 1722 06a2 C4       		.byte	-60
 1723 06a3 08       		.byte	8
 1724 06a4 D6       		.byte	-42
 1725 06a5 02       		.byte	2
 1726 06a6 D8       		.byte	-40
 1727 06a7 01       		.byte	1
 1728 06a8 EC       		.byte	-20
 1729 06a9 04       		.byte	4
 1730 06aa 86       		.byte	-122
 1731 06ab 40       		.byte	64
 1732 06ac 97       		.byte	-105
 1733 06ad 20       		.byte	32
 1734 06ae 98       		.byte	-104
 1735 06af 21       		.byte	33
 1736 06b0 9A       		.byte	-102
 1737 06b1 40       		.byte	64
 1738 06b2 9C       		.byte	-100
 1739 06b3 40       		.byte	64
 1740 06b4 9F       		.byte	-97
 1741 06b5 08       		.byte	8
 1742 06b6 B1       		.byte	-79
 1743 06b7 02       		.byte	2
 1744 06b8 EE       		.byte	-18
 1745 06b9 04       		.byte	4
 1746 06ba 0A       		.byte	10
 1747 06bb 04       		.byte	4
 1748 06bc 0B       		.byte	11
 1749 06bd 20       		.byte	32
 1750 06be 0F       		.byte	15
 1751 06bf 40       		.byte	64
 1752 06c0 86       		.byte	-122
 1753 06c1 04       		.byte	4
 1754 06c2 97       		.byte	-105
 1755 06c3 20       		.byte	32
 1756 06c4 98       		.byte	-104
 1757 06c5 21       		.byte	33
 1758 06c6 9C       		.byte	-100
 1759 06c7 40       		.byte	64
 1760 06c8 9F       		.byte	-97
 1761 06c9 08       		.byte	8
 1762 06ca C2       		.byte	-62
 1763 06cb 0E       		.byte	14
 1764 06cc 05       		.byte	5
 1765 06cd 20       		.byte	32
 1766 06ce 53       		.byte	83
 1767 06cf 04       		.byte	4
ARM GAS  D:\Windows\AppData\Local\Temp\ccI3PfK0.s 			page 32


 1768 06d0 85       		.byte	-123
 1769 06d1 40       		.byte	64
 1770 06d2 96       		.byte	-106
 1771 06d3 10       		.byte	16
 1772 06d4 97       		.byte	-105
 1773 06d5 40       		.byte	64
 1774 06d6 AE       		.byte	-82
 1775 06d7 40       		.byte	64
 1776 06d8 AF       		.byte	-81
 1777 06d9 08       		.byte	8
 1778 06da B3       		.byte	-77
 1779 06db 80       		.byte	-128
 1780 06dc C0       		.byte	-64
 1781 06dd 80       		.byte	-128
 1782 06de D4       		.byte	-44
 1783 06df 20       		.byte	32
 1784 06e0 E6       		.byte	-26
 1785 06e1 10       		.byte	16
 1786 06e2 EA       		.byte	-22
 1787 06e3 10       		.byte	16
 1788 06e4 EE       		.byte	-18
 1789 06e5 40       		.byte	64
 1790 06e6 59       		.byte	89
 1791 06e7 40       		.byte	64
 1792 06e8 87       		.byte	-121
 1793 06e9 40       		.byte	64
 1794 06ea 8B       		.byte	-117
 1795 06eb 04       		.byte	4
 1796 06ec 97       		.byte	-105
 1797 06ed 48       		.byte	72
 1798 06ee 99       		.byte	-103
 1799 06ef 40       		.byte	64
 1800 06f0 AA       		.byte	-86
 1801 06f1 10       		.byte	16
 1802 06f2 B1       		.byte	-79
 1803 06f3 20       		.byte	32
 1804 06f4 D4       		.byte	-44
 1805 06f5 80       		.byte	-128
 1806 06f6 E6       		.byte	-26
 1807 06f7 40       		.byte	64
 1808 06f8 EA       		.byte	-22
 1809 06f9 80       		.byte	-128
 1810 06fa 13       		.byte	19
 1811 06fb 28       		.byte	40
 1812 06fc 14       		.byte	20
 1813 06fd 40       		.byte	64
 1814 06fe 78       		.byte	120
 1815 06ff 01       		.byte	1
 1816 0700 7C       		.byte	124
 1817 0701 20       		.byte	32
 1818 0702 98       		.byte	-104
 1819 0703 21       		.byte	33
 1820 0704 9C       		.byte	-100
 1821 0705 40       		.byte	64
 1822 0706 9F       		.byte	-97
 1823 0707 08       		.byte	8
 1824 0708 AF       		.byte	-81
ARM GAS  D:\Windows\AppData\Local\Temp\ccI3PfK0.s 			page 33


 1825 0709 40       		.byte	64
 1826 070a C4       		.byte	-60
 1827 070b 0E       		.byte	14
 1828 070c DE       		.byte	-34
 1829 070d 03       		.byte	3
 1830 070e 19       		.byte	25
 1831 070f 02       		.byte	2
 1832 0710 78       		.byte	120
 1833 0711 02       		.byte	2
 1834 0712 89       		.byte	-119
 1835 0713 02       		.byte	2
 1836 0714 98       		.byte	-104
 1837 0715 02       		.byte	2
 1838 0716 AB       		.byte	-85
 1839 0717 20       		.byte	32
 1840 0718 B0       		.byte	-80
 1841 0719 02       		.byte	2
 1842 071a C6       		.byte	-58
 1843 071b 08       		.byte	8
 1844 071c DE       		.byte	-34
 1845 071d 02       		.byte	2
 1846 071e E2       		.byte	-30
 1847 071f 01       		.byte	1
 1848 0720 E8       		.byte	-24
 1849 0721 04       		.byte	4
 1850 0722 00       		.byte	0
 1851 0723 03       		.byte	3
 1852 0724 08       		.byte	8
 1853 0725 02       		.byte	2
 1854 0726 0A       		.byte	10
 1855 0727 02       		.byte	2
 1856 0728 0C       		.byte	12
 1857 0729 03       		.byte	3
 1858 072a 0E       		.byte	14
 1859 072b 01       		.byte	1
 1860 072c 10       		.byte	16
 1861 072d 02       		.byte	2
 1862 072e 1A       		.byte	26
 1863 072f 02       		.byte	2
 1864 0730 00       		.byte	0
 1865 0731 EA       		.byte	-22
 1866 0732 01       		.byte	1
 1867 0733 3F       		.byte	63
 1868 0734 03       		.byte	3
 1869 0735 C0       		.byte	-64
 1870 0736 00       		.byte	0
 1871 0737 00       		.byte	0
 1872 0738 1F       		.byte	31
 1873 0739 10       		.byte	16
 1874 073a 20       		.byte	32
 1875 073b 00       		.byte	0
 1876 073c 00       		.byte	0
 1877 073d 08       		.byte	8
 1878 073e FF       		.byte	-1
 1879 073f 21       		.byte	33
 1880 0740 80       		.byte	-128
 1881 0741 40       		.byte	64
ARM GAS  D:\Windows\AppData\Local\Temp\ccI3PfK0.s 			page 34


 1882 0742 00       		.byte	0
 1883 0743 00       		.byte	0
 1884 0744 90       		.byte	-112
 1885 0745 01       		.byte	1
 1886 0746 40       		.byte	64
 1887 0747 00       		.byte	0
 1888 0748 00       		.byte	0
 1889 0749 01       		.byte	1
 1890 074a 60       		.byte	96
 1891 074b 00       		.byte	0
 1892 074c 7F       		.byte	127
 1893 074d 01       		.byte	1
 1894 074e 80       		.byte	-128
 1895 074f 00       		.byte	0
 1896 0750 00       		.byte	0
 1897 0751 22       		.byte	34
 1898 0752 00       		.byte	0
 1899 0753 08       		.byte	8
 1900 0754 C0       		.byte	-64
 1901 0755 04       		.byte	4
 1902 0756 02       		.byte	2
 1903 0757 00       		.byte	0
 1904 0758 C0       		.byte	-64
 1905 0759 01       		.byte	1
 1906 075a 01       		.byte	1
 1907 075b 00       		.byte	0
 1908 075c C0       		.byte	-64
 1909 075d 40       		.byte	64
 1910 075e 04       		.byte	4
 1911 075f 00       		.byte	0
 1912 0760 C0       		.byte	-64
 1913 0761 01       		.byte	1
 1914 0762 08       		.byte	8
 1915 0763 00       		.byte	0
 1916 0764 00       		.byte	0
 1917 0765 07       		.byte	7
 1918 0766 9F       		.byte	-97
 1919 0767 18       		.byte	24
 1920 0768 00       		.byte	0
 1921 0769 00       		.byte	0
 1922 076a FF       		.byte	-1
 1923 076b 3F       		.byte	63
 1924 076c 00       		.byte	0
 1925 076d 00       		.byte	0
 1926 076e 00       		.byte	0
 1927 076f 40       		.byte	64
 1928 0770 00       		.byte	0
 1929 0771 88       		.byte	-120
 1930 0772 00       		.byte	0
 1931 0773 00       		.byte	0
 1932 0774 00       		.byte	0
 1933 0775 00       		.byte	0
 1934 0776 04       		.byte	4
 1935 0777 04       		.byte	4
 1936 0778 32       		.byte	50
 1937 0779 04       		.byte	4
 1938 077a 10       		.byte	16
ARM GAS  D:\Windows\AppData\Local\Temp\ccI3PfK0.s 			page 35


 1939 077b 00       		.byte	0
 1940 077c 05       		.byte	5
 1941 077d 0E       		.byte	14
 1942 077e FD       		.byte	-3
 1943 077f BC       		.byte	-68
 1944 0780 3D       		.byte	61
 1945 0781 FF       		.byte	-1
 1946 0782 FF       		.byte	-1
 1947 0783 FF       		.byte	-1
 1948 0784 22       		.byte	34
 1949 0785 00       		.byte	0
 1950 0786 F0       		.byte	-16
 1951 0787 08       		.byte	8
 1952 0788 04       		.byte	4
 1953 0789 00       		.byte	0
 1954 078a 00       		.byte	0
 1955 078b 00       		.byte	0
 1956 078c 00       		.byte	0
 1957 078d 00       		.byte	0
 1958 078e 00       		.byte	0
 1959 078f 00       		.byte	0
 1960 0790 04       		.byte	4
 1961 0791 04       		.byte	4
 1962 0792 04       		.byte	4
 1963 0793 00       		.byte	0
 1964 0794 00       		.byte	0
 1965 0795 00       		.byte	0
 1966 0796 00       		.byte	0
 1967 0797 01       		.byte	1
 1968 0798 00       		.byte	0
 1969 0799 00       		.byte	0
 1970 079a C0       		.byte	-64
 1971 079b 00       		.byte	0
 1972 079c 40       		.byte	64
 1973 079d 01       		.byte	1
 1974 079e 10       		.byte	16
 1975 079f 11       		.byte	17
 1976 07a0 C0       		.byte	-64
 1977 07a1 01       		.byte	1
 1978 07a2 00       		.byte	0
 1979 07a3 11       		.byte	17
 1980 07a4 40       		.byte	64
 1981 07a5 01       		.byte	1
 1982 07a6 40       		.byte	64
 1983 07a7 01       		.byte	1
 1984 07a8 00       		.byte	0
 1985 07a9 00       		.byte	0
 1986 07aa 00       		.byte	0
 1987 07ab 00       		.byte	0
 1988 07ac 00       		.byte	0
 1989 07ad 00       		.byte	0
 1990 07ae 00       		.byte	0
 1991 07af 00       		.byte	0
 1992 07b0 00       		.byte	0
 1993 07b1 00       		.byte	0
 1994 07b2 00       		.byte	0
 1995 07b3 00       		.byte	0
ARM GAS  D:\Windows\AppData\Local\Temp\ccI3PfK0.s 			page 36


 1996 07b4 00       		.byte	0
 1997 07b5 00       		.byte	0
 1998 07b6 00       		.byte	0
 1999 07b7 00       		.byte	0
 2000 07b8 40       		.byte	64
 2001 07b9 00       		.byte	0
 2002 07ba 08       		.byte	8
 2003 07bb 04       		.byte	4
 2004 07bc 04       		.byte	4
 2005 07bd 00       		.byte	0
 2006 07be 04       		.byte	4
 2007 07bf 00       		.byte	0
 2008 07c0 C0       		.byte	-64
 2009 07c1 00       		.byte	0
 2010 07c2 00       		.byte	0
 2011 07c3 00       		.byte	0
 2012 07c4 00       		.byte	0
 2013 07c5 0B       		.byte	11
 2014 07c6 0B       		.byte	11
 2015 07c7 00       		.byte	0
 2016 07c8 00       		.byte	0
 2017 07c9 00       		.byte	0
 2018 07ca 40       		.byte	64
 2019 07cb 00       		.byte	0
 2020 07cc 60       		.byte	96
 2021 07cd 00       		.byte	0
 2022 07ce 00       		.byte	0
 2023 07cf 00       		.byte	0
 2024 07d0 60       		.byte	96
 2025 07d1 00       		.byte	0
 2026 07d2 60       		.byte	96
 2027 07d3 00       		.byte	0
 2028 07d4 00       		.byte	0
 2029 07d5 00       		.byte	0
 2030 07d6 00       		.byte	0
 2031 07d7 00       		.byte	0
 2032 07d8 00       		.byte	0
 2033 07d9 01       		.byte	1
 2034 07da 01       		.byte	1
 2035 07db 00       		.byte	0
 2036 07dc 01       		.byte	1
 2037 07dd 00       		.byte	0
 2038 07de 00       		.byte	0
 2039 07df 00       		.byte	0
 2040 07e0 10       		.byte	16
 2041 07e1 C0       		.byte	-64
 2042 07e2 C0       		.byte	-64
 2043 07e3 00       		.byte	0
 2044 07e4 40       		.byte	64
 2045 07e5 00       		.byte	0
 2046 07e6 00       		.byte	0
 2047 07e7 00       		.byte	0
 2048              		.global	cy_meta_custnvl
 2049              		.section	.cycustnvl,"a",%progbits
 2050              		.align	2
 2051              		.type	cy_meta_custnvl, %object
 2052              		.size	cy_meta_custnvl, 4
ARM GAS  D:\Windows\AppData\Local\Temp\ccI3PfK0.s 			page 37


 2053              	cy_meta_custnvl:
 2054 0000 00       		.byte	0
 2055 0001 00       		.byte	0
 2056 0002 40       		.byte	64
 2057 0003 05       		.byte	5
 2058              		.global	cy_meta_wonvl
 2059              		.section	.cywolatch,"a",%progbits
 2060              		.align	2
 2061              		.type	cy_meta_wonvl, %object
 2062              		.size	cy_meta_wonvl, 4
 2063              	cy_meta_wonvl:
 2064 0000 BC       		.byte	-68
 2065 0001 90       		.byte	-112
 2066 0002 AC       		.byte	-84
 2067 0003 AF       		.byte	-81
 2068              		.global	cy_meta_flashprotect
 2069              		.section	.cyflashprotect,"a",%progbits
 2070              		.align	2
 2071              		.type	cy_meta_flashprotect, %object
 2072              		.size	cy_meta_flashprotect, 256
 2073              	cy_meta_flashprotect:
 2074 0000 00000000 		.space	256
 2074      00000000 
 2074      00000000 
 2074      00000000 
 2074      00000000 
 2075              		.global	cy_metadata
 2076              		.section	.cymeta,"a",%progbits
 2077              		.align	2
 2078              		.type	cy_metadata, %object
 2079              		.size	cy_metadata, 12
 2080              	cy_metadata:
 2081 0000 00       		.byte	0
 2082 0001 01       		.byte	1
 2083 0002 2E       		.byte	46
 2084 0003 12       		.byte	18
 2085 0004 30       		.byte	48
 2086 0005 69       		.byte	105
 2087 0006 00       		.byte	0
 2088 0007 01       		.byte	1
 2089 0008 00       		.byte	0
 2090 0009 00       		.byte	0
 2091 000a 00       		.byte	0
 2092 000b 00       		.byte	0
 2093              		.text
 2094              	.Letext0:
 2095              		.file 1 "Generated_Source\\PSoC5\\cymetadata.c"
 2096              		.file 2 "Generated_Source\\PSoC5\\cytypes.h"
 2097              		.section	.debug_info,"",%progbits
 2098              	.Ldebug_info0:
 2099 0000 3B010000 		.4byte	0x13b
 2100 0004 0400     		.2byte	0x4
 2101 0006 00000000 		.4byte	.Ldebug_abbrev0
 2102 000a 04       		.byte	0x4
 2103 000b 01       		.uleb128 0x1
 2104 000c 43000000 		.4byte	.LASF18
 2105 0010 01       		.byte	0x1
ARM GAS  D:\Windows\AppData\Local\Temp\ccI3PfK0.s 			page 38


 2106 0011 C7010000 		.4byte	.LASF19
 2107 0015 00000000 		.4byte	.LASF20
 2108 0019 00000000 		.4byte	.Ldebug_line0
 2109 001d 02       		.uleb128 0x2
 2110 001e 01       		.byte	0x1
 2111 001f 06       		.byte	0x6
 2112 0020 BB010000 		.4byte	.LASF0
 2113 0024 02       		.uleb128 0x2
 2114 0025 01       		.byte	0x1
 2115 0026 08       		.byte	0x8
 2116 0027 E3000000 		.4byte	.LASF1
 2117 002b 02       		.uleb128 0x2
 2118 002c 02       		.byte	0x2
 2119 002d 05       		.byte	0x5
 2120 002e A2010000 		.4byte	.LASF2
 2121 0032 02       		.uleb128 0x2
 2122 0033 02       		.byte	0x2
 2123 0034 07       		.byte	0x7
 2124 0035 03010000 		.4byte	.LASF3
 2125 0039 02       		.uleb128 0x2
 2126 003a 04       		.byte	0x4
 2127 003b 05       		.byte	0x5
 2128 003c B2010000 		.4byte	.LASF4
 2129 0040 02       		.uleb128 0x2
 2130 0041 04       		.byte	0x4
 2131 0042 07       		.byte	0x7
 2132 0043 F1000000 		.4byte	.LASF5
 2133 0047 02       		.uleb128 0x2
 2134 0048 08       		.byte	0x8
 2135 0049 05       		.byte	0x5
 2136 004a 8F010000 		.4byte	.LASF6
 2137 004e 02       		.uleb128 0x2
 2138 004f 08       		.byte	0x8
 2139 0050 07       		.byte	0x7
 2140 0051 4C010000 		.4byte	.LASF7
 2141 0055 03       		.uleb128 0x3
 2142 0056 04       		.byte	0x4
 2143 0057 05       		.byte	0x5
 2144 0058 696E7400 		.ascii	"int\000"
 2145 005c 02       		.uleb128 0x2
 2146 005d 04       		.byte	0x4
 2147 005e 07       		.byte	0x7
 2148 005f 3F010000 		.4byte	.LASF8
 2149 0063 04       		.uleb128 0x4
 2150 0064 AC010000 		.4byte	.LASF21
 2151 0068 02       		.byte	0x2
 2152 0069 9201     		.2byte	0x192
 2153 006b 24000000 		.4byte	0x24
 2154 006f 02       		.uleb128 0x2
 2155 0070 04       		.byte	0x4
 2156 0071 04       		.byte	0x4
 2157 0072 DD000000 		.4byte	.LASF9
 2158 0076 02       		.uleb128 0x2
 2159 0077 08       		.byte	0x8
 2160 0078 04       		.byte	0x4
 2161 0079 16010000 		.4byte	.LASF10
 2162 007d 02       		.uleb128 0x2
ARM GAS  D:\Windows\AppData\Local\Temp\ccI3PfK0.s 			page 39


 2163 007e 01       		.byte	0x1
 2164 007f 08       		.byte	0x8
 2165 0080 9D010000 		.4byte	.LASF11
 2166 0084 05       		.uleb128 0x5
 2167 0085 63000000 		.4byte	0x63
 2168 0089 95000000 		.4byte	0x95
 2169 008d 06       		.uleb128 0x6
 2170 008e 95000000 		.4byte	0x95
 2171 0092 E707     		.2byte	0x7e7
 2172 0094 00       		.byte	0
 2173 0095 02       		.uleb128 0x2
 2174 0096 04       		.byte	0x4
 2175 0097 07       		.byte	0x7
 2176 0098 86010000 		.4byte	.LASF12
 2177 009c 07       		.uleb128 0x7
 2178 009d 2D010000 		.4byte	.LASF13
 2179 00a1 01       		.byte	0x1
 2180 00a2 1F       		.byte	0x1f
 2181 00a3 AD000000 		.4byte	0xad
 2182 00a7 05       		.uleb128 0x5
 2183 00a8 03       		.byte	0x3
 2184 00a9 00000000 		.4byte	cy_meta_configecc
 2185 00ad 08       		.uleb128 0x8
 2186 00ae 84000000 		.4byte	0x84
 2187 00b2 05       		.uleb128 0x5
 2188 00b3 63000000 		.4byte	0x63
 2189 00b7 C2000000 		.4byte	0xc2
 2190 00bb 09       		.uleb128 0x9
 2191 00bc 95000000 		.4byte	0x95
 2192 00c0 03       		.byte	0x3
 2193 00c1 00       		.byte	0
 2194 00c2 0A       		.uleb128 0xa
 2195 00c3 1D010000 		.4byte	.LASF14
 2196 00c7 01       		.byte	0x1
 2197 00c8 2901     		.2byte	0x129
 2198 00ca D4000000 		.4byte	0xd4
 2199 00ce 05       		.uleb128 0x5
 2200 00cf 03       		.byte	0x3
 2201 00d0 00000000 		.4byte	cy_meta_custnvl
 2202 00d4 08       		.uleb128 0x8
 2203 00d5 B2000000 		.4byte	0xb2
 2204 00d9 0A       		.uleb128 0xa
 2205 00da 78010000 		.4byte	.LASF15
 2206 00de 01       		.byte	0x1
 2207 00df 3701     		.2byte	0x137
 2208 00e1 EB000000 		.4byte	0xeb
 2209 00e5 05       		.uleb128 0x5
 2210 00e6 03       		.byte	0x3
 2211 00e7 00000000 		.4byte	cy_meta_wonvl
 2212 00eb 08       		.uleb128 0x8
 2213 00ec B2000000 		.4byte	0xb2
 2214 00f0 05       		.uleb128 0x5
 2215 00f1 63000000 		.4byte	0x63
 2216 00f5 00010000 		.4byte	0x100
 2217 00f9 09       		.uleb128 0x9
 2218 00fa 95000000 		.4byte	0x95
 2219 00fe FF       		.byte	0xff
ARM GAS  D:\Windows\AppData\Local\Temp\ccI3PfK0.s 			page 40


 2220 00ff 00       		.byte	0
 2221 0100 0A       		.uleb128 0xa
 2222 0101 63010000 		.4byte	.LASF16
 2223 0105 01       		.byte	0x1
 2224 0106 4501     		.2byte	0x145
 2225 0108 12010000 		.4byte	0x112
 2226 010c 05       		.uleb128 0x5
 2227 010d 03       		.byte	0x3
 2228 010e 00000000 		.4byte	cy_meta_flashprotect
 2229 0112 08       		.uleb128 0x8
 2230 0113 F0000000 		.4byte	0xf0
 2231 0117 05       		.uleb128 0x5
 2232 0118 63000000 		.4byte	0x63
 2233 011c 27010000 		.4byte	0x127
 2234 0120 09       		.uleb128 0x9
 2235 0121 95000000 		.4byte	0x95
 2236 0125 0B       		.byte	0xb
 2237 0126 00       		.byte	0
 2238 0127 0A       		.uleb128 0xa
 2239 0128 D1000000 		.4byte	.LASF17
 2240 012c 01       		.byte	0x1
 2241 012d 7201     		.2byte	0x172
 2242 012f 39010000 		.4byte	0x139
 2243 0133 05       		.uleb128 0x5
 2244 0134 03       		.byte	0x3
 2245 0135 00000000 		.4byte	cy_metadata
 2246 0139 08       		.uleb128 0x8
 2247 013a 17010000 		.4byte	0x117
 2248 013e 00       		.byte	0
 2249              		.section	.debug_abbrev,"",%progbits
 2250              	.Ldebug_abbrev0:
 2251 0000 01       		.uleb128 0x1
 2252 0001 11       		.uleb128 0x11
 2253 0002 01       		.byte	0x1
 2254 0003 25       		.uleb128 0x25
 2255 0004 0E       		.uleb128 0xe
 2256 0005 13       		.uleb128 0x13
 2257 0006 0B       		.uleb128 0xb
 2258 0007 03       		.uleb128 0x3
 2259 0008 0E       		.uleb128 0xe
 2260 0009 1B       		.uleb128 0x1b
 2261 000a 0E       		.uleb128 0xe
 2262 000b 10       		.uleb128 0x10
 2263 000c 17       		.uleb128 0x17
 2264 000d 00       		.byte	0
 2265 000e 00       		.byte	0
 2266 000f 02       		.uleb128 0x2
 2267 0010 24       		.uleb128 0x24
 2268 0011 00       		.byte	0
 2269 0012 0B       		.uleb128 0xb
 2270 0013 0B       		.uleb128 0xb
 2271 0014 3E       		.uleb128 0x3e
 2272 0015 0B       		.uleb128 0xb
 2273 0016 03       		.uleb128 0x3
 2274 0017 0E       		.uleb128 0xe
 2275 0018 00       		.byte	0
 2276 0019 00       		.byte	0
ARM GAS  D:\Windows\AppData\Local\Temp\ccI3PfK0.s 			page 41


 2277 001a 03       		.uleb128 0x3
 2278 001b 24       		.uleb128 0x24
 2279 001c 00       		.byte	0
 2280 001d 0B       		.uleb128 0xb
 2281 001e 0B       		.uleb128 0xb
 2282 001f 3E       		.uleb128 0x3e
 2283 0020 0B       		.uleb128 0xb
 2284 0021 03       		.uleb128 0x3
 2285 0022 08       		.uleb128 0x8
 2286 0023 00       		.byte	0
 2287 0024 00       		.byte	0
 2288 0025 04       		.uleb128 0x4
 2289 0026 16       		.uleb128 0x16
 2290 0027 00       		.byte	0
 2291 0028 03       		.uleb128 0x3
 2292 0029 0E       		.uleb128 0xe
 2293 002a 3A       		.uleb128 0x3a
 2294 002b 0B       		.uleb128 0xb
 2295 002c 3B       		.uleb128 0x3b
 2296 002d 05       		.uleb128 0x5
 2297 002e 49       		.uleb128 0x49
 2298 002f 13       		.uleb128 0x13
 2299 0030 00       		.byte	0
 2300 0031 00       		.byte	0
 2301 0032 05       		.uleb128 0x5
 2302 0033 01       		.uleb128 0x1
 2303 0034 01       		.byte	0x1
 2304 0035 49       		.uleb128 0x49
 2305 0036 13       		.uleb128 0x13
 2306 0037 01       		.uleb128 0x1
 2307 0038 13       		.uleb128 0x13
 2308 0039 00       		.byte	0
 2309 003a 00       		.byte	0
 2310 003b 06       		.uleb128 0x6
 2311 003c 21       		.uleb128 0x21
 2312 003d 00       		.byte	0
 2313 003e 49       		.uleb128 0x49
 2314 003f 13       		.uleb128 0x13
 2315 0040 2F       		.uleb128 0x2f
 2316 0041 05       		.uleb128 0x5
 2317 0042 00       		.byte	0
 2318 0043 00       		.byte	0
 2319 0044 07       		.uleb128 0x7
 2320 0045 34       		.uleb128 0x34
 2321 0046 00       		.byte	0
 2322 0047 03       		.uleb128 0x3
 2323 0048 0E       		.uleb128 0xe
 2324 0049 3A       		.uleb128 0x3a
 2325 004a 0B       		.uleb128 0xb
 2326 004b 3B       		.uleb128 0x3b
 2327 004c 0B       		.uleb128 0xb
 2328 004d 49       		.uleb128 0x49
 2329 004e 13       		.uleb128 0x13
 2330 004f 3F       		.uleb128 0x3f
 2331 0050 19       		.uleb128 0x19
 2332 0051 02       		.uleb128 0x2
 2333 0052 18       		.uleb128 0x18
ARM GAS  D:\Windows\AppData\Local\Temp\ccI3PfK0.s 			page 42


 2334 0053 00       		.byte	0
 2335 0054 00       		.byte	0
 2336 0055 08       		.uleb128 0x8
 2337 0056 26       		.uleb128 0x26
 2338 0057 00       		.byte	0
 2339 0058 49       		.uleb128 0x49
 2340 0059 13       		.uleb128 0x13
 2341 005a 00       		.byte	0
 2342 005b 00       		.byte	0
 2343 005c 09       		.uleb128 0x9
 2344 005d 21       		.uleb128 0x21
 2345 005e 00       		.byte	0
 2346 005f 49       		.uleb128 0x49
 2347 0060 13       		.uleb128 0x13
 2348 0061 2F       		.uleb128 0x2f
 2349 0062 0B       		.uleb128 0xb
 2350 0063 00       		.byte	0
 2351 0064 00       		.byte	0
 2352 0065 0A       		.uleb128 0xa
 2353 0066 34       		.uleb128 0x34
 2354 0067 00       		.byte	0
 2355 0068 03       		.uleb128 0x3
 2356 0069 0E       		.uleb128 0xe
 2357 006a 3A       		.uleb128 0x3a
 2358 006b 0B       		.uleb128 0xb
 2359 006c 3B       		.uleb128 0x3b
 2360 006d 05       		.uleb128 0x5
 2361 006e 49       		.uleb128 0x49
 2362 006f 13       		.uleb128 0x13
 2363 0070 3F       		.uleb128 0x3f
 2364 0071 19       		.uleb128 0x19
 2365 0072 02       		.uleb128 0x2
 2366 0073 18       		.uleb128 0x18
 2367 0074 00       		.byte	0
 2368 0075 00       		.byte	0
 2369 0076 00       		.byte	0
 2370              		.section	.debug_aranges,"",%progbits
 2371 0000 14000000 		.4byte	0x14
 2372 0004 0200     		.2byte	0x2
 2373 0006 00000000 		.4byte	.Ldebug_info0
 2374 000a 04       		.byte	0x4
 2375 000b 00       		.byte	0
 2376 000c 0000     		.2byte	0
 2377 000e 0000     		.2byte	0
 2378 0010 00000000 		.4byte	0
 2379 0014 00000000 		.4byte	0
 2380              		.section	.debug_line,"",%progbits
 2381              	.Ldebug_line0:
 2382 0000 4D000000 		.section	.debug_str,"MS",%progbits,1
 2382      02004700 
 2382      00000201 
 2382      FB0E0D00 
 2382      01010101 
 2383              	.LASF20:
 2384 0000 443A5C44 		.ascii	"D:\\Downloads\\FRUCD\\Node-Capybara\\Node-Capybara\\"
 2384      6F776E6C 
 2384      6F616473 
ARM GAS  D:\Windows\AppData\Local\Temp\ccI3PfK0.s 			page 43


 2384      5C465255 
 2384      43445C4E 
 2385 002f 4E6F6465 		.ascii	"Node-Capybara.cydsn\000"
 2385      2D436170 
 2385      79626172 
 2385      612E6379 
 2385      64736E00 
 2386              	.LASF18:
 2387 0043 474E5520 		.ascii	"GNU C 4.9.3 20150303 (release) [ARM/embedded-4_9-br"
 2387      4320342E 
 2387      392E3320 
 2387      32303135 
 2387      30333033 
 2388 0076 616E6368 		.ascii	"anch revision 221220] -mcpu=cortex-m3 -mthumb -g -O"
 2388      20726576 
 2388      6973696F 
 2388      6E203232 
 2388      31323230 
 2389 00a9 30202D66 		.ascii	"0 -ffunction-sections -ffat-lto-objects\000"
 2389      66756E63 
 2389      74696F6E 
 2389      2D736563 
 2389      74696F6E 
 2390              	.LASF17:
 2391 00d1 63795F6D 		.ascii	"cy_metadata\000"
 2391      65746164 
 2391      61746100 
 2392              	.LASF9:
 2393 00dd 666C6F61 		.ascii	"float\000"
 2393      7400
 2394              	.LASF1:
 2395 00e3 756E7369 		.ascii	"unsigned char\000"
 2395      676E6564 
 2395      20636861 
 2395      7200
 2396              	.LASF5:
 2397 00f1 6C6F6E67 		.ascii	"long unsigned int\000"
 2397      20756E73 
 2397      69676E65 
 2397      6420696E 
 2397      7400
 2398              	.LASF3:
 2399 0103 73686F72 		.ascii	"short unsigned int\000"
 2399      7420756E 
 2399      7369676E 
 2399      65642069 
 2399      6E7400
 2400              	.LASF10:
 2401 0116 646F7562 		.ascii	"double\000"
 2401      6C6500
 2402              	.LASF14:
 2403 011d 63795F6D 		.ascii	"cy_meta_custnvl\000"
 2403      6574615F 
 2403      63757374 
 2403      6E766C00 
 2404              	.LASF13:
 2405 012d 63795F6D 		.ascii	"cy_meta_configecc\000"
ARM GAS  D:\Windows\AppData\Local\Temp\ccI3PfK0.s 			page 44


 2405      6574615F 
 2405      636F6E66 
 2405      69676563 
 2405      6300
 2406              	.LASF8:
 2407 013f 756E7369 		.ascii	"unsigned int\000"
 2407      676E6564 
 2407      20696E74 
 2407      00
 2408              	.LASF7:
 2409 014c 6C6F6E67 		.ascii	"long long unsigned int\000"
 2409      206C6F6E 
 2409      6720756E 
 2409      7369676E 
 2409      65642069 
 2410              	.LASF16:
 2411 0163 63795F6D 		.ascii	"cy_meta_flashprotect\000"
 2411      6574615F 
 2411      666C6173 
 2411      6870726F 
 2411      74656374 
 2412              	.LASF15:
 2413 0178 63795F6D 		.ascii	"cy_meta_wonvl\000"
 2413      6574615F 
 2413      776F6E76 
 2413      6C00
 2414              	.LASF12:
 2415 0186 73697A65 		.ascii	"sizetype\000"
 2415      74797065 
 2415      00
 2416              	.LASF6:
 2417 018f 6C6F6E67 		.ascii	"long long int\000"
 2417      206C6F6E 
 2417      6720696E 
 2417      7400
 2418              	.LASF11:
 2419 019d 63686172 		.ascii	"char\000"
 2419      00
 2420              	.LASF2:
 2421 01a2 73686F72 		.ascii	"short int\000"
 2421      7420696E 
 2421      7400
 2422              	.LASF21:
 2423 01ac 75696E74 		.ascii	"uint8\000"
 2423      3800
 2424              	.LASF4:
 2425 01b2 6C6F6E67 		.ascii	"long int\000"
 2425      20696E74 
 2425      00
 2426              	.LASF0:
 2427 01bb 7369676E 		.ascii	"signed char\000"
 2427      65642063 
 2427      68617200 
 2428              	.LASF19:
 2429 01c7 47656E65 		.ascii	"Generated_Source\\PSoC5\\cymetadata.c\000"
 2429      72617465 
 2429      645F536F 
ARM GAS  D:\Windows\AppData\Local\Temp\ccI3PfK0.s 			page 45


 2429      75726365 
 2429      5C50536F 
 2430              		.ident	"GCC: (GNU Tools for ARM Embedded Processors) 4.9.3 20150303 (release) [ARM/embedded-4_9-br
