ARM GAS  D:\Windows\AppData\Local\Temp\ccgCYUxU.s 			page 1


   1              		.syntax unified
   2              		.cpu cortex-m3
   3              		.fpu softvfp
   4              		.eabi_attribute 20, 1
   5              		.eabi_attribute 21, 1
   6              		.eabi_attribute 23, 3
   7              		.eabi_attribute 24, 1
   8              		.eabi_attribute 25, 1
   9              		.eabi_attribute 26, 1
  10              		.eabi_attribute 30, 6
  11              		.eabi_attribute 34, 1
  12              		.eabi_attribute 18, 4
  13              		.thumb
  14              		.file	"DVDAC_1.c"
  15              		.text
  16              	.Ltext0:
  17              		.cfi_sections	.debug_frame
  18              		.data
  19              		.align	2
  20              		.type	DVDAC_1_ditheredValues, %object
  21              		.size	DVDAC_1_ditheredValues, 16
  22              	DVDAC_1_ditheredValues:
  23 0000 38       		.byte	56
  24 0001 38       		.byte	56
  25 0002 38       		.byte	56
  26 0003 38       		.byte	56
  27 0004 38       		.byte	56
  28 0005 38       		.byte	56
  29 0006 38       		.byte	56
  30 0007 38       		.byte	56
  31 0008 38       		.byte	56
  32 0009 38       		.byte	56
  33 000a 38       		.byte	56
  34 000b 38       		.byte	56
  35 000c 39       		.byte	57
  36 000d 39       		.byte	57
  37 000e 39       		.byte	57
  38 000f 39       		.byte	57
  39              		.global	DVDAC_1_initVar
  40              		.bss
  41              		.type	DVDAC_1_initVar, %object
  42              		.size	DVDAC_1_initVar, 1
  43              	DVDAC_1_initVar:
  44 0000 00       		.space	1
  45              	DVDAC_1_dmaChan:
  46 0001 00       		.space	1
  47              		.data
  48              		.type	DVDAC_1_dmaTd, %object
  49              		.size	DVDAC_1_dmaTd, 1
  50              	DVDAC_1_dmaTd:
  51 0010 FF       		.byte	-1
  52 0011 000000   		.section	.text.DVDAC_1_Init,"ax",%progbits
  53              		.align	2
  54              		.global	DVDAC_1_Init
  55              		.thumb
  56              		.thumb_func
  57              		.type	DVDAC_1_Init, %function
ARM GAS  D:\Windows\AppData\Local\Temp\ccgCYUxU.s 			page 2


  58              	DVDAC_1_Init:
  59              	.LFB0:
  60              		.file 1 "Generated_Source\\PSoC5\\DVDAC_1.c"
   1:Generated_Source\PSoC5/DVDAC_1.c **** /*******************************************************************************
   2:Generated_Source\PSoC5/DVDAC_1.c **** * File Name: DVDAC_1.c
   3:Generated_Source\PSoC5/DVDAC_1.c **** * Version 2.10
   4:Generated_Source\PSoC5/DVDAC_1.c **** *
   5:Generated_Source\PSoC5/DVDAC_1.c **** * Description:
   6:Generated_Source\PSoC5/DVDAC_1.c **** *  This file provides the source code of APIs for the DVDAC component.
   7:Generated_Source\PSoC5/DVDAC_1.c **** *
   8:Generated_Source\PSoC5/DVDAC_1.c **** ********************************************************************************
   9:Generated_Source\PSoC5/DVDAC_1.c **** * Copyright 2013, Cypress Semiconductor Corporation.  All rights reserved.
  10:Generated_Source\PSoC5/DVDAC_1.c **** * You may use this file only in accordance with the license, terms, conditions,
  11:Generated_Source\PSoC5/DVDAC_1.c **** * disclaimers, and limitations in the end user license agreement accompanying
  12:Generated_Source\PSoC5/DVDAC_1.c **** * the software package with which this file was provided.
  13:Generated_Source\PSoC5/DVDAC_1.c **** *******************************************************************************/
  14:Generated_Source\PSoC5/DVDAC_1.c **** 
  15:Generated_Source\PSoC5/DVDAC_1.c **** #include "DVDAC_1.h"
  16:Generated_Source\PSoC5/DVDAC_1.c **** #include "DVDAC_1_VDAC8.h"
  17:Generated_Source\PSoC5/DVDAC_1.c **** #include "CyDmac.h"
  18:Generated_Source\PSoC5/DVDAC_1.c **** #include "DVDAC_1_DMA_dma.H"
  19:Generated_Source\PSoC5/DVDAC_1.c **** 
  20:Generated_Source\PSoC5/DVDAC_1.c **** #if(DVDAC_1_INTERNAL_CLOCK_USED)
  21:Generated_Source\PSoC5/DVDAC_1.c ****     #include "DVDAC_1_IntClock.h"
  22:Generated_Source\PSoC5/DVDAC_1.c **** #endif /* DVDAC_1_INTERNAL_CLOCK_USED */
  23:Generated_Source\PSoC5/DVDAC_1.c **** 
  24:Generated_Source\PSoC5/DVDAC_1.c **** 
  25:Generated_Source\PSoC5/DVDAC_1.c **** static uint8 DVDAC_1_ditheredValues[16u] = {0x38u, 0x38u, 0x38u, 0x38u, 0x38u, 0x38u, 0x38u, 0x38u,
  26:Generated_Source\PSoC5/DVDAC_1.c ****                                             0x38u, 0x38u, 0x39u, 0x39u, 0x39u, 0x39u};
  27:Generated_Source\PSoC5/DVDAC_1.c **** 
  28:Generated_Source\PSoC5/DVDAC_1.c **** 
  29:Generated_Source\PSoC5/DVDAC_1.c **** uint8 DVDAC_1_initVar = 0u;
  30:Generated_Source\PSoC5/DVDAC_1.c **** 
  31:Generated_Source\PSoC5/DVDAC_1.c **** static uint8 DVDAC_1_dmaChan;
  32:Generated_Source\PSoC5/DVDAC_1.c **** static uint8 DVDAC_1_dmaTd = CY_DMA_INVALID_TD;
  33:Generated_Source\PSoC5/DVDAC_1.c **** 
  34:Generated_Source\PSoC5/DVDAC_1.c **** static void DVDAC_1_InitDma(void)  ;
  35:Generated_Source\PSoC5/DVDAC_1.c **** 
  36:Generated_Source\PSoC5/DVDAC_1.c **** 
  37:Generated_Source\PSoC5/DVDAC_1.c **** /*******************************************************************************
  38:Generated_Source\PSoC5/DVDAC_1.c **** * Function Name: DVDAC_1_Init
  39:Generated_Source\PSoC5/DVDAC_1.c **** ********************************************************************************
  40:Generated_Source\PSoC5/DVDAC_1.c **** *
  41:Generated_Source\PSoC5/DVDAC_1.c **** * Summary:
  42:Generated_Source\PSoC5/DVDAC_1.c **** *  Initializes or restores the component according to the customizer Configure
  43:Generated_Source\PSoC5/DVDAC_1.c **** *  dialog settings. It is not necessary to call DVDAC_1_Init() because
  44:Generated_Source\PSoC5/DVDAC_1.c **** *  the DVDAC_1_Start() API calls this function and is the preferred
  45:Generated_Source\PSoC5/DVDAC_1.c **** *  method to begin component operation.
  46:Generated_Source\PSoC5/DVDAC_1.c **** *
  47:Generated_Source\PSoC5/DVDAC_1.c **** * Parameters:
  48:Generated_Source\PSoC5/DVDAC_1.c **** *  None
  49:Generated_Source\PSoC5/DVDAC_1.c **** *
  50:Generated_Source\PSoC5/DVDAC_1.c **** * Return:
  51:Generated_Source\PSoC5/DVDAC_1.c **** *  None
  52:Generated_Source\PSoC5/DVDAC_1.c **** *
  53:Generated_Source\PSoC5/DVDAC_1.c **** * Side Effects:
  54:Generated_Source\PSoC5/DVDAC_1.c **** *  All registers will be set to values according to the customizer Configure
ARM GAS  D:\Windows\AppData\Local\Temp\ccgCYUxU.s 			page 3


  55:Generated_Source\PSoC5/DVDAC_1.c **** *  dialog.
  56:Generated_Source\PSoC5/DVDAC_1.c **** *
  57:Generated_Source\PSoC5/DVDAC_1.c **** * Global variables:
  58:Generated_Source\PSoC5/DVDAC_1.c **** *  None
  59:Generated_Source\PSoC5/DVDAC_1.c **** *
  60:Generated_Source\PSoC5/DVDAC_1.c **** *******************************************************************************/
  61:Generated_Source\PSoC5/DVDAC_1.c **** void DVDAC_1_Init(void) 
  62:Generated_Source\PSoC5/DVDAC_1.c **** {
  61              		.loc 1 62 0
  62              		.cfi_startproc
  63              		@ args = 0, pretend = 0, frame = 0
  64              		@ frame_needed = 1, uses_anonymous_args = 0
  65 0000 80B5     		push	{r7, lr}
  66              		.cfi_def_cfa_offset 8
  67              		.cfi_offset 7, -8
  68              		.cfi_offset 14, -4
  69 0002 00AF     		add	r7, sp, #0
  70              		.cfi_def_cfa_register 7
  63:Generated_Source\PSoC5/DVDAC_1.c ****     DVDAC_1_VDAC8_Init();
  71              		.loc 1 63 0
  72 0004 FFF7FEFF 		bl	DVDAC_1_VDAC8_Init
  64:Generated_Source\PSoC5/DVDAC_1.c **** 
  65:Generated_Source\PSoC5/DVDAC_1.c ****     if(CY_DMA_INVALID_TD == DVDAC_1_dmaTd)
  73              		.loc 1 65 0
  74 0008 034B     		ldr	r3, .L3
  75 000a 1B78     		ldrb	r3, [r3]	@ zero_extendqisi2
  76 000c FF2B     		cmp	r3, #255
  77 000e 01D1     		bne	.L1
  66:Generated_Source\PSoC5/DVDAC_1.c ****     {
  67:Generated_Source\PSoC5/DVDAC_1.c ****         DVDAC_1_InitDma();
  78              		.loc 1 67 0
  79 0010 FFF7FEFF 		bl	DVDAC_1_InitDma
  80              	.L1:
  68:Generated_Source\PSoC5/DVDAC_1.c ****     }
  69:Generated_Source\PSoC5/DVDAC_1.c **** }
  81              		.loc 1 69 0
  82 0014 80BD     		pop	{r7, pc}
  83              	.L4:
  84 0016 00BF     		.align	2
  85              	.L3:
  86 0018 10000000 		.word	DVDAC_1_dmaTd
  87              		.cfi_endproc
  88              	.LFE0:
  89              		.size	DVDAC_1_Init, .-DVDAC_1_Init
  90              		.section	.text.DVDAC_1_Enable,"ax",%progbits
  91              		.align	2
  92              		.global	DVDAC_1_Enable
  93              		.thumb
  94              		.thumb_func
  95              		.type	DVDAC_1_Enable, %function
  96              	DVDAC_1_Enable:
  97              	.LFB1:
  70:Generated_Source\PSoC5/DVDAC_1.c **** 
  71:Generated_Source\PSoC5/DVDAC_1.c **** 
  72:Generated_Source\PSoC5/DVDAC_1.c **** /*******************************************************************************
  73:Generated_Source\PSoC5/DVDAC_1.c **** * Function Name: DVDAC_1_Enable
  74:Generated_Source\PSoC5/DVDAC_1.c **** ********************************************************************************
ARM GAS  D:\Windows\AppData\Local\Temp\ccgCYUxU.s 			page 4


  75:Generated_Source\PSoC5/DVDAC_1.c **** *
  76:Generated_Source\PSoC5/DVDAC_1.c **** * Summary:
  77:Generated_Source\PSoC5/DVDAC_1.c **** *  Activates the hardware and begins component operation. It is not necessary to
  78:Generated_Source\PSoC5/DVDAC_1.c **** *  call DVDAC_1_Enable() because the DVDAC_1_Start() API calls
  79:Generated_Source\PSoC5/DVDAC_1.c **** *  this function, which is the preferred method to begin component operation.
  80:Generated_Source\PSoC5/DVDAC_1.c **** *
  81:Generated_Source\PSoC5/DVDAC_1.c **** * Parameters:
  82:Generated_Source\PSoC5/DVDAC_1.c **** *  None
  83:Generated_Source\PSoC5/DVDAC_1.c **** *
  84:Generated_Source\PSoC5/DVDAC_1.c **** * Return:
  85:Generated_Source\PSoC5/DVDAC_1.c **** *  None
  86:Generated_Source\PSoC5/DVDAC_1.c **** *
  87:Generated_Source\PSoC5/DVDAC_1.c **** * Global variables:
  88:Generated_Source\PSoC5/DVDAC_1.c **** *  None
  89:Generated_Source\PSoC5/DVDAC_1.c **** *
  90:Generated_Source\PSoC5/DVDAC_1.c **** *******************************************************************************/
  91:Generated_Source\PSoC5/DVDAC_1.c **** void DVDAC_1_Enable(void) 
  92:Generated_Source\PSoC5/DVDAC_1.c **** {
  98              		.loc 1 92 0
  99              		.cfi_startproc
 100              		@ args = 0, pretend = 0, frame = 0
 101              		@ frame_needed = 1, uses_anonymous_args = 0
 102 0000 80B5     		push	{r7, lr}
 103              		.cfi_def_cfa_offset 8
 104              		.cfi_offset 7, -8
 105              		.cfi_offset 14, -4
 106 0002 00AF     		add	r7, sp, #0
 107              		.cfi_def_cfa_register 7
  93:Generated_Source\PSoC5/DVDAC_1.c ****     (void) CyDmaChEnable(DVDAC_1_dmaChan, 1u);
 108              		.loc 1 93 0
 109 0004 054B     		ldr	r3, .L6
 110 0006 1B78     		ldrb	r3, [r3]	@ zero_extendqisi2
 111 0008 1846     		mov	r0, r3
 112 000a 0121     		movs	r1, #1
 113 000c FFF7FEFF 		bl	CyDmaChEnable
  94:Generated_Source\PSoC5/DVDAC_1.c **** 
  95:Generated_Source\PSoC5/DVDAC_1.c ****     #if(DVDAC_1_INTERNAL_CLOCK_USED)
  96:Generated_Source\PSoC5/DVDAC_1.c ****         DVDAC_1_IntClock_Start();
 114              		.loc 1 96 0
 115 0010 FFF7FEFF 		bl	DVDAC_1_IntClock_Start
  97:Generated_Source\PSoC5/DVDAC_1.c ****     #endif /* DVDAC_1_INTERNAL_CLOCK_USED */
  98:Generated_Source\PSoC5/DVDAC_1.c **** 
  99:Generated_Source\PSoC5/DVDAC_1.c ****     DVDAC_1_VDAC8_Enable();
 116              		.loc 1 99 0
 117 0014 FFF7FEFF 		bl	DVDAC_1_VDAC8_Enable
 100:Generated_Source\PSoC5/DVDAC_1.c **** }
 118              		.loc 1 100 0
 119 0018 80BD     		pop	{r7, pc}
 120              	.L7:
 121 001a 00BF     		.align	2
 122              	.L6:
 123 001c 01000000 		.word	DVDAC_1_dmaChan
 124              		.cfi_endproc
 125              	.LFE1:
 126              		.size	DVDAC_1_Enable, .-DVDAC_1_Enable
 127              		.section	.text.DVDAC_1_Start,"ax",%progbits
 128              		.align	2
ARM GAS  D:\Windows\AppData\Local\Temp\ccgCYUxU.s 			page 5


 129              		.global	DVDAC_1_Start
 130              		.thumb
 131              		.thumb_func
 132              		.type	DVDAC_1_Start, %function
 133              	DVDAC_1_Start:
 134              	.LFB2:
 101:Generated_Source\PSoC5/DVDAC_1.c **** 
 102:Generated_Source\PSoC5/DVDAC_1.c **** 
 103:Generated_Source\PSoC5/DVDAC_1.c **** /*******************************************************************************
 104:Generated_Source\PSoC5/DVDAC_1.c **** * Function Name: DVDAC_1_Start
 105:Generated_Source\PSoC5/DVDAC_1.c **** ********************************************************************************
 106:Generated_Source\PSoC5/DVDAC_1.c **** *
 107:Generated_Source\PSoC5/DVDAC_1.c **** * Summary:
 108:Generated_Source\PSoC5/DVDAC_1.c **** *  Performs all of the required initialization for the component and enables
 109:Generated_Source\PSoC5/DVDAC_1.c **** *  power to the block. The first time the routine is executed, the component is
 110:Generated_Source\PSoC5/DVDAC_1.c **** *  initialized to the configured settings. When called to restart the DVDAC
 111:Generated_Source\PSoC5/DVDAC_1.c **** *  following a DVDAC_1_Stop() call, the current component parameter
 112:Generated_Source\PSoC5/DVDAC_1.c **** *  settings are retained.
 113:Generated_Source\PSoC5/DVDAC_1.c **** *
 114:Generated_Source\PSoC5/DVDAC_1.c **** * Parameters:
 115:Generated_Source\PSoC5/DVDAC_1.c **** *  None
 116:Generated_Source\PSoC5/DVDAC_1.c **** *
 117:Generated_Source\PSoC5/DVDAC_1.c **** * Return:
 118:Generated_Source\PSoC5/DVDAC_1.c **** *  None
 119:Generated_Source\PSoC5/DVDAC_1.c **** *
 120:Generated_Source\PSoC5/DVDAC_1.c **** * Side Effects:
 121:Generated_Source\PSoC5/DVDAC_1.c **** *  If the DVDAC_1_initVar variable is already set, this function only
 122:Generated_Source\PSoC5/DVDAC_1.c **** *  calls the DVDAC_1_Enable() function.
 123:Generated_Source\PSoC5/DVDAC_1.c **** *
 124:Generated_Source\PSoC5/DVDAC_1.c **** * Global variables:
 125:Generated_Source\PSoC5/DVDAC_1.c **** *  DVDAC_1_initVar - indicates whether the DVDAC has been initialized.
 126:Generated_Source\PSoC5/DVDAC_1.c **** *  The variable is initialized to 0 and set to 1 the first time DVDAC_Start()
 127:Generated_Source\PSoC5/DVDAC_1.c **** *  is called. This allows the component to restart without reinitialization
 128:Generated_Source\PSoC5/DVDAC_1.c **** *  after the first call to the DVDAC_1_Start() routine. If
 129:Generated_Source\PSoC5/DVDAC_1.c **** *  reinitialization of the component is required, then the
 130:Generated_Source\PSoC5/DVDAC_1.c **** *  DVDAC_1_Init() function can be called before the
 131:Generated_Source\PSoC5/DVDAC_1.c **** *  DVDAC_1_Start() or DVDAC_1_Enable() function.
 132:Generated_Source\PSoC5/DVDAC_1.c **** *
 133:Generated_Source\PSoC5/DVDAC_1.c **** *******************************************************************************/
 134:Generated_Source\PSoC5/DVDAC_1.c **** void DVDAC_1_Start(void) 
 135:Generated_Source\PSoC5/DVDAC_1.c **** {
 135              		.loc 1 135 0
 136              		.cfi_startproc
 137              		@ args = 0, pretend = 0, frame = 0
 138              		@ frame_needed = 1, uses_anonymous_args = 0
 139 0000 80B5     		push	{r7, lr}
 140              		.cfi_def_cfa_offset 8
 141              		.cfi_offset 7, -8
 142              		.cfi_offset 14, -4
 143 0002 00AF     		add	r7, sp, #0
 144              		.cfi_def_cfa_register 7
 136:Generated_Source\PSoC5/DVDAC_1.c ****     /* Hardware initiazation only needs to occure the first time */
 137:Generated_Source\PSoC5/DVDAC_1.c ****     if(0u == DVDAC_1_initVar)
 145              		.loc 1 137 0
 146 0004 054B     		ldr	r3, .L10
 147 0006 1B78     		ldrb	r3, [r3]	@ zero_extendqisi2
 148 0008 002B     		cmp	r3, #0
ARM GAS  D:\Windows\AppData\Local\Temp\ccgCYUxU.s 			page 6


 149 000a 04D1     		bne	.L9
 138:Generated_Source\PSoC5/DVDAC_1.c ****     {
 139:Generated_Source\PSoC5/DVDAC_1.c ****         DVDAC_1_Init();
 150              		.loc 1 139 0
 151 000c FFF7FEFF 		bl	DVDAC_1_Init
 140:Generated_Source\PSoC5/DVDAC_1.c ****         DVDAC_1_initVar = 1u;
 152              		.loc 1 140 0
 153 0010 024B     		ldr	r3, .L10
 154 0012 0122     		movs	r2, #1
 155 0014 1A70     		strb	r2, [r3]
 156              	.L9:
 141:Generated_Source\PSoC5/DVDAC_1.c ****     }
 142:Generated_Source\PSoC5/DVDAC_1.c **** 
 143:Generated_Source\PSoC5/DVDAC_1.c ****     DVDAC_1_Enable();
 157              		.loc 1 143 0
 158 0016 FFF7FEFF 		bl	DVDAC_1_Enable
 144:Generated_Source\PSoC5/DVDAC_1.c **** }
 159              		.loc 1 144 0
 160 001a 80BD     		pop	{r7, pc}
 161              	.L11:
 162              		.align	2
 163              	.L10:
 164 001c 00000000 		.word	DVDAC_1_initVar
 165              		.cfi_endproc
 166              	.LFE2:
 167              		.size	DVDAC_1_Start, .-DVDAC_1_Start
 168              		.section	.text.DVDAC_1_Stop,"ax",%progbits
 169              		.align	2
 170              		.global	DVDAC_1_Stop
 171              		.thumb
 172              		.thumb_func
 173              		.type	DVDAC_1_Stop, %function
 174              	DVDAC_1_Stop:
 175              	.LFB3:
 145:Generated_Source\PSoC5/DVDAC_1.c **** 
 146:Generated_Source\PSoC5/DVDAC_1.c **** 
 147:Generated_Source\PSoC5/DVDAC_1.c **** /*******************************************************************************
 148:Generated_Source\PSoC5/DVDAC_1.c **** * Function Name: DVDAC_1_Stop
 149:Generated_Source\PSoC5/DVDAC_1.c **** ********************************************************************************
 150:Generated_Source\PSoC5/DVDAC_1.c **** *
 151:Generated_Source\PSoC5/DVDAC_1.c **** * Summary:
 152:Generated_Source\PSoC5/DVDAC_1.c **** *  Stops the component and turns off the analog blocks in the DVDAC.
 153:Generated_Source\PSoC5/DVDAC_1.c **** *
 154:Generated_Source\PSoC5/DVDAC_1.c **** * Parameters:
 155:Generated_Source\PSoC5/DVDAC_1.c **** *  None
 156:Generated_Source\PSoC5/DVDAC_1.c **** *
 157:Generated_Source\PSoC5/DVDAC_1.c **** * Return:
 158:Generated_Source\PSoC5/DVDAC_1.c **** *  None
 159:Generated_Source\PSoC5/DVDAC_1.c **** *
 160:Generated_Source\PSoC5/DVDAC_1.c **** * Global variables:
 161:Generated_Source\PSoC5/DVDAC_1.c **** *  None
 162:Generated_Source\PSoC5/DVDAC_1.c **** *
 163:Generated_Source\PSoC5/DVDAC_1.c **** *******************************************************************************/
 164:Generated_Source\PSoC5/DVDAC_1.c **** void DVDAC_1_Stop(void) 
 165:Generated_Source\PSoC5/DVDAC_1.c **** {
 176              		.loc 1 165 0
 177              		.cfi_startproc
ARM GAS  D:\Windows\AppData\Local\Temp\ccgCYUxU.s 			page 7


 178              		@ args = 0, pretend = 0, frame = 0
 179              		@ frame_needed = 1, uses_anonymous_args = 0
 180 0000 80B5     		push	{r7, lr}
 181              		.cfi_def_cfa_offset 8
 182              		.cfi_offset 7, -8
 183              		.cfi_offset 14, -4
 184 0002 00AF     		add	r7, sp, #0
 185              		.cfi_def_cfa_register 7
 166:Generated_Source\PSoC5/DVDAC_1.c ****     #if(DVDAC_1_INTERNAL_CLOCK_USED)
 167:Generated_Source\PSoC5/DVDAC_1.c ****         DVDAC_1_IntClock_Stop();
 186              		.loc 1 167 0
 187 0004 FFF7FEFF 		bl	DVDAC_1_IntClock_Stop
 168:Generated_Source\PSoC5/DVDAC_1.c ****     #endif /* DVDAC_1_INTERNAL_CLOCK_USED */
 169:Generated_Source\PSoC5/DVDAC_1.c **** 
 170:Generated_Source\PSoC5/DVDAC_1.c ****     (void) CyDmaChDisable(DVDAC_1_dmaChan);
 188              		.loc 1 170 0
 189 0008 034B     		ldr	r3, .L13
 190 000a 1B78     		ldrb	r3, [r3]	@ zero_extendqisi2
 191 000c 1846     		mov	r0, r3
 192 000e FFF7FEFF 		bl	CyDmaChDisable
 171:Generated_Source\PSoC5/DVDAC_1.c ****     DVDAC_1_VDAC8_Stop();
 193              		.loc 1 171 0
 194 0012 FFF7FEFF 		bl	DVDAC_1_VDAC8_Stop
 172:Generated_Source\PSoC5/DVDAC_1.c **** }
 195              		.loc 1 172 0
 196 0016 80BD     		pop	{r7, pc}
 197              	.L14:
 198              		.align	2
 199              	.L13:
 200 0018 01000000 		.word	DVDAC_1_dmaChan
 201              		.cfi_endproc
 202              	.LFE3:
 203              		.size	DVDAC_1_Stop, .-DVDAC_1_Stop
 204              		.section	.text.DVDAC_1_SetValue,"ax",%progbits
 205              		.align	2
 206              		.global	DVDAC_1_SetValue
 207              		.thumb
 208              		.thumb_func
 209              		.type	DVDAC_1_SetValue, %function
 210              	DVDAC_1_SetValue:
 211              	.LFB4:
 173:Generated_Source\PSoC5/DVDAC_1.c **** 
 174:Generated_Source\PSoC5/DVDAC_1.c **** 
 175:Generated_Source\PSoC5/DVDAC_1.c **** /*******************************************************************************
 176:Generated_Source\PSoC5/DVDAC_1.c **** * Function Name: DVDAC_1_SetValue
 177:Generated_Source\PSoC5/DVDAC_1.c **** ********************************************************************************
 178:Generated_Source\PSoC5/DVDAC_1.c **** *
 179:Generated_Source\PSoC5/DVDAC_1.c **** * Summary:
 180:Generated_Source\PSoC5/DVDAC_1.c **** *  Sets the DVDACs output. The function populates the SRAM array based on the
 181:Generated_Source\PSoC5/DVDAC_1.c **** *  value and the resolution setting. That array is then transferred to the
 182:Generated_Source\PSoC5/DVDAC_1.c **** *  internal VDAC by DMA.
 183:Generated_Source\PSoC5/DVDAC_1.c **** *
 184:Generated_Source\PSoC5/DVDAC_1.c **** * Parameters:
 185:Generated_Source\PSoC5/DVDAC_1.c **** *  (uint16) value:  The maximum value will be dependent on the resolution
 186:Generated_Source\PSoC5/DVDAC_1.c **** *  selected:
 187:Generated_Source\PSoC5/DVDAC_1.c **** *   Resolution       Valid range
 188:Generated_Source\PSoC5/DVDAC_1.c **** *        9 bits       0x0 - 0x1FE
ARM GAS  D:\Windows\AppData\Local\Temp\ccgCYUxU.s 			page 8


 189:Generated_Source\PSoC5/DVDAC_1.c **** *       10 bits       0x0 - 0x3FC
 190:Generated_Source\PSoC5/DVDAC_1.c **** *       11 bits       0x0 - 0x7F8
 191:Generated_Source\PSoC5/DVDAC_1.c **** *       12 bits       0x0 - 0xFF0
 192:Generated_Source\PSoC5/DVDAC_1.c **** *
 193:Generated_Source\PSoC5/DVDAC_1.c **** *  This value includes an integer portion and a fractional portion that varies
 194:Generated_Source\PSoC5/DVDAC_1.c **** *  depending on number of bits of resolution:
 195:Generated_Source\PSoC5/DVDAC_1.c **** *   - 9-bits:  1 fractional bit
 196:Generated_Source\PSoC5/DVDAC_1.c **** *   - 10-bits: 2 fractional bits
 197:Generated_Source\PSoC5/DVDAC_1.c **** *   - 11-bits: 3 fractional bits
 198:Generated_Source\PSoC5/DVDAC_1.c **** *   - 12-bits: 4 fractional bits
 199:Generated_Source\PSoC5/DVDAC_1.c **** *
 200:Generated_Source\PSoC5/DVDAC_1.c **** * Return:
 201:Generated_Source\PSoC5/DVDAC_1.c **** *  None
 202:Generated_Source\PSoC5/DVDAC_1.c **** *
 203:Generated_Source\PSoC5/DVDAC_1.c **** * Global variables:
 204:Generated_Source\PSoC5/DVDAC_1.c **** *  None
 205:Generated_Source\PSoC5/DVDAC_1.c **** *
 206:Generated_Source\PSoC5/DVDAC_1.c **** *******************************************************************************/
 207:Generated_Source\PSoC5/DVDAC_1.c **** void DVDAC_1_SetValue(uint16 value) 
 208:Generated_Source\PSoC5/DVDAC_1.c **** {
 212              		.loc 1 208 0
 213              		.cfi_startproc
 214              		@ args = 0, pretend = 0, frame = 16
 215              		@ frame_needed = 1, uses_anonymous_args = 0
 216 0000 80B5     		push	{r7, lr}
 217              		.cfi_def_cfa_offset 8
 218              		.cfi_offset 7, -8
 219              		.cfi_offset 14, -4
 220 0002 84B0     		sub	sp, sp, #16
 221              		.cfi_def_cfa_offset 24
 222 0004 00AF     		add	r7, sp, #0
 223              		.cfi_def_cfa_register 7
 224 0006 0346     		mov	r3, r0
 225 0008 FB80     		strh	r3, [r7, #6]	@ movhi
 209:Generated_Source\PSoC5/DVDAC_1.c ****     uint8  lowCount  = (uint8)(value & DVDAC_1_FRACTIONAL_PORTION_MASK);
 226              		.loc 1 209 0
 227 000a FB88     		ldrh	r3, [r7, #6]	@ movhi
 228 000c DBB2     		uxtb	r3, r3
 229 000e 03F00F03 		and	r3, r3, #15
 230 0012 BB73     		strb	r3, [r7, #14]
 210:Generated_Source\PSoC5/DVDAC_1.c ****     uint8 highCount  = (uint8)(value >> DVDAC_1_INTEGER_PORTION_SHIFT);
 231              		.loc 1 210 0
 232 0014 FB88     		ldrh	r3, [r7, #6]
 233 0016 1B09     		lsrs	r3, r3, #4
 234 0018 9BB2     		uxth	r3, r3
 235 001a 7B73     		strb	r3, [r7, #13]
 211:Generated_Source\PSoC5/DVDAC_1.c ****     uint8 i;
 212:Generated_Source\PSoC5/DVDAC_1.c **** 
 213:Generated_Source\PSoC5/DVDAC_1.c **** 
 214:Generated_Source\PSoC5/DVDAC_1.c ****     CYASSERT(value <= DVDAC_1_DVDAC_MAX_VALUE);
 236              		.loc 1 214 0
 237 001c FB88     		ldrh	r3, [r7, #6]
 238 001e B3F57F6F 		cmp	r3, #4080
 239 0022 02D9     		bls	.L16
 240              		.loc 1 214 0 is_stmt 0 discriminator 1
 241 0024 0020     		movs	r0, #0
 242 0026 FFF7FEFF 		bl	CyHalt
ARM GAS  D:\Windows\AppData\Local\Temp\ccgCYUxU.s 			page 9


 243              	.L16:
 215:Generated_Source\PSoC5/DVDAC_1.c **** 
 216:Generated_Source\PSoC5/DVDAC_1.c ****     if (DVDAC_1_INTEGER_PORTION_MAX_VALUE == highCount)
 244              		.loc 1 216 0 is_stmt 1
 245 002a 7B7B     		ldrb	r3, [r7, #13]	@ zero_extendqisi2
 246 002c FF2B     		cmp	r3, #255
 247 002e 0DD1     		bne	.L17
 217:Generated_Source\PSoC5/DVDAC_1.c ****     {
 218:Generated_Source\PSoC5/DVDAC_1.c ****         for (i = 0u; i < DVDAC_1_DITHERED_ARRAY_SIZE; i++)
 248              		.loc 1 218 0
 249 0030 0023     		movs	r3, #0
 250 0032 FB73     		strb	r3, [r7, #15]
 251 0034 06E0     		b	.L18
 252              	.L19:
 219:Generated_Source\PSoC5/DVDAC_1.c ****         {
 220:Generated_Source\PSoC5/DVDAC_1.c ****             DVDAC_1_ditheredValues[i] = DVDAC_1_INTEGER_PORTION_MAX_VALUE;
 253              		.loc 1 220 0 discriminator 3
 254 0036 FB7B     		ldrb	r3, [r7, #15]	@ zero_extendqisi2
 255 0038 134A     		ldr	r2, .L25
 256 003a FF21     		movs	r1, #255
 257 003c D154     		strb	r1, [r2, r3]
 218:Generated_Source\PSoC5/DVDAC_1.c ****         {
 258              		.loc 1 218 0 discriminator 3
 259 003e FB7B     		ldrb	r3, [r7, #15]	@ zero_extendqisi2
 260 0040 0133     		adds	r3, r3, #1
 261 0042 FB73     		strb	r3, [r7, #15]
 262              	.L18:
 218:Generated_Source\PSoC5/DVDAC_1.c ****         {
 263              		.loc 1 218 0 is_stmt 0 discriminator 1
 264 0044 FB7B     		ldrb	r3, [r7, #15]	@ zero_extendqisi2
 265 0046 0F2B     		cmp	r3, #15
 266 0048 F5D9     		bls	.L19
 267 004a 19E0     		b	.L15
 268              	.L17:
 221:Generated_Source\PSoC5/DVDAC_1.c ****         }
 222:Generated_Source\PSoC5/DVDAC_1.c ****     }
 223:Generated_Source\PSoC5/DVDAC_1.c ****     else
 224:Generated_Source\PSoC5/DVDAC_1.c ****     {
 225:Generated_Source\PSoC5/DVDAC_1.c ****         for(i = 0u; i < DVDAC_1_DITHERED_ARRAY_SIZE; i++)
 269              		.loc 1 225 0 is_stmt 1
 270 004c 0023     		movs	r3, #0
 271 004e FB73     		strb	r3, [r7, #15]
 272 0050 13E0     		b	.L21
 273              	.L24:
 226:Generated_Source\PSoC5/DVDAC_1.c ****         {
 227:Generated_Source\PSoC5/DVDAC_1.c ****             if(i < (DVDAC_1_DITHERED_ARRAY_SIZE - lowCount))
 274              		.loc 1 227 0
 275 0052 FA7B     		ldrb	r2, [r7, #15]	@ zero_extendqisi2
 276 0054 BB7B     		ldrb	r3, [r7, #14]	@ zero_extendqisi2
 277 0056 C3F11003 		rsb	r3, r3, #16
 278 005a 9A42     		cmp	r2, r3
 279 005c 04DA     		bge	.L22
 228:Generated_Source\PSoC5/DVDAC_1.c ****             {
 229:Generated_Source\PSoC5/DVDAC_1.c ****                 DVDAC_1_ditheredValues[i] = highCount;
 280              		.loc 1 229 0
 281 005e FB7B     		ldrb	r3, [r7, #15]	@ zero_extendqisi2
 282 0060 0949     		ldr	r1, .L25
ARM GAS  D:\Windows\AppData\Local\Temp\ccgCYUxU.s 			page 10


 283 0062 7A7B     		ldrb	r2, [r7, #13]
 284 0064 CA54     		strb	r2, [r1, r3]
 285 0066 05E0     		b	.L23
 286              	.L22:
 230:Generated_Source\PSoC5/DVDAC_1.c ****             }
 231:Generated_Source\PSoC5/DVDAC_1.c ****             else
 232:Generated_Source\PSoC5/DVDAC_1.c ****             {
 233:Generated_Source\PSoC5/DVDAC_1.c ****                 DVDAC_1_ditheredValues[i] = highCount + 1u;
 287              		.loc 1 233 0
 288 0068 FB7B     		ldrb	r3, [r7, #15]	@ zero_extendqisi2
 289 006a 7A7B     		ldrb	r2, [r7, #13]
 290 006c 0132     		adds	r2, r2, #1
 291 006e D1B2     		uxtb	r1, r2
 292 0070 054A     		ldr	r2, .L25
 293 0072 D154     		strb	r1, [r2, r3]
 294              	.L23:
 225:Generated_Source\PSoC5/DVDAC_1.c ****         {
 295              		.loc 1 225 0 discriminator 2
 296 0074 FB7B     		ldrb	r3, [r7, #15]	@ zero_extendqisi2
 297 0076 0133     		adds	r3, r3, #1
 298 0078 FB73     		strb	r3, [r7, #15]
 299              	.L21:
 225:Generated_Source\PSoC5/DVDAC_1.c ****         {
 300              		.loc 1 225 0 is_stmt 0 discriminator 1
 301 007a FB7B     		ldrb	r3, [r7, #15]	@ zero_extendqisi2
 302 007c 0F2B     		cmp	r3, #15
 303 007e E8D9     		bls	.L24
 304              	.L15:
 234:Generated_Source\PSoC5/DVDAC_1.c ****             }
 235:Generated_Source\PSoC5/DVDAC_1.c ****         }
 236:Generated_Source\PSoC5/DVDAC_1.c ****     }
 237:Generated_Source\PSoC5/DVDAC_1.c **** }
 305              		.loc 1 237 0 is_stmt 1
 306 0080 1037     		adds	r7, r7, #16
 307              		.cfi_def_cfa_offset 8
 308 0082 BD46     		mov	sp, r7
 309              		.cfi_def_cfa_register 13
 310              		@ sp needed
 311 0084 80BD     		pop	{r7, pc}
 312              	.L26:
 313 0086 00BF     		.align	2
 314              	.L25:
 315 0088 00000000 		.word	DVDAC_1_ditheredValues
 316              		.cfi_endproc
 317              	.LFE4:
 318              		.size	DVDAC_1_SetValue, .-DVDAC_1_SetValue
 319              		.section	.text.DVDAC_1_InitDma,"ax",%progbits
 320              		.align	2
 321              		.thumb
 322              		.thumb_func
 323              		.type	DVDAC_1_InitDma, %function
 324              	DVDAC_1_InitDma:
 325              	.LFB5:
 238:Generated_Source\PSoC5/DVDAC_1.c **** 
 239:Generated_Source\PSoC5/DVDAC_1.c **** 
 240:Generated_Source\PSoC5/DVDAC_1.c **** /*******************************************************************************
 241:Generated_Source\PSoC5/DVDAC_1.c **** * Function Name: DVDAC_1_InitDma
ARM GAS  D:\Windows\AppData\Local\Temp\ccgCYUxU.s 			page 11


 242:Generated_Source\PSoC5/DVDAC_1.c **** ********************************************************************************
 243:Generated_Source\PSoC5/DVDAC_1.c **** *
 244:Generated_Source\PSoC5/DVDAC_1.c **** * Summary:
 245:Generated_Source\PSoC5/DVDAC_1.c **** *  Configures a DMA transfer of channel values from memory to VDAC.
 246:Generated_Source\PSoC5/DVDAC_1.c **** *
 247:Generated_Source\PSoC5/DVDAC_1.c **** * Parameters:
 248:Generated_Source\PSoC5/DVDAC_1.c **** *  None
 249:Generated_Source\PSoC5/DVDAC_1.c **** *
 250:Generated_Source\PSoC5/DVDAC_1.c **** * Return:
 251:Generated_Source\PSoC5/DVDAC_1.c **** *  None
 252:Generated_Source\PSoC5/DVDAC_1.c **** *
 253:Generated_Source\PSoC5/DVDAC_1.c **** *******************************************************************************/
 254:Generated_Source\PSoC5/DVDAC_1.c **** static void DVDAC_1_InitDma(void)  
 255:Generated_Source\PSoC5/DVDAC_1.c **** {
 326              		.loc 1 255 0
 327              		.cfi_startproc
 328              		@ args = 0, pretend = 0, frame = 0
 329              		@ frame_needed = 1, uses_anonymous_args = 0
 330 0000 80B5     		push	{r7, lr}
 331              		.cfi_def_cfa_offset 8
 332              		.cfi_offset 7, -8
 333              		.cfi_offset 14, -4
 334 0002 00AF     		add	r7, sp, #0
 335              		.cfi_def_cfa_register 7
 256:Generated_Source\PSoC5/DVDAC_1.c ****     /***************************************************************************
 257:Generated_Source\PSoC5/DVDAC_1.c ****     * Transfers channel values from SRAM to VDAC register. One byte transfer,
 258:Generated_Source\PSoC5/DVDAC_1.c ****     * each burst requires a request.
 259:Generated_Source\PSoC5/DVDAC_1.c ****     ***************************************************************************/
 260:Generated_Source\PSoC5/DVDAC_1.c ****     DVDAC_1_dmaChan = DVDAC_1_DMA_DmaInitialize(
 336              		.loc 1 260 0
 337 0004 0120     		movs	r0, #1
 338 0006 0121     		movs	r1, #1
 339 0008 41F6FF72 		movw	r2, #8191
 340 000c 4FF48043 		mov	r3, #16384
 341 0010 FFF7FEFF 		bl	DVDAC_1_DMA_DmaInitialize
 342 0014 0346     		mov	r3, r0
 343 0016 1A46     		mov	r2, r3
 344 0018 124B     		ldr	r3, .L28
 345 001a 1A70     		strb	r2, [r3]
 261:Generated_Source\PSoC5/DVDAC_1.c ****                                     DVDAC_1_DMA_BYTES_PER_BURST,
 262:Generated_Source\PSoC5/DVDAC_1.c ****                                     DVDAC_1_DMA_REQUEST_PER_BURST,
 263:Generated_Source\PSoC5/DVDAC_1.c ****                                     HI16(DVDAC_1_DMA_SRC_BASE),
 264:Generated_Source\PSoC5/DVDAC_1.c ****                                     HI16(DVDAC_1_DMA_DST_BASE));
 265:Generated_Source\PSoC5/DVDAC_1.c **** 
 266:Generated_Source\PSoC5/DVDAC_1.c ****     DVDAC_1_dmaTd = CyDmaTdAllocate();
 346              		.loc 1 266 0
 347 001c FFF7FEFF 		bl	CyDmaTdAllocate
 348 0020 0346     		mov	r3, r0
 349 0022 1A46     		mov	r2, r3
 350 0024 104B     		ldr	r3, .L28+4
 351 0026 1A70     		strb	r2, [r3]
 267:Generated_Source\PSoC5/DVDAC_1.c **** 
 268:Generated_Source\PSoC5/DVDAC_1.c **** 
 269:Generated_Source\PSoC5/DVDAC_1.c ****     /***************************************************************************
 270:Generated_Source\PSoC5/DVDAC_1.c ****     * One TD looping on itself, increment the source address, but not the
 271:Generated_Source\PSoC5/DVDAC_1.c ****     * destination address.
 272:Generated_Source\PSoC5/DVDAC_1.c ****     ***************************************************************************/
ARM GAS  D:\Windows\AppData\Local\Temp\ccgCYUxU.s 			page 12


 273:Generated_Source\PSoC5/DVDAC_1.c ****     (void) CyDmaTdSetConfiguration( DVDAC_1_dmaTd,
 352              		.loc 1 273 0
 353 0028 0F4B     		ldr	r3, .L28+4
 354 002a 1A78     		ldrb	r2, [r3]	@ zero_extendqisi2
 355 002c 0E4B     		ldr	r3, .L28+4
 356 002e 1B78     		ldrb	r3, [r3]	@ zero_extendqisi2
 357 0030 1046     		mov	r0, r2
 358 0032 1021     		movs	r1, #16
 359 0034 1A46     		mov	r2, r3
 360 0036 0123     		movs	r3, #1
 361 0038 FFF7FEFF 		bl	CyDmaTdSetConfiguration
 274:Generated_Source\PSoC5/DVDAC_1.c ****                                     DVDAC_1_DITHERED_ARRAY_SIZE,
 275:Generated_Source\PSoC5/DVDAC_1.c ****                                     DVDAC_1_dmaTd,
 276:Generated_Source\PSoC5/DVDAC_1.c ****                                     (uint8) CY_DMA_TD_INC_SRC_ADR);
 277:Generated_Source\PSoC5/DVDAC_1.c **** 
 278:Generated_Source\PSoC5/DVDAC_1.c ****     /* Transfers the value for each channel from memory to VDAC */
 279:Generated_Source\PSoC5/DVDAC_1.c ****     (void) CyDmaTdSetAddress(   DVDAC_1_dmaTd,
 362              		.loc 1 279 0
 363 003c 0A4B     		ldr	r3, .L28+4
 364 003e 1A78     		ldrb	r2, [r3]	@ zero_extendqisi2
 365 0040 0A4B     		ldr	r3, .L28+8
 366 0042 9BB2     		uxth	r3, r3
 367 0044 1046     		mov	r0, r2
 368 0046 1946     		mov	r1, r3
 369 0048 45F68232 		movw	r2, #23426
 370 004c FFF7FEFF 		bl	CyDmaTdSetAddress
 280:Generated_Source\PSoC5/DVDAC_1.c ****                                 LO16((uint32)DVDAC_1_ditheredValues),
 281:Generated_Source\PSoC5/DVDAC_1.c ****                                 LO16((uint32)DVDAC_1_VDAC8_Data_PTR));
 282:Generated_Source\PSoC5/DVDAC_1.c **** 
 283:Generated_Source\PSoC5/DVDAC_1.c ****     (void) CyDmaChSetInitialTd(DVDAC_1_dmaChan, DVDAC_1_dmaTd);
 371              		.loc 1 283 0
 372 0050 044B     		ldr	r3, .L28
 373 0052 1A78     		ldrb	r2, [r3]	@ zero_extendqisi2
 374 0054 044B     		ldr	r3, .L28+4
 375 0056 1B78     		ldrb	r3, [r3]	@ zero_extendqisi2
 376 0058 1046     		mov	r0, r2
 377 005a 1946     		mov	r1, r3
 378 005c FFF7FEFF 		bl	CyDmaChSetInitialTd
 284:Generated_Source\PSoC5/DVDAC_1.c **** }
 379              		.loc 1 284 0
 380 0060 80BD     		pop	{r7, pc}
 381              	.L29:
 382 0062 00BF     		.align	2
 383              	.L28:
 384 0064 01000000 		.word	DVDAC_1_dmaChan
 385 0068 10000000 		.word	DVDAC_1_dmaTd
 386 006c 00000000 		.word	DVDAC_1_ditheredValues
 387              		.cfi_endproc
 388              	.LFE5:
 389              		.size	DVDAC_1_InitDma, .-DVDAC_1_InitDma
 390              		.text
 391              	.Letext0:
 392              		.file 2 "Generated_Source\\PSoC5\\cytypes.h"
 393              		.section	.debug_info,"",%progbits
 394              	.Ldebug_info0:
 395 0000 AE010000 		.4byte	0x1ae
 396 0004 0400     		.2byte	0x4
ARM GAS  D:\Windows\AppData\Local\Temp\ccgCYUxU.s 			page 13


 397 0006 00000000 		.4byte	.Ldebug_abbrev0
 398 000a 04       		.byte	0x4
 399 000b 01       		.uleb128 0x1
 400 000c D4000000 		.4byte	.LASF26
 401 0010 01       		.byte	0x1
 402 0011 21020000 		.4byte	.LASF27
 403 0015 0D000000 		.4byte	.LASF28
 404 0019 00000000 		.4byte	.Ldebug_ranges0+0
 405 001d 00000000 		.4byte	0
 406 0021 00000000 		.4byte	.Ldebug_line0
 407 0025 02       		.uleb128 0x2
 408 0026 01       		.byte	0x1
 409 0027 06       		.byte	0x6
 410 0028 4B020000 		.4byte	.LASF0
 411 002c 02       		.uleb128 0x2
 412 002d 01       		.byte	0x1
 413 002e 08       		.byte	0x8
 414 002f C6000000 		.4byte	.LASF1
 415 0033 02       		.uleb128 0x2
 416 0034 02       		.byte	0x2
 417 0035 05       		.byte	0x5
 418 0036 17020000 		.4byte	.LASF2
 419 003a 02       		.uleb128 0x2
 420 003b 02       		.byte	0x2
 421 003c 07       		.byte	0x7
 422 003d 66000000 		.4byte	.LASF3
 423 0041 02       		.uleb128 0x2
 424 0042 04       		.byte	0x4
 425 0043 05       		.byte	0x5
 426 0044 42020000 		.4byte	.LASF4
 427 0048 02       		.uleb128 0x2
 428 0049 04       		.byte	0x4
 429 004a 07       		.byte	0x7
 430 004b 96010000 		.4byte	.LASF5
 431 004f 02       		.uleb128 0x2
 432 0050 08       		.byte	0x8
 433 0051 05       		.byte	0x5
 434 0052 DF010000 		.4byte	.LASF6
 435 0056 02       		.uleb128 0x2
 436 0057 08       		.byte	0x8
 437 0058 07       		.byte	0x7
 438 0059 BF010000 		.4byte	.LASF7
 439 005d 03       		.uleb128 0x3
 440 005e 04       		.byte	0x4
 441 005f 05       		.byte	0x5
 442 0060 696E7400 		.ascii	"int\000"
 443 0064 02       		.uleb128 0x2
 444 0065 04       		.byte	0x4
 445 0066 07       		.byte	0x7
 446 0067 A8010000 		.4byte	.LASF8
 447 006b 04       		.uleb128 0x4
 448 006c C0000000 		.4byte	.LASF9
 449 0070 02       		.byte	0x2
 450 0071 9201     		.2byte	0x192
 451 0073 2C000000 		.4byte	0x2c
 452 0077 04       		.uleb128 0x4
 453 0078 77010000 		.4byte	.LASF10
ARM GAS  D:\Windows\AppData\Local\Temp\ccgCYUxU.s 			page 14


 454 007c 02       		.byte	0x2
 455 007d 9301     		.2byte	0x193
 456 007f 3A000000 		.4byte	0x3a
 457 0083 04       		.uleb128 0x4
 458 0084 7E010000 		.4byte	.LASF11
 459 0088 02       		.byte	0x2
 460 0089 9401     		.2byte	0x194
 461 008b 48000000 		.4byte	0x48
 462 008f 02       		.uleb128 0x2
 463 0090 04       		.byte	0x4
 464 0091 04       		.byte	0x4
 465 0092 89000000 		.4byte	.LASF12
 466 0096 02       		.uleb128 0x2
 467 0097 08       		.byte	0x8
 468 0098 04       		.byte	0x4
 469 0099 62010000 		.4byte	.LASF13
 470 009d 02       		.uleb128 0x2
 471 009e 01       		.byte	0x1
 472 009f 08       		.byte	0x8
 473 00a0 ED010000 		.4byte	.LASF14
 474 00a4 04       		.uleb128 0x4
 475 00a5 AE000000 		.4byte	.LASF15
 476 00a9 02       		.byte	0x2
 477 00aa 3C02     		.2byte	0x23c
 478 00ac B0000000 		.4byte	0xb0
 479 00b0 05       		.uleb128 0x5
 480 00b1 6B000000 		.4byte	0x6b
 481 00b5 02       		.uleb128 0x2
 482 00b6 04       		.byte	0x4
 483 00b7 07       		.byte	0x7
 484 00b8 D6010000 		.4byte	.LASF16
 485 00bc 06       		.uleb128 0x6
 486 00bd 00000000 		.4byte	.LASF17
 487 00c1 01       		.byte	0x1
 488 00c2 3D       		.byte	0x3d
 489 00c3 00000000 		.4byte	.LFB0
 490 00c7 1C000000 		.4byte	.LFE0-.LFB0
 491 00cb 01       		.uleb128 0x1
 492 00cc 9C       		.byte	0x9c
 493 00cd 06       		.uleb128 0x6
 494 00ce 8F000000 		.4byte	.LASF18
 495 00d2 01       		.byte	0x1
 496 00d3 5B       		.byte	0x5b
 497 00d4 00000000 		.4byte	.LFB1
 498 00d8 20000000 		.4byte	.LFE1-.LFB1
 499 00dc 01       		.uleb128 0x1
 500 00dd 9C       		.byte	0x9c
 501 00de 06       		.uleb128 0x6
 502 00df 09020000 		.4byte	.LASF19
 503 00e3 01       		.byte	0x1
 504 00e4 86       		.byte	0x86
 505 00e5 00000000 		.4byte	.LFB2
 506 00e9 20000000 		.4byte	.LFE2-.LFB2
 507 00ed 01       		.uleb128 0x1
 508 00ee 9C       		.byte	0x9c
 509 00ef 06       		.uleb128 0x6
 510 00f0 B3000000 		.4byte	.LASF20
ARM GAS  D:\Windows\AppData\Local\Temp\ccgCYUxU.s 			page 15


 511 00f4 01       		.byte	0x1
 512 00f5 A4       		.byte	0xa4
 513 00f6 00000000 		.4byte	.LFB3
 514 00fa 1C000000 		.4byte	.LFE3-.LFB3
 515 00fe 01       		.uleb128 0x1
 516 00ff 9C       		.byte	0x9c
 517 0100 07       		.uleb128 0x7
 518 0101 85010000 		.4byte	.LASF29
 519 0105 01       		.byte	0x1
 520 0106 CF       		.byte	0xcf
 521 0107 00000000 		.4byte	.LFB4
 522 010b 8C000000 		.4byte	.LFE4-.LFB4
 523 010f 01       		.uleb128 0x1
 524 0110 9C       		.byte	0x9c
 525 0111 4C010000 		.4byte	0x14c
 526 0115 08       		.uleb128 0x8
 527 0116 50000000 		.4byte	.LASF30
 528 011a 01       		.byte	0x1
 529 011b CF       		.byte	0xcf
 530 011c 77000000 		.4byte	0x77
 531 0120 02       		.uleb128 0x2
 532 0121 91       		.byte	0x91
 533 0122 6E       		.sleb128 -18
 534 0123 09       		.uleb128 0x9
 535 0124 57020000 		.4byte	.LASF21
 536 0128 01       		.byte	0x1
 537 0129 D1       		.byte	0xd1
 538 012a 6B000000 		.4byte	0x6b
 539 012e 02       		.uleb128 0x2
 540 012f 91       		.byte	0x91
 541 0130 76       		.sleb128 -10
 542 0131 09       		.uleb128 0x9
 543 0132 B5010000 		.4byte	.LASF22
 544 0136 01       		.byte	0x1
 545 0137 D2       		.byte	0xd2
 546 0138 6B000000 		.4byte	0x6b
 547 013c 02       		.uleb128 0x2
 548 013d 91       		.byte	0x91
 549 013e 75       		.sleb128 -11
 550 013f 0A       		.uleb128 0xa
 551 0140 6900     		.ascii	"i\000"
 552 0142 01       		.byte	0x1
 553 0143 D3       		.byte	0xd3
 554 0144 6B000000 		.4byte	0x6b
 555 0148 02       		.uleb128 0x2
 556 0149 91       		.byte	0x91
 557 014a 77       		.sleb128 -9
 558 014b 00       		.byte	0
 559 014c 0B       		.uleb128 0xb
 560 014d 9E000000 		.4byte	.LASF31
 561 0151 01       		.byte	0x1
 562 0152 FE       		.byte	0xfe
 563 0153 00000000 		.4byte	.LFB5
 564 0157 70000000 		.4byte	.LFE5-.LFB5
 565 015b 01       		.uleb128 0x1
 566 015c 9C       		.byte	0x9c
 567 015d 0C       		.uleb128 0xc
ARM GAS  D:\Windows\AppData\Local\Temp\ccgCYUxU.s 			page 16


 568 015e 6B000000 		.4byte	0x6b
 569 0162 6D010000 		.4byte	0x16d
 570 0166 0D       		.uleb128 0xd
 571 0167 B5000000 		.4byte	0xb5
 572 016b 0F       		.byte	0xf
 573 016c 00       		.byte	0
 574 016d 09       		.uleb128 0x9
 575 016e F2010000 		.4byte	.LASF23
 576 0172 01       		.byte	0x1
 577 0173 19       		.byte	0x19
 578 0174 5D010000 		.4byte	0x15d
 579 0178 05       		.uleb128 0x5
 580 0179 03       		.byte	0x3
 581 017a 00000000 		.4byte	DVDAC_1_ditheredValues
 582 017e 09       		.uleb128 0x9
 583 017f 79000000 		.4byte	.LASF24
 584 0183 01       		.byte	0x1
 585 0184 1F       		.byte	0x1f
 586 0185 6B000000 		.4byte	0x6b
 587 0189 05       		.uleb128 0x5
 588 018a 03       		.byte	0x3
 589 018b 01000000 		.4byte	DVDAC_1_dmaChan
 590 018f 09       		.uleb128 0x9
 591 0190 69010000 		.4byte	.LASF25
 592 0194 01       		.byte	0x1
 593 0195 20       		.byte	0x20
 594 0196 6B000000 		.4byte	0x6b
 595 019a 05       		.uleb128 0x5
 596 019b 03       		.byte	0x3
 597 019c 10000000 		.4byte	DVDAC_1_dmaTd
 598 01a0 0E       		.uleb128 0xe
 599 01a1 56000000 		.4byte	.LASF32
 600 01a5 01       		.byte	0x1
 601 01a6 1D       		.byte	0x1d
 602 01a7 6B000000 		.4byte	0x6b
 603 01ab 05       		.uleb128 0x5
 604 01ac 03       		.byte	0x3
 605 01ad 00000000 		.4byte	DVDAC_1_initVar
 606 01b1 00       		.byte	0
 607              		.section	.debug_abbrev,"",%progbits
 608              	.Ldebug_abbrev0:
 609 0000 01       		.uleb128 0x1
 610 0001 11       		.uleb128 0x11
 611 0002 01       		.byte	0x1
 612 0003 25       		.uleb128 0x25
 613 0004 0E       		.uleb128 0xe
 614 0005 13       		.uleb128 0x13
 615 0006 0B       		.uleb128 0xb
 616 0007 03       		.uleb128 0x3
 617 0008 0E       		.uleb128 0xe
 618 0009 1B       		.uleb128 0x1b
 619 000a 0E       		.uleb128 0xe
 620 000b 55       		.uleb128 0x55
 621 000c 17       		.uleb128 0x17
 622 000d 11       		.uleb128 0x11
 623 000e 01       		.uleb128 0x1
 624 000f 10       		.uleb128 0x10
ARM GAS  D:\Windows\AppData\Local\Temp\ccgCYUxU.s 			page 17


 625 0010 17       		.uleb128 0x17
 626 0011 00       		.byte	0
 627 0012 00       		.byte	0
 628 0013 02       		.uleb128 0x2
 629 0014 24       		.uleb128 0x24
 630 0015 00       		.byte	0
 631 0016 0B       		.uleb128 0xb
 632 0017 0B       		.uleb128 0xb
 633 0018 3E       		.uleb128 0x3e
 634 0019 0B       		.uleb128 0xb
 635 001a 03       		.uleb128 0x3
 636 001b 0E       		.uleb128 0xe
 637 001c 00       		.byte	0
 638 001d 00       		.byte	0
 639 001e 03       		.uleb128 0x3
 640 001f 24       		.uleb128 0x24
 641 0020 00       		.byte	0
 642 0021 0B       		.uleb128 0xb
 643 0022 0B       		.uleb128 0xb
 644 0023 3E       		.uleb128 0x3e
 645 0024 0B       		.uleb128 0xb
 646 0025 03       		.uleb128 0x3
 647 0026 08       		.uleb128 0x8
 648 0027 00       		.byte	0
 649 0028 00       		.byte	0
 650 0029 04       		.uleb128 0x4
 651 002a 16       		.uleb128 0x16
 652 002b 00       		.byte	0
 653 002c 03       		.uleb128 0x3
 654 002d 0E       		.uleb128 0xe
 655 002e 3A       		.uleb128 0x3a
 656 002f 0B       		.uleb128 0xb
 657 0030 3B       		.uleb128 0x3b
 658 0031 05       		.uleb128 0x5
 659 0032 49       		.uleb128 0x49
 660 0033 13       		.uleb128 0x13
 661 0034 00       		.byte	0
 662 0035 00       		.byte	0
 663 0036 05       		.uleb128 0x5
 664 0037 35       		.uleb128 0x35
 665 0038 00       		.byte	0
 666 0039 49       		.uleb128 0x49
 667 003a 13       		.uleb128 0x13
 668 003b 00       		.byte	0
 669 003c 00       		.byte	0
 670 003d 06       		.uleb128 0x6
 671 003e 2E       		.uleb128 0x2e
 672 003f 00       		.byte	0
 673 0040 3F       		.uleb128 0x3f
 674 0041 19       		.uleb128 0x19
 675 0042 03       		.uleb128 0x3
 676 0043 0E       		.uleb128 0xe
 677 0044 3A       		.uleb128 0x3a
 678 0045 0B       		.uleb128 0xb
 679 0046 3B       		.uleb128 0x3b
 680 0047 0B       		.uleb128 0xb
 681 0048 27       		.uleb128 0x27
ARM GAS  D:\Windows\AppData\Local\Temp\ccgCYUxU.s 			page 18


 682 0049 19       		.uleb128 0x19
 683 004a 11       		.uleb128 0x11
 684 004b 01       		.uleb128 0x1
 685 004c 12       		.uleb128 0x12
 686 004d 06       		.uleb128 0x6
 687 004e 40       		.uleb128 0x40
 688 004f 18       		.uleb128 0x18
 689 0050 9642     		.uleb128 0x2116
 690 0052 19       		.uleb128 0x19
 691 0053 00       		.byte	0
 692 0054 00       		.byte	0
 693 0055 07       		.uleb128 0x7
 694 0056 2E       		.uleb128 0x2e
 695 0057 01       		.byte	0x1
 696 0058 3F       		.uleb128 0x3f
 697 0059 19       		.uleb128 0x19
 698 005a 03       		.uleb128 0x3
 699 005b 0E       		.uleb128 0xe
 700 005c 3A       		.uleb128 0x3a
 701 005d 0B       		.uleb128 0xb
 702 005e 3B       		.uleb128 0x3b
 703 005f 0B       		.uleb128 0xb
 704 0060 27       		.uleb128 0x27
 705 0061 19       		.uleb128 0x19
 706 0062 11       		.uleb128 0x11
 707 0063 01       		.uleb128 0x1
 708 0064 12       		.uleb128 0x12
 709 0065 06       		.uleb128 0x6
 710 0066 40       		.uleb128 0x40
 711 0067 18       		.uleb128 0x18
 712 0068 9642     		.uleb128 0x2116
 713 006a 19       		.uleb128 0x19
 714 006b 01       		.uleb128 0x1
 715 006c 13       		.uleb128 0x13
 716 006d 00       		.byte	0
 717 006e 00       		.byte	0
 718 006f 08       		.uleb128 0x8
 719 0070 05       		.uleb128 0x5
 720 0071 00       		.byte	0
 721 0072 03       		.uleb128 0x3
 722 0073 0E       		.uleb128 0xe
 723 0074 3A       		.uleb128 0x3a
 724 0075 0B       		.uleb128 0xb
 725 0076 3B       		.uleb128 0x3b
 726 0077 0B       		.uleb128 0xb
 727 0078 49       		.uleb128 0x49
 728 0079 13       		.uleb128 0x13
 729 007a 02       		.uleb128 0x2
 730 007b 18       		.uleb128 0x18
 731 007c 00       		.byte	0
 732 007d 00       		.byte	0
 733 007e 09       		.uleb128 0x9
 734 007f 34       		.uleb128 0x34
 735 0080 00       		.byte	0
 736 0081 03       		.uleb128 0x3
 737 0082 0E       		.uleb128 0xe
 738 0083 3A       		.uleb128 0x3a
ARM GAS  D:\Windows\AppData\Local\Temp\ccgCYUxU.s 			page 19


 739 0084 0B       		.uleb128 0xb
 740 0085 3B       		.uleb128 0x3b
 741 0086 0B       		.uleb128 0xb
 742 0087 49       		.uleb128 0x49
 743 0088 13       		.uleb128 0x13
 744 0089 02       		.uleb128 0x2
 745 008a 18       		.uleb128 0x18
 746 008b 00       		.byte	0
 747 008c 00       		.byte	0
 748 008d 0A       		.uleb128 0xa
 749 008e 34       		.uleb128 0x34
 750 008f 00       		.byte	0
 751 0090 03       		.uleb128 0x3
 752 0091 08       		.uleb128 0x8
 753 0092 3A       		.uleb128 0x3a
 754 0093 0B       		.uleb128 0xb
 755 0094 3B       		.uleb128 0x3b
 756 0095 0B       		.uleb128 0xb
 757 0096 49       		.uleb128 0x49
 758 0097 13       		.uleb128 0x13
 759 0098 02       		.uleb128 0x2
 760 0099 18       		.uleb128 0x18
 761 009a 00       		.byte	0
 762 009b 00       		.byte	0
 763 009c 0B       		.uleb128 0xb
 764 009d 2E       		.uleb128 0x2e
 765 009e 00       		.byte	0
 766 009f 03       		.uleb128 0x3
 767 00a0 0E       		.uleb128 0xe
 768 00a1 3A       		.uleb128 0x3a
 769 00a2 0B       		.uleb128 0xb
 770 00a3 3B       		.uleb128 0x3b
 771 00a4 0B       		.uleb128 0xb
 772 00a5 27       		.uleb128 0x27
 773 00a6 19       		.uleb128 0x19
 774 00a7 11       		.uleb128 0x11
 775 00a8 01       		.uleb128 0x1
 776 00a9 12       		.uleb128 0x12
 777 00aa 06       		.uleb128 0x6
 778 00ab 40       		.uleb128 0x40
 779 00ac 18       		.uleb128 0x18
 780 00ad 9642     		.uleb128 0x2116
 781 00af 19       		.uleb128 0x19
 782 00b0 00       		.byte	0
 783 00b1 00       		.byte	0
 784 00b2 0C       		.uleb128 0xc
 785 00b3 01       		.uleb128 0x1
 786 00b4 01       		.byte	0x1
 787 00b5 49       		.uleb128 0x49
 788 00b6 13       		.uleb128 0x13
 789 00b7 01       		.uleb128 0x1
 790 00b8 13       		.uleb128 0x13
 791 00b9 00       		.byte	0
 792 00ba 00       		.byte	0
 793 00bb 0D       		.uleb128 0xd
 794 00bc 21       		.uleb128 0x21
 795 00bd 00       		.byte	0
ARM GAS  D:\Windows\AppData\Local\Temp\ccgCYUxU.s 			page 20


 796 00be 49       		.uleb128 0x49
 797 00bf 13       		.uleb128 0x13
 798 00c0 2F       		.uleb128 0x2f
 799 00c1 0B       		.uleb128 0xb
 800 00c2 00       		.byte	0
 801 00c3 00       		.byte	0
 802 00c4 0E       		.uleb128 0xe
 803 00c5 34       		.uleb128 0x34
 804 00c6 00       		.byte	0
 805 00c7 03       		.uleb128 0x3
 806 00c8 0E       		.uleb128 0xe
 807 00c9 3A       		.uleb128 0x3a
 808 00ca 0B       		.uleb128 0xb
 809 00cb 3B       		.uleb128 0x3b
 810 00cc 0B       		.uleb128 0xb
 811 00cd 49       		.uleb128 0x49
 812 00ce 13       		.uleb128 0x13
 813 00cf 3F       		.uleb128 0x3f
 814 00d0 19       		.uleb128 0x19
 815 00d1 02       		.uleb128 0x2
 816 00d2 18       		.uleb128 0x18
 817 00d3 00       		.byte	0
 818 00d4 00       		.byte	0
 819 00d5 00       		.byte	0
 820              		.section	.debug_aranges,"",%progbits
 821 0000 44000000 		.4byte	0x44
 822 0004 0200     		.2byte	0x2
 823 0006 00000000 		.4byte	.Ldebug_info0
 824 000a 04       		.byte	0x4
 825 000b 00       		.byte	0
 826 000c 0000     		.2byte	0
 827 000e 0000     		.2byte	0
 828 0010 00000000 		.4byte	.LFB0
 829 0014 1C000000 		.4byte	.LFE0-.LFB0
 830 0018 00000000 		.4byte	.LFB1
 831 001c 20000000 		.4byte	.LFE1-.LFB1
 832 0020 00000000 		.4byte	.LFB2
 833 0024 20000000 		.4byte	.LFE2-.LFB2
 834 0028 00000000 		.4byte	.LFB3
 835 002c 1C000000 		.4byte	.LFE3-.LFB3
 836 0030 00000000 		.4byte	.LFB4
 837 0034 8C000000 		.4byte	.LFE4-.LFB4
 838 0038 00000000 		.4byte	.LFB5
 839 003c 70000000 		.4byte	.LFE5-.LFB5
 840 0040 00000000 		.4byte	0
 841 0044 00000000 		.4byte	0
 842              		.section	.debug_ranges,"",%progbits
 843              	.Ldebug_ranges0:
 844 0000 00000000 		.4byte	.LFB0
 845 0004 1C000000 		.4byte	.LFE0
 846 0008 00000000 		.4byte	.LFB1
 847 000c 20000000 		.4byte	.LFE1
 848 0010 00000000 		.4byte	.LFB2
 849 0014 20000000 		.4byte	.LFE2
 850 0018 00000000 		.4byte	.LFB3
 851 001c 1C000000 		.4byte	.LFE3
 852 0020 00000000 		.4byte	.LFB4
ARM GAS  D:\Windows\AppData\Local\Temp\ccgCYUxU.s 			page 21


 853 0024 8C000000 		.4byte	.LFE4
 854 0028 00000000 		.4byte	.LFB5
 855 002c 70000000 		.4byte	.LFE5
 856 0030 00000000 		.4byte	0
 857 0034 00000000 		.4byte	0
 858              		.section	.debug_line,"",%progbits
 859              	.Ldebug_line0:
 860 0000 F2000000 		.section	.debug_str,"MS",%progbits,1
 860      02004400 
 860      00000201 
 860      FB0E0D00 
 860      01010101 
 861              	.LASF17:
 862 0000 44564441 		.ascii	"DVDAC_1_Init\000"
 862      435F315F 
 862      496E6974 
 862      00
 863              	.LASF28:
 864 000d 443A5C44 		.ascii	"D:\\Downloads\\FRUCD\\Node-Capybara\\Node-Capybara\\"
 864      6F776E6C 
 864      6F616473 
 864      5C465255 
 864      43445C4E 
 865 003c 4E6F6465 		.ascii	"Node-Capybara.cydsn\000"
 865      2D436170 
 865      79626172 
 865      612E6379 
 865      64736E00 
 866              	.LASF30:
 867 0050 76616C75 		.ascii	"value\000"
 867      6500
 868              	.LASF32:
 869 0056 44564441 		.ascii	"DVDAC_1_initVar\000"
 869      435F315F 
 869      696E6974 
 869      56617200 
 870              	.LASF3:
 871 0066 73686F72 		.ascii	"short unsigned int\000"
 871      7420756E 
 871      7369676E 
 871      65642069 
 871      6E7400
 872              	.LASF24:
 873 0079 44564441 		.ascii	"DVDAC_1_dmaChan\000"
 873      435F315F 
 873      646D6143 
 873      68616E00 
 874              	.LASF12:
 875 0089 666C6F61 		.ascii	"float\000"
 875      7400
 876              	.LASF18:
 877 008f 44564441 		.ascii	"DVDAC_1_Enable\000"
 877      435F315F 
 877      456E6162 
 877      6C6500
 878              	.LASF31:
 879 009e 44564441 		.ascii	"DVDAC_1_InitDma\000"
ARM GAS  D:\Windows\AppData\Local\Temp\ccgCYUxU.s 			page 22


 879      435F315F 
 879      496E6974 
 879      446D6100 
 880              	.LASF15:
 881 00ae 72656738 		.ascii	"reg8\000"
 881      00
 882              	.LASF20:
 883 00b3 44564441 		.ascii	"DVDAC_1_Stop\000"
 883      435F315F 
 883      53746F70 
 883      00
 884              	.LASF9:
 885 00c0 75696E74 		.ascii	"uint8\000"
 885      3800
 886              	.LASF1:
 887 00c6 756E7369 		.ascii	"unsigned char\000"
 887      676E6564 
 887      20636861 
 887      7200
 888              	.LASF26:
 889 00d4 474E5520 		.ascii	"GNU C 4.9.3 20150303 (release) [ARM/embedded-4_9-br"
 889      4320342E 
 889      392E3320 
 889      32303135 
 889      30333033 
 890 0107 616E6368 		.ascii	"anch revision 221220] -mcpu=cortex-m3 -mthumb -g -O"
 890      20726576 
 890      6973696F 
 890      6E203232 
 890      31323230 
 891 013a 30202D66 		.ascii	"0 -ffunction-sections -ffat-lto-objects\000"
 891      66756E63 
 891      74696F6E 
 891      2D736563 
 891      74696F6E 
 892              	.LASF13:
 893 0162 646F7562 		.ascii	"double\000"
 893      6C6500
 894              	.LASF25:
 895 0169 44564441 		.ascii	"DVDAC_1_dmaTd\000"
 895      435F315F 
 895      646D6154 
 895      6400
 896              	.LASF10:
 897 0177 75696E74 		.ascii	"uint16\000"
 897      313600
 898              	.LASF11:
 899 017e 75696E74 		.ascii	"uint32\000"
 899      333200
 900              	.LASF29:
 901 0185 44564441 		.ascii	"DVDAC_1_SetValue\000"
 901      435F315F 
 901      53657456 
 901      616C7565 
 901      00
 902              	.LASF5:
 903 0196 6C6F6E67 		.ascii	"long unsigned int\000"
ARM GAS  D:\Windows\AppData\Local\Temp\ccgCYUxU.s 			page 23


 903      20756E73 
 903      69676E65 
 903      6420696E 
 903      7400
 904              	.LASF8:
 905 01a8 756E7369 		.ascii	"unsigned int\000"
 905      676E6564 
 905      20696E74 
 905      00
 906              	.LASF22:
 907 01b5 68696768 		.ascii	"highCount\000"
 907      436F756E 
 907      7400
 908              	.LASF7:
 909 01bf 6C6F6E67 		.ascii	"long long unsigned int\000"
 909      206C6F6E 
 909      6720756E 
 909      7369676E 
 909      65642069 
 910              	.LASF16:
 911 01d6 73697A65 		.ascii	"sizetype\000"
 911      74797065 
 911      00
 912              	.LASF6:
 913 01df 6C6F6E67 		.ascii	"long long int\000"
 913      206C6F6E 
 913      6720696E 
 913      7400
 914              	.LASF14:
 915 01ed 63686172 		.ascii	"char\000"
 915      00
 916              	.LASF23:
 917 01f2 44564441 		.ascii	"DVDAC_1_ditheredValues\000"
 917      435F315F 
 917      64697468 
 917      65726564 
 917      56616C75 
 918              	.LASF19:
 919 0209 44564441 		.ascii	"DVDAC_1_Start\000"
 919      435F315F 
 919      53746172 
 919      7400
 920              	.LASF2:
 921 0217 73686F72 		.ascii	"short int\000"
 921      7420696E 
 921      7400
 922              	.LASF27:
 923 0221 47656E65 		.ascii	"Generated_Source\\PSoC5\\DVDAC_1.c\000"
 923      72617465 
 923      645F536F 
 923      75726365 
 923      5C50536F 
 924              	.LASF4:
 925 0242 6C6F6E67 		.ascii	"long int\000"
 925      20696E74 
 925      00
 926              	.LASF0:
ARM GAS  D:\Windows\AppData\Local\Temp\ccgCYUxU.s 			page 24


 927 024b 7369676E 		.ascii	"signed char\000"
 927      65642063 
 927      68617200 
 928              	.LASF21:
 929 0257 6C6F7743 		.ascii	"lowCount\000"
 929      6F756E74 
 929      00
 930              		.ident	"GCC: (GNU Tools for ARM Embedded Processors) 4.9.3 20150303 (release) [ARM/embedded-4_9-br
