ARM GAS  D:\Windows\AppData\Local\Temp\ccu49Alk.s 			page 1


   1              		.syntax unified
   2              		.cpu cortex-m3
   3              		.fpu softvfp
   4              		.eabi_attribute 20, 1
   5              		.eabi_attribute 21, 1
   6              		.eabi_attribute 23, 3
   7              		.eabi_attribute 24, 1
   8              		.eabi_attribute 25, 1
   9              		.eabi_attribute 26, 1
  10              		.eabi_attribute 30, 6
  11              		.eabi_attribute 34, 1
  12              		.eabi_attribute 18, 4
  13              		.thumb
  14              		.file	"PGA_2.c"
  15              		.text
  16              	.Ltext0:
  17              		.cfi_sections	.debug_frame
  18              		.global	PGA_2_initVar
  19              		.bss
  20              		.type	PGA_2_initVar, %object
  21              		.size	PGA_2_initVar, 1
  22              	PGA_2_initVar:
  23 0000 00       		.space	1
  24              		.section	.text.PGA_2_Init,"ax",%progbits
  25              		.align	2
  26              		.global	PGA_2_Init
  27              		.thumb
  28              		.thumb_func
  29              		.type	PGA_2_Init, %function
  30              	PGA_2_Init:
  31              	.LFB0:
  32              		.file 1 "Generated_Source\\PSoC5\\PGA_2.c"
   1:Generated_Source\PSoC5/PGA_2.c **** /*******************************************************************************
   2:Generated_Source\PSoC5/PGA_2.c **** * File Name: PGA_2.c  
   3:Generated_Source\PSoC5/PGA_2.c **** * Version 2.0
   4:Generated_Source\PSoC5/PGA_2.c **** *
   5:Generated_Source\PSoC5/PGA_2.c **** * Description:
   6:Generated_Source\PSoC5/PGA_2.c **** *  This file provides the source code to the API for the PGA 
   7:Generated_Source\PSoC5/PGA_2.c **** *  User Module.
   8:Generated_Source\PSoC5/PGA_2.c **** *
   9:Generated_Source\PSoC5/PGA_2.c **** * Note:
  10:Generated_Source\PSoC5/PGA_2.c **** *
  11:Generated_Source\PSoC5/PGA_2.c **** ********************************************************************************
  12:Generated_Source\PSoC5/PGA_2.c **** * Copyright 2008-2012, Cypress Semiconductor Corporation.  All rights reserved.
  13:Generated_Source\PSoC5/PGA_2.c **** * You may use this file only in accordance with the license, terms, conditions, 
  14:Generated_Source\PSoC5/PGA_2.c **** * disclaimers, and limitations in the end user license agreement accompanying 
  15:Generated_Source\PSoC5/PGA_2.c **** * the software package with which this file was provided.
  16:Generated_Source\PSoC5/PGA_2.c **** *******************************************************************************/
  17:Generated_Source\PSoC5/PGA_2.c **** 
  18:Generated_Source\PSoC5/PGA_2.c **** #include "PGA_2.h"
  19:Generated_Source\PSoC5/PGA_2.c **** 
  20:Generated_Source\PSoC5/PGA_2.c **** #if (!CY_PSOC5A)
  21:Generated_Source\PSoC5/PGA_2.c ****     #if (CYDEV_VARIABLE_VDDA == 1u)
  22:Generated_Source\PSoC5/PGA_2.c ****         #include "CyScBoostClk.h"
  23:Generated_Source\PSoC5/PGA_2.c ****     #endif /* (CYDEV_VARIABLE_VDDA == 1u) */
  24:Generated_Source\PSoC5/PGA_2.c **** #endif /* (!CY_PSOC5A) */
  25:Generated_Source\PSoC5/PGA_2.c **** 
ARM GAS  D:\Windows\AppData\Local\Temp\ccu49Alk.s 			page 2


  26:Generated_Source\PSoC5/PGA_2.c **** #if (CY_PSOC5A)
  27:Generated_Source\PSoC5/PGA_2.c ****     static PGA_2_BACKUP_STRUCT  PGA_2_P5backup;
  28:Generated_Source\PSoC5/PGA_2.c **** #endif /* (CY_ PSOC5A) */
  29:Generated_Source\PSoC5/PGA_2.c **** 
  30:Generated_Source\PSoC5/PGA_2.c **** uint8 PGA_2_initVar = 0u;
  31:Generated_Source\PSoC5/PGA_2.c **** 
  32:Generated_Source\PSoC5/PGA_2.c **** 
  33:Generated_Source\PSoC5/PGA_2.c **** /*******************************************************************************   
  34:Generated_Source\PSoC5/PGA_2.c **** * Function Name: PGA_2_Init
  35:Generated_Source\PSoC5/PGA_2.c **** ********************************************************************************
  36:Generated_Source\PSoC5/PGA_2.c **** *
  37:Generated_Source\PSoC5/PGA_2.c **** * Summary:
  38:Generated_Source\PSoC5/PGA_2.c **** *  Initialize component's parameters to the parameters set by user in the 
  39:Generated_Source\PSoC5/PGA_2.c **** *  customizer of the component placed onto schematic. Usually called in 
  40:Generated_Source\PSoC5/PGA_2.c **** *  PGA_2_Start().
  41:Generated_Source\PSoC5/PGA_2.c **** *
  42:Generated_Source\PSoC5/PGA_2.c **** * Parameters:
  43:Generated_Source\PSoC5/PGA_2.c **** *  void
  44:Generated_Source\PSoC5/PGA_2.c **** *
  45:Generated_Source\PSoC5/PGA_2.c **** * Return:
  46:Generated_Source\PSoC5/PGA_2.c **** *  void
  47:Generated_Source\PSoC5/PGA_2.c **** *
  48:Generated_Source\PSoC5/PGA_2.c **** *******************************************************************************/
  49:Generated_Source\PSoC5/PGA_2.c **** void PGA_2_Init(void) 
  50:Generated_Source\PSoC5/PGA_2.c **** {
  33              		.loc 1 50 0
  34              		.cfi_startproc
  35              		@ args = 0, pretend = 0, frame = 0
  36              		@ frame_needed = 1, uses_anonymous_args = 0
  37 0000 80B5     		push	{r7, lr}
  38              		.cfi_def_cfa_offset 8
  39              		.cfi_offset 7, -8
  40              		.cfi_offset 14, -4
  41 0002 00AF     		add	r7, sp, #0
  42              		.cfi_def_cfa_register 7
  51:Generated_Source\PSoC5/PGA_2.c ****     /* Set PGA mode */
  52:Generated_Source\PSoC5/PGA_2.c ****     PGA_2_CR0_REG = PGA_2_MODE_PGA;      
  43              		.loc 1 52 0
  44 0004 0A4B     		ldr	r3, .L2
  45 0006 0C22     		movs	r2, #12
  46 0008 1A70     		strb	r2, [r3]
  53:Generated_Source\PSoC5/PGA_2.c ****     /* Set non-inverting PGA mode and reference mode */
  54:Generated_Source\PSoC5/PGA_2.c ****     PGA_2_CR1_REG |= PGA_2_PGA_NINV;  
  47              		.loc 1 54 0
  48 000a 0A4A     		ldr	r2, .L2+4
  49 000c 094B     		ldr	r3, .L2+4
  50 000e 1B78     		ldrb	r3, [r3]
  51 0010 DBB2     		uxtb	r3, r3
  52 0012 43F02003 		orr	r3, r3, #32
  53 0016 DBB2     		uxtb	r3, r3
  54 0018 1370     		strb	r3, [r2]
  55:Generated_Source\PSoC5/PGA_2.c ****     /* Set default gain and ref mode */
  56:Generated_Source\PSoC5/PGA_2.c ****     PGA_2_CR2_REG = PGA_2_VREF_MODE;
  55              		.loc 1 56 0
  56 001a 074B     		ldr	r3, .L2+8
  57 001c 8022     		movs	r2, #128
  58 001e 1A70     		strb	r2, [r3]
ARM GAS  D:\Windows\AppData\Local\Temp\ccu49Alk.s 			page 3


  57:Generated_Source\PSoC5/PGA_2.c ****     /* Set gain and compensation */
  58:Generated_Source\PSoC5/PGA_2.c ****     PGA_2_SetGain(PGA_2_DEFAULT_GAIN);
  59              		.loc 1 58 0
  60 0020 0220     		movs	r0, #2
  61 0022 FFF7FEFF 		bl	PGA_2_SetGain
  59:Generated_Source\PSoC5/PGA_2.c ****     /* Set power */
  60:Generated_Source\PSoC5/PGA_2.c ****     PGA_2_SetPower(PGA_2_DEFAULT_POWER);
  62              		.loc 1 60 0
  63 0026 0320     		movs	r0, #3
  64 0028 FFF7FEFF 		bl	PGA_2_SetPower
  61:Generated_Source\PSoC5/PGA_2.c **** }
  65              		.loc 1 61 0
  66 002c 80BD     		pop	{r7, pc}
  67              	.L3:
  68 002e 00BF     		.align	2
  69              	.L2:
  70 0030 04580040 		.word	1073764356
  71 0034 05580040 		.word	1073764357
  72 0038 06580040 		.word	1073764358
  73              		.cfi_endproc
  74              	.LFE0:
  75              		.size	PGA_2_Init, .-PGA_2_Init
  76              		.section	.text.PGA_2_Enable,"ax",%progbits
  77              		.align	2
  78              		.global	PGA_2_Enable
  79              		.thumb
  80              		.thumb_func
  81              		.type	PGA_2_Enable, %function
  82              	PGA_2_Enable:
  83              	.LFB1:
  62:Generated_Source\PSoC5/PGA_2.c **** 
  63:Generated_Source\PSoC5/PGA_2.c **** 
  64:Generated_Source\PSoC5/PGA_2.c **** /*******************************************************************************   
  65:Generated_Source\PSoC5/PGA_2.c **** * Function Name: PGA_2_Enable
  66:Generated_Source\PSoC5/PGA_2.c **** ********************************************************************************
  67:Generated_Source\PSoC5/PGA_2.c **** *
  68:Generated_Source\PSoC5/PGA_2.c **** * Summary:
  69:Generated_Source\PSoC5/PGA_2.c **** *  Enables the PGA block operation.
  70:Generated_Source\PSoC5/PGA_2.c **** *
  71:Generated_Source\PSoC5/PGA_2.c **** * Parameters:
  72:Generated_Source\PSoC5/PGA_2.c **** *  void
  73:Generated_Source\PSoC5/PGA_2.c **** *
  74:Generated_Source\PSoC5/PGA_2.c **** * Return:
  75:Generated_Source\PSoC5/PGA_2.c **** *  void
  76:Generated_Source\PSoC5/PGA_2.c **** *
  77:Generated_Source\PSoC5/PGA_2.c **** *******************************************************************************/
  78:Generated_Source\PSoC5/PGA_2.c **** void PGA_2_Enable(void) 
  79:Generated_Source\PSoC5/PGA_2.c **** {
  84              		.loc 1 79 0
  85              		.cfi_startproc
  86              		@ args = 0, pretend = 0, frame = 0
  87              		@ frame_needed = 1, uses_anonymous_args = 0
  88              		@ link register save eliminated.
  89 0000 80B4     		push	{r7}
  90              		.cfi_def_cfa_offset 4
  91              		.cfi_offset 7, -4
  92 0002 00AF     		add	r7, sp, #0
ARM GAS  D:\Windows\AppData\Local\Temp\ccu49Alk.s 			page 4


  93              		.cfi_def_cfa_register 7
  80:Generated_Source\PSoC5/PGA_2.c ****     /* This is to restore the value of register CR1 and CR2 which is saved 
  81:Generated_Source\PSoC5/PGA_2.c ****       in prior to the modifications in stop() API */
  82:Generated_Source\PSoC5/PGA_2.c ****     #if (CY_PSOC5A)
  83:Generated_Source\PSoC5/PGA_2.c ****         if(PGA_2_P5backup.enableState == 1u)
  84:Generated_Source\PSoC5/PGA_2.c ****         {
  85:Generated_Source\PSoC5/PGA_2.c ****             PGA_2_CR1_REG = PGA_2_P5backup.scCR1Reg;
  86:Generated_Source\PSoC5/PGA_2.c ****             PGA_2_CR2_REG = PGA_2_P5backup.scCR2Reg;
  87:Generated_Source\PSoC5/PGA_2.c ****             PGA_2_P5backup.enableState = 0u;
  88:Generated_Source\PSoC5/PGA_2.c ****         }
  89:Generated_Source\PSoC5/PGA_2.c ****     #endif /* CY_PSOC5A */   
  90:Generated_Source\PSoC5/PGA_2.c **** 
  91:Generated_Source\PSoC5/PGA_2.c ****     /* Enable power to the Amp in Active mode*/
  92:Generated_Source\PSoC5/PGA_2.c ****     PGA_2_PM_ACT_CFG_REG |= PGA_2_ACT_PWR_EN;
  94              		.loc 1 92 0
  95 0004 0D4A     		ldr	r2, .L5
  96 0006 0D4B     		ldr	r3, .L5
  97 0008 1B78     		ldrb	r3, [r3]
  98 000a DBB2     		uxtb	r3, r3
  99 000c 43F00203 		orr	r3, r3, #2
 100 0010 DBB2     		uxtb	r3, r3
 101 0012 1370     		strb	r3, [r2]
  93:Generated_Source\PSoC5/PGA_2.c **** 
  94:Generated_Source\PSoC5/PGA_2.c ****     /* Enable power to the Amp in Alternative Active mode*/
  95:Generated_Source\PSoC5/PGA_2.c ****     PGA_2_PM_STBY_CFG_REG |= PGA_2_STBY_PWR_EN;
 102              		.loc 1 95 0
 103 0014 0A4A     		ldr	r2, .L5+4
 104 0016 0A4B     		ldr	r3, .L5+4
 105 0018 1B78     		ldrb	r3, [r3]
 106 001a DBB2     		uxtb	r3, r3
 107 001c 43F00203 		orr	r3, r3, #2
 108 0020 DBB2     		uxtb	r3, r3
 109 0022 1370     		strb	r3, [r2]
  96:Generated_Source\PSoC5/PGA_2.c ****     
  97:Generated_Source\PSoC5/PGA_2.c ****     PGA_2_PUMP_CR1_REG |= PGA_2_PUMP_CR1_SC_CLKSEL;
 110              		.loc 1 97 0
 111 0024 074A     		ldr	r2, .L5+8
 112 0026 074B     		ldr	r3, .L5+8
 113 0028 1B78     		ldrb	r3, [r3]
 114 002a DBB2     		uxtb	r3, r3
 115 002c 63F07F03 		orn	r3, r3, #127
 116 0030 DBB2     		uxtb	r3, r3
 117 0032 1370     		strb	r3, [r2]
  98:Generated_Source\PSoC5/PGA_2.c ****     
  99:Generated_Source\PSoC5/PGA_2.c ****     #if (!CY_PSOC5A)
 100:Generated_Source\PSoC5/PGA_2.c ****         #if (CYDEV_VARIABLE_VDDA == 1u)
 101:Generated_Source\PSoC5/PGA_2.c ****             if(CyScPumpEnabled == 1u)
 102:Generated_Source\PSoC5/PGA_2.c ****             {
 103:Generated_Source\PSoC5/PGA_2.c ****                 PGA_2_BSTCLK_REG &= (uint8)(~PGA_2_BST_CLK_INDEX_MASK);
 104:Generated_Source\PSoC5/PGA_2.c ****                 PGA_2_BSTCLK_REG |= PGA_2_BST_CLK_EN | CyScBoostClk__INDEX;
 105:Generated_Source\PSoC5/PGA_2.c ****                 PGA_2_SC_MISC_REG |= PGA_2_PUMP_FORCE;
 106:Generated_Source\PSoC5/PGA_2.c ****                 CyScBoostClk_Start();
 107:Generated_Source\PSoC5/PGA_2.c ****             }
 108:Generated_Source\PSoC5/PGA_2.c ****             else
 109:Generated_Source\PSoC5/PGA_2.c ****             {
 110:Generated_Source\PSoC5/PGA_2.c ****                 PGA_2_BSTCLK_REG &= (uint8)(~PGA_2_BST_CLK_EN);
 111:Generated_Source\PSoC5/PGA_2.c ****                 PGA_2_SC_MISC_REG &= (uint8)(~PGA_2_PUMP_FORCE);
ARM GAS  D:\Windows\AppData\Local\Temp\ccu49Alk.s 			page 5


 112:Generated_Source\PSoC5/PGA_2.c ****             }
 113:Generated_Source\PSoC5/PGA_2.c ****         #endif /* (CYDEV_VARIABLE_VDDA == 1u) */
 114:Generated_Source\PSoC5/PGA_2.c ****     #endif /* (!CY_PSOC5A) */
 115:Generated_Source\PSoC5/PGA_2.c **** }
 118              		.loc 1 115 0
 119 0034 BD46     		mov	sp, r7
 120              		.cfi_def_cfa_register 13
 121              		@ sp needed
 122 0036 5DF8047B 		ldr	r7, [sp], #4
 123              		.cfi_restore 7
 124              		.cfi_def_cfa_offset 0
 125 003a 7047     		bx	lr
 126              	.L6:
 127              		.align	2
 128              	.L5:
 129 003c A9430040 		.word	1073759145
 130 0040 B9430040 		.word	1073759161
 131 0044 77580040 		.word	1073764471
 132              		.cfi_endproc
 133              	.LFE1:
 134              		.size	PGA_2_Enable, .-PGA_2_Enable
 135              		.section	.text.PGA_2_Start,"ax",%progbits
 136              		.align	2
 137              		.global	PGA_2_Start
 138              		.thumb
 139              		.thumb_func
 140              		.type	PGA_2_Start, %function
 141              	PGA_2_Start:
 142              	.LFB2:
 116:Generated_Source\PSoC5/PGA_2.c **** 
 117:Generated_Source\PSoC5/PGA_2.c **** 
 118:Generated_Source\PSoC5/PGA_2.c **** /*******************************************************************************
 119:Generated_Source\PSoC5/PGA_2.c **** * Function Name: PGA_2_Start
 120:Generated_Source\PSoC5/PGA_2.c **** ********************************************************************************
 121:Generated_Source\PSoC5/PGA_2.c **** *
 122:Generated_Source\PSoC5/PGA_2.c **** * Summary:
 123:Generated_Source\PSoC5/PGA_2.c **** *  The start function initializes the PGA with the default values and sets
 124:Generated_Source\PSoC5/PGA_2.c **** *  the power to the given level. A power level of 0, is same as executing
 125:Generated_Source\PSoC5/PGA_2.c **** *  the stop function.
 126:Generated_Source\PSoC5/PGA_2.c **** *
 127:Generated_Source\PSoC5/PGA_2.c **** * Parameters:
 128:Generated_Source\PSoC5/PGA_2.c **** *  void
 129:Generated_Source\PSoC5/PGA_2.c **** *
 130:Generated_Source\PSoC5/PGA_2.c **** * Return:
 131:Generated_Source\PSoC5/PGA_2.c **** *  void
 132:Generated_Source\PSoC5/PGA_2.c **** *
 133:Generated_Source\PSoC5/PGA_2.c **** *******************************************************************************/
 134:Generated_Source\PSoC5/PGA_2.c **** void PGA_2_Start(void) 
 135:Generated_Source\PSoC5/PGA_2.c **** {
 143              		.loc 1 135 0
 144              		.cfi_startproc
 145              		@ args = 0, pretend = 0, frame = 0
 146              		@ frame_needed = 1, uses_anonymous_args = 0
 147 0000 80B5     		push	{r7, lr}
 148              		.cfi_def_cfa_offset 8
 149              		.cfi_offset 7, -8
 150              		.cfi_offset 14, -4
ARM GAS  D:\Windows\AppData\Local\Temp\ccu49Alk.s 			page 6


 151 0002 00AF     		add	r7, sp, #0
 152              		.cfi_def_cfa_register 7
 136:Generated_Source\PSoC5/PGA_2.c **** 
 137:Generated_Source\PSoC5/PGA_2.c ****     /* This is to restore the value of register CR1 and CR2 which is saved 
 138:Generated_Source\PSoC5/PGA_2.c ****       in prior to the modification in stop() API */
 139:Generated_Source\PSoC5/PGA_2.c **** 
 140:Generated_Source\PSoC5/PGA_2.c ****     if(PGA_2_initVar == 0u)
 153              		.loc 1 140 0
 154 0004 054B     		ldr	r3, .L9
 155 0006 1B78     		ldrb	r3, [r3]	@ zero_extendqisi2
 156 0008 002B     		cmp	r3, #0
 157 000a 04D1     		bne	.L8
 141:Generated_Source\PSoC5/PGA_2.c ****     {
 142:Generated_Source\PSoC5/PGA_2.c ****         PGA_2_Init();
 158              		.loc 1 142 0
 159 000c FFF7FEFF 		bl	PGA_2_Init
 143:Generated_Source\PSoC5/PGA_2.c ****         PGA_2_initVar = 1u;
 160              		.loc 1 143 0
 161 0010 024B     		ldr	r3, .L9
 162 0012 0122     		movs	r2, #1
 163 0014 1A70     		strb	r2, [r3]
 164              	.L8:
 144:Generated_Source\PSoC5/PGA_2.c ****     }
 145:Generated_Source\PSoC5/PGA_2.c **** 
 146:Generated_Source\PSoC5/PGA_2.c ****     PGA_2_Enable();
 165              		.loc 1 146 0
 166 0016 FFF7FEFF 		bl	PGA_2_Enable
 147:Generated_Source\PSoC5/PGA_2.c **** }
 167              		.loc 1 147 0
 168 001a 80BD     		pop	{r7, pc}
 169              	.L10:
 170              		.align	2
 171              	.L9:
 172 001c 00000000 		.word	PGA_2_initVar
 173              		.cfi_endproc
 174              	.LFE2:
 175              		.size	PGA_2_Start, .-PGA_2_Start
 176              		.section	.text.PGA_2_Stop,"ax",%progbits
 177              		.align	2
 178              		.global	PGA_2_Stop
 179              		.thumb
 180              		.thumb_func
 181              		.type	PGA_2_Stop, %function
 182              	PGA_2_Stop:
 183              	.LFB3:
 148:Generated_Source\PSoC5/PGA_2.c **** 
 149:Generated_Source\PSoC5/PGA_2.c **** 
 150:Generated_Source\PSoC5/PGA_2.c **** /*******************************************************************************
 151:Generated_Source\PSoC5/PGA_2.c **** * Function Name: PGA_2_Stop
 152:Generated_Source\PSoC5/PGA_2.c **** ********************************************************************************
 153:Generated_Source\PSoC5/PGA_2.c **** *
 154:Generated_Source\PSoC5/PGA_2.c **** * Summary:
 155:Generated_Source\PSoC5/PGA_2.c **** *  Powers down amplifier to lowest power state.
 156:Generated_Source\PSoC5/PGA_2.c **** *
 157:Generated_Source\PSoC5/PGA_2.c **** * Parameters:
 158:Generated_Source\PSoC5/PGA_2.c **** *  void
 159:Generated_Source\PSoC5/PGA_2.c **** *
ARM GAS  D:\Windows\AppData\Local\Temp\ccu49Alk.s 			page 7


 160:Generated_Source\PSoC5/PGA_2.c **** * Return:
 161:Generated_Source\PSoC5/PGA_2.c **** *  void
 162:Generated_Source\PSoC5/PGA_2.c **** *
 163:Generated_Source\PSoC5/PGA_2.c **** *******************************************************************************/
 164:Generated_Source\PSoC5/PGA_2.c **** void PGA_2_Stop(void) 
 165:Generated_Source\PSoC5/PGA_2.c **** { 
 184              		.loc 1 165 0
 185              		.cfi_startproc
 186              		@ args = 0, pretend = 0, frame = 0
 187              		@ frame_needed = 1, uses_anonymous_args = 0
 188              		@ link register save eliminated.
 189 0000 80B4     		push	{r7}
 190              		.cfi_def_cfa_offset 4
 191              		.cfi_offset 7, -4
 192 0002 00AF     		add	r7, sp, #0
 193              		.cfi_def_cfa_register 7
 166:Generated_Source\PSoC5/PGA_2.c ****     /* Disble power to the Amp in Active mode template */
 167:Generated_Source\PSoC5/PGA_2.c ****     PGA_2_PM_ACT_CFG_REG &= (uint8)(~PGA_2_ACT_PWR_EN);
 194              		.loc 1 167 0
 195 0004 094A     		ldr	r2, .L12
 196 0006 094B     		ldr	r3, .L12
 197 0008 1B78     		ldrb	r3, [r3]
 198 000a DBB2     		uxtb	r3, r3
 199 000c 23F00203 		bic	r3, r3, #2
 200 0010 DBB2     		uxtb	r3, r3
 201 0012 1370     		strb	r3, [r2]
 168:Generated_Source\PSoC5/PGA_2.c **** 
 169:Generated_Source\PSoC5/PGA_2.c ****     /* Disble power to the Amp in Alternative Active mode template */
 170:Generated_Source\PSoC5/PGA_2.c ****     PGA_2_PM_STBY_CFG_REG &= (uint8)(~PGA_2_STBY_PWR_EN);
 202              		.loc 1 170 0
 203 0014 064A     		ldr	r2, .L12+4
 204 0016 064B     		ldr	r3, .L12+4
 205 0018 1B78     		ldrb	r3, [r3]
 206 001a DBB2     		uxtb	r3, r3
 207 001c 23F00203 		bic	r3, r3, #2
 208 0020 DBB2     		uxtb	r3, r3
 209 0022 1370     		strb	r3, [r2]
 171:Generated_Source\PSoC5/PGA_2.c **** 
 172:Generated_Source\PSoC5/PGA_2.c ****     #if (!CY_PSOC5A)
 173:Generated_Source\PSoC5/PGA_2.c ****         #if (CYDEV_VARIABLE_VDDA == 1u)
 174:Generated_Source\PSoC5/PGA_2.c ****             PGA_2_BSTCLK_REG &= (uint8)(~PGA_2_BST_CLK_EN);
 175:Generated_Source\PSoC5/PGA_2.c ****             /* Disable pumps only if there aren't any SC block in use */
 176:Generated_Source\PSoC5/PGA_2.c ****             if ((PGA_2_PM_ACT_CFG_REG & PGA_2_PM_ACT_CFG_MASK) == 0u)
 177:Generated_Source\PSoC5/PGA_2.c ****             {
 178:Generated_Source\PSoC5/PGA_2.c ****                 PGA_2_SC_MISC_REG &= (uint8)(~PGA_2_PUMP_FORCE);
 179:Generated_Source\PSoC5/PGA_2.c ****                 PGA_2_PUMP_CR1_REG &= (uint8)(~PGA_2_PUMP_CR1_SC_CLKSEL);
 180:Generated_Source\PSoC5/PGA_2.c ****                 CyScBoostClk_Stop();
 181:Generated_Source\PSoC5/PGA_2.c ****             }
 182:Generated_Source\PSoC5/PGA_2.c ****         #endif /* CYDEV_VARIABLE_VDDA == 1u */
 183:Generated_Source\PSoC5/PGA_2.c ****     #endif /* (CY_PSOC3 || CY_PSOC5LP) */
 184:Generated_Source\PSoC5/PGA_2.c **** 
 185:Generated_Source\PSoC5/PGA_2.c ****     /* This sets PGA in zero current mode and output routes are valid */
 186:Generated_Source\PSoC5/PGA_2.c ****     #if (CY_PSOC5A)
 187:Generated_Source\PSoC5/PGA_2.c ****         PGA_2_P5backup.scCR1Reg = PGA_2_CR1_REG;
 188:Generated_Source\PSoC5/PGA_2.c ****         PGA_2_P5backup.scCR2Reg = PGA_2_CR2_REG;
 189:Generated_Source\PSoC5/PGA_2.c ****         PGA_2_CR1_REG = 0x00u;
 190:Generated_Source\PSoC5/PGA_2.c ****         PGA_2_CR2_REG = 0x00u;
ARM GAS  D:\Windows\AppData\Local\Temp\ccu49Alk.s 			page 8


 191:Generated_Source\PSoC5/PGA_2.c ****         PGA_2_P5backup.enableState = 1u;
 192:Generated_Source\PSoC5/PGA_2.c ****     #endif /* CY_PSOC5A */
 193:Generated_Source\PSoC5/PGA_2.c **** }
 210              		.loc 1 193 0
 211 0024 BD46     		mov	sp, r7
 212              		.cfi_def_cfa_register 13
 213              		@ sp needed
 214 0026 5DF8047B 		ldr	r7, [sp], #4
 215              		.cfi_restore 7
 216              		.cfi_def_cfa_offset 0
 217 002a 7047     		bx	lr
 218              	.L13:
 219              		.align	2
 220              	.L12:
 221 002c A9430040 		.word	1073759145
 222 0030 B9430040 		.word	1073759161
 223              		.cfi_endproc
 224              	.LFE3:
 225              		.size	PGA_2_Stop, .-PGA_2_Stop
 226              		.section	.text.PGA_2_SetPower,"ax",%progbits
 227              		.align	2
 228              		.global	PGA_2_SetPower
 229              		.thumb
 230              		.thumb_func
 231              		.type	PGA_2_SetPower, %function
 232              	PGA_2_SetPower:
 233              	.LFB4:
 194:Generated_Source\PSoC5/PGA_2.c **** 
 195:Generated_Source\PSoC5/PGA_2.c **** 
 196:Generated_Source\PSoC5/PGA_2.c **** /*******************************************************************************
 197:Generated_Source\PSoC5/PGA_2.c **** * Function Name: PGA_2_SetPower
 198:Generated_Source\PSoC5/PGA_2.c **** ********************************************************************************
 199:Generated_Source\PSoC5/PGA_2.c **** *
 200:Generated_Source\PSoC5/PGA_2.c **** * Summary:
 201:Generated_Source\PSoC5/PGA_2.c **** *  Set the power of the PGA.
 202:Generated_Source\PSoC5/PGA_2.c **** *
 203:Generated_Source\PSoC5/PGA_2.c **** * Parameters:
 204:Generated_Source\PSoC5/PGA_2.c **** *  power: Sets power level between (0) and (3) high power
 205:Generated_Source\PSoC5/PGA_2.c **** *
 206:Generated_Source\PSoC5/PGA_2.c **** * Return:
 207:Generated_Source\PSoC5/PGA_2.c **** *  void
 208:Generated_Source\PSoC5/PGA_2.c **** *
 209:Generated_Source\PSoC5/PGA_2.c **** *******************************************************************************/
 210:Generated_Source\PSoC5/PGA_2.c **** void PGA_2_SetPower(uint8 power) 
 211:Generated_Source\PSoC5/PGA_2.c **** {
 234              		.loc 1 211 0
 235              		.cfi_startproc
 236              		@ args = 0, pretend = 0, frame = 16
 237              		@ frame_needed = 1, uses_anonymous_args = 0
 238              		@ link register save eliminated.
 239 0000 80B4     		push	{r7}
 240              		.cfi_def_cfa_offset 4
 241              		.cfi_offset 7, -4
 242 0002 85B0     		sub	sp, sp, #20
 243              		.cfi_def_cfa_offset 24
 244 0004 00AF     		add	r7, sp, #0
 245              		.cfi_def_cfa_register 7
ARM GAS  D:\Windows\AppData\Local\Temp\ccu49Alk.s 			page 9


 246 0006 0346     		mov	r3, r0
 247 0008 FB71     		strb	r3, [r7, #7]
 212:Generated_Source\PSoC5/PGA_2.c ****     uint8 tmpCR;
 213:Generated_Source\PSoC5/PGA_2.c **** 
 214:Generated_Source\PSoC5/PGA_2.c ****     tmpCR = PGA_2_CR1_REG & (uint8)(~PGA_2_DRIVE_MASK);
 248              		.loc 1 214 0
 249 000a 0A4B     		ldr	r3, .L15
 250 000c 1B78     		ldrb	r3, [r3]
 251 000e DBB2     		uxtb	r3, r3
 252 0010 23F00303 		bic	r3, r3, #3
 253 0014 FB73     		strb	r3, [r7, #15]
 215:Generated_Source\PSoC5/PGA_2.c ****     tmpCR |= (power & PGA_2_DRIVE_MASK);
 254              		.loc 1 215 0
 255 0016 FB79     		ldrb	r3, [r7, #7]
 256 0018 03F00303 		and	r3, r3, #3
 257 001c DAB2     		uxtb	r2, r3
 258 001e FB7B     		ldrb	r3, [r7, #15]
 259 0020 1343     		orrs	r3, r3, r2
 260 0022 FB73     		strb	r3, [r7, #15]
 216:Generated_Source\PSoC5/PGA_2.c ****     PGA_2_CR1_REG = tmpCR;  
 261              		.loc 1 216 0
 262 0024 034A     		ldr	r2, .L15
 263 0026 FB7B     		ldrb	r3, [r7, #15]
 264 0028 1370     		strb	r3, [r2]
 217:Generated_Source\PSoC5/PGA_2.c **** }
 265              		.loc 1 217 0
 266 002a 1437     		adds	r7, r7, #20
 267              		.cfi_def_cfa_offset 4
 268 002c BD46     		mov	sp, r7
 269              		.cfi_def_cfa_register 13
 270              		@ sp needed
 271 002e 5DF8047B 		ldr	r7, [sp], #4
 272              		.cfi_restore 7
 273              		.cfi_def_cfa_offset 0
 274 0032 7047     		bx	lr
 275              	.L16:
 276              		.align	2
 277              	.L15:
 278 0034 05580040 		.word	1073764357
 279              		.cfi_endproc
 280              	.LFE4:
 281              		.size	PGA_2_SetPower, .-PGA_2_SetPower
 282              		.section	.rodata
 283              		.align	2
 284              	.LC0:
 285 0000 01       		.byte	1
 286 0001 11       		.byte	17
 287 0002 21       		.byte	33
 288 0003 31       		.byte	49
 289 0004 41       		.byte	65
 290 0005 61       		.byte	97
 291 0006 53       		.byte	83
 292 0007 63       		.byte	99
 293 0008 73       		.byte	115
 294 0009 000000   		.align	2
 295              	.LC1:
 296 000c 08       		.byte	8
ARM GAS  D:\Windows\AppData\Local\Temp\ccu49Alk.s 			page 10


 297 000d 09       		.byte	9
 298 000e 01       		.byte	1
 299 000f 01       		.byte	1
 300 0010 05       		.byte	5
 301 0011 07       		.byte	7
 302 0012 07       		.byte	7
 303 0013 04       		.byte	4
 304 0014 04       		.byte	4
 305 0015 000000   		.section	.text.PGA_2_SetGain,"ax",%progbits
 306              		.align	2
 307              		.global	PGA_2_SetGain
 308              		.thumb
 309              		.thumb_func
 310              		.type	PGA_2_SetGain, %function
 311              	PGA_2_SetGain:
 312              	.LFB5:
 218:Generated_Source\PSoC5/PGA_2.c **** 
 219:Generated_Source\PSoC5/PGA_2.c **** 
 220:Generated_Source\PSoC5/PGA_2.c **** /*******************************************************************************
 221:Generated_Source\PSoC5/PGA_2.c **** * Function Name: PGA_2_SetGain
 222:Generated_Source\PSoC5/PGA_2.c **** ********************************************************************************
 223:Generated_Source\PSoC5/PGA_2.c **** *
 224:Generated_Source\PSoC5/PGA_2.c **** * Summary:
 225:Generated_Source\PSoC5/PGA_2.c **** *  This function sets values of the input and feedback resistors to set a 
 226:Generated_Source\PSoC5/PGA_2.c **** *  specific gain of the amplifier.
 227:Generated_Source\PSoC5/PGA_2.c **** *
 228:Generated_Source\PSoC5/PGA_2.c **** * Parameters:
 229:Generated_Source\PSoC5/PGA_2.c **** *  gain: Gain value of PGA (See header file for gain values.)
 230:Generated_Source\PSoC5/PGA_2.c **** *
 231:Generated_Source\PSoC5/PGA_2.c **** * Return:
 232:Generated_Source\PSoC5/PGA_2.c **** *  void 
 233:Generated_Source\PSoC5/PGA_2.c **** *
 234:Generated_Source\PSoC5/PGA_2.c **** *******************************************************************************/
 235:Generated_Source\PSoC5/PGA_2.c **** void PGA_2_SetGain(uint8 gain) 
 236:Generated_Source\PSoC5/PGA_2.c **** {
 313              		.loc 1 236 0
 314              		.cfi_startproc
 315              		@ args = 0, pretend = 0, frame = 32
 316              		@ frame_needed = 1, uses_anonymous_args = 0
 317 0000 80B5     		push	{r7, lr}
 318              		.cfi_def_cfa_offset 8
 319              		.cfi_offset 7, -8
 320              		.cfi_offset 14, -4
 321 0002 88B0     		sub	sp, sp, #32
 322              		.cfi_def_cfa_offset 40
 323 0004 00AF     		add	r7, sp, #0
 324              		.cfi_def_cfa_register 7
 325 0006 0346     		mov	r3, r0
 326 0008 FB71     		strb	r3, [r7, #7]
 237:Generated_Source\PSoC5/PGA_2.c ****     /* Constant array for gain settings */
 238:Generated_Source\PSoC5/PGA_2.c ****     const uint8 PGA_2_GainArray[9] = { 
 327              		.loc 1 238 0
 328 000a 284A     		ldr	r2, .L19
 329 000c 07F11403 		add	r3, r7, #20
 330 0010 1068     		ldr	r0, [r2]	@ unaligned
 331 0012 5168     		ldr	r1, [r2, #4]	@ unaligned
 332 0014 03C3     		stmia	r3!, {r0, r1}
ARM GAS  D:\Windows\AppData\Local\Temp\ccu49Alk.s 			page 11


 333 0016 127A     		ldrb	r2, [r2, #8]
 334 0018 1A70     		strb	r2, [r3]
 239:Generated_Source\PSoC5/PGA_2.c ****         (PGA_2_RVAL_0K   | PGA_2_R20_40B_40K | PGA_2_BIAS_LOW), /* G=1  */
 240:Generated_Source\PSoC5/PGA_2.c ****         (PGA_2_RVAL_40K  | PGA_2_R20_40B_40K | PGA_2_BIAS_LOW), /* G=2  */
 241:Generated_Source\PSoC5/PGA_2.c ****         (PGA_2_RVAL_120K | PGA_2_R20_40B_40K | PGA_2_BIAS_LOW), /* G=4  */
 242:Generated_Source\PSoC5/PGA_2.c ****         (PGA_2_RVAL_280K | PGA_2_R20_40B_40K | PGA_2_BIAS_LOW), /* G=8  */
 243:Generated_Source\PSoC5/PGA_2.c ****         (PGA_2_RVAL_600K | PGA_2_R20_40B_40K | PGA_2_BIAS_LOW), /* G=16 */
 244:Generated_Source\PSoC5/PGA_2.c ****         (PGA_2_RVAL_460K | PGA_2_R20_40B_40K | PGA_2_BIAS_LOW), /* G=24, Sets Rin as 20k */
 245:Generated_Source\PSoC5/PGA_2.c ****         (PGA_2_RVAL_620K | PGA_2_R20_40B_20K | PGA_2_BIAS_LOW), /* G=32 */
 246:Generated_Source\PSoC5/PGA_2.c ****         (PGA_2_RVAL_470K | PGA_2_R20_40B_20K | PGA_2_BIAS_LOW), /* G=48, Sets Rin as 10k */
 247:Generated_Source\PSoC5/PGA_2.c ****         (PGA_2_RVAL_490K | PGA_2_R20_40B_20K | PGA_2_BIAS_LOW)  /* G=50, Sets Rin as 10k */
 248:Generated_Source\PSoC5/PGA_2.c ****     };
 249:Generated_Source\PSoC5/PGA_2.c ****     
 250:Generated_Source\PSoC5/PGA_2.c ****     /* Constant array for gain compenstion settings */
 251:Generated_Source\PSoC5/PGA_2.c ****     const uint8 PGA_2_GainComp[9] = { 
 335              		.loc 1 251 0
 336 001a 254A     		ldr	r2, .L19+4
 337 001c 07F10803 		add	r3, r7, #8
 338 0020 1068     		ldr	r0, [r2]	@ unaligned
 339 0022 5168     		ldr	r1, [r2, #4]	@ unaligned
 340 0024 03C3     		stmia	r3!, {r0, r1}
 341 0026 127A     		ldrb	r2, [r2, #8]
 342 0028 1A70     		strb	r2, [r3]
 252:Generated_Source\PSoC5/PGA_2.c ****         ( PGA_2_COMP_4P35PF  | (uint8)( PGA_2_REDC_00 >> 2 )), /* G=1  */
 253:Generated_Source\PSoC5/PGA_2.c ****         ( PGA_2_COMP_4P35PF  | (uint8)( PGA_2_REDC_01 >> 2 )), /* G=2  */
 254:Generated_Source\PSoC5/PGA_2.c ****         ( PGA_2_COMP_3P0PF   | (uint8)( PGA_2_REDC_01 >> 2 )), /* G=4  */
 255:Generated_Source\PSoC5/PGA_2.c ****         ( PGA_2_COMP_3P0PF   | (uint8)( PGA_2_REDC_01 >> 2 )), /* G=8  */
 256:Generated_Source\PSoC5/PGA_2.c ****         ( PGA_2_COMP_3P6PF   | (uint8)( PGA_2_REDC_01 >> 2 )), /* G=16 */
 257:Generated_Source\PSoC5/PGA_2.c ****         ( PGA_2_COMP_3P6PF   | (uint8)( PGA_2_REDC_11 >> 2 )), /* G=24 */
 258:Generated_Source\PSoC5/PGA_2.c ****         ( PGA_2_COMP_3P6PF   | (uint8)( PGA_2_REDC_11 >> 2 )), /* G=32 */
 259:Generated_Source\PSoC5/PGA_2.c ****         ( PGA_2_COMP_3P6PF   | (uint8)( PGA_2_REDC_00 >> 2 )), /* G=48 */
 260:Generated_Source\PSoC5/PGA_2.c ****         ( PGA_2_COMP_3P6PF   | (uint8)( PGA_2_REDC_00 >> 2 ))  /* G=50 */
 261:Generated_Source\PSoC5/PGA_2.c ****     };
 262:Generated_Source\PSoC5/PGA_2.c ****     
 263:Generated_Source\PSoC5/PGA_2.c ****     /* Only set new gain if it is a valid gain */
 264:Generated_Source\PSoC5/PGA_2.c ****     if( gain <= PGA_2_GAIN_MAX)
 343              		.loc 1 264 0
 344 002a FB79     		ldrb	r3, [r7, #7]	@ zero_extendqisi2
 345 002c 082B     		cmp	r3, #8
 346 002e 39D8     		bhi	.L17
 265:Generated_Source\PSoC5/PGA_2.c ****     {
 266:Generated_Source\PSoC5/PGA_2.c ****         /* Clear resistors, redc, and bias */
 267:Generated_Source\PSoC5/PGA_2.c ****         PGA_2_CR2_REG &= (uint8)(~(PGA_2_RVAL_MASK | PGA_2_R20_40B_MASK | 
 347              		.loc 1 267 0
 348 0030 204A     		ldr	r2, .L19+8
 349 0032 204B     		ldr	r3, .L19+8
 350 0034 1B78     		ldrb	r3, [r3]
 351 0036 DBB2     		uxtb	r3, r3
 352 0038 23F07F03 		bic	r3, r3, #127
 353 003c DBB2     		uxtb	r3, r3
 354 003e 1370     		strb	r3, [r2]
 268:Generated_Source\PSoC5/PGA_2.c ****                                 PGA_2_REDC_MASK | PGA_2_BIAS_MASK ));
 269:Generated_Source\PSoC5/PGA_2.c **** 
 270:Generated_Source\PSoC5/PGA_2.c ****         /* Set gain value resistors, redc comp, and bias */
 271:Generated_Source\PSoC5/PGA_2.c ****         PGA_2_CR2_REG |= (PGA_2_GainArray[gain] |
 355              		.loc 1 271 0
 356 0040 1C48     		ldr	r0, .L19+8
ARM GAS  D:\Windows\AppData\Local\Temp\ccu49Alk.s 			page 12


 357 0042 1C4B     		ldr	r3, .L19+8
 358 0044 1B78     		ldrb	r3, [r3]
 359 0046 DAB2     		uxtb	r2, r3
 360 0048 FB79     		ldrb	r3, [r7, #7]	@ zero_extendqisi2
 361 004a 07F12001 		add	r1, r7, #32
 362 004e 0B44     		add	r3, r3, r1
 363 0050 13F80C1C 		ldrb	r1, [r3, #-12]	@ zero_extendqisi2
 272:Generated_Source\PSoC5/PGA_2.c ****                                 ((uint8)(PGA_2_GainComp[gain] << 2 ) & PGA_2_REDC_MASK));
 364              		.loc 1 272 0
 365 0054 FB79     		ldrb	r3, [r7, #7]	@ zero_extendqisi2
 366 0056 07F1200E 		add	lr, r7, #32
 367 005a 7344     		add	r3, r3, lr
 368 005c 13F8183C 		ldrb	r3, [r3, #-24]	@ zero_extendqisi2
 369 0060 9B00     		lsls	r3, r3, #2
 370 0062 DBB2     		uxtb	r3, r3
 271:Generated_Source\PSoC5/PGA_2.c ****                                 ((uint8)(PGA_2_GainComp[gain] << 2 ) & PGA_2_REDC_MASK));
 371              		.loc 1 271 0
 372 0064 03F00C03 		and	r3, r3, #12
 373 0068 DBB2     		uxtb	r3, r3
 374 006a 0B43     		orrs	r3, r3, r1
 375 006c DBB2     		uxtb	r3, r3
 376 006e 1343     		orrs	r3, r3, r2
 377 0070 DBB2     		uxtb	r3, r3
 378 0072 0370     		strb	r3, [r0]
 273:Generated_Source\PSoC5/PGA_2.c **** 
 274:Generated_Source\PSoC5/PGA_2.c ****         /* Clear sc_comp  */
 275:Generated_Source\PSoC5/PGA_2.c ****         PGA_2_CR1_REG &= (uint8)(~PGA_2_COMP_MASK);
 379              		.loc 1 275 0
 380 0074 104A     		ldr	r2, .L19+12
 381 0076 104B     		ldr	r3, .L19+12
 382 0078 1B78     		ldrb	r3, [r3]
 383 007a DBB2     		uxtb	r3, r3
 384 007c 23F00C03 		bic	r3, r3, #12
 385 0080 DBB2     		uxtb	r3, r3
 386 0082 1370     		strb	r3, [r2]
 276:Generated_Source\PSoC5/PGA_2.c ****         /* Set sc_comp  */
 277:Generated_Source\PSoC5/PGA_2.c ****         PGA_2_CR1_REG |= ( PGA_2_GainComp[gain] | PGA_2_COMP_MASK );
 387              		.loc 1 277 0
 388 0084 0C49     		ldr	r1, .L19+12
 389 0086 0C4B     		ldr	r3, .L19+12
 390 0088 1B78     		ldrb	r3, [r3]
 391 008a DAB2     		uxtb	r2, r3
 392 008c FB79     		ldrb	r3, [r7, #7]	@ zero_extendqisi2
 393 008e 07F12000 		add	r0, r7, #32
 394 0092 0344     		add	r3, r3, r0
 395 0094 13F8183C 		ldrb	r3, [r3, #-24]	@ zero_extendqisi2
 396 0098 1343     		orrs	r3, r3, r2
 397 009a DBB2     		uxtb	r3, r3
 398 009c 43F00C03 		orr	r3, r3, #12
 399 00a0 DBB2     		uxtb	r3, r3
 400 00a2 0B70     		strb	r3, [r1]
 401              	.L17:
 278:Generated_Source\PSoC5/PGA_2.c ****     }
 279:Generated_Source\PSoC5/PGA_2.c **** }
 402              		.loc 1 279 0
 403 00a4 2037     		adds	r7, r7, #32
 404              		.cfi_def_cfa_offset 8
ARM GAS  D:\Windows\AppData\Local\Temp\ccu49Alk.s 			page 13


 405 00a6 BD46     		mov	sp, r7
 406              		.cfi_def_cfa_register 13
 407              		@ sp needed
 408 00a8 80BD     		pop	{r7, pc}
 409              	.L20:
 410 00aa 00BF     		.align	2
 411              	.L19:
 412 00ac 00000000 		.word	.LC0
 413 00b0 0C000000 		.word	.LC1
 414 00b4 06580040 		.word	1073764358
 415 00b8 05580040 		.word	1073764357
 416              		.cfi_endproc
 417              	.LFE5:
 418              		.size	PGA_2_SetGain, .-PGA_2_SetGain
 419              		.text
 420              	.Letext0:
 421              		.file 2 "Generated_Source\\PSoC5\\cytypes.h"
 422              		.section	.debug_info,"",%progbits
 423              	.Ldebug_info0:
 424 0000 82010000 		.4byte	0x182
 425 0004 0400     		.2byte	0x4
 426 0006 00000000 		.4byte	.Ldebug_abbrev0
 427 000a 04       		.byte	0x4
 428 000b 01       		.uleb128 0x1
 429 000c A9000000 		.4byte	.LASF26
 430 0010 01       		.byte	0x1
 431 0011 05020000 		.4byte	.LASF27
 432 0015 4D010000 		.4byte	.LASF28
 433 0019 00000000 		.4byte	.Ldebug_ranges0+0
 434 001d 00000000 		.4byte	0
 435 0021 00000000 		.4byte	.Ldebug_line0
 436 0025 02       		.uleb128 0x2
 437 0026 01       		.byte	0x1
 438 0027 06       		.byte	0x6
 439 0028 F9010000 		.4byte	.LASF0
 440 002c 02       		.uleb128 0x2
 441 002d 01       		.byte	0x1
 442 002e 08       		.byte	0x8
 443 002f 56000000 		.4byte	.LASF1
 444 0033 02       		.uleb128 0x2
 445 0034 02       		.byte	0x2
 446 0035 05       		.byte	0x5
 447 0036 E6010000 		.4byte	.LASF2
 448 003a 02       		.uleb128 0x2
 449 003b 02       		.byte	0x2
 450 003c 07       		.byte	0x7
 451 003d 20000000 		.4byte	.LASF3
 452 0041 02       		.uleb128 0x2
 453 0042 04       		.byte	0x4
 454 0043 05       		.byte	0x5
 455 0044 F0010000 		.4byte	.LASF4
 456 0048 02       		.uleb128 0x2
 457 0049 04       		.byte	0x4
 458 004a 07       		.byte	0x7
 459 004b 79000000 		.4byte	.LASF5
 460 004f 02       		.uleb128 0x2
 461 0050 08       		.byte	0x8
ARM GAS  D:\Windows\AppData\Local\Temp\ccu49Alk.s 			page 14


 462 0051 05       		.byte	0x5
 463 0052 C4010000 		.4byte	.LASF6
 464 0056 02       		.uleb128 0x2
 465 0057 08       		.byte	0x8
 466 0058 07       		.byte	0x7
 467 0059 90010000 		.4byte	.LASF7
 468 005d 03       		.uleb128 0x3
 469 005e 04       		.byte	0x4
 470 005f 05       		.byte	0x5
 471 0060 696E7400 		.ascii	"int\000"
 472 0064 02       		.uleb128 0x2
 473 0065 04       		.byte	0x4
 474 0066 07       		.byte	0x7
 475 0067 33000000 		.4byte	.LASF8
 476 006b 04       		.uleb128 0x4
 477 006c 8B000000 		.4byte	.LASF12
 478 0070 02       		.byte	0x2
 479 0071 9201     		.2byte	0x192
 480 0073 2C000000 		.4byte	0x2c
 481 0077 02       		.uleb128 0x2
 482 0078 04       		.byte	0x4
 483 0079 04       		.byte	0x4
 484 007a 50000000 		.4byte	.LASF9
 485 007e 02       		.uleb128 0x2
 486 007f 08       		.byte	0x8
 487 0080 04       		.byte	0x4
 488 0081 37010000 		.4byte	.LASF10
 489 0085 02       		.uleb128 0x2
 490 0086 01       		.byte	0x1
 491 0087 08       		.byte	0x8
 492 0088 E1010000 		.4byte	.LASF11
 493 008c 04       		.uleb128 0x4
 494 008d 64000000 		.4byte	.LASF13
 495 0091 02       		.byte	0x2
 496 0092 3C02     		.2byte	0x23c
 497 0094 98000000 		.4byte	0x98
 498 0098 05       		.uleb128 0x5
 499 0099 6B000000 		.4byte	0x6b
 500 009d 02       		.uleb128 0x2
 501 009e 04       		.byte	0x4
 502 009f 07       		.byte	0x7
 503 00a0 B5010000 		.4byte	.LASF14
 504 00a4 06       		.uleb128 0x6
 505 00a5 9E000000 		.4byte	.LASF15
 506 00a9 01       		.byte	0x1
 507 00aa 31       		.byte	0x31
 508 00ab 00000000 		.4byte	.LFB0
 509 00af 3C000000 		.4byte	.LFE0-.LFB0
 510 00b3 01       		.uleb128 0x1
 511 00b4 9C       		.byte	0x9c
 512 00b5 07       		.uleb128 0x7
 513 00b6 91000000 		.4byte	.LASF16
 514 00ba 01       		.byte	0x1
 515 00bb 4E       		.byte	0x4e
 516 00bc 00000000 		.4byte	.LFB1
 517 00c0 48000000 		.4byte	.LFE1-.LFB1
 518 00c4 01       		.uleb128 0x1
ARM GAS  D:\Windows\AppData\Local\Temp\ccu49Alk.s 			page 15


 519 00c5 9C       		.byte	0x9c
 520 00c6 06       		.uleb128 0x6
 521 00c7 14000000 		.4byte	.LASF17
 522 00cb 01       		.byte	0x1
 523 00cc 86       		.byte	0x86
 524 00cd 00000000 		.4byte	.LFB2
 525 00d1 20000000 		.4byte	.LFE2-.LFB2
 526 00d5 01       		.uleb128 0x1
 527 00d6 9C       		.byte	0x9c
 528 00d7 07       		.uleb128 0x7
 529 00d8 45000000 		.4byte	.LASF18
 530 00dc 01       		.byte	0x1
 531 00dd A4       		.byte	0xa4
 532 00de 00000000 		.4byte	.LFB3
 533 00e2 34000000 		.4byte	.LFE3-.LFB3
 534 00e6 01       		.uleb128 0x1
 535 00e7 9C       		.byte	0x9c
 536 00e8 08       		.uleb128 0x8
 537 00e9 D2010000 		.4byte	.LASF19
 538 00ed 01       		.byte	0x1
 539 00ee D2       		.byte	0xd2
 540 00ef 00000000 		.4byte	.LFB4
 541 00f3 38000000 		.4byte	.LFE4-.LFB4
 542 00f7 01       		.uleb128 0x1
 543 00f8 9C       		.byte	0x9c
 544 00f9 1A010000 		.4byte	0x11a
 545 00fd 09       		.uleb128 0x9
 546 00fe BE010000 		.4byte	.LASF21
 547 0102 01       		.byte	0x1
 548 0103 D2       		.byte	0xd2
 549 0104 6B000000 		.4byte	0x6b
 550 0108 02       		.uleb128 0x2
 551 0109 91       		.byte	0x91
 552 010a 6F       		.sleb128 -17
 553 010b 0A       		.uleb128 0xa
 554 010c 0E000000 		.4byte	.LASF23
 555 0110 01       		.byte	0x1
 556 0111 D4       		.byte	0xd4
 557 0112 6B000000 		.4byte	0x6b
 558 0116 02       		.uleb128 0x2
 559 0117 91       		.byte	0x91
 560 0118 77       		.sleb128 -9
 561 0119 00       		.byte	0
 562 011a 08       		.uleb128 0x8
 563 011b 00000000 		.4byte	.LASF20
 564 011f 01       		.byte	0x1
 565 0120 EB       		.byte	0xeb
 566 0121 00000000 		.4byte	.LFB5
 567 0125 BC000000 		.4byte	.LFE5-.LFB5
 568 0129 01       		.uleb128 0x1
 569 012a 9C       		.byte	0x9c
 570 012b 5A010000 		.4byte	0x15a
 571 012f 09       		.uleb128 0x9
 572 0130 40000000 		.4byte	.LASF22
 573 0134 01       		.byte	0x1
 574 0135 EB       		.byte	0xeb
 575 0136 6B000000 		.4byte	0x6b
ARM GAS  D:\Windows\AppData\Local\Temp\ccu49Alk.s 			page 16


 576 013a 02       		.uleb128 0x2
 577 013b 91       		.byte	0x91
 578 013c 5F       		.sleb128 -33
 579 013d 0A       		.uleb128 0xa
 580 013e 69000000 		.4byte	.LASF24
 581 0142 01       		.byte	0x1
 582 0143 EE       		.byte	0xee
 583 0144 6A010000 		.4byte	0x16a
 584 0148 02       		.uleb128 0x2
 585 0149 91       		.byte	0x91
 586 014a 6C       		.sleb128 -20
 587 014b 0A       		.uleb128 0xa
 588 014c 3E010000 		.4byte	.LASF25
 589 0150 01       		.byte	0x1
 590 0151 FB       		.byte	0xfb
 591 0152 6F010000 		.4byte	0x16f
 592 0156 02       		.uleb128 0x2
 593 0157 91       		.byte	0x91
 594 0158 60       		.sleb128 -32
 595 0159 00       		.byte	0
 596 015a 0B       		.uleb128 0xb
 597 015b 6B000000 		.4byte	0x6b
 598 015f 6A010000 		.4byte	0x16a
 599 0163 0C       		.uleb128 0xc
 600 0164 9D000000 		.4byte	0x9d
 601 0168 08       		.byte	0x8
 602 0169 00       		.byte	0
 603 016a 0D       		.uleb128 0xd
 604 016b 5A010000 		.4byte	0x15a
 605 016f 0D       		.uleb128 0xd
 606 0170 5A010000 		.4byte	0x15a
 607 0174 0E       		.uleb128 0xe
 608 0175 A7010000 		.4byte	.LASF29
 609 0179 01       		.byte	0x1
 610 017a 1E       		.byte	0x1e
 611 017b 6B000000 		.4byte	0x6b
 612 017f 05       		.uleb128 0x5
 613 0180 03       		.byte	0x3
 614 0181 00000000 		.4byte	PGA_2_initVar
 615 0185 00       		.byte	0
 616              		.section	.debug_abbrev,"",%progbits
 617              	.Ldebug_abbrev0:
 618 0000 01       		.uleb128 0x1
 619 0001 11       		.uleb128 0x11
 620 0002 01       		.byte	0x1
 621 0003 25       		.uleb128 0x25
 622 0004 0E       		.uleb128 0xe
 623 0005 13       		.uleb128 0x13
 624 0006 0B       		.uleb128 0xb
 625 0007 03       		.uleb128 0x3
 626 0008 0E       		.uleb128 0xe
 627 0009 1B       		.uleb128 0x1b
 628 000a 0E       		.uleb128 0xe
 629 000b 55       		.uleb128 0x55
 630 000c 17       		.uleb128 0x17
 631 000d 11       		.uleb128 0x11
 632 000e 01       		.uleb128 0x1
ARM GAS  D:\Windows\AppData\Local\Temp\ccu49Alk.s 			page 17


 633 000f 10       		.uleb128 0x10
 634 0010 17       		.uleb128 0x17
 635 0011 00       		.byte	0
 636 0012 00       		.byte	0
 637 0013 02       		.uleb128 0x2
 638 0014 24       		.uleb128 0x24
 639 0015 00       		.byte	0
 640 0016 0B       		.uleb128 0xb
 641 0017 0B       		.uleb128 0xb
 642 0018 3E       		.uleb128 0x3e
 643 0019 0B       		.uleb128 0xb
 644 001a 03       		.uleb128 0x3
 645 001b 0E       		.uleb128 0xe
 646 001c 00       		.byte	0
 647 001d 00       		.byte	0
 648 001e 03       		.uleb128 0x3
 649 001f 24       		.uleb128 0x24
 650 0020 00       		.byte	0
 651 0021 0B       		.uleb128 0xb
 652 0022 0B       		.uleb128 0xb
 653 0023 3E       		.uleb128 0x3e
 654 0024 0B       		.uleb128 0xb
 655 0025 03       		.uleb128 0x3
 656 0026 08       		.uleb128 0x8
 657 0027 00       		.byte	0
 658 0028 00       		.byte	0
 659 0029 04       		.uleb128 0x4
 660 002a 16       		.uleb128 0x16
 661 002b 00       		.byte	0
 662 002c 03       		.uleb128 0x3
 663 002d 0E       		.uleb128 0xe
 664 002e 3A       		.uleb128 0x3a
 665 002f 0B       		.uleb128 0xb
 666 0030 3B       		.uleb128 0x3b
 667 0031 05       		.uleb128 0x5
 668 0032 49       		.uleb128 0x49
 669 0033 13       		.uleb128 0x13
 670 0034 00       		.byte	0
 671 0035 00       		.byte	0
 672 0036 05       		.uleb128 0x5
 673 0037 35       		.uleb128 0x35
 674 0038 00       		.byte	0
 675 0039 49       		.uleb128 0x49
 676 003a 13       		.uleb128 0x13
 677 003b 00       		.byte	0
 678 003c 00       		.byte	0
 679 003d 06       		.uleb128 0x6
 680 003e 2E       		.uleb128 0x2e
 681 003f 00       		.byte	0
 682 0040 3F       		.uleb128 0x3f
 683 0041 19       		.uleb128 0x19
 684 0042 03       		.uleb128 0x3
 685 0043 0E       		.uleb128 0xe
 686 0044 3A       		.uleb128 0x3a
 687 0045 0B       		.uleb128 0xb
 688 0046 3B       		.uleb128 0x3b
 689 0047 0B       		.uleb128 0xb
ARM GAS  D:\Windows\AppData\Local\Temp\ccu49Alk.s 			page 18


 690 0048 27       		.uleb128 0x27
 691 0049 19       		.uleb128 0x19
 692 004a 11       		.uleb128 0x11
 693 004b 01       		.uleb128 0x1
 694 004c 12       		.uleb128 0x12
 695 004d 06       		.uleb128 0x6
 696 004e 40       		.uleb128 0x40
 697 004f 18       		.uleb128 0x18
 698 0050 9642     		.uleb128 0x2116
 699 0052 19       		.uleb128 0x19
 700 0053 00       		.byte	0
 701 0054 00       		.byte	0
 702 0055 07       		.uleb128 0x7
 703 0056 2E       		.uleb128 0x2e
 704 0057 00       		.byte	0
 705 0058 3F       		.uleb128 0x3f
 706 0059 19       		.uleb128 0x19
 707 005a 03       		.uleb128 0x3
 708 005b 0E       		.uleb128 0xe
 709 005c 3A       		.uleb128 0x3a
 710 005d 0B       		.uleb128 0xb
 711 005e 3B       		.uleb128 0x3b
 712 005f 0B       		.uleb128 0xb
 713 0060 27       		.uleb128 0x27
 714 0061 19       		.uleb128 0x19
 715 0062 11       		.uleb128 0x11
 716 0063 01       		.uleb128 0x1
 717 0064 12       		.uleb128 0x12
 718 0065 06       		.uleb128 0x6
 719 0066 40       		.uleb128 0x40
 720 0067 18       		.uleb128 0x18
 721 0068 9742     		.uleb128 0x2117
 722 006a 19       		.uleb128 0x19
 723 006b 00       		.byte	0
 724 006c 00       		.byte	0
 725 006d 08       		.uleb128 0x8
 726 006e 2E       		.uleb128 0x2e
 727 006f 01       		.byte	0x1
 728 0070 3F       		.uleb128 0x3f
 729 0071 19       		.uleb128 0x19
 730 0072 03       		.uleb128 0x3
 731 0073 0E       		.uleb128 0xe
 732 0074 3A       		.uleb128 0x3a
 733 0075 0B       		.uleb128 0xb
 734 0076 3B       		.uleb128 0x3b
 735 0077 0B       		.uleb128 0xb
 736 0078 27       		.uleb128 0x27
 737 0079 19       		.uleb128 0x19
 738 007a 11       		.uleb128 0x11
 739 007b 01       		.uleb128 0x1
 740 007c 12       		.uleb128 0x12
 741 007d 06       		.uleb128 0x6
 742 007e 40       		.uleb128 0x40
 743 007f 18       		.uleb128 0x18
 744 0080 9742     		.uleb128 0x2117
 745 0082 19       		.uleb128 0x19
 746 0083 01       		.uleb128 0x1
ARM GAS  D:\Windows\AppData\Local\Temp\ccu49Alk.s 			page 19


 747 0084 13       		.uleb128 0x13
 748 0085 00       		.byte	0
 749 0086 00       		.byte	0
 750 0087 09       		.uleb128 0x9
 751 0088 05       		.uleb128 0x5
 752 0089 00       		.byte	0
 753 008a 03       		.uleb128 0x3
 754 008b 0E       		.uleb128 0xe
 755 008c 3A       		.uleb128 0x3a
 756 008d 0B       		.uleb128 0xb
 757 008e 3B       		.uleb128 0x3b
 758 008f 0B       		.uleb128 0xb
 759 0090 49       		.uleb128 0x49
 760 0091 13       		.uleb128 0x13
 761 0092 02       		.uleb128 0x2
 762 0093 18       		.uleb128 0x18
 763 0094 00       		.byte	0
 764 0095 00       		.byte	0
 765 0096 0A       		.uleb128 0xa
 766 0097 34       		.uleb128 0x34
 767 0098 00       		.byte	0
 768 0099 03       		.uleb128 0x3
 769 009a 0E       		.uleb128 0xe
 770 009b 3A       		.uleb128 0x3a
 771 009c 0B       		.uleb128 0xb
 772 009d 3B       		.uleb128 0x3b
 773 009e 0B       		.uleb128 0xb
 774 009f 49       		.uleb128 0x49
 775 00a0 13       		.uleb128 0x13
 776 00a1 02       		.uleb128 0x2
 777 00a2 18       		.uleb128 0x18
 778 00a3 00       		.byte	0
 779 00a4 00       		.byte	0
 780 00a5 0B       		.uleb128 0xb
 781 00a6 01       		.uleb128 0x1
 782 00a7 01       		.byte	0x1
 783 00a8 49       		.uleb128 0x49
 784 00a9 13       		.uleb128 0x13
 785 00aa 01       		.uleb128 0x1
 786 00ab 13       		.uleb128 0x13
 787 00ac 00       		.byte	0
 788 00ad 00       		.byte	0
 789 00ae 0C       		.uleb128 0xc
 790 00af 21       		.uleb128 0x21
 791 00b0 00       		.byte	0
 792 00b1 49       		.uleb128 0x49
 793 00b2 13       		.uleb128 0x13
 794 00b3 2F       		.uleb128 0x2f
 795 00b4 0B       		.uleb128 0xb
 796 00b5 00       		.byte	0
 797 00b6 00       		.byte	0
 798 00b7 0D       		.uleb128 0xd
 799 00b8 26       		.uleb128 0x26
 800 00b9 00       		.byte	0
 801 00ba 49       		.uleb128 0x49
 802 00bb 13       		.uleb128 0x13
 803 00bc 00       		.byte	0
ARM GAS  D:\Windows\AppData\Local\Temp\ccu49Alk.s 			page 20


 804 00bd 00       		.byte	0
 805 00be 0E       		.uleb128 0xe
 806 00bf 34       		.uleb128 0x34
 807 00c0 00       		.byte	0
 808 00c1 03       		.uleb128 0x3
 809 00c2 0E       		.uleb128 0xe
 810 00c3 3A       		.uleb128 0x3a
 811 00c4 0B       		.uleb128 0xb
 812 00c5 3B       		.uleb128 0x3b
 813 00c6 0B       		.uleb128 0xb
 814 00c7 49       		.uleb128 0x49
 815 00c8 13       		.uleb128 0x13
 816 00c9 3F       		.uleb128 0x3f
 817 00ca 19       		.uleb128 0x19
 818 00cb 02       		.uleb128 0x2
 819 00cc 18       		.uleb128 0x18
 820 00cd 00       		.byte	0
 821 00ce 00       		.byte	0
 822 00cf 00       		.byte	0
 823              		.section	.debug_aranges,"",%progbits
 824 0000 44000000 		.4byte	0x44
 825 0004 0200     		.2byte	0x2
 826 0006 00000000 		.4byte	.Ldebug_info0
 827 000a 04       		.byte	0x4
 828 000b 00       		.byte	0
 829 000c 0000     		.2byte	0
 830 000e 0000     		.2byte	0
 831 0010 00000000 		.4byte	.LFB0
 832 0014 3C000000 		.4byte	.LFE0-.LFB0
 833 0018 00000000 		.4byte	.LFB1
 834 001c 48000000 		.4byte	.LFE1-.LFB1
 835 0020 00000000 		.4byte	.LFB2
 836 0024 20000000 		.4byte	.LFE2-.LFB2
 837 0028 00000000 		.4byte	.LFB3
 838 002c 34000000 		.4byte	.LFE3-.LFB3
 839 0030 00000000 		.4byte	.LFB4
 840 0034 38000000 		.4byte	.LFE4-.LFB4
 841 0038 00000000 		.4byte	.LFB5
 842 003c BC000000 		.4byte	.LFE5-.LFB5
 843 0040 00000000 		.4byte	0
 844 0044 00000000 		.4byte	0
 845              		.section	.debug_ranges,"",%progbits
 846              	.Ldebug_ranges0:
 847 0000 00000000 		.4byte	.LFB0
 848 0004 3C000000 		.4byte	.LFE0
 849 0008 00000000 		.4byte	.LFB1
 850 000c 48000000 		.4byte	.LFE1
 851 0010 00000000 		.4byte	.LFB2
 852 0014 20000000 		.4byte	.LFE2
 853 0018 00000000 		.4byte	.LFB3
 854 001c 34000000 		.4byte	.LFE3
 855 0020 00000000 		.4byte	.LFB4
 856 0024 38000000 		.4byte	.LFE4
 857 0028 00000000 		.4byte	.LFB5
 858 002c BC000000 		.4byte	.LFE5
 859 0030 00000000 		.4byte	0
 860 0034 00000000 		.4byte	0
ARM GAS  D:\Windows\AppData\Local\Temp\ccu49Alk.s 			page 21


 861              		.section	.debug_line,"",%progbits
 862              	.Ldebug_line0:
 863 0000 D1000000 		.section	.debug_str,"MS",%progbits,1
 863      02004200 
 863      00000201 
 863      FB0E0D00 
 863      01010101 
 864              	.LASF20:
 865 0000 5047415F 		.ascii	"PGA_2_SetGain\000"
 865      325F5365 
 865      74476169 
 865      6E00
 866              	.LASF23:
 867 000e 746D7043 		.ascii	"tmpCR\000"
 867      5200
 868              	.LASF17:
 869 0014 5047415F 		.ascii	"PGA_2_Start\000"
 869      325F5374 
 869      61727400 
 870              	.LASF3:
 871 0020 73686F72 		.ascii	"short unsigned int\000"
 871      7420756E 
 871      7369676E 
 871      65642069 
 871      6E7400
 872              	.LASF8:
 873 0033 756E7369 		.ascii	"unsigned int\000"
 873      676E6564 
 873      20696E74 
 873      00
 874              	.LASF22:
 875 0040 6761696E 		.ascii	"gain\000"
 875      00
 876              	.LASF18:
 877 0045 5047415F 		.ascii	"PGA_2_Stop\000"
 877      325F5374 
 877      6F7000
 878              	.LASF9:
 879 0050 666C6F61 		.ascii	"float\000"
 879      7400
 880              	.LASF1:
 881 0056 756E7369 		.ascii	"unsigned char\000"
 881      676E6564 
 881      20636861 
 881      7200
 882              	.LASF13:
 883 0064 72656738 		.ascii	"reg8\000"
 883      00
 884              	.LASF24:
 885 0069 5047415F 		.ascii	"PGA_2_GainArray\000"
 885      325F4761 
 885      696E4172 
 885      72617900 
 886              	.LASF5:
 887 0079 6C6F6E67 		.ascii	"long unsigned int\000"
 887      20756E73 
 887      69676E65 
ARM GAS  D:\Windows\AppData\Local\Temp\ccu49Alk.s 			page 22


 887      6420696E 
 887      7400
 888              	.LASF12:
 889 008b 75696E74 		.ascii	"uint8\000"
 889      3800
 890              	.LASF16:
 891 0091 5047415F 		.ascii	"PGA_2_Enable\000"
 891      325F456E 
 891      61626C65 
 891      00
 892              	.LASF15:
 893 009e 5047415F 		.ascii	"PGA_2_Init\000"
 893      325F496E 
 893      697400
 894              	.LASF26:
 895 00a9 474E5520 		.ascii	"GNU C 4.9.3 20150303 (release) [ARM/embedded-4_9-br"
 895      4320342E 
 895      392E3320 
 895      32303135 
 895      30333033 
 896 00dc 616E6368 		.ascii	"anch revision 221220] -mcpu=cortex-m3 -mthumb -g -O"
 896      20726576 
 896      6973696F 
 896      6E203232 
 896      31323230 
 897 010f 30202D66 		.ascii	"0 -ffunction-sections -ffat-lto-objects\000"
 897      66756E63 
 897      74696F6E 
 897      2D736563 
 897      74696F6E 
 898              	.LASF10:
 899 0137 646F7562 		.ascii	"double\000"
 899      6C6500
 900              	.LASF25:
 901 013e 5047415F 		.ascii	"PGA_2_GainComp\000"
 901      325F4761 
 901      696E436F 
 901      6D7000
 902              	.LASF28:
 903 014d 443A5C44 		.ascii	"D:\\Downloads\\FRUCD\\Node-Capybara\\Node-Capybara\\"
 903      6F776E6C 
 903      6F616473 
 903      5C465255 
 903      43445C4E 
 904 017c 4E6F6465 		.ascii	"Node-Capybara.cydsn\000"
 904      2D436170 
 904      79626172 
 904      612E6379 
 904      64736E00 
 905              	.LASF7:
 906 0190 6C6F6E67 		.ascii	"long long unsigned int\000"
 906      206C6F6E 
 906      6720756E 
 906      7369676E 
 906      65642069 
 907              	.LASF29:
 908 01a7 5047415F 		.ascii	"PGA_2_initVar\000"
ARM GAS  D:\Windows\AppData\Local\Temp\ccu49Alk.s 			page 23


 908      325F696E 
 908      69745661 
 908      7200
 909              	.LASF14:
 910 01b5 73697A65 		.ascii	"sizetype\000"
 910      74797065 
 910      00
 911              	.LASF21:
 912 01be 706F7765 		.ascii	"power\000"
 912      7200
 913              	.LASF6:
 914 01c4 6C6F6E67 		.ascii	"long long int\000"
 914      206C6F6E 
 914      6720696E 
 914      7400
 915              	.LASF19:
 916 01d2 5047415F 		.ascii	"PGA_2_SetPower\000"
 916      325F5365 
 916      74506F77 
 916      657200
 917              	.LASF11:
 918 01e1 63686172 		.ascii	"char\000"
 918      00
 919              	.LASF2:
 920 01e6 73686F72 		.ascii	"short int\000"
 920      7420696E 
 920      7400
 921              	.LASF4:
 922 01f0 6C6F6E67 		.ascii	"long int\000"
 922      20696E74 
 922      00
 923              	.LASF0:
 924 01f9 7369676E 		.ascii	"signed char\000"
 924      65642063 
 924      68617200 
 925              	.LASF27:
 926 0205 47656E65 		.ascii	"Generated_Source\\PSoC5\\PGA_2.c\000"
 926      72617465 
 926      645F536F 
 926      75726365 
 926      5C50536F 
 927              		.ident	"GCC: (GNU Tools for ARM Embedded Processors) 4.9.3 20150303 (release) [ARM/embedded-4_9-br
