ARM GAS  D:\Windows\AppData\Local\Temp\ccWWNBHM.s 			page 1


   1              		.syntax unified
   2              		.cpu cortex-m3
   3              		.fpu softvfp
   4              		.eabi_attribute 20, 1
   5              		.eabi_attribute 21, 1
   6              		.eabi_attribute 23, 3
   7              		.eabi_attribute 24, 1
   8              		.eabi_attribute 25, 1
   9              		.eabi_attribute 26, 1
  10              		.eabi_attribute 30, 6
  11              		.eabi_attribute 34, 1
  12              		.eabi_attribute 18, 4
  13              		.thumb
  14              		.file	"power_isr.c"
  15              		.text
  16              	.Ltext0:
  17              		.cfi_sections	.debug_frame
  18              		.section	.text.power_isr_Start,"ax",%progbits
  19              		.align	2
  20              		.global	power_isr_Start
  21              		.thumb
  22              		.thumb_func
  23              		.type	power_isr_Start, %function
  24              	power_isr_Start:
  25              	.LFB63:
  26              		.file 1 "Generated_Source\\PSoC5\\power_isr.c"
   1:Generated_Source\PSoC5/power_isr.c **** /*******************************************************************************
   2:Generated_Source\PSoC5/power_isr.c **** * File Name: power_isr.c  
   3:Generated_Source\PSoC5/power_isr.c **** * Version 1.70
   4:Generated_Source\PSoC5/power_isr.c **** *
   5:Generated_Source\PSoC5/power_isr.c **** *  Description:
   6:Generated_Source\PSoC5/power_isr.c **** *   API for controlling the state of an interrupt.
   7:Generated_Source\PSoC5/power_isr.c **** *
   8:Generated_Source\PSoC5/power_isr.c **** *
   9:Generated_Source\PSoC5/power_isr.c **** *  Note:
  10:Generated_Source\PSoC5/power_isr.c **** *
  11:Generated_Source\PSoC5/power_isr.c **** ********************************************************************************
  12:Generated_Source\PSoC5/power_isr.c **** * Copyright 2008-2015, Cypress Semiconductor Corporation.  All rights reserved.
  13:Generated_Source\PSoC5/power_isr.c **** * You may use this file only in accordance with the license, terms, conditions, 
  14:Generated_Source\PSoC5/power_isr.c **** * disclaimers, and limitations in the end user license agreement accompanying 
  15:Generated_Source\PSoC5/power_isr.c **** * the software package with which this file was provided.
  16:Generated_Source\PSoC5/power_isr.c **** *******************************************************************************/
  17:Generated_Source\PSoC5/power_isr.c **** 
  18:Generated_Source\PSoC5/power_isr.c **** 
  19:Generated_Source\PSoC5/power_isr.c **** #include <cydevice_trm.h>
  20:Generated_Source\PSoC5/power_isr.c **** #include <CyLib.h>
  21:Generated_Source\PSoC5/power_isr.c **** #include <power_isr.h>
  22:Generated_Source\PSoC5/power_isr.c **** 
  23:Generated_Source\PSoC5/power_isr.c **** 
  24:Generated_Source\PSoC5/power_isr.c **** #if !defined(power_isr__REMOVED) /* Check for removal by optimization */
  25:Generated_Source\PSoC5/power_isr.c **** 
  26:Generated_Source\PSoC5/power_isr.c **** /*******************************************************************************
  27:Generated_Source\PSoC5/power_isr.c **** *  Place your includes, defines and code here 
  28:Generated_Source\PSoC5/power_isr.c **** ********************************************************************************/
  29:Generated_Source\PSoC5/power_isr.c **** /* `#START power_isr_intc` */
  30:Generated_Source\PSoC5/power_isr.c **** #include "sd_manager.h"
  31:Generated_Source\PSoC5/power_isr.c ****     
ARM GAS  D:\Windows\AppData\Local\Temp\ccWWNBHM.s 			page 2


  32:Generated_Source\PSoC5/power_isr.c **** /* `#END` */
  33:Generated_Source\PSoC5/power_isr.c **** 
  34:Generated_Source\PSoC5/power_isr.c **** #ifndef CYINT_IRQ_BASE
  35:Generated_Source\PSoC5/power_isr.c **** #define CYINT_IRQ_BASE      16
  36:Generated_Source\PSoC5/power_isr.c **** #endif /* CYINT_IRQ_BASE */
  37:Generated_Source\PSoC5/power_isr.c **** #ifndef CYINT_VECT_TABLE
  38:Generated_Source\PSoC5/power_isr.c **** #define CYINT_VECT_TABLE    ((cyisraddress **) CYREG_NVIC_VECT_OFFSET)
  39:Generated_Source\PSoC5/power_isr.c **** #endif /* CYINT_VECT_TABLE */
  40:Generated_Source\PSoC5/power_isr.c **** 
  41:Generated_Source\PSoC5/power_isr.c **** /* Declared in startup, used to set unused interrupts to. */
  42:Generated_Source\PSoC5/power_isr.c **** CY_ISR_PROTO(IntDefaultHandler);
  43:Generated_Source\PSoC5/power_isr.c **** 
  44:Generated_Source\PSoC5/power_isr.c **** 
  45:Generated_Source\PSoC5/power_isr.c **** /*******************************************************************************
  46:Generated_Source\PSoC5/power_isr.c **** * Function Name: power_isr_Start
  47:Generated_Source\PSoC5/power_isr.c **** ********************************************************************************
  48:Generated_Source\PSoC5/power_isr.c **** *
  49:Generated_Source\PSoC5/power_isr.c **** * Summary:
  50:Generated_Source\PSoC5/power_isr.c **** *  Set up the interrupt and enable it. This function disables the interrupt, 
  51:Generated_Source\PSoC5/power_isr.c **** *  sets the default interrupt vector, sets the priority from the value in the
  52:Generated_Source\PSoC5/power_isr.c **** *  Design Wide Resources Interrupt Editor, then enables the interrupt to the 
  53:Generated_Source\PSoC5/power_isr.c **** *  interrupt controller.
  54:Generated_Source\PSoC5/power_isr.c **** *
  55:Generated_Source\PSoC5/power_isr.c **** * Parameters:  
  56:Generated_Source\PSoC5/power_isr.c **** *   None
  57:Generated_Source\PSoC5/power_isr.c **** *
  58:Generated_Source\PSoC5/power_isr.c **** * Return:
  59:Generated_Source\PSoC5/power_isr.c **** *   None
  60:Generated_Source\PSoC5/power_isr.c **** *
  61:Generated_Source\PSoC5/power_isr.c **** *******************************************************************************/
  62:Generated_Source\PSoC5/power_isr.c **** void power_isr_Start(void)
  63:Generated_Source\PSoC5/power_isr.c **** {
  27              		.loc 1 63 0
  28              		.cfi_startproc
  29              		@ args = 0, pretend = 0, frame = 0
  30              		@ frame_needed = 1, uses_anonymous_args = 0
  31 0000 80B5     		push	{r7, lr}
  32              		.cfi_def_cfa_offset 8
  33              		.cfi_offset 7, -8
  34              		.cfi_offset 14, -4
  35 0002 00AF     		add	r7, sp, #0
  36              		.cfi_def_cfa_register 7
  64:Generated_Source\PSoC5/power_isr.c ****     /* For all we know the interrupt is active. */
  65:Generated_Source\PSoC5/power_isr.c ****     power_isr_Disable();
  37              		.loc 1 65 0
  38 0004 FFF7FEFF 		bl	power_isr_Disable
  66:Generated_Source\PSoC5/power_isr.c **** 
  67:Generated_Source\PSoC5/power_isr.c ****     /* Set the ISR to point to the power_isr Interrupt. */
  68:Generated_Source\PSoC5/power_isr.c ****     power_isr_SetVector(&power_isr_Interrupt);
  39              		.loc 1 68 0
  40 0008 0448     		ldr	r0, .L2
  41 000a FFF7FEFF 		bl	power_isr_SetVector
  69:Generated_Source\PSoC5/power_isr.c **** 
  70:Generated_Source\PSoC5/power_isr.c ****     /* Set the priority. */
  71:Generated_Source\PSoC5/power_isr.c ****     power_isr_SetPriority((uint8)power_isr_INTC_PRIOR_NUMBER);
  42              		.loc 1 71 0
  43 000e 0720     		movs	r0, #7
ARM GAS  D:\Windows\AppData\Local\Temp\ccWWNBHM.s 			page 3


  44 0010 FFF7FEFF 		bl	power_isr_SetPriority
  72:Generated_Source\PSoC5/power_isr.c **** 
  73:Generated_Source\PSoC5/power_isr.c ****     /* Enable it. */
  74:Generated_Source\PSoC5/power_isr.c ****     power_isr_Enable();
  45              		.loc 1 74 0
  46 0014 FFF7FEFF 		bl	power_isr_Enable
  75:Generated_Source\PSoC5/power_isr.c **** }
  47              		.loc 1 75 0
  48 0018 80BD     		pop	{r7, pc}
  49              	.L3:
  50 001a 00BF     		.align	2
  51              	.L2:
  52 001c 00000000 		.word	power_isr_Interrupt
  53              		.cfi_endproc
  54              	.LFE63:
  55              		.size	power_isr_Start, .-power_isr_Start
  56              		.section	.text.power_isr_StartEx,"ax",%progbits
  57              		.align	2
  58              		.global	power_isr_StartEx
  59              		.thumb
  60              		.thumb_func
  61              		.type	power_isr_StartEx, %function
  62              	power_isr_StartEx:
  63              	.LFB64:
  76:Generated_Source\PSoC5/power_isr.c **** 
  77:Generated_Source\PSoC5/power_isr.c **** 
  78:Generated_Source\PSoC5/power_isr.c **** /*******************************************************************************
  79:Generated_Source\PSoC5/power_isr.c **** * Function Name: power_isr_StartEx
  80:Generated_Source\PSoC5/power_isr.c **** ********************************************************************************
  81:Generated_Source\PSoC5/power_isr.c **** *
  82:Generated_Source\PSoC5/power_isr.c **** * Summary:
  83:Generated_Source\PSoC5/power_isr.c **** *  Sets up the interrupt and enables it. This function disables the interrupt,
  84:Generated_Source\PSoC5/power_isr.c **** *  sets the interrupt vector based on the address passed in, sets the priority 
  85:Generated_Source\PSoC5/power_isr.c **** *  from the value in the Design Wide Resources Interrupt Editor, then enables 
  86:Generated_Source\PSoC5/power_isr.c **** *  the interrupt to the interrupt controller.
  87:Generated_Source\PSoC5/power_isr.c **** *  
  88:Generated_Source\PSoC5/power_isr.c **** *  When defining ISR functions, the CY_ISR and CY_ISR_PROTO macros should be 
  89:Generated_Source\PSoC5/power_isr.c **** *  used to provide consistent definition across compilers:
  90:Generated_Source\PSoC5/power_isr.c **** *  
  91:Generated_Source\PSoC5/power_isr.c **** *  Function definition example:
  92:Generated_Source\PSoC5/power_isr.c **** *   CY_ISR(MyISR)
  93:Generated_Source\PSoC5/power_isr.c **** *   {
  94:Generated_Source\PSoC5/power_isr.c **** *   }
  95:Generated_Source\PSoC5/power_isr.c **** *   Function prototype example:
  96:Generated_Source\PSoC5/power_isr.c **** *   CY_ISR_PROTO(MyISR);
  97:Generated_Source\PSoC5/power_isr.c **** *
  98:Generated_Source\PSoC5/power_isr.c **** * Parameters:  
  99:Generated_Source\PSoC5/power_isr.c **** *   address: Address of the ISR to set in the interrupt vector table.
 100:Generated_Source\PSoC5/power_isr.c **** *
 101:Generated_Source\PSoC5/power_isr.c **** * Return:
 102:Generated_Source\PSoC5/power_isr.c **** *   None
 103:Generated_Source\PSoC5/power_isr.c **** *
 104:Generated_Source\PSoC5/power_isr.c **** *******************************************************************************/
 105:Generated_Source\PSoC5/power_isr.c **** void power_isr_StartEx(cyisraddress address)
 106:Generated_Source\PSoC5/power_isr.c **** {
  64              		.loc 1 106 0
  65              		.cfi_startproc
ARM GAS  D:\Windows\AppData\Local\Temp\ccWWNBHM.s 			page 4


  66              		@ args = 0, pretend = 0, frame = 8
  67              		@ frame_needed = 1, uses_anonymous_args = 0
  68 0000 80B5     		push	{r7, lr}
  69              		.cfi_def_cfa_offset 8
  70              		.cfi_offset 7, -8
  71              		.cfi_offset 14, -4
  72 0002 82B0     		sub	sp, sp, #8
  73              		.cfi_def_cfa_offset 16
  74 0004 00AF     		add	r7, sp, #0
  75              		.cfi_def_cfa_register 7
  76 0006 7860     		str	r0, [r7, #4]
 107:Generated_Source\PSoC5/power_isr.c ****     /* For all we know the interrupt is active. */
 108:Generated_Source\PSoC5/power_isr.c ****     power_isr_Disable();
  77              		.loc 1 108 0
  78 0008 FFF7FEFF 		bl	power_isr_Disable
 109:Generated_Source\PSoC5/power_isr.c **** 
 110:Generated_Source\PSoC5/power_isr.c ****     /* Set the ISR to point to the power_isr Interrupt. */
 111:Generated_Source\PSoC5/power_isr.c ****     power_isr_SetVector(address);
  79              		.loc 1 111 0
  80 000c 7868     		ldr	r0, [r7, #4]
  81 000e FFF7FEFF 		bl	power_isr_SetVector
 112:Generated_Source\PSoC5/power_isr.c **** 
 113:Generated_Source\PSoC5/power_isr.c ****     /* Set the priority. */
 114:Generated_Source\PSoC5/power_isr.c ****     power_isr_SetPriority((uint8)power_isr_INTC_PRIOR_NUMBER);
  82              		.loc 1 114 0
  83 0012 0720     		movs	r0, #7
  84 0014 FFF7FEFF 		bl	power_isr_SetPriority
 115:Generated_Source\PSoC5/power_isr.c **** 
 116:Generated_Source\PSoC5/power_isr.c ****     /* Enable it. */
 117:Generated_Source\PSoC5/power_isr.c ****     power_isr_Enable();
  85              		.loc 1 117 0
  86 0018 FFF7FEFF 		bl	power_isr_Enable
 118:Generated_Source\PSoC5/power_isr.c **** }
  87              		.loc 1 118 0
  88 001c 0837     		adds	r7, r7, #8
  89              		.cfi_def_cfa_offset 8
  90 001e BD46     		mov	sp, r7
  91              		.cfi_def_cfa_register 13
  92              		@ sp needed
  93 0020 80BD     		pop	{r7, pc}
  94              		.cfi_endproc
  95              	.LFE64:
  96              		.size	power_isr_StartEx, .-power_isr_StartEx
  97 0022 00BF     		.section	.text.power_isr_Stop,"ax",%progbits
  98              		.align	2
  99              		.global	power_isr_Stop
 100              		.thumb
 101              		.thumb_func
 102              		.type	power_isr_Stop, %function
 103              	power_isr_Stop:
 104              	.LFB65:
 119:Generated_Source\PSoC5/power_isr.c **** 
 120:Generated_Source\PSoC5/power_isr.c **** 
 121:Generated_Source\PSoC5/power_isr.c **** /*******************************************************************************
 122:Generated_Source\PSoC5/power_isr.c **** * Function Name: power_isr_Stop
 123:Generated_Source\PSoC5/power_isr.c **** ********************************************************************************
 124:Generated_Source\PSoC5/power_isr.c **** *
ARM GAS  D:\Windows\AppData\Local\Temp\ccWWNBHM.s 			page 5


 125:Generated_Source\PSoC5/power_isr.c **** * Summary:
 126:Generated_Source\PSoC5/power_isr.c **** *   Disables and removes the interrupt.
 127:Generated_Source\PSoC5/power_isr.c **** *
 128:Generated_Source\PSoC5/power_isr.c **** * Parameters:  
 129:Generated_Source\PSoC5/power_isr.c **** *   None
 130:Generated_Source\PSoC5/power_isr.c **** *
 131:Generated_Source\PSoC5/power_isr.c **** * Return:
 132:Generated_Source\PSoC5/power_isr.c **** *   None
 133:Generated_Source\PSoC5/power_isr.c **** *
 134:Generated_Source\PSoC5/power_isr.c **** *******************************************************************************/
 135:Generated_Source\PSoC5/power_isr.c **** void power_isr_Stop(void)
 136:Generated_Source\PSoC5/power_isr.c **** {
 105              		.loc 1 136 0
 106              		.cfi_startproc
 107              		@ args = 0, pretend = 0, frame = 0
 108              		@ frame_needed = 1, uses_anonymous_args = 0
 109 0000 80B5     		push	{r7, lr}
 110              		.cfi_def_cfa_offset 8
 111              		.cfi_offset 7, -8
 112              		.cfi_offset 14, -4
 113 0002 00AF     		add	r7, sp, #0
 114              		.cfi_def_cfa_register 7
 137:Generated_Source\PSoC5/power_isr.c ****     /* Disable this interrupt. */
 138:Generated_Source\PSoC5/power_isr.c ****     power_isr_Disable();
 115              		.loc 1 138 0
 116 0004 FFF7FEFF 		bl	power_isr_Disable
 139:Generated_Source\PSoC5/power_isr.c **** 
 140:Generated_Source\PSoC5/power_isr.c ****     /* Set the ISR to point to the passive one. */
 141:Generated_Source\PSoC5/power_isr.c ****     power_isr_SetVector(&IntDefaultHandler);
 117              		.loc 1 141 0
 118 0008 0148     		ldr	r0, .L6
 119 000a FFF7FEFF 		bl	power_isr_SetVector
 142:Generated_Source\PSoC5/power_isr.c **** }
 120              		.loc 1 142 0
 121 000e 80BD     		pop	{r7, pc}
 122              	.L7:
 123              		.align	2
 124              	.L6:
 125 0010 00000000 		.word	IntDefaultHandler
 126              		.cfi_endproc
 127              	.LFE65:
 128              		.size	power_isr_Stop, .-power_isr_Stop
 129              		.section	.text.power_isr_Interrupt,"ax",%progbits
 130              		.align	2
 131              		.global	power_isr_Interrupt
 132              		.thumb
 133              		.thumb_func
 134              		.type	power_isr_Interrupt, %function
 135              	power_isr_Interrupt:
 136              	.LFB66:
 143:Generated_Source\PSoC5/power_isr.c **** 
 144:Generated_Source\PSoC5/power_isr.c **** 
 145:Generated_Source\PSoC5/power_isr.c **** /*******************************************************************************
 146:Generated_Source\PSoC5/power_isr.c **** * Function Name: power_isr_Interrupt
 147:Generated_Source\PSoC5/power_isr.c **** ********************************************************************************
 148:Generated_Source\PSoC5/power_isr.c **** *
 149:Generated_Source\PSoC5/power_isr.c **** * Summary:
ARM GAS  D:\Windows\AppData\Local\Temp\ccWWNBHM.s 			page 6


 150:Generated_Source\PSoC5/power_isr.c **** *   The default Interrupt Service Routine for power_isr.
 151:Generated_Source\PSoC5/power_isr.c **** *
 152:Generated_Source\PSoC5/power_isr.c **** *   Add custom code between the coments to keep the next version of this file
 153:Generated_Source\PSoC5/power_isr.c **** *   from over writting your code.
 154:Generated_Source\PSoC5/power_isr.c **** *
 155:Generated_Source\PSoC5/power_isr.c **** * Parameters:  
 156:Generated_Source\PSoC5/power_isr.c **** *
 157:Generated_Source\PSoC5/power_isr.c **** * Return:
 158:Generated_Source\PSoC5/power_isr.c **** *   None
 159:Generated_Source\PSoC5/power_isr.c **** *
 160:Generated_Source\PSoC5/power_isr.c **** *******************************************************************************/
 161:Generated_Source\PSoC5/power_isr.c **** CY_ISR(power_isr_Interrupt)
 162:Generated_Source\PSoC5/power_isr.c **** {
 137              		.loc 1 162 0
 138              		.cfi_startproc
 139              		@ args = 0, pretend = 0, frame = 0
 140              		@ frame_needed = 1, uses_anonymous_args = 0
 141              		@ link register save eliminated.
 142 0000 80B4     		push	{r7}
 143              		.cfi_def_cfa_offset 4
 144              		.cfi_offset 7, -4
 145 0002 00AF     		add	r7, sp, #0
 146              		.cfi_def_cfa_register 7
 147              	.L9:
 163:Generated_Source\PSoC5/power_isr.c ****     #ifdef power_isr_INTERRUPT_INTERRUPT_CALLBACK
 164:Generated_Source\PSoC5/power_isr.c ****         power_isr_Interrupt_InterruptCallback();
 165:Generated_Source\PSoC5/power_isr.c ****     #endif /* power_isr_INTERRUPT_INTERRUPT_CALLBACK */ 
 166:Generated_Source\PSoC5/power_isr.c **** 
 167:Generated_Source\PSoC5/power_isr.c ****     /*  Place your Interrupt code here. */
 168:Generated_Source\PSoC5/power_isr.c ****     /* `#START power_isr_Interrupt` */
 169:Generated_Source\PSoC5/power_isr.c **** 	
 170:Generated_Source\PSoC5/power_isr.c ****     for(;;); // halt program until shutdown
 148              		.loc 1 170 0 discriminator 1
 149 0004 FEE7     		b	.L9
 150              		.cfi_endproc
 151              	.LFE66:
 152              		.size	power_isr_Interrupt, .-power_isr_Interrupt
 153 0006 00BF     		.section	.text.power_isr_SetVector,"ax",%progbits
 154              		.align	2
 155              		.global	power_isr_SetVector
 156              		.thumb
 157              		.thumb_func
 158              		.type	power_isr_SetVector, %function
 159              	power_isr_SetVector:
 160              	.LFB67:
 171:Generated_Source\PSoC5/power_isr.c ****     /* `#END` */
 172:Generated_Source\PSoC5/power_isr.c **** }
 173:Generated_Source\PSoC5/power_isr.c **** 
 174:Generated_Source\PSoC5/power_isr.c **** 
 175:Generated_Source\PSoC5/power_isr.c **** /*******************************************************************************
 176:Generated_Source\PSoC5/power_isr.c **** * Function Name: power_isr_SetVector
 177:Generated_Source\PSoC5/power_isr.c **** ********************************************************************************
 178:Generated_Source\PSoC5/power_isr.c **** *
 179:Generated_Source\PSoC5/power_isr.c **** * Summary:
 180:Generated_Source\PSoC5/power_isr.c **** *   Change the ISR vector for the Interrupt. Note calling power_isr_Start
 181:Generated_Source\PSoC5/power_isr.c **** *   will override any effect this method would have had. To set the vector 
 182:Generated_Source\PSoC5/power_isr.c **** *   before the component has been started use power_isr_StartEx instead.
ARM GAS  D:\Windows\AppData\Local\Temp\ccWWNBHM.s 			page 7


 183:Generated_Source\PSoC5/power_isr.c **** * 
 184:Generated_Source\PSoC5/power_isr.c **** *   When defining ISR functions, the CY_ISR and CY_ISR_PROTO macros should be 
 185:Generated_Source\PSoC5/power_isr.c **** *   used to provide consistent definition across compilers:
 186:Generated_Source\PSoC5/power_isr.c **** *
 187:Generated_Source\PSoC5/power_isr.c **** *   Function definition example:
 188:Generated_Source\PSoC5/power_isr.c **** *   CY_ISR(MyISR)
 189:Generated_Source\PSoC5/power_isr.c **** *   {
 190:Generated_Source\PSoC5/power_isr.c **** *   }
 191:Generated_Source\PSoC5/power_isr.c **** *
 192:Generated_Source\PSoC5/power_isr.c **** *   Function prototype example:
 193:Generated_Source\PSoC5/power_isr.c **** *     CY_ISR_PROTO(MyISR);
 194:Generated_Source\PSoC5/power_isr.c **** *
 195:Generated_Source\PSoC5/power_isr.c **** * Parameters:
 196:Generated_Source\PSoC5/power_isr.c **** *   address: Address of the ISR to set in the interrupt vector table.
 197:Generated_Source\PSoC5/power_isr.c **** *
 198:Generated_Source\PSoC5/power_isr.c **** * Return:
 199:Generated_Source\PSoC5/power_isr.c **** *   None
 200:Generated_Source\PSoC5/power_isr.c **** *
 201:Generated_Source\PSoC5/power_isr.c **** *******************************************************************************/
 202:Generated_Source\PSoC5/power_isr.c **** void power_isr_SetVector(cyisraddress address)
 203:Generated_Source\PSoC5/power_isr.c **** {
 161              		.loc 1 203 0
 162              		.cfi_startproc
 163              		@ args = 0, pretend = 0, frame = 16
 164              		@ frame_needed = 1, uses_anonymous_args = 0
 165              		@ link register save eliminated.
 166 0000 80B4     		push	{r7}
 167              		.cfi_def_cfa_offset 4
 168              		.cfi_offset 7, -4
 169 0002 85B0     		sub	sp, sp, #20
 170              		.cfi_def_cfa_offset 24
 171 0004 00AF     		add	r7, sp, #0
 172              		.cfi_def_cfa_register 7
 173 0006 7860     		str	r0, [r7, #4]
 204:Generated_Source\PSoC5/power_isr.c ****     cyisraddress * ramVectorTable;
 205:Generated_Source\PSoC5/power_isr.c **** 
 206:Generated_Source\PSoC5/power_isr.c ****     ramVectorTable = (cyisraddress *) *CYINT_VECT_TABLE;
 174              		.loc 1 206 0
 175 0008 054B     		ldr	r3, .L11
 176 000a 1B68     		ldr	r3, [r3]
 177 000c FB60     		str	r3, [r7, #12]
 207:Generated_Source\PSoC5/power_isr.c **** 
 208:Generated_Source\PSoC5/power_isr.c ****     ramVectorTable[CYINT_IRQ_BASE + (uint32)power_isr__INTC_NUMBER] = address;
 178              		.loc 1 208 0
 179 000e FB68     		ldr	r3, [r7, #12]
 180 0010 5833     		adds	r3, r3, #88
 181 0012 7A68     		ldr	r2, [r7, #4]
 182 0014 1A60     		str	r2, [r3]
 209:Generated_Source\PSoC5/power_isr.c **** }
 183              		.loc 1 209 0
 184 0016 1437     		adds	r7, r7, #20
 185              		.cfi_def_cfa_offset 4
 186 0018 BD46     		mov	sp, r7
 187              		.cfi_def_cfa_register 13
 188              		@ sp needed
 189 001a 5DF8047B 		ldr	r7, [sp], #4
 190              		.cfi_restore 7
ARM GAS  D:\Windows\AppData\Local\Temp\ccWWNBHM.s 			page 8


 191              		.cfi_def_cfa_offset 0
 192 001e 7047     		bx	lr
 193              	.L12:
 194              		.align	2
 195              	.L11:
 196 0020 08ED00E0 		.word	-536810232
 197              		.cfi_endproc
 198              	.LFE67:
 199              		.size	power_isr_SetVector, .-power_isr_SetVector
 200              		.section	.text.power_isr_GetVector,"ax",%progbits
 201              		.align	2
 202              		.global	power_isr_GetVector
 203              		.thumb
 204              		.thumb_func
 205              		.type	power_isr_GetVector, %function
 206              	power_isr_GetVector:
 207              	.LFB68:
 210:Generated_Source\PSoC5/power_isr.c **** 
 211:Generated_Source\PSoC5/power_isr.c **** 
 212:Generated_Source\PSoC5/power_isr.c **** /*******************************************************************************
 213:Generated_Source\PSoC5/power_isr.c **** * Function Name: power_isr_GetVector
 214:Generated_Source\PSoC5/power_isr.c **** ********************************************************************************
 215:Generated_Source\PSoC5/power_isr.c **** *
 216:Generated_Source\PSoC5/power_isr.c **** * Summary:
 217:Generated_Source\PSoC5/power_isr.c **** *   Gets the "address" of the current ISR vector for the Interrupt.
 218:Generated_Source\PSoC5/power_isr.c **** *
 219:Generated_Source\PSoC5/power_isr.c **** * Parameters:
 220:Generated_Source\PSoC5/power_isr.c **** *   None
 221:Generated_Source\PSoC5/power_isr.c **** *
 222:Generated_Source\PSoC5/power_isr.c **** * Return:
 223:Generated_Source\PSoC5/power_isr.c **** *   Address of the ISR in the interrupt vector table.
 224:Generated_Source\PSoC5/power_isr.c **** *
 225:Generated_Source\PSoC5/power_isr.c **** *******************************************************************************/
 226:Generated_Source\PSoC5/power_isr.c **** cyisraddress power_isr_GetVector(void)
 227:Generated_Source\PSoC5/power_isr.c **** {
 208              		.loc 1 227 0
 209              		.cfi_startproc
 210              		@ args = 0, pretend = 0, frame = 8
 211              		@ frame_needed = 1, uses_anonymous_args = 0
 212              		@ link register save eliminated.
 213 0000 80B4     		push	{r7}
 214              		.cfi_def_cfa_offset 4
 215              		.cfi_offset 7, -4
 216 0002 83B0     		sub	sp, sp, #12
 217              		.cfi_def_cfa_offset 16
 218 0004 00AF     		add	r7, sp, #0
 219              		.cfi_def_cfa_register 7
 228:Generated_Source\PSoC5/power_isr.c ****     cyisraddress * ramVectorTable;
 229:Generated_Source\PSoC5/power_isr.c **** 
 230:Generated_Source\PSoC5/power_isr.c ****     ramVectorTable = (cyisraddress *) *CYINT_VECT_TABLE;
 220              		.loc 1 230 0
 221 0006 054B     		ldr	r3, .L15
 222 0008 1B68     		ldr	r3, [r3]
 223 000a 7B60     		str	r3, [r7, #4]
 231:Generated_Source\PSoC5/power_isr.c **** 
 232:Generated_Source\PSoC5/power_isr.c ****     return ramVectorTable[CYINT_IRQ_BASE + (uint32)power_isr__INTC_NUMBER];
 224              		.loc 1 232 0
ARM GAS  D:\Windows\AppData\Local\Temp\ccWWNBHM.s 			page 9


 225 000c 7B68     		ldr	r3, [r7, #4]
 226 000e 9B6D     		ldr	r3, [r3, #88]
 233:Generated_Source\PSoC5/power_isr.c **** }
 227              		.loc 1 233 0
 228 0010 1846     		mov	r0, r3
 229 0012 0C37     		adds	r7, r7, #12
 230              		.cfi_def_cfa_offset 4
 231 0014 BD46     		mov	sp, r7
 232              		.cfi_def_cfa_register 13
 233              		@ sp needed
 234 0016 5DF8047B 		ldr	r7, [sp], #4
 235              		.cfi_restore 7
 236              		.cfi_def_cfa_offset 0
 237 001a 7047     		bx	lr
 238              	.L16:
 239              		.align	2
 240              	.L15:
 241 001c 08ED00E0 		.word	-536810232
 242              		.cfi_endproc
 243              	.LFE68:
 244              		.size	power_isr_GetVector, .-power_isr_GetVector
 245              		.section	.text.power_isr_SetPriority,"ax",%progbits
 246              		.align	2
 247              		.global	power_isr_SetPriority
 248              		.thumb
 249              		.thumb_func
 250              		.type	power_isr_SetPriority, %function
 251              	power_isr_SetPriority:
 252              	.LFB69:
 234:Generated_Source\PSoC5/power_isr.c **** 
 235:Generated_Source\PSoC5/power_isr.c **** 
 236:Generated_Source\PSoC5/power_isr.c **** /*******************************************************************************
 237:Generated_Source\PSoC5/power_isr.c **** * Function Name: power_isr_SetPriority
 238:Generated_Source\PSoC5/power_isr.c **** ********************************************************************************
 239:Generated_Source\PSoC5/power_isr.c **** *
 240:Generated_Source\PSoC5/power_isr.c **** * Summary:
 241:Generated_Source\PSoC5/power_isr.c **** *   Sets the Priority of the Interrupt. 
 242:Generated_Source\PSoC5/power_isr.c **** *
 243:Generated_Source\PSoC5/power_isr.c **** *   Note calling power_isr_Start or power_isr_StartEx will 
 244:Generated_Source\PSoC5/power_isr.c **** *   override any effect this API would have had. This API should only be called
 245:Generated_Source\PSoC5/power_isr.c **** *   after power_isr_Start or power_isr_StartEx has been called. 
 246:Generated_Source\PSoC5/power_isr.c **** *   To set the initial priority for the component, use the Design-Wide Resources
 247:Generated_Source\PSoC5/power_isr.c **** *   Interrupt Editor.
 248:Generated_Source\PSoC5/power_isr.c **** *
 249:Generated_Source\PSoC5/power_isr.c **** *   Note This API has no effect on Non-maskable interrupt NMI).
 250:Generated_Source\PSoC5/power_isr.c **** *
 251:Generated_Source\PSoC5/power_isr.c **** * Parameters:
 252:Generated_Source\PSoC5/power_isr.c **** *   priority: Priority of the interrupt, 0 being the highest priority
 253:Generated_Source\PSoC5/power_isr.c **** *             PSoC 3 and PSoC 5LP: Priority is from 0 to 7.
 254:Generated_Source\PSoC5/power_isr.c **** *             PSoC 4: Priority is from 0 to 3.
 255:Generated_Source\PSoC5/power_isr.c **** *
 256:Generated_Source\PSoC5/power_isr.c **** * Return:
 257:Generated_Source\PSoC5/power_isr.c **** *   None
 258:Generated_Source\PSoC5/power_isr.c **** *
 259:Generated_Source\PSoC5/power_isr.c **** *******************************************************************************/
 260:Generated_Source\PSoC5/power_isr.c **** void power_isr_SetPriority(uint8 priority)
 261:Generated_Source\PSoC5/power_isr.c **** {
ARM GAS  D:\Windows\AppData\Local\Temp\ccWWNBHM.s 			page 10


 253              		.loc 1 261 0
 254              		.cfi_startproc
 255              		@ args = 0, pretend = 0, frame = 8
 256              		@ frame_needed = 1, uses_anonymous_args = 0
 257              		@ link register save eliminated.
 258 0000 80B4     		push	{r7}
 259              		.cfi_def_cfa_offset 4
 260              		.cfi_offset 7, -4
 261 0002 83B0     		sub	sp, sp, #12
 262              		.cfi_def_cfa_offset 16
 263 0004 00AF     		add	r7, sp, #0
 264              		.cfi_def_cfa_register 7
 265 0006 0346     		mov	r3, r0
 266 0008 FB71     		strb	r3, [r7, #7]
 262:Generated_Source\PSoC5/power_isr.c ****     *power_isr_INTC_PRIOR = priority << 5;
 267              		.loc 1 262 0
 268 000a 054A     		ldr	r2, .L18
 269 000c FB79     		ldrb	r3, [r7, #7]
 270 000e 5B01     		lsls	r3, r3, #5
 271 0010 DBB2     		uxtb	r3, r3
 272 0012 1370     		strb	r3, [r2]
 263:Generated_Source\PSoC5/power_isr.c **** }
 273              		.loc 1 263 0
 274 0014 0C37     		adds	r7, r7, #12
 275              		.cfi_def_cfa_offset 4
 276 0016 BD46     		mov	sp, r7
 277              		.cfi_def_cfa_register 13
 278              		@ sp needed
 279 0018 5DF8047B 		ldr	r7, [sp], #4
 280              		.cfi_restore 7
 281              		.cfi_def_cfa_offset 0
 282 001c 7047     		bx	lr
 283              	.L19:
 284 001e 00BF     		.align	2
 285              	.L18:
 286 0020 06E400E0 		.word	-536812538
 287              		.cfi_endproc
 288              	.LFE69:
 289              		.size	power_isr_SetPriority, .-power_isr_SetPriority
 290              		.section	.text.power_isr_GetPriority,"ax",%progbits
 291              		.align	2
 292              		.global	power_isr_GetPriority
 293              		.thumb
 294              		.thumb_func
 295              		.type	power_isr_GetPriority, %function
 296              	power_isr_GetPriority:
 297              	.LFB70:
 264:Generated_Source\PSoC5/power_isr.c **** 
 265:Generated_Source\PSoC5/power_isr.c **** 
 266:Generated_Source\PSoC5/power_isr.c **** /*******************************************************************************
 267:Generated_Source\PSoC5/power_isr.c **** * Function Name: power_isr_GetPriority
 268:Generated_Source\PSoC5/power_isr.c **** ********************************************************************************
 269:Generated_Source\PSoC5/power_isr.c **** *
 270:Generated_Source\PSoC5/power_isr.c **** * Summary:
 271:Generated_Source\PSoC5/power_isr.c **** *   Gets the Priority of the Interrupt.
 272:Generated_Source\PSoC5/power_isr.c **** *
 273:Generated_Source\PSoC5/power_isr.c **** * Parameters:
ARM GAS  D:\Windows\AppData\Local\Temp\ccWWNBHM.s 			page 11


 274:Generated_Source\PSoC5/power_isr.c **** *   None
 275:Generated_Source\PSoC5/power_isr.c **** *
 276:Generated_Source\PSoC5/power_isr.c **** * Return:
 277:Generated_Source\PSoC5/power_isr.c **** *   Priority of the interrupt, 0 being the highest priority
 278:Generated_Source\PSoC5/power_isr.c **** *    PSoC 3 and PSoC 5LP: Priority is from 0 to 7.
 279:Generated_Source\PSoC5/power_isr.c **** *    PSoC 4: Priority is from 0 to 3.
 280:Generated_Source\PSoC5/power_isr.c **** *
 281:Generated_Source\PSoC5/power_isr.c **** *******************************************************************************/
 282:Generated_Source\PSoC5/power_isr.c **** uint8 power_isr_GetPriority(void)
 283:Generated_Source\PSoC5/power_isr.c **** {
 298              		.loc 1 283 0
 299              		.cfi_startproc
 300              		@ args = 0, pretend = 0, frame = 8
 301              		@ frame_needed = 1, uses_anonymous_args = 0
 302              		@ link register save eliminated.
 303 0000 80B4     		push	{r7}
 304              		.cfi_def_cfa_offset 4
 305              		.cfi_offset 7, -4
 306 0002 83B0     		sub	sp, sp, #12
 307              		.cfi_def_cfa_offset 16
 308 0004 00AF     		add	r7, sp, #0
 309              		.cfi_def_cfa_register 7
 284:Generated_Source\PSoC5/power_isr.c ****     uint8 priority;
 285:Generated_Source\PSoC5/power_isr.c **** 
 286:Generated_Source\PSoC5/power_isr.c **** 
 287:Generated_Source\PSoC5/power_isr.c ****     priority = *power_isr_INTC_PRIOR >> 5;
 310              		.loc 1 287 0
 311 0006 064B     		ldr	r3, .L22
 312 0008 1B78     		ldrb	r3, [r3]
 313 000a DBB2     		uxtb	r3, r3
 314 000c 5B09     		lsrs	r3, r3, #5
 315 000e FB71     		strb	r3, [r7, #7]
 288:Generated_Source\PSoC5/power_isr.c **** 
 289:Generated_Source\PSoC5/power_isr.c ****     return priority;
 316              		.loc 1 289 0
 317 0010 FB79     		ldrb	r3, [r7, #7]	@ zero_extendqisi2
 290:Generated_Source\PSoC5/power_isr.c **** }
 318              		.loc 1 290 0
 319 0012 1846     		mov	r0, r3
 320 0014 0C37     		adds	r7, r7, #12
 321              		.cfi_def_cfa_offset 4
 322 0016 BD46     		mov	sp, r7
 323              		.cfi_def_cfa_register 13
 324              		@ sp needed
 325 0018 5DF8047B 		ldr	r7, [sp], #4
 326              		.cfi_restore 7
 327              		.cfi_def_cfa_offset 0
 328 001c 7047     		bx	lr
 329              	.L23:
 330 001e 00BF     		.align	2
 331              	.L22:
 332 0020 06E400E0 		.word	-536812538
 333              		.cfi_endproc
 334              	.LFE70:
 335              		.size	power_isr_GetPriority, .-power_isr_GetPriority
 336              		.section	.text.power_isr_Enable,"ax",%progbits
 337              		.align	2
ARM GAS  D:\Windows\AppData\Local\Temp\ccWWNBHM.s 			page 12


 338              		.global	power_isr_Enable
 339              		.thumb
 340              		.thumb_func
 341              		.type	power_isr_Enable, %function
 342              	power_isr_Enable:
 343              	.LFB71:
 291:Generated_Source\PSoC5/power_isr.c **** 
 292:Generated_Source\PSoC5/power_isr.c **** 
 293:Generated_Source\PSoC5/power_isr.c **** /*******************************************************************************
 294:Generated_Source\PSoC5/power_isr.c **** * Function Name: power_isr_Enable
 295:Generated_Source\PSoC5/power_isr.c **** ********************************************************************************
 296:Generated_Source\PSoC5/power_isr.c **** *
 297:Generated_Source\PSoC5/power_isr.c **** * Summary:
 298:Generated_Source\PSoC5/power_isr.c **** *   Enables the interrupt to the interrupt controller. Do not call this function
 299:Generated_Source\PSoC5/power_isr.c **** *   unless ISR_Start() has been called or the functionality of the ISR_Start() 
 300:Generated_Source\PSoC5/power_isr.c **** *   function, which sets the vector and the priority, has been called.
 301:Generated_Source\PSoC5/power_isr.c **** *
 302:Generated_Source\PSoC5/power_isr.c **** * Parameters:
 303:Generated_Source\PSoC5/power_isr.c **** *   None
 304:Generated_Source\PSoC5/power_isr.c **** *
 305:Generated_Source\PSoC5/power_isr.c **** * Return:
 306:Generated_Source\PSoC5/power_isr.c **** *   None
 307:Generated_Source\PSoC5/power_isr.c **** *
 308:Generated_Source\PSoC5/power_isr.c **** *******************************************************************************/
 309:Generated_Source\PSoC5/power_isr.c **** void power_isr_Enable(void)
 310:Generated_Source\PSoC5/power_isr.c **** {
 344              		.loc 1 310 0
 345              		.cfi_startproc
 346              		@ args = 0, pretend = 0, frame = 0
 347              		@ frame_needed = 1, uses_anonymous_args = 0
 348              		@ link register save eliminated.
 349 0000 80B4     		push	{r7}
 350              		.cfi_def_cfa_offset 4
 351              		.cfi_offset 7, -4
 352 0002 00AF     		add	r7, sp, #0
 353              		.cfi_def_cfa_register 7
 311:Generated_Source\PSoC5/power_isr.c ****     /* Enable the general interrupt. */
 312:Generated_Source\PSoC5/power_isr.c ****     *power_isr_INTC_SET_EN = power_isr__INTC_MASK;
 354              		.loc 1 312 0
 355 0004 034B     		ldr	r3, .L25
 356 0006 4022     		movs	r2, #64
 357 0008 1A60     		str	r2, [r3]
 313:Generated_Source\PSoC5/power_isr.c **** }
 358              		.loc 1 313 0
 359 000a BD46     		mov	sp, r7
 360              		.cfi_def_cfa_register 13
 361              		@ sp needed
 362 000c 5DF8047B 		ldr	r7, [sp], #4
 363              		.cfi_restore 7
 364              		.cfi_def_cfa_offset 0
 365 0010 7047     		bx	lr
 366              	.L26:
 367 0012 00BF     		.align	2
 368              	.L25:
 369 0014 00E100E0 		.word	-536813312
 370              		.cfi_endproc
 371              	.LFE71:
ARM GAS  D:\Windows\AppData\Local\Temp\ccWWNBHM.s 			page 13


 372              		.size	power_isr_Enable, .-power_isr_Enable
 373              		.section	.text.power_isr_GetState,"ax",%progbits
 374              		.align	2
 375              		.global	power_isr_GetState
 376              		.thumb
 377              		.thumb_func
 378              		.type	power_isr_GetState, %function
 379              	power_isr_GetState:
 380              	.LFB72:
 314:Generated_Source\PSoC5/power_isr.c **** 
 315:Generated_Source\PSoC5/power_isr.c **** 
 316:Generated_Source\PSoC5/power_isr.c **** /*******************************************************************************
 317:Generated_Source\PSoC5/power_isr.c **** * Function Name: power_isr_GetState
 318:Generated_Source\PSoC5/power_isr.c **** ********************************************************************************
 319:Generated_Source\PSoC5/power_isr.c **** *
 320:Generated_Source\PSoC5/power_isr.c **** * Summary:
 321:Generated_Source\PSoC5/power_isr.c **** *   Gets the state (enabled, disabled) of the Interrupt.
 322:Generated_Source\PSoC5/power_isr.c **** *
 323:Generated_Source\PSoC5/power_isr.c **** * Parameters:
 324:Generated_Source\PSoC5/power_isr.c **** *   None
 325:Generated_Source\PSoC5/power_isr.c **** *
 326:Generated_Source\PSoC5/power_isr.c **** * Return:
 327:Generated_Source\PSoC5/power_isr.c **** *   1 if enabled, 0 if disabled.
 328:Generated_Source\PSoC5/power_isr.c **** *
 329:Generated_Source\PSoC5/power_isr.c **** *******************************************************************************/
 330:Generated_Source\PSoC5/power_isr.c **** uint8 power_isr_GetState(void)
 331:Generated_Source\PSoC5/power_isr.c **** {
 381              		.loc 1 331 0
 382              		.cfi_startproc
 383              		@ args = 0, pretend = 0, frame = 0
 384              		@ frame_needed = 1, uses_anonymous_args = 0
 385              		@ link register save eliminated.
 386 0000 80B4     		push	{r7}
 387              		.cfi_def_cfa_offset 4
 388              		.cfi_offset 7, -4
 389 0002 00AF     		add	r7, sp, #0
 390              		.cfi_def_cfa_register 7
 332:Generated_Source\PSoC5/power_isr.c ****     /* Get the state of the general interrupt. */
 333:Generated_Source\PSoC5/power_isr.c ****     return ((*power_isr_INTC_SET_EN & (uint32)power_isr__INTC_MASK) != 0u) ? 1u:0u;
 391              		.loc 1 333 0
 392 0004 064B     		ldr	r3, .L31
 393 0006 1B68     		ldr	r3, [r3]
 394 0008 03F04003 		and	r3, r3, #64
 395 000c 002B     		cmp	r3, #0
 396 000e 01D0     		beq	.L28
 397              		.loc 1 333 0 is_stmt 0 discriminator 1
 398 0010 0123     		movs	r3, #1
 399 0012 00E0     		b	.L29
 400              	.L28:
 401              		.loc 1 333 0 discriminator 2
 402 0014 0023     		movs	r3, #0
 403              	.L29:
 334:Generated_Source\PSoC5/power_isr.c **** }
 404              		.loc 1 334 0 is_stmt 1 discriminator 4
 405 0016 1846     		mov	r0, r3
 406 0018 BD46     		mov	sp, r7
 407              		.cfi_def_cfa_register 13
ARM GAS  D:\Windows\AppData\Local\Temp\ccWWNBHM.s 			page 14


 408              		@ sp needed
 409 001a 5DF8047B 		ldr	r7, [sp], #4
 410              		.cfi_restore 7
 411              		.cfi_def_cfa_offset 0
 412 001e 7047     		bx	lr
 413              	.L32:
 414              		.align	2
 415              	.L31:
 416 0020 00E100E0 		.word	-536813312
 417              		.cfi_endproc
 418              	.LFE72:
 419              		.size	power_isr_GetState, .-power_isr_GetState
 420              		.section	.text.power_isr_Disable,"ax",%progbits
 421              		.align	2
 422              		.global	power_isr_Disable
 423              		.thumb
 424              		.thumb_func
 425              		.type	power_isr_Disable, %function
 426              	power_isr_Disable:
 427              	.LFB73:
 335:Generated_Source\PSoC5/power_isr.c **** 
 336:Generated_Source\PSoC5/power_isr.c **** 
 337:Generated_Source\PSoC5/power_isr.c **** /*******************************************************************************
 338:Generated_Source\PSoC5/power_isr.c **** * Function Name: power_isr_Disable
 339:Generated_Source\PSoC5/power_isr.c **** ********************************************************************************
 340:Generated_Source\PSoC5/power_isr.c **** *
 341:Generated_Source\PSoC5/power_isr.c **** * Summary:
 342:Generated_Source\PSoC5/power_isr.c **** *   Disables the Interrupt in the interrupt controller.
 343:Generated_Source\PSoC5/power_isr.c **** *
 344:Generated_Source\PSoC5/power_isr.c **** * Parameters:
 345:Generated_Source\PSoC5/power_isr.c **** *   None
 346:Generated_Source\PSoC5/power_isr.c **** *
 347:Generated_Source\PSoC5/power_isr.c **** * Return:
 348:Generated_Source\PSoC5/power_isr.c **** *   None
 349:Generated_Source\PSoC5/power_isr.c **** *
 350:Generated_Source\PSoC5/power_isr.c **** *******************************************************************************/
 351:Generated_Source\PSoC5/power_isr.c **** void power_isr_Disable(void)
 352:Generated_Source\PSoC5/power_isr.c **** {
 428              		.loc 1 352 0
 429              		.cfi_startproc
 430              		@ args = 0, pretend = 0, frame = 0
 431              		@ frame_needed = 1, uses_anonymous_args = 0
 432              		@ link register save eliminated.
 433 0000 80B4     		push	{r7}
 434              		.cfi_def_cfa_offset 4
 435              		.cfi_offset 7, -4
 436 0002 00AF     		add	r7, sp, #0
 437              		.cfi_def_cfa_register 7
 353:Generated_Source\PSoC5/power_isr.c ****     /* Disable the general interrupt. */
 354:Generated_Source\PSoC5/power_isr.c ****     *power_isr_INTC_CLR_EN = power_isr__INTC_MASK;
 438              		.loc 1 354 0
 439 0004 034B     		ldr	r3, .L34
 440 0006 4022     		movs	r2, #64
 441 0008 1A60     		str	r2, [r3]
 355:Generated_Source\PSoC5/power_isr.c **** }
 442              		.loc 1 355 0
 443 000a BD46     		mov	sp, r7
ARM GAS  D:\Windows\AppData\Local\Temp\ccWWNBHM.s 			page 15


 444              		.cfi_def_cfa_register 13
 445              		@ sp needed
 446 000c 5DF8047B 		ldr	r7, [sp], #4
 447              		.cfi_restore 7
 448              		.cfi_def_cfa_offset 0
 449 0010 7047     		bx	lr
 450              	.L35:
 451 0012 00BF     		.align	2
 452              	.L34:
 453 0014 80E100E0 		.word	-536813184
 454              		.cfi_endproc
 455              	.LFE73:
 456              		.size	power_isr_Disable, .-power_isr_Disable
 457              		.section	.text.power_isr_SetPending,"ax",%progbits
 458              		.align	2
 459              		.global	power_isr_SetPending
 460              		.thumb
 461              		.thumb_func
 462              		.type	power_isr_SetPending, %function
 463              	power_isr_SetPending:
 464              	.LFB74:
 356:Generated_Source\PSoC5/power_isr.c **** 
 357:Generated_Source\PSoC5/power_isr.c **** 
 358:Generated_Source\PSoC5/power_isr.c **** /*******************************************************************************
 359:Generated_Source\PSoC5/power_isr.c **** * Function Name: power_isr_SetPending
 360:Generated_Source\PSoC5/power_isr.c **** ********************************************************************************
 361:Generated_Source\PSoC5/power_isr.c **** *
 362:Generated_Source\PSoC5/power_isr.c **** * Summary:
 363:Generated_Source\PSoC5/power_isr.c **** *   Causes the Interrupt to enter the pending state, a software method of
 364:Generated_Source\PSoC5/power_isr.c **** *   generating the interrupt.
 365:Generated_Source\PSoC5/power_isr.c **** *
 366:Generated_Source\PSoC5/power_isr.c **** * Parameters:
 367:Generated_Source\PSoC5/power_isr.c **** *   None
 368:Generated_Source\PSoC5/power_isr.c **** *
 369:Generated_Source\PSoC5/power_isr.c **** * Return:
 370:Generated_Source\PSoC5/power_isr.c **** *   None
 371:Generated_Source\PSoC5/power_isr.c **** *
 372:Generated_Source\PSoC5/power_isr.c **** * Side Effects:
 373:Generated_Source\PSoC5/power_isr.c **** *   If interrupts are enabled and the interrupt is set up properly, the ISR is
 374:Generated_Source\PSoC5/power_isr.c **** *   entered (depending on the priority of this interrupt and other pending 
 375:Generated_Source\PSoC5/power_isr.c **** *   interrupts).
 376:Generated_Source\PSoC5/power_isr.c **** *
 377:Generated_Source\PSoC5/power_isr.c **** *******************************************************************************/
 378:Generated_Source\PSoC5/power_isr.c **** void power_isr_SetPending(void)
 379:Generated_Source\PSoC5/power_isr.c **** {
 465              		.loc 1 379 0
 466              		.cfi_startproc
 467              		@ args = 0, pretend = 0, frame = 0
 468              		@ frame_needed = 1, uses_anonymous_args = 0
 469              		@ link register save eliminated.
 470 0000 80B4     		push	{r7}
 471              		.cfi_def_cfa_offset 4
 472              		.cfi_offset 7, -4
 473 0002 00AF     		add	r7, sp, #0
 474              		.cfi_def_cfa_register 7
 380:Generated_Source\PSoC5/power_isr.c ****     *power_isr_INTC_SET_PD = power_isr__INTC_MASK;
 475              		.loc 1 380 0
ARM GAS  D:\Windows\AppData\Local\Temp\ccWWNBHM.s 			page 16


 476 0004 034B     		ldr	r3, .L37
 477 0006 4022     		movs	r2, #64
 478 0008 1A60     		str	r2, [r3]
 381:Generated_Source\PSoC5/power_isr.c **** }
 479              		.loc 1 381 0
 480 000a BD46     		mov	sp, r7
 481              		.cfi_def_cfa_register 13
 482              		@ sp needed
 483 000c 5DF8047B 		ldr	r7, [sp], #4
 484              		.cfi_restore 7
 485              		.cfi_def_cfa_offset 0
 486 0010 7047     		bx	lr
 487              	.L38:
 488 0012 00BF     		.align	2
 489              	.L37:
 490 0014 00E200E0 		.word	-536813056
 491              		.cfi_endproc
 492              	.LFE74:
 493              		.size	power_isr_SetPending, .-power_isr_SetPending
 494              		.section	.text.power_isr_ClearPending,"ax",%progbits
 495              		.align	2
 496              		.global	power_isr_ClearPending
 497              		.thumb
 498              		.thumb_func
 499              		.type	power_isr_ClearPending, %function
 500              	power_isr_ClearPending:
 501              	.LFB75:
 382:Generated_Source\PSoC5/power_isr.c **** 
 383:Generated_Source\PSoC5/power_isr.c **** 
 384:Generated_Source\PSoC5/power_isr.c **** /*******************************************************************************
 385:Generated_Source\PSoC5/power_isr.c **** * Function Name: power_isr_ClearPending
 386:Generated_Source\PSoC5/power_isr.c **** ********************************************************************************
 387:Generated_Source\PSoC5/power_isr.c **** *
 388:Generated_Source\PSoC5/power_isr.c **** * Summary:
 389:Generated_Source\PSoC5/power_isr.c **** *   Clears a pending interrupt in the interrupt controller.
 390:Generated_Source\PSoC5/power_isr.c **** *
 391:Generated_Source\PSoC5/power_isr.c **** *   Note Some interrupt sources are clear-on-read and require the block 
 392:Generated_Source\PSoC5/power_isr.c **** *   interrupt/status register to be read/cleared with the appropriate block API 
 393:Generated_Source\PSoC5/power_isr.c **** *   (GPIO, UART, and so on). Otherwise the ISR will continue to remain in 
 394:Generated_Source\PSoC5/power_isr.c **** *   pending state even though the interrupt itself is cleared using this API.
 395:Generated_Source\PSoC5/power_isr.c **** *
 396:Generated_Source\PSoC5/power_isr.c **** * Parameters:
 397:Generated_Source\PSoC5/power_isr.c **** *   None
 398:Generated_Source\PSoC5/power_isr.c **** *
 399:Generated_Source\PSoC5/power_isr.c **** * Return:
 400:Generated_Source\PSoC5/power_isr.c **** *   None
 401:Generated_Source\PSoC5/power_isr.c **** *
 402:Generated_Source\PSoC5/power_isr.c **** *******************************************************************************/
 403:Generated_Source\PSoC5/power_isr.c **** void power_isr_ClearPending(void)
 404:Generated_Source\PSoC5/power_isr.c **** {
 502              		.loc 1 404 0
 503              		.cfi_startproc
 504              		@ args = 0, pretend = 0, frame = 0
 505              		@ frame_needed = 1, uses_anonymous_args = 0
 506              		@ link register save eliminated.
 507 0000 80B4     		push	{r7}
 508              		.cfi_def_cfa_offset 4
ARM GAS  D:\Windows\AppData\Local\Temp\ccWWNBHM.s 			page 17


 509              		.cfi_offset 7, -4
 510 0002 00AF     		add	r7, sp, #0
 511              		.cfi_def_cfa_register 7
 405:Generated_Source\PSoC5/power_isr.c ****     *power_isr_INTC_CLR_PD = power_isr__INTC_MASK;
 512              		.loc 1 405 0
 513 0004 034B     		ldr	r3, .L40
 514 0006 4022     		movs	r2, #64
 515 0008 1A60     		str	r2, [r3]
 406:Generated_Source\PSoC5/power_isr.c **** }
 516              		.loc 1 406 0
 517 000a BD46     		mov	sp, r7
 518              		.cfi_def_cfa_register 13
 519              		@ sp needed
 520 000c 5DF8047B 		ldr	r7, [sp], #4
 521              		.cfi_restore 7
 522              		.cfi_def_cfa_offset 0
 523 0010 7047     		bx	lr
 524              	.L41:
 525 0012 00BF     		.align	2
 526              	.L40:
 527 0014 80E200E0 		.word	-536812928
 528              		.cfi_endproc
 529              	.LFE75:
 530              		.size	power_isr_ClearPending, .-power_isr_ClearPending
 531              		.text
 532              	.Letext0:
 533              		.file 2 "d:\\programming\\cypress\\psoc creator\\4.0\\psoc creator\\import\\gnu\\arm\\4.9.3\\arm-n
 534              		.file 3 "d:\\programming\\cypress\\psoc creator\\4.0\\psoc creator\\import\\gnu\\arm\\4.9.3\\arm-n
 535              		.file 4 "Generated_Source\\PSoC5/cytypes.h"
 536              		.file 5 "Generated_Source\\PSoC5/core_cm3.h"
 537              		.section	.debug_info,"",%progbits
 538              	.Ldebug_info0:
 539 0000 5D020000 		.4byte	0x25d
 540 0004 0400     		.2byte	0x4
 541 0006 00000000 		.4byte	.Ldebug_abbrev0
 542 000a 04       		.byte	0x4
 543 000b 01       		.uleb128 0x1
 544 000c 46000000 		.4byte	.LASF35
 545 0010 01       		.byte	0x1
 546 0011 BD020000 		.4byte	.LASF36
 547 0015 D4000000 		.4byte	.LASF37
 548 0019 00000000 		.4byte	.Ldebug_ranges0+0
 549 001d 00000000 		.4byte	0
 550 0021 00000000 		.4byte	.Ldebug_line0
 551 0025 02       		.uleb128 0x2
 552 0026 04       		.byte	0x4
 553 0027 05       		.byte	0x5
 554 0028 696E7400 		.ascii	"int\000"
 555 002c 03       		.uleb128 0x3
 556 002d 04       		.byte	0x4
 557 002e 07       		.byte	0x7
 558 002f C9010000 		.4byte	.LASF0
 559 0033 03       		.uleb128 0x3
 560 0034 01       		.byte	0x1
 561 0035 06       		.byte	0x6
 562 0036 02020000 		.4byte	.LASF1
 563 003a 03       		.uleb128 0x3
ARM GAS  D:\Windows\AppData\Local\Temp\ccWWNBHM.s 			page 18


 564 003b 01       		.byte	0x1
 565 003c 08       		.byte	0x8
 566 003d 55010000 		.4byte	.LASF2
 567 0041 03       		.uleb128 0x3
 568 0042 02       		.byte	0x2
 569 0043 05       		.byte	0x5
 570 0044 66020000 		.4byte	.LASF3
 571 0048 03       		.uleb128 0x3
 572 0049 02       		.byte	0x2
 573 004a 07       		.byte	0x7
 574 004b AA020000 		.4byte	.LASF4
 575 004f 04       		.uleb128 0x4
 576 0050 17000000 		.4byte	.LASF11
 577 0054 02       		.byte	0x2
 578 0055 3F       		.byte	0x3f
 579 0056 5A000000 		.4byte	0x5a
 580 005a 03       		.uleb128 0x3
 581 005b 04       		.byte	0x4
 582 005c 05       		.byte	0x5
 583 005d 76020000 		.4byte	.LASF5
 584 0061 03       		.uleb128 0x3
 585 0062 04       		.byte	0x4
 586 0063 07       		.byte	0x7
 587 0064 68010000 		.4byte	.LASF6
 588 0068 03       		.uleb128 0x3
 589 0069 08       		.byte	0x8
 590 006a 05       		.byte	0x5
 591 006b 2E020000 		.4byte	.LASF7
 592 006f 03       		.uleb128 0x3
 593 0070 08       		.byte	0x8
 594 0071 07       		.byte	0x7
 595 0072 DE010000 		.4byte	.LASF8
 596 0076 03       		.uleb128 0x3
 597 0077 04       		.byte	0x4
 598 0078 07       		.byte	0x7
 599 0079 25020000 		.4byte	.LASF9
 600 007d 05       		.uleb128 0x5
 601 007e 04       		.byte	0x4
 602 007f 83000000 		.4byte	0x83
 603 0083 06       		.uleb128 0x6
 604 0084 03       		.uleb128 0x3
 605 0085 01       		.byte	0x1
 606 0086 08       		.byte	0x8
 607 0087 3C020000 		.4byte	.LASF10
 608 008b 04       		.uleb128 0x4
 609 008c 1D020000 		.4byte	.LASF12
 610 0090 03       		.byte	0x3
 611 0091 2C       		.byte	0x2c
 612 0092 4F000000 		.4byte	0x4f
 613 0096 07       		.uleb128 0x7
 614 0097 70020000 		.4byte	.LASF13
 615 009b 04       		.byte	0x4
 616 009c 9201     		.2byte	0x192
 617 009e 3A000000 		.4byte	0x3a
 618 00a2 07       		.uleb128 0x7
 619 00a3 C2010000 		.4byte	.LASF14
 620 00a7 04       		.byte	0x4
ARM GAS  D:\Windows\AppData\Local\Temp\ccWWNBHM.s 			page 19


 621 00a8 9401     		.2byte	0x194
 622 00aa 61000000 		.4byte	0x61
 623 00ae 03       		.uleb128 0x3
 624 00af 04       		.byte	0x4
 625 00b0 04       		.byte	0x4
 626 00b1 2B010000 		.4byte	.LASF15
 627 00b5 03       		.uleb128 0x3
 628 00b6 08       		.byte	0x8
 629 00b7 04       		.byte	0x4
 630 00b8 9C010000 		.4byte	.LASF16
 631 00bc 07       		.uleb128 0x7
 632 00bd 63010000 		.4byte	.LASF17
 633 00c1 04       		.byte	0x4
 634 00c2 3C02     		.2byte	0x23c
 635 00c4 C8000000 		.4byte	0xc8
 636 00c8 08       		.uleb128 0x8
 637 00c9 96000000 		.4byte	0x96
 638 00cd 07       		.uleb128 0x7
 639 00ce 00000000 		.4byte	.LASF18
 640 00d2 04       		.byte	0x4
 641 00d3 3E02     		.2byte	0x23e
 642 00d5 D9000000 		.4byte	0xd9
 643 00d9 08       		.uleb128 0x8
 644 00da A2000000 		.4byte	0xa2
 645 00de 07       		.uleb128 0x7
 646 00df F5010000 		.4byte	.LASF19
 647 00e3 04       		.byte	0x4
 648 00e4 4E02     		.2byte	0x24e
 649 00e6 7D000000 		.4byte	0x7d
 650 00ea 09       		.uleb128 0x9
 651 00eb 45010000 		.4byte	.LASF20
 652 00ef 01       		.byte	0x1
 653 00f0 3E       		.byte	0x3e
 654 00f1 00000000 		.4byte	.LFB63
 655 00f5 20000000 		.4byte	.LFE63-.LFB63
 656 00f9 01       		.uleb128 0x1
 657 00fa 9C       		.byte	0x9c
 658 00fb 0A       		.uleb128 0xa
 659 00fc 34000000 		.4byte	.LASF23
 660 0100 01       		.byte	0x1
 661 0101 69       		.byte	0x69
 662 0102 00000000 		.4byte	.LFB64
 663 0106 22000000 		.4byte	.LFE64-.LFB64
 664 010a 01       		.uleb128 0x1
 665 010b 9C       		.byte	0x9c
 666 010c 1F010000 		.4byte	0x11f
 667 0110 0B       		.uleb128 0xb
 668 0111 D6010000 		.4byte	.LASF25
 669 0115 01       		.byte	0x1
 670 0116 69       		.byte	0x69
 671 0117 DE000000 		.4byte	0xde
 672 011b 02       		.uleb128 0x2
 673 011c 91       		.byte	0x91
 674 011d 74       		.sleb128 -12
 675 011e 00       		.byte	0
 676 011f 09       		.uleb128 0x9
 677 0120 0E020000 		.4byte	.LASF21
ARM GAS  D:\Windows\AppData\Local\Temp\ccWWNBHM.s 			page 20


 678 0124 01       		.byte	0x1
 679 0125 87       		.byte	0x87
 680 0126 00000000 		.4byte	.LFB65
 681 012a 14000000 		.4byte	.LFE65-.LFB65
 682 012e 01       		.uleb128 0x1
 683 012f 9C       		.byte	0x9c
 684 0130 0C       		.uleb128 0xc
 685 0131 31010000 		.4byte	.LASF22
 686 0135 01       		.byte	0x1
 687 0136 A1       		.byte	0xa1
 688 0137 00000000 		.4byte	.LFB66
 689 013b 06000000 		.4byte	.LFE66-.LFB66
 690 013f 01       		.uleb128 0x1
 691 0140 9C       		.byte	0x9c
 692 0141 0D       		.uleb128 0xd
 693 0142 7F020000 		.4byte	.LASF24
 694 0146 01       		.byte	0x1
 695 0147 CA       		.byte	0xca
 696 0148 00000000 		.4byte	.LFB67
 697 014c 24000000 		.4byte	.LFE67-.LFB67
 698 0150 01       		.uleb128 0x1
 699 0151 9C       		.byte	0x9c
 700 0152 73010000 		.4byte	0x173
 701 0156 0B       		.uleb128 0xb
 702 0157 D6010000 		.4byte	.LASF25
 703 015b 01       		.byte	0x1
 704 015c CA       		.byte	0xca
 705 015d DE000000 		.4byte	0xde
 706 0161 02       		.uleb128 0x2
 707 0162 91       		.byte	0x91
 708 0163 6C       		.sleb128 -20
 709 0164 0E       		.uleb128 0xe
 710 0165 41020000 		.4byte	.LASF26
 711 0169 01       		.byte	0x1
 712 016a CC       		.byte	0xcc
 713 016b 73010000 		.4byte	0x173
 714 016f 02       		.uleb128 0x2
 715 0170 91       		.byte	0x91
 716 0171 74       		.sleb128 -12
 717 0172 00       		.byte	0
 718 0173 05       		.uleb128 0x5
 719 0174 04       		.byte	0x4
 720 0175 DE000000 		.4byte	0xde
 721 0179 0F       		.uleb128 0xf
 722 017a 17010000 		.4byte	.LASF29
 723 017e 01       		.byte	0x1
 724 017f E2       		.byte	0xe2
 725 0180 DE000000 		.4byte	0xde
 726 0184 00000000 		.4byte	.LFB68
 727 0188 20000000 		.4byte	.LFE68-.LFB68
 728 018c 01       		.uleb128 0x1
 729 018d 9C       		.byte	0x9c
 730 018e A1010000 		.4byte	0x1a1
 731 0192 0E       		.uleb128 0xe
 732 0193 41020000 		.4byte	.LASF26
 733 0197 01       		.byte	0x1
 734 0198 E4       		.byte	0xe4
ARM GAS  D:\Windows\AppData\Local\Temp\ccWWNBHM.s 			page 21


 735 0199 73010000 		.4byte	0x173
 736 019d 02       		.uleb128 0x2
 737 019e 91       		.byte	0x91
 738 019f 74       		.sleb128 -12
 739 01a0 00       		.byte	0
 740 01a1 10       		.uleb128 0x10
 741 01a2 50020000 		.4byte	.LASF27
 742 01a6 01       		.byte	0x1
 743 01a7 0401     		.2byte	0x104
 744 01a9 00000000 		.4byte	.LFB69
 745 01ad 24000000 		.4byte	.LFE69-.LFB69
 746 01b1 01       		.uleb128 0x1
 747 01b2 9C       		.byte	0x9c
 748 01b3 C7010000 		.4byte	0x1c7
 749 01b7 11       		.uleb128 0x11
 750 01b8 B9010000 		.4byte	.LASF28
 751 01bc 01       		.byte	0x1
 752 01bd 0401     		.2byte	0x104
 753 01bf 96000000 		.4byte	0x96
 754 01c3 02       		.uleb128 0x2
 755 01c4 91       		.byte	0x91
 756 01c5 77       		.sleb128 -9
 757 01c6 00       		.byte	0
 758 01c7 12       		.uleb128 0x12
 759 01c8 A3010000 		.4byte	.LASF30
 760 01cc 01       		.byte	0x1
 761 01cd 1A01     		.2byte	0x11a
 762 01cf 96000000 		.4byte	0x96
 763 01d3 00000000 		.4byte	.LFB70
 764 01d7 24000000 		.4byte	.LFE70-.LFB70
 765 01db 01       		.uleb128 0x1
 766 01dc 9C       		.byte	0x9c
 767 01dd F1010000 		.4byte	0x1f1
 768 01e1 13       		.uleb128 0x13
 769 01e2 B9010000 		.4byte	.LASF28
 770 01e6 01       		.byte	0x1
 771 01e7 1C01     		.2byte	0x11c
 772 01e9 96000000 		.4byte	0x96
 773 01ed 02       		.uleb128 0x2
 774 01ee 91       		.byte	0x91
 775 01ef 77       		.sleb128 -9
 776 01f0 00       		.byte	0
 777 01f1 14       		.uleb128 0x14
 778 01f2 06000000 		.4byte	.LASF31
 779 01f6 01       		.byte	0x1
 780 01f7 3501     		.2byte	0x135
 781 01f9 00000000 		.4byte	.LFB71
 782 01fd 18000000 		.4byte	.LFE71-.LFB71
 783 0201 01       		.uleb128 0x1
 784 0202 9C       		.byte	0x9c
 785 0203 15       		.uleb128 0x15
 786 0204 21000000 		.4byte	.LASF38
 787 0208 01       		.byte	0x1
 788 0209 4A01     		.2byte	0x14a
 789 020b 96000000 		.4byte	0x96
 790 020f 00000000 		.4byte	.LFB72
 791 0213 24000000 		.4byte	.LFE72-.LFB72
ARM GAS  D:\Windows\AppData\Local\Temp\ccWWNBHM.s 			page 22


 792 0217 01       		.uleb128 0x1
 793 0218 9C       		.byte	0x9c
 794 0219 14       		.uleb128 0x14
 795 021a E0020000 		.4byte	.LASF32
 796 021e 01       		.byte	0x1
 797 021f 5F01     		.2byte	0x15f
 798 0221 00000000 		.4byte	.LFB73
 799 0225 18000000 		.4byte	.LFE73-.LFB73
 800 0229 01       		.uleb128 0x1
 801 022a 9C       		.byte	0x9c
 802 022b 14       		.uleb128 0x14
 803 022c 7A010000 		.4byte	.LASF33
 804 0230 01       		.byte	0x1
 805 0231 7A01     		.2byte	0x17a
 806 0233 00000000 		.4byte	.LFB74
 807 0237 18000000 		.4byte	.LFE74-.LFB74
 808 023b 01       		.uleb128 0x1
 809 023c 9C       		.byte	0x9c
 810 023d 14       		.uleb128 0x14
 811 023e 93020000 		.4byte	.LASF34
 812 0242 01       		.byte	0x1
 813 0243 9301     		.2byte	0x193
 814 0245 00000000 		.4byte	.LFB75
 815 0249 18000000 		.4byte	.LFE75-.LFB75
 816 024d 01       		.uleb128 0x1
 817 024e 9C       		.byte	0x9c
 818 024f 16       		.uleb128 0x16
 819 0250 8F010000 		.4byte	.LASF39
 820 0254 05       		.byte	0x5
 821 0255 9606     		.2byte	0x696
 822 0257 5B020000 		.4byte	0x25b
 823 025b 08       		.uleb128 0x8
 824 025c 8B000000 		.4byte	0x8b
 825 0260 00       		.byte	0
 826              		.section	.debug_abbrev,"",%progbits
 827              	.Ldebug_abbrev0:
 828 0000 01       		.uleb128 0x1
 829 0001 11       		.uleb128 0x11
 830 0002 01       		.byte	0x1
 831 0003 25       		.uleb128 0x25
 832 0004 0E       		.uleb128 0xe
 833 0005 13       		.uleb128 0x13
 834 0006 0B       		.uleb128 0xb
 835 0007 03       		.uleb128 0x3
 836 0008 0E       		.uleb128 0xe
 837 0009 1B       		.uleb128 0x1b
 838 000a 0E       		.uleb128 0xe
 839 000b 55       		.uleb128 0x55
 840 000c 17       		.uleb128 0x17
 841 000d 11       		.uleb128 0x11
 842 000e 01       		.uleb128 0x1
 843 000f 10       		.uleb128 0x10
 844 0010 17       		.uleb128 0x17
 845 0011 00       		.byte	0
 846 0012 00       		.byte	0
 847 0013 02       		.uleb128 0x2
 848 0014 24       		.uleb128 0x24
ARM GAS  D:\Windows\AppData\Local\Temp\ccWWNBHM.s 			page 23


 849 0015 00       		.byte	0
 850 0016 0B       		.uleb128 0xb
 851 0017 0B       		.uleb128 0xb
 852 0018 3E       		.uleb128 0x3e
 853 0019 0B       		.uleb128 0xb
 854 001a 03       		.uleb128 0x3
 855 001b 08       		.uleb128 0x8
 856 001c 00       		.byte	0
 857 001d 00       		.byte	0
 858 001e 03       		.uleb128 0x3
 859 001f 24       		.uleb128 0x24
 860 0020 00       		.byte	0
 861 0021 0B       		.uleb128 0xb
 862 0022 0B       		.uleb128 0xb
 863 0023 3E       		.uleb128 0x3e
 864 0024 0B       		.uleb128 0xb
 865 0025 03       		.uleb128 0x3
 866 0026 0E       		.uleb128 0xe
 867 0027 00       		.byte	0
 868 0028 00       		.byte	0
 869 0029 04       		.uleb128 0x4
 870 002a 16       		.uleb128 0x16
 871 002b 00       		.byte	0
 872 002c 03       		.uleb128 0x3
 873 002d 0E       		.uleb128 0xe
 874 002e 3A       		.uleb128 0x3a
 875 002f 0B       		.uleb128 0xb
 876 0030 3B       		.uleb128 0x3b
 877 0031 0B       		.uleb128 0xb
 878 0032 49       		.uleb128 0x49
 879 0033 13       		.uleb128 0x13
 880 0034 00       		.byte	0
 881 0035 00       		.byte	0
 882 0036 05       		.uleb128 0x5
 883 0037 0F       		.uleb128 0xf
 884 0038 00       		.byte	0
 885 0039 0B       		.uleb128 0xb
 886 003a 0B       		.uleb128 0xb
 887 003b 49       		.uleb128 0x49
 888 003c 13       		.uleb128 0x13
 889 003d 00       		.byte	0
 890 003e 00       		.byte	0
 891 003f 06       		.uleb128 0x6
 892 0040 15       		.uleb128 0x15
 893 0041 00       		.byte	0
 894 0042 27       		.uleb128 0x27
 895 0043 19       		.uleb128 0x19
 896 0044 00       		.byte	0
 897 0045 00       		.byte	0
 898 0046 07       		.uleb128 0x7
 899 0047 16       		.uleb128 0x16
 900 0048 00       		.byte	0
 901 0049 03       		.uleb128 0x3
 902 004a 0E       		.uleb128 0xe
 903 004b 3A       		.uleb128 0x3a
 904 004c 0B       		.uleb128 0xb
 905 004d 3B       		.uleb128 0x3b
ARM GAS  D:\Windows\AppData\Local\Temp\ccWWNBHM.s 			page 24


 906 004e 05       		.uleb128 0x5
 907 004f 49       		.uleb128 0x49
 908 0050 13       		.uleb128 0x13
 909 0051 00       		.byte	0
 910 0052 00       		.byte	0
 911 0053 08       		.uleb128 0x8
 912 0054 35       		.uleb128 0x35
 913 0055 00       		.byte	0
 914 0056 49       		.uleb128 0x49
 915 0057 13       		.uleb128 0x13
 916 0058 00       		.byte	0
 917 0059 00       		.byte	0
 918 005a 09       		.uleb128 0x9
 919 005b 2E       		.uleb128 0x2e
 920 005c 00       		.byte	0
 921 005d 3F       		.uleb128 0x3f
 922 005e 19       		.uleb128 0x19
 923 005f 03       		.uleb128 0x3
 924 0060 0E       		.uleb128 0xe
 925 0061 3A       		.uleb128 0x3a
 926 0062 0B       		.uleb128 0xb
 927 0063 3B       		.uleb128 0x3b
 928 0064 0B       		.uleb128 0xb
 929 0065 27       		.uleb128 0x27
 930 0066 19       		.uleb128 0x19
 931 0067 11       		.uleb128 0x11
 932 0068 01       		.uleb128 0x1
 933 0069 12       		.uleb128 0x12
 934 006a 06       		.uleb128 0x6
 935 006b 40       		.uleb128 0x40
 936 006c 18       		.uleb128 0x18
 937 006d 9642     		.uleb128 0x2116
 938 006f 19       		.uleb128 0x19
 939 0070 00       		.byte	0
 940 0071 00       		.byte	0
 941 0072 0A       		.uleb128 0xa
 942 0073 2E       		.uleb128 0x2e
 943 0074 01       		.byte	0x1
 944 0075 3F       		.uleb128 0x3f
 945 0076 19       		.uleb128 0x19
 946 0077 03       		.uleb128 0x3
 947 0078 0E       		.uleb128 0xe
 948 0079 3A       		.uleb128 0x3a
 949 007a 0B       		.uleb128 0xb
 950 007b 3B       		.uleb128 0x3b
 951 007c 0B       		.uleb128 0xb
 952 007d 27       		.uleb128 0x27
 953 007e 19       		.uleb128 0x19
 954 007f 11       		.uleb128 0x11
 955 0080 01       		.uleb128 0x1
 956 0081 12       		.uleb128 0x12
 957 0082 06       		.uleb128 0x6
 958 0083 40       		.uleb128 0x40
 959 0084 18       		.uleb128 0x18
 960 0085 9642     		.uleb128 0x2116
 961 0087 19       		.uleb128 0x19
 962 0088 01       		.uleb128 0x1
ARM GAS  D:\Windows\AppData\Local\Temp\ccWWNBHM.s 			page 25


 963 0089 13       		.uleb128 0x13
 964 008a 00       		.byte	0
 965 008b 00       		.byte	0
 966 008c 0B       		.uleb128 0xb
 967 008d 05       		.uleb128 0x5
 968 008e 00       		.byte	0
 969 008f 03       		.uleb128 0x3
 970 0090 0E       		.uleb128 0xe
 971 0091 3A       		.uleb128 0x3a
 972 0092 0B       		.uleb128 0xb
 973 0093 3B       		.uleb128 0x3b
 974 0094 0B       		.uleb128 0xb
 975 0095 49       		.uleb128 0x49
 976 0096 13       		.uleb128 0x13
 977 0097 02       		.uleb128 0x2
 978 0098 18       		.uleb128 0x18
 979 0099 00       		.byte	0
 980 009a 00       		.byte	0
 981 009b 0C       		.uleb128 0xc
 982 009c 2E       		.uleb128 0x2e
 983 009d 00       		.byte	0
 984 009e 3F       		.uleb128 0x3f
 985 009f 19       		.uleb128 0x19
 986 00a0 03       		.uleb128 0x3
 987 00a1 0E       		.uleb128 0xe
 988 00a2 3A       		.uleb128 0x3a
 989 00a3 0B       		.uleb128 0xb
 990 00a4 3B       		.uleb128 0x3b
 991 00a5 0B       		.uleb128 0xb
 992 00a6 27       		.uleb128 0x27
 993 00a7 19       		.uleb128 0x19
 994 00a8 11       		.uleb128 0x11
 995 00a9 01       		.uleb128 0x1
 996 00aa 12       		.uleb128 0x12
 997 00ab 06       		.uleb128 0x6
 998 00ac 40       		.uleb128 0x40
 999 00ad 18       		.uleb128 0x18
 1000 00ae 9742     		.uleb128 0x2117
 1001 00b0 19       		.uleb128 0x19
 1002 00b1 00       		.byte	0
 1003 00b2 00       		.byte	0
 1004 00b3 0D       		.uleb128 0xd
 1005 00b4 2E       		.uleb128 0x2e
 1006 00b5 01       		.byte	0x1
 1007 00b6 3F       		.uleb128 0x3f
 1008 00b7 19       		.uleb128 0x19
 1009 00b8 03       		.uleb128 0x3
 1010 00b9 0E       		.uleb128 0xe
 1011 00ba 3A       		.uleb128 0x3a
 1012 00bb 0B       		.uleb128 0xb
 1013 00bc 3B       		.uleb128 0x3b
 1014 00bd 0B       		.uleb128 0xb
 1015 00be 27       		.uleb128 0x27
 1016 00bf 19       		.uleb128 0x19
 1017 00c0 11       		.uleb128 0x11
 1018 00c1 01       		.uleb128 0x1
 1019 00c2 12       		.uleb128 0x12
ARM GAS  D:\Windows\AppData\Local\Temp\ccWWNBHM.s 			page 26


 1020 00c3 06       		.uleb128 0x6
 1021 00c4 40       		.uleb128 0x40
 1022 00c5 18       		.uleb128 0x18
 1023 00c6 9742     		.uleb128 0x2117
 1024 00c8 19       		.uleb128 0x19
 1025 00c9 01       		.uleb128 0x1
 1026 00ca 13       		.uleb128 0x13
 1027 00cb 00       		.byte	0
 1028 00cc 00       		.byte	0
 1029 00cd 0E       		.uleb128 0xe
 1030 00ce 34       		.uleb128 0x34
 1031 00cf 00       		.byte	0
 1032 00d0 03       		.uleb128 0x3
 1033 00d1 0E       		.uleb128 0xe
 1034 00d2 3A       		.uleb128 0x3a
 1035 00d3 0B       		.uleb128 0xb
 1036 00d4 3B       		.uleb128 0x3b
 1037 00d5 0B       		.uleb128 0xb
 1038 00d6 49       		.uleb128 0x49
 1039 00d7 13       		.uleb128 0x13
 1040 00d8 02       		.uleb128 0x2
 1041 00d9 18       		.uleb128 0x18
 1042 00da 00       		.byte	0
 1043 00db 00       		.byte	0
 1044 00dc 0F       		.uleb128 0xf
 1045 00dd 2E       		.uleb128 0x2e
 1046 00de 01       		.byte	0x1
 1047 00df 3F       		.uleb128 0x3f
 1048 00e0 19       		.uleb128 0x19
 1049 00e1 03       		.uleb128 0x3
 1050 00e2 0E       		.uleb128 0xe
 1051 00e3 3A       		.uleb128 0x3a
 1052 00e4 0B       		.uleb128 0xb
 1053 00e5 3B       		.uleb128 0x3b
 1054 00e6 0B       		.uleb128 0xb
 1055 00e7 27       		.uleb128 0x27
 1056 00e8 19       		.uleb128 0x19
 1057 00e9 49       		.uleb128 0x49
 1058 00ea 13       		.uleb128 0x13
 1059 00eb 11       		.uleb128 0x11
 1060 00ec 01       		.uleb128 0x1
 1061 00ed 12       		.uleb128 0x12
 1062 00ee 06       		.uleb128 0x6
 1063 00ef 40       		.uleb128 0x40
 1064 00f0 18       		.uleb128 0x18
 1065 00f1 9742     		.uleb128 0x2117
 1066 00f3 19       		.uleb128 0x19
 1067 00f4 01       		.uleb128 0x1
 1068 00f5 13       		.uleb128 0x13
 1069 00f6 00       		.byte	0
 1070 00f7 00       		.byte	0
 1071 00f8 10       		.uleb128 0x10
 1072 00f9 2E       		.uleb128 0x2e
 1073 00fa 01       		.byte	0x1
 1074 00fb 3F       		.uleb128 0x3f
 1075 00fc 19       		.uleb128 0x19
 1076 00fd 03       		.uleb128 0x3
ARM GAS  D:\Windows\AppData\Local\Temp\ccWWNBHM.s 			page 27


 1077 00fe 0E       		.uleb128 0xe
 1078 00ff 3A       		.uleb128 0x3a
 1079 0100 0B       		.uleb128 0xb
 1080 0101 3B       		.uleb128 0x3b
 1081 0102 05       		.uleb128 0x5
 1082 0103 27       		.uleb128 0x27
 1083 0104 19       		.uleb128 0x19
 1084 0105 11       		.uleb128 0x11
 1085 0106 01       		.uleb128 0x1
 1086 0107 12       		.uleb128 0x12
 1087 0108 06       		.uleb128 0x6
 1088 0109 40       		.uleb128 0x40
 1089 010a 18       		.uleb128 0x18
 1090 010b 9742     		.uleb128 0x2117
 1091 010d 19       		.uleb128 0x19
 1092 010e 01       		.uleb128 0x1
 1093 010f 13       		.uleb128 0x13
 1094 0110 00       		.byte	0
 1095 0111 00       		.byte	0
 1096 0112 11       		.uleb128 0x11
 1097 0113 05       		.uleb128 0x5
 1098 0114 00       		.byte	0
 1099 0115 03       		.uleb128 0x3
 1100 0116 0E       		.uleb128 0xe
 1101 0117 3A       		.uleb128 0x3a
 1102 0118 0B       		.uleb128 0xb
 1103 0119 3B       		.uleb128 0x3b
 1104 011a 05       		.uleb128 0x5
 1105 011b 49       		.uleb128 0x49
 1106 011c 13       		.uleb128 0x13
 1107 011d 02       		.uleb128 0x2
 1108 011e 18       		.uleb128 0x18
 1109 011f 00       		.byte	0
 1110 0120 00       		.byte	0
 1111 0121 12       		.uleb128 0x12
 1112 0122 2E       		.uleb128 0x2e
 1113 0123 01       		.byte	0x1
 1114 0124 3F       		.uleb128 0x3f
 1115 0125 19       		.uleb128 0x19
 1116 0126 03       		.uleb128 0x3
 1117 0127 0E       		.uleb128 0xe
 1118 0128 3A       		.uleb128 0x3a
 1119 0129 0B       		.uleb128 0xb
 1120 012a 3B       		.uleb128 0x3b
 1121 012b 05       		.uleb128 0x5
 1122 012c 27       		.uleb128 0x27
 1123 012d 19       		.uleb128 0x19
 1124 012e 49       		.uleb128 0x49
 1125 012f 13       		.uleb128 0x13
 1126 0130 11       		.uleb128 0x11
 1127 0131 01       		.uleb128 0x1
 1128 0132 12       		.uleb128 0x12
 1129 0133 06       		.uleb128 0x6
 1130 0134 40       		.uleb128 0x40
 1131 0135 18       		.uleb128 0x18
 1132 0136 9742     		.uleb128 0x2117
 1133 0138 19       		.uleb128 0x19
ARM GAS  D:\Windows\AppData\Local\Temp\ccWWNBHM.s 			page 28


 1134 0139 01       		.uleb128 0x1
 1135 013a 13       		.uleb128 0x13
 1136 013b 00       		.byte	0
 1137 013c 00       		.byte	0
 1138 013d 13       		.uleb128 0x13
 1139 013e 34       		.uleb128 0x34
 1140 013f 00       		.byte	0
 1141 0140 03       		.uleb128 0x3
 1142 0141 0E       		.uleb128 0xe
 1143 0142 3A       		.uleb128 0x3a
 1144 0143 0B       		.uleb128 0xb
 1145 0144 3B       		.uleb128 0x3b
 1146 0145 05       		.uleb128 0x5
 1147 0146 49       		.uleb128 0x49
 1148 0147 13       		.uleb128 0x13
 1149 0148 02       		.uleb128 0x2
 1150 0149 18       		.uleb128 0x18
 1151 014a 00       		.byte	0
 1152 014b 00       		.byte	0
 1153 014c 14       		.uleb128 0x14
 1154 014d 2E       		.uleb128 0x2e
 1155 014e 00       		.byte	0
 1156 014f 3F       		.uleb128 0x3f
 1157 0150 19       		.uleb128 0x19
 1158 0151 03       		.uleb128 0x3
 1159 0152 0E       		.uleb128 0xe
 1160 0153 3A       		.uleb128 0x3a
 1161 0154 0B       		.uleb128 0xb
 1162 0155 3B       		.uleb128 0x3b
 1163 0156 05       		.uleb128 0x5
 1164 0157 27       		.uleb128 0x27
 1165 0158 19       		.uleb128 0x19
 1166 0159 11       		.uleb128 0x11
 1167 015a 01       		.uleb128 0x1
 1168 015b 12       		.uleb128 0x12
 1169 015c 06       		.uleb128 0x6
 1170 015d 40       		.uleb128 0x40
 1171 015e 18       		.uleb128 0x18
 1172 015f 9742     		.uleb128 0x2117
 1173 0161 19       		.uleb128 0x19
 1174 0162 00       		.byte	0
 1175 0163 00       		.byte	0
 1176 0164 15       		.uleb128 0x15
 1177 0165 2E       		.uleb128 0x2e
 1178 0166 00       		.byte	0
 1179 0167 3F       		.uleb128 0x3f
 1180 0168 19       		.uleb128 0x19
 1181 0169 03       		.uleb128 0x3
 1182 016a 0E       		.uleb128 0xe
 1183 016b 3A       		.uleb128 0x3a
 1184 016c 0B       		.uleb128 0xb
 1185 016d 3B       		.uleb128 0x3b
 1186 016e 05       		.uleb128 0x5
 1187 016f 27       		.uleb128 0x27
 1188 0170 19       		.uleb128 0x19
 1189 0171 49       		.uleb128 0x49
 1190 0172 13       		.uleb128 0x13
ARM GAS  D:\Windows\AppData\Local\Temp\ccWWNBHM.s 			page 29


 1191 0173 11       		.uleb128 0x11
 1192 0174 01       		.uleb128 0x1
 1193 0175 12       		.uleb128 0x12
 1194 0176 06       		.uleb128 0x6
 1195 0177 40       		.uleb128 0x40
 1196 0178 18       		.uleb128 0x18
 1197 0179 9742     		.uleb128 0x2117
 1198 017b 19       		.uleb128 0x19
 1199 017c 00       		.byte	0
 1200 017d 00       		.byte	0
 1201 017e 16       		.uleb128 0x16
 1202 017f 34       		.uleb128 0x34
 1203 0180 00       		.byte	0
 1204 0181 03       		.uleb128 0x3
 1205 0182 0E       		.uleb128 0xe
 1206 0183 3A       		.uleb128 0x3a
 1207 0184 0B       		.uleb128 0xb
 1208 0185 3B       		.uleb128 0x3b
 1209 0186 05       		.uleb128 0x5
 1210 0187 49       		.uleb128 0x49
 1211 0188 13       		.uleb128 0x13
 1212 0189 3F       		.uleb128 0x3f
 1213 018a 19       		.uleb128 0x19
 1214 018b 3C       		.uleb128 0x3c
 1215 018c 19       		.uleb128 0x19
 1216 018d 00       		.byte	0
 1217 018e 00       		.byte	0
 1218 018f 00       		.byte	0
 1219              		.section	.debug_aranges,"",%progbits
 1220 0000 7C000000 		.4byte	0x7c
 1221 0004 0200     		.2byte	0x2
 1222 0006 00000000 		.4byte	.Ldebug_info0
 1223 000a 04       		.byte	0x4
 1224 000b 00       		.byte	0
 1225 000c 0000     		.2byte	0
 1226 000e 0000     		.2byte	0
 1227 0010 00000000 		.4byte	.LFB63
 1228 0014 20000000 		.4byte	.LFE63-.LFB63
 1229 0018 00000000 		.4byte	.LFB64
 1230 001c 22000000 		.4byte	.LFE64-.LFB64
 1231 0020 00000000 		.4byte	.LFB65
 1232 0024 14000000 		.4byte	.LFE65-.LFB65
 1233 0028 00000000 		.4byte	.LFB66
 1234 002c 06000000 		.4byte	.LFE66-.LFB66
 1235 0030 00000000 		.4byte	.LFB67
 1236 0034 24000000 		.4byte	.LFE67-.LFB67
 1237 0038 00000000 		.4byte	.LFB68
 1238 003c 20000000 		.4byte	.LFE68-.LFB68
 1239 0040 00000000 		.4byte	.LFB69
 1240 0044 24000000 		.4byte	.LFE69-.LFB69
 1241 0048 00000000 		.4byte	.LFB70
 1242 004c 24000000 		.4byte	.LFE70-.LFB70
 1243 0050 00000000 		.4byte	.LFB71
 1244 0054 18000000 		.4byte	.LFE71-.LFB71
 1245 0058 00000000 		.4byte	.LFB72
 1246 005c 24000000 		.4byte	.LFE72-.LFB72
 1247 0060 00000000 		.4byte	.LFB73
ARM GAS  D:\Windows\AppData\Local\Temp\ccWWNBHM.s 			page 30


 1248 0064 18000000 		.4byte	.LFE73-.LFB73
 1249 0068 00000000 		.4byte	.LFB74
 1250 006c 18000000 		.4byte	.LFE74-.LFB74
 1251 0070 00000000 		.4byte	.LFB75
 1252 0074 18000000 		.4byte	.LFE75-.LFB75
 1253 0078 00000000 		.4byte	0
 1254 007c 00000000 		.4byte	0
 1255              		.section	.debug_ranges,"",%progbits
 1256              	.Ldebug_ranges0:
 1257 0000 00000000 		.4byte	.LFB63
 1258 0004 20000000 		.4byte	.LFE63
 1259 0008 00000000 		.4byte	.LFB64
 1260 000c 22000000 		.4byte	.LFE64
 1261 0010 00000000 		.4byte	.LFB65
 1262 0014 14000000 		.4byte	.LFE65
 1263 0018 00000000 		.4byte	.LFB66
 1264 001c 06000000 		.4byte	.LFE66
 1265 0020 00000000 		.4byte	.LFB67
 1266 0024 24000000 		.4byte	.LFE67
 1267 0028 00000000 		.4byte	.LFB68
 1268 002c 20000000 		.4byte	.LFE68
 1269 0030 00000000 		.4byte	.LFB69
 1270 0034 24000000 		.4byte	.LFE69
 1271 0038 00000000 		.4byte	.LFB70
 1272 003c 24000000 		.4byte	.LFE70
 1273 0040 00000000 		.4byte	.LFB71
 1274 0044 18000000 		.4byte	.LFE71
 1275 0048 00000000 		.4byte	.LFB72
 1276 004c 24000000 		.4byte	.LFE72
 1277 0050 00000000 		.4byte	.LFB73
 1278 0054 18000000 		.4byte	.LFE73
 1279 0058 00000000 		.4byte	.LFB74
 1280 005c 18000000 		.4byte	.LFE74
 1281 0060 00000000 		.4byte	.LFB75
 1282 0064 18000000 		.4byte	.LFE75
 1283 0068 00000000 		.4byte	0
 1284 006c 00000000 		.4byte	0
 1285              		.section	.debug_line,"",%progbits
 1286              	.Ldebug_line0:
 1287 0000 48020000 		.section	.debug_str,"MS",%progbits,1
 1287      02003C01 
 1287      00000201 
 1287      FB0E0D00 
 1287      01010101 
 1288              	.LASF18:
 1289 0000 72656733 		.ascii	"reg32\000"
 1289      3200
 1290              	.LASF31:
 1291 0006 706F7765 		.ascii	"power_isr_Enable\000"
 1291      725F6973 
 1291      725F456E 
 1291      61626C65 
 1291      00
 1292              	.LASF11:
 1293 0017 5F5F696E 		.ascii	"__int32_t\000"
 1293      7433325F 
 1293      7400
ARM GAS  D:\Windows\AppData\Local\Temp\ccWWNBHM.s 			page 31


 1294              	.LASF38:
 1295 0021 706F7765 		.ascii	"power_isr_GetState\000"
 1295      725F6973 
 1295      725F4765 
 1295      74537461 
 1295      746500
 1296              	.LASF23:
 1297 0034 706F7765 		.ascii	"power_isr_StartEx\000"
 1297      725F6973 
 1297      725F5374 
 1297      61727445 
 1297      7800
 1298              	.LASF35:
 1299 0046 474E5520 		.ascii	"GNU C 4.9.3 20150303 (release) [ARM/embedded-4_9-br"
 1299      4320342E 
 1299      392E3320 
 1299      32303135 
 1299      30333033 
 1300 0079 616E6368 		.ascii	"anch revision 221220] -mcpu=cortex-m3 -mthumb -g -O"
 1300      20726576 
 1300      6973696F 
 1300      6E203232 
 1300      31323230 
 1301 00ac 30202D66 		.ascii	"0 -ffunction-sections -ffat-lto-objects\000"
 1301      66756E63 
 1301      74696F6E 
 1301      2D736563 
 1301      74696F6E 
 1302              	.LASF37:
 1303 00d4 443A5C44 		.ascii	"D:\\Downloads\\FRUCD\\Node-Capybara\\Node-Capybara\\"
 1303      6F776E6C 
 1303      6F616473 
 1303      5C465255 
 1303      43445C4E 
 1304 0103 4E6F6465 		.ascii	"Node-Capybara.cydsn\000"
 1304      2D436170 
 1304      79626172 
 1304      612E6379 
 1304      64736E00 
 1305              	.LASF29:
 1306 0117 706F7765 		.ascii	"power_isr_GetVector\000"
 1306      725F6973 
 1306      725F4765 
 1306      74566563 
 1306      746F7200 
 1307              	.LASF15:
 1308 012b 666C6F61 		.ascii	"float\000"
 1308      7400
 1309              	.LASF22:
 1310 0131 706F7765 		.ascii	"power_isr_Interrupt\000"
 1310      725F6973 
 1310      725F496E 
 1310      74657272 
 1310      75707400 
 1311              	.LASF20:
 1312 0145 706F7765 		.ascii	"power_isr_Start\000"
 1312      725F6973 
ARM GAS  D:\Windows\AppData\Local\Temp\ccWWNBHM.s 			page 32


 1312      725F5374 
 1312      61727400 
 1313              	.LASF2:
 1314 0155 756E7369 		.ascii	"unsigned char\000"
 1314      676E6564 
 1314      20636861 
 1314      7200
 1315              	.LASF17:
 1316 0163 72656738 		.ascii	"reg8\000"
 1316      00
 1317              	.LASF6:
 1318 0168 6C6F6E67 		.ascii	"long unsigned int\000"
 1318      20756E73 
 1318      69676E65 
 1318      6420696E 
 1318      7400
 1319              	.LASF33:
 1320 017a 706F7765 		.ascii	"power_isr_SetPending\000"
 1320      725F6973 
 1320      725F5365 
 1320      7450656E 
 1320      64696E67 
 1321              	.LASF39:
 1322 018f 49544D5F 		.ascii	"ITM_RxBuffer\000"
 1322      52784275 
 1322      66666572 
 1322      00
 1323              	.LASF16:
 1324 019c 646F7562 		.ascii	"double\000"
 1324      6C6500
 1325              	.LASF30:
 1326 01a3 706F7765 		.ascii	"power_isr_GetPriority\000"
 1326      725F6973 
 1326      725F4765 
 1326      74507269 
 1326      6F726974 
 1327              	.LASF28:
 1328 01b9 7072696F 		.ascii	"priority\000"
 1328      72697479 
 1328      00
 1329              	.LASF14:
 1330 01c2 75696E74 		.ascii	"uint32\000"
 1330      333200
 1331              	.LASF0:
 1332 01c9 756E7369 		.ascii	"unsigned int\000"
 1332      676E6564 
 1332      20696E74 
 1332      00
 1333              	.LASF25:
 1334 01d6 61646472 		.ascii	"address\000"
 1334      65737300 
 1335              	.LASF8:
 1336 01de 6C6F6E67 		.ascii	"long long unsigned int\000"
 1336      206C6F6E 
 1336      6720756E 
 1336      7369676E 
 1336      65642069 
ARM GAS  D:\Windows\AppData\Local\Temp\ccWWNBHM.s 			page 33


 1337              	.LASF19:
 1338 01f5 63796973 		.ascii	"cyisraddress\000"
 1338      72616464 
 1338      72657373 
 1338      00
 1339              	.LASF1:
 1340 0202 7369676E 		.ascii	"signed char\000"
 1340      65642063 
 1340      68617200 
 1341              	.LASF21:
 1342 020e 706F7765 		.ascii	"power_isr_Stop\000"
 1342      725F6973 
 1342      725F5374 
 1342      6F7000
 1343              	.LASF12:
 1344 021d 696E7433 		.ascii	"int32_t\000"
 1344      325F7400 
 1345              	.LASF9:
 1346 0225 73697A65 		.ascii	"sizetype\000"
 1346      74797065 
 1346      00
 1347              	.LASF7:
 1348 022e 6C6F6E67 		.ascii	"long long int\000"
 1348      206C6F6E 
 1348      6720696E 
 1348      7400
 1349              	.LASF10:
 1350 023c 63686172 		.ascii	"char\000"
 1350      00
 1351              	.LASF26:
 1352 0241 72616D56 		.ascii	"ramVectorTable\000"
 1352      6563746F 
 1352      72546162 
 1352      6C6500
 1353              	.LASF27:
 1354 0250 706F7765 		.ascii	"power_isr_SetPriority\000"
 1354      725F6973 
 1354      725F5365 
 1354      74507269 
 1354      6F726974 
 1355              	.LASF3:
 1356 0266 73686F72 		.ascii	"short int\000"
 1356      7420696E 
 1356      7400
 1357              	.LASF13:
 1358 0270 75696E74 		.ascii	"uint8\000"
 1358      3800
 1359              	.LASF5:
 1360 0276 6C6F6E67 		.ascii	"long int\000"
 1360      20696E74 
 1360      00
 1361              	.LASF24:
 1362 027f 706F7765 		.ascii	"power_isr_SetVector\000"
 1362      725F6973 
 1362      725F5365 
 1362      74566563 
 1362      746F7200 
ARM GAS  D:\Windows\AppData\Local\Temp\ccWWNBHM.s 			page 34


 1363              	.LASF34:
 1364 0293 706F7765 		.ascii	"power_isr_ClearPending\000"
 1364      725F6973 
 1364      725F436C 
 1364      65617250 
 1364      656E6469 
 1365              	.LASF4:
 1366 02aa 73686F72 		.ascii	"short unsigned int\000"
 1366      7420756E 
 1366      7369676E 
 1366      65642069 
 1366      6E7400
 1367              	.LASF36:
 1368 02bd 47656E65 		.ascii	"Generated_Source\\PSoC5\\power_isr.c\000"
 1368      72617465 
 1368      645F536F 
 1368      75726365 
 1368      5C50536F 
 1369              	.LASF32:
 1370 02e0 706F7765 		.ascii	"power_isr_Disable\000"
 1370      725F6973 
 1370      725F4469 
 1370      7361626C 
 1370      6500
 1371              		.ident	"GCC: (GNU Tools for ARM Embedded Processors) 4.9.3 20150303 (release) [ARM/embedded-4_9-br
