ARM GAS  D:\Windows\AppData\Local\Temp\ccriej6t.s 			page 1


   1              		.syntax unified
   2              		.cpu cortex-m3
   3              		.fpu softvfp
   4              		.eabi_attribute 20, 1
   5              		.eabi_attribute 21, 1
   6              		.eabi_attribute 23, 3
   7              		.eabi_attribute 24, 1
   8              		.eabi_attribute 25, 1
   9              		.eabi_attribute 26, 1
  10              		.eabi_attribute 30, 6
  11              		.eabi_attribute 34, 1
  12              		.eabi_attribute 18, 4
  13              		.thumb
  14              		.file	"radio_manager.c"
  15              		.text
  16              	.Ltext0:
  17              		.cfi_sections	.debug_frame
  18              		.section	.text.radio_init_UART,"ax",%progbits
  19              		.align	2
  20              		.global	radio_init_UART
  21              		.thumb
  22              		.thumb_func
  23              		.type	radio_init_UART, %function
  24              	radio_init_UART:
  25              	.LFB63:
  26              		.file 1 "radio_manager.c"
   1:radio_manager.c **** /* Enables xbee transmission to another xbee wirelessly UART Operation
   2:radio_manager.c **** */
   3:radio_manager.c **** 
   4:radio_manager.c **** #include "radio_manager.h"
   5:radio_manager.c **** 
   6:radio_manager.c **** /*
   7:radio_manager.c **** uint8_t command_received;  //in xbee_Rx_int.c     CY_ISR(xbee_isr_Interrupt) fn
   8:radio_manager.c **** 
   9:radio_manager.c **** //isr if xbee receives commands from arduino xbee
  10:radio_manager.c **** CY_ISR(xbee_isr) { 
  11:radio_manager.c ****     xbee_UART_ReadRxStatus();   //clear interrupt associated with Rx
  12:radio_manager.c ****     uint8_t receivedchar = xbee_UART_GetChar();   //char received from other xbee
  13:radio_manager.c ****     
  14:radio_manager.c ****     if (receivedchar == 0x31) { //received a 1
  15:radio_manager.c ****         receivedchar = 0x00;
  16:radio_manager.c ****         LED_Write(1);
  17:radio_manager.c ****         CyDelay(3000);
  18:radio_manager.c ****         LED_Write(0);
  19:radio_manager.c ****     }
  20:radio_manager.c **** }
  21:radio_manager.c **** */
  22:radio_manager.c **** void radio_init_UART(void) {
  27              		.loc 1 22 0
  28              		.cfi_startproc
  29              		@ args = 0, pretend = 0, frame = 0
  30              		@ frame_needed = 1, uses_anonymous_args = 0
  31 0000 80B5     		push	{r7, lr}
  32              		.cfi_def_cfa_offset 8
  33              		.cfi_offset 7, -8
  34              		.cfi_offset 14, -4
  35 0002 00AF     		add	r7, sp, #0
ARM GAS  D:\Windows\AppData\Local\Temp\ccriej6t.s 			page 2


  36              		.cfi_def_cfa_register 7
  23:radio_manager.c ****     xbee_UART_Start();
  37              		.loc 1 23 0
  38 0004 FFF7FEFF 		bl	xbee_UART_Start
  24:radio_manager.c ****     //xbee_UART_EnableRxInt();			//enable Rx interrupts 5bytes RX buffer size on Xbee_UART
  25:radio_manager.c ****     //xbee_Rx_int_StartEx(xbee_isr);	//start custom Rx isr
  26:radio_manager.c **** }
  39              		.loc 1 26 0
  40 0008 80BD     		pop	{r7, pc}
  41              		.cfi_endproc
  42              	.LFE63:
  43              		.size	radio_init_UART, .-radio_init_UART
  44 000a 00BF     		.section	.text.xbee_send,"ax",%progbits
  45              		.align	2
  46              		.global	xbee_send
  47              		.thumb
  48              		.thumb_func
  49              		.type	xbee_send, %function
  50              	xbee_send:
  51              	.LFB64:
  27:radio_manager.c **** 
  28:radio_manager.c **** 
  29:radio_manager.c **** // UART -------------------------------------------------------------------------------------
  30:radio_manager.c **** //sends data packets over xbee
  31:radio_manager.c **** void xbee_send(DataPacket * msg) { 
  52              		.loc 1 31 0
  53              		.cfi_startproc
  54              		@ args = 0, pretend = 0, frame = 32
  55              		@ frame_needed = 1, uses_anonymous_args = 0
  56 0000 80B5     		push	{r7, lr}
  57              		.cfi_def_cfa_offset 8
  58              		.cfi_offset 7, -8
  59              		.cfi_offset 14, -4
  60 0002 88B0     		sub	sp, sp, #32
  61              		.cfi_def_cfa_offset 40
  62 0004 00AF     		add	r7, sp, #0
  63              		.cfi_def_cfa_register 7
  64 0006 7860     		str	r0, [r7, #4]
  32:radio_manager.c **** 	//uint8_t atomic_state = CyEnterCriticalSection(); 	//BEGIN ATOMIC
  33:radio_manager.c ****     uint8_t xbee_msg[16];   //16bytes per message
  34:radio_manager.c **** 	
  35:radio_manager.c ****     xbee_msg[0] = (msg->id>>8) & 0xFF;       //CAN ID 2bytes
  65              		.loc 1 35 0
  66 0008 7B68     		ldr	r3, [r7, #4]
  67 000a 9B88     		ldrh	r3, [r3, #4]
  68 000c 1B0A     		lsrs	r3, r3, #8
  69 000e 9BB2     		uxth	r3, r3
  70 0010 DBB2     		uxtb	r3, r3
  71 0012 3B73     		strb	r3, [r7, #12]
  36:radio_manager.c ****     xbee_msg[1] = msg->id	   & 0xFF;
  72              		.loc 1 36 0
  73 0014 7B68     		ldr	r3, [r7, #4]
  74 0016 9B88     		ldrh	r3, [r3, #4]
  75 0018 DBB2     		uxtb	r3, r3
  76 001a 7B73     		strb	r3, [r7, #13]
  37:radio_manager.c ****     
  38:radio_manager.c ****     uint32_t milliseconds = MILLI_PERIOD - msg->millicounter;
ARM GAS  D:\Windows\AppData\Local\Temp\ccriej6t.s 			page 3


  77              		.loc 1 38 0
  78 001c 7B68     		ldr	r3, [r7, #4]
  79 001e 1A68     		ldr	r2, [r3]
  80 0020 1B4B     		ldr	r3, .L3
  81 0022 9B1A     		subs	r3, r3, r2
  82 0024 FB61     		str	r3, [r7, #28]
  39:radio_manager.c ****     xbee_msg[2] = milliseconds>>24;         //timestamp 4bytes
  83              		.loc 1 39 0
  84 0026 FB69     		ldr	r3, [r7, #28]
  85 0028 1B0E     		lsrs	r3, r3, #24
  86 002a DBB2     		uxtb	r3, r3
  87 002c BB73     		strb	r3, [r7, #14]
  40:radio_manager.c ****     xbee_msg[3] = milliseconds>>16;
  88              		.loc 1 40 0
  89 002e FB69     		ldr	r3, [r7, #28]
  90 0030 1B0C     		lsrs	r3, r3, #16
  91 0032 DBB2     		uxtb	r3, r3
  92 0034 FB73     		strb	r3, [r7, #15]
  41:radio_manager.c ****     xbee_msg[4] = milliseconds>>8;
  93              		.loc 1 41 0
  94 0036 FB69     		ldr	r3, [r7, #28]
  95 0038 1B0A     		lsrs	r3, r3, #8
  96 003a DBB2     		uxtb	r3, r3
  97 003c 3B74     		strb	r3, [r7, #16]
  42:radio_manager.c ****     xbee_msg[5] = milliseconds;
  98              		.loc 1 42 0
  99 003e FB69     		ldr	r3, [r7, #28]
 100 0040 DBB2     		uxtb	r3, r3
 101 0042 7B74     		strb	r3, [r7, #17]
  43:radio_manager.c ****     
  44:radio_manager.c ****     xbee_msg[6]  = msg->data[0];             //payload 8bytes
 102              		.loc 1 44 0
 103 0044 7B68     		ldr	r3, [r7, #4]
 104 0046 DB79     		ldrb	r3, [r3, #7]	@ zero_extendqisi2
 105 0048 BB74     		strb	r3, [r7, #18]
  45:radio_manager.c ****     xbee_msg[7]  = msg->data[1];
 106              		.loc 1 45 0
 107 004a 7B68     		ldr	r3, [r7, #4]
 108 004c 1B7A     		ldrb	r3, [r3, #8]	@ zero_extendqisi2
 109 004e FB74     		strb	r3, [r7, #19]
  46:radio_manager.c ****     xbee_msg[8]  = msg->data[2];
 110              		.loc 1 46 0
 111 0050 7B68     		ldr	r3, [r7, #4]
 112 0052 5B7A     		ldrb	r3, [r3, #9]	@ zero_extendqisi2
 113 0054 3B75     		strb	r3, [r7, #20]
  47:radio_manager.c ****     xbee_msg[9]  = msg->data[3];
 114              		.loc 1 47 0
 115 0056 7B68     		ldr	r3, [r7, #4]
 116 0058 9B7A     		ldrb	r3, [r3, #10]	@ zero_extendqisi2
 117 005a 7B75     		strb	r3, [r7, #21]
  48:radio_manager.c ****     xbee_msg[10] = msg->data[4];
 118              		.loc 1 48 0
 119 005c 7B68     		ldr	r3, [r7, #4]
 120 005e DB7A     		ldrb	r3, [r3, #11]	@ zero_extendqisi2
 121 0060 BB75     		strb	r3, [r7, #22]
  49:radio_manager.c ****     xbee_msg[11] = msg->data[5];
 122              		.loc 1 49 0
ARM GAS  D:\Windows\AppData\Local\Temp\ccriej6t.s 			page 4


 123 0062 7B68     		ldr	r3, [r7, #4]
 124 0064 1B7B     		ldrb	r3, [r3, #12]	@ zero_extendqisi2
 125 0066 FB75     		strb	r3, [r7, #23]
  50:radio_manager.c ****     xbee_msg[12] = msg->data[6];
 126              		.loc 1 50 0
 127 0068 7B68     		ldr	r3, [r7, #4]
 128 006a 5B7B     		ldrb	r3, [r3, #13]	@ zero_extendqisi2
 129 006c 3B76     		strb	r3, [r7, #24]
  51:radio_manager.c ****     xbee_msg[13] = msg->data[7];
 130              		.loc 1 51 0
 131 006e 7B68     		ldr	r3, [r7, #4]
 132 0070 9B7B     		ldrb	r3, [r3, #14]	@ zero_extendqisi2
 133 0072 7B76     		strb	r3, [r7, #25]
  52:radio_manager.c ****     
  53:radio_manager.c ****     xbee_msg[14] = 0xFF;                         //delimited 0xFF0A 2bytes
 134              		.loc 1 53 0
 135 0074 FF23     		movs	r3, #255
 136 0076 BB76     		strb	r3, [r7, #26]
  54:radio_manager.c ****     xbee_msg[15] = 0x0A;
 137              		.loc 1 54 0
 138 0078 0A23     		movs	r3, #10
 139 007a FB76     		strb	r3, [r7, #27]
  55:radio_manager.c **** 
  56:radio_manager.c ****     xbee_UART_PutArray(xbee_msg, 16);			//send message
 140              		.loc 1 56 0
 141 007c 07F10C03 		add	r3, r7, #12
 142 0080 1846     		mov	r0, r3
 143 0082 1021     		movs	r1, #16
 144 0084 FFF7FEFF 		bl	xbee_UART_PutArray
  57:radio_manager.c ****     //CyExitCriticalSection(atomic_state);    	// END ATOMIC
  58:radio_manager.c ****         
  59:radio_manager.c **** }
 145              		.loc 1 59 0
 146 0088 2037     		adds	r7, r7, #32
 147              		.cfi_def_cfa_offset 8
 148 008a BD46     		mov	sp, r7
 149              		.cfi_def_cfa_register 13
 150              		@ sp needed
 151 008c 80BD     		pop	{r7, pc}
 152              	.L4:
 153 008e 00BF     		.align	2
 154              	.L3:
 155 0090 002E9302 		.word	43200000
 156              		.cfi_endproc
 157              	.LFE64:
 158              		.size	xbee_send, .-xbee_send
 159              		.text
 160              	.Letext0:
 161              		.file 2 "d:\\programming\\cypress\\psoc creator\\4.0\\psoc creator\\import\\gnu\\arm\\4.9.3\\arm-n
 162              		.file 3 "d:\\programming\\cypress\\psoc creator\\4.0\\psoc creator\\import\\gnu\\arm\\4.9.3\\arm-n
 163              		.file 4 "data.h"
 164              		.file 5 "Generated_Source\\PSoC5/core_cm3.h"
 165              		.section	.debug_info,"",%progbits
 166              	.Ldebug_info0:
 167 0000 A7010000 		.4byte	0x1a7
 168 0004 0400     		.2byte	0x4
 169 0006 00000000 		.4byte	.Ldebug_abbrev0
ARM GAS  D:\Windows\AppData\Local\Temp\ccriej6t.s 			page 5


 170 000a 04       		.byte	0x4
 171 000b 01       		.uleb128 0x1
 172 000c 14000000 		.4byte	.LASF27
 173 0010 01       		.byte	0x1
 174 0011 0A020000 		.4byte	.LASF28
 175 0015 86010000 		.4byte	.LASF29
 176 0019 00000000 		.4byte	.Ldebug_ranges0+0
 177 001d 00000000 		.4byte	0
 178 0021 00000000 		.4byte	.Ldebug_line0
 179 0025 02       		.uleb128 0x2
 180 0026 01       		.byte	0x1
 181 0027 06       		.byte	0x6
 182 0028 FE010000 		.4byte	.LASF0
 183 002c 03       		.uleb128 0x3
 184 002d 00000000 		.4byte	.LASF3
 185 0031 02       		.byte	0x2
 186 0032 1D       		.byte	0x1d
 187 0033 37000000 		.4byte	0x37
 188 0037 02       		.uleb128 0x2
 189 0038 01       		.byte	0x1
 190 0039 08       		.byte	0x8
 191 003a C9000000 		.4byte	.LASF1
 192 003e 02       		.uleb128 0x2
 193 003f 02       		.byte	0x2
 194 0040 05       		.byte	0x5
 195 0041 38010000 		.4byte	.LASF2
 196 0045 03       		.uleb128 0x3
 197 0046 24010000 		.4byte	.LASF4
 198 004a 02       		.byte	0x2
 199 004b 2B       		.byte	0x2b
 200 004c 50000000 		.4byte	0x50
 201 0050 02       		.uleb128 0x2
 202 0051 02       		.byte	0x2
 203 0052 07       		.byte	0x7
 204 0053 F4000000 		.4byte	.LASF5
 205 0057 03       		.uleb128 0x3
 206 0058 0A000000 		.4byte	.LASF6
 207 005c 02       		.byte	0x2
 208 005d 3F       		.byte	0x3f
 209 005e 62000000 		.4byte	0x62
 210 0062 02       		.uleb128 0x2
 211 0063 04       		.byte	0x4
 212 0064 05       		.byte	0x5
 213 0065 F5010000 		.4byte	.LASF7
 214 0069 03       		.uleb128 0x3
 215 006a D7000000 		.4byte	.LASF8
 216 006e 02       		.byte	0x2
 217 006f 41       		.byte	0x41
 218 0070 74000000 		.4byte	0x74
 219 0074 02       		.uleb128 0x2
 220 0075 04       		.byte	0x4
 221 0076 07       		.byte	0x7
 222 0077 E2000000 		.4byte	.LASF9
 223 007b 02       		.uleb128 0x2
 224 007c 08       		.byte	0x8
 225 007d 05       		.byte	0x5
 226 007e D0010000 		.4byte	.LASF10
ARM GAS  D:\Windows\AppData\Local\Temp\ccriej6t.s 			page 6


 227 0082 02       		.uleb128 0x2
 228 0083 08       		.byte	0x8
 229 0084 07       		.byte	0x7
 230 0085 5A010000 		.4byte	.LASF11
 231 0089 04       		.uleb128 0x4
 232 008a 04       		.byte	0x4
 233 008b 05       		.byte	0x5
 234 008c 696E7400 		.ascii	"int\000"
 235 0090 02       		.uleb128 0x2
 236 0091 04       		.byte	0x4
 237 0092 07       		.byte	0x7
 238 0093 42010000 		.4byte	.LASF12
 239 0097 03       		.uleb128 0x3
 240 0098 71010000 		.4byte	.LASF13
 241 009c 03       		.byte	0x3
 242 009d 15       		.byte	0x15
 243 009e 2C000000 		.4byte	0x2c
 244 00a2 03       		.uleb128 0x3
 245 00a3 E3010000 		.4byte	.LASF14
 246 00a7 03       		.byte	0x3
 247 00a8 21       		.byte	0x21
 248 00a9 45000000 		.4byte	0x45
 249 00ad 03       		.uleb128 0x3
 250 00ae B6000000 		.4byte	.LASF15
 251 00b2 03       		.byte	0x3
 252 00b3 2C       		.byte	0x2c
 253 00b4 57000000 		.4byte	0x57
 254 00b8 03       		.uleb128 0x3
 255 00b9 EC010000 		.4byte	.LASF16
 256 00bd 03       		.byte	0x3
 257 00be 2D       		.byte	0x2d
 258 00bf 69000000 		.4byte	0x69
 259 00c3 02       		.uleb128 0x2
 260 00c4 04       		.byte	0x4
 261 00c5 04       		.byte	0x4
 262 00c6 BE000000 		.4byte	.LASF17
 263 00ca 02       		.uleb128 0x2
 264 00cb 08       		.byte	0x8
 265 00cc 04       		.byte	0x4
 266 00cd A2000000 		.4byte	.LASF18
 267 00d1 02       		.uleb128 0x2
 268 00d2 01       		.byte	0x1
 269 00d3 08       		.byte	0x8
 270 00d4 DE010000 		.4byte	.LASF19
 271 00d8 02       		.uleb128 0x2
 272 00d9 04       		.byte	0x4
 273 00da 07       		.byte	0x7
 274 00db C7010000 		.4byte	.LASF20
 275 00df 05       		.uleb128 0x5
 276 00e0 10       		.byte	0x10
 277 00e1 04       		.byte	0x4
 278 00e2 0A       		.byte	0xa
 279 00e3 17010000 		.4byte	0x117
 280 00e7 06       		.uleb128 0x6
 281 00e8 A9000000 		.4byte	.LASF21
 282 00ec 04       		.byte	0x4
 283 00ed 0B       		.byte	0xb
ARM GAS  D:\Windows\AppData\Local\Temp\ccriej6t.s 			page 7


 284 00ee B8000000 		.4byte	0xb8
 285 00f2 00       		.byte	0
 286 00f3 07       		.uleb128 0x7
 287 00f4 696400   		.ascii	"id\000"
 288 00f7 04       		.byte	0x4
 289 00f8 0C       		.byte	0xc
 290 00f9 A2000000 		.4byte	0xa2
 291 00fd 04       		.byte	0x4
 292 00fe 06       		.uleb128 0x6
 293 00ff 1A020000 		.4byte	.LASF22
 294 0103 04       		.byte	0x4
 295 0104 0D       		.byte	0xd
 296 0105 97000000 		.4byte	0x97
 297 0109 06       		.byte	0x6
 298 010a 06       		.uleb128 0x6
 299 010b C4000000 		.4byte	.LASF23
 300 010f 04       		.byte	0x4
 301 0110 0E       		.byte	0xe
 302 0111 17010000 		.4byte	0x117
 303 0115 07       		.byte	0x7
 304 0116 00       		.byte	0
 305 0117 08       		.uleb128 0x8
 306 0118 97000000 		.4byte	0x97
 307 011c 27010000 		.4byte	0x127
 308 0120 09       		.uleb128 0x9
 309 0121 D8000000 		.4byte	0xd8
 310 0125 07       		.byte	0x7
 311 0126 00       		.byte	0
 312 0127 03       		.uleb128 0x3
 313 0128 4F010000 		.4byte	.LASF24
 314 012c 04       		.byte	0x4
 315 012d 0F       		.byte	0xf
 316 012e DF000000 		.4byte	0xdf
 317 0132 0A       		.uleb128 0xa
 318 0133 07010000 		.4byte	.LASF30
 319 0137 01       		.byte	0x1
 320 0138 16       		.byte	0x16
 321 0139 00000000 		.4byte	.LFB63
 322 013d 0A000000 		.4byte	.LFE63-.LFB63
 323 0141 01       		.uleb128 0x1
 324 0142 9C       		.byte	0x9c
 325 0143 0B       		.uleb128 0xb
 326 0144 21020000 		.4byte	.LASF31
 327 0148 01       		.byte	0x1
 328 0149 1F       		.byte	0x1f
 329 014a 00000000 		.4byte	.LFB64
 330 014e 94000000 		.4byte	.LFE64-.LFB64
 331 0152 01       		.uleb128 0x1
 332 0153 9C       		.byte	0x9c
 333 0154 83010000 		.4byte	0x183
 334 0158 0C       		.uleb128 0xc
 335 0159 6D736700 		.ascii	"msg\000"
 336 015d 01       		.byte	0x1
 337 015e 1F       		.byte	0x1f
 338 015f 83010000 		.4byte	0x183
 339 0163 02       		.uleb128 0x2
 340 0164 91       		.byte	0x91
ARM GAS  D:\Windows\AppData\Local\Temp\ccriej6t.s 			page 8


 341 0165 5C       		.sleb128 -36
 342 0166 0D       		.uleb128 0xd
 343 0167 2F010000 		.4byte	.LASF25
 344 016b 01       		.byte	0x1
 345 016c 21       		.byte	0x21
 346 016d 89010000 		.4byte	0x189
 347 0171 02       		.uleb128 0x2
 348 0172 91       		.byte	0x91
 349 0173 64       		.sleb128 -28
 350 0174 0D       		.uleb128 0xd
 351 0175 79010000 		.4byte	.LASF26
 352 0179 01       		.byte	0x1
 353 017a 26       		.byte	0x26
 354 017b B8000000 		.4byte	0xb8
 355 017f 02       		.uleb128 0x2
 356 0180 91       		.byte	0x91
 357 0181 74       		.sleb128 -12
 358 0182 00       		.byte	0
 359 0183 0E       		.uleb128 0xe
 360 0184 04       		.byte	0x4
 361 0185 27010000 		.4byte	0x127
 362 0189 08       		.uleb128 0x8
 363 018a 97000000 		.4byte	0x97
 364 018e 99010000 		.4byte	0x199
 365 0192 09       		.uleb128 0x9
 366 0193 D8000000 		.4byte	0xd8
 367 0197 0F       		.byte	0xf
 368 0198 00       		.byte	0
 369 0199 0F       		.uleb128 0xf
 370 019a 17010000 		.4byte	.LASF32
 371 019e 05       		.byte	0x5
 372 019f 9606     		.2byte	0x696
 373 01a1 A5010000 		.4byte	0x1a5
 374 01a5 10       		.uleb128 0x10
 375 01a6 AD000000 		.4byte	0xad
 376 01aa 00       		.byte	0
 377              		.section	.debug_abbrev,"",%progbits
 378              	.Ldebug_abbrev0:
 379 0000 01       		.uleb128 0x1
 380 0001 11       		.uleb128 0x11
 381 0002 01       		.byte	0x1
 382 0003 25       		.uleb128 0x25
 383 0004 0E       		.uleb128 0xe
 384 0005 13       		.uleb128 0x13
 385 0006 0B       		.uleb128 0xb
 386 0007 03       		.uleb128 0x3
 387 0008 0E       		.uleb128 0xe
 388 0009 1B       		.uleb128 0x1b
 389 000a 0E       		.uleb128 0xe
 390 000b 55       		.uleb128 0x55
 391 000c 17       		.uleb128 0x17
 392 000d 11       		.uleb128 0x11
 393 000e 01       		.uleb128 0x1
 394 000f 10       		.uleb128 0x10
 395 0010 17       		.uleb128 0x17
 396 0011 00       		.byte	0
 397 0012 00       		.byte	0
ARM GAS  D:\Windows\AppData\Local\Temp\ccriej6t.s 			page 9


 398 0013 02       		.uleb128 0x2
 399 0014 24       		.uleb128 0x24
 400 0015 00       		.byte	0
 401 0016 0B       		.uleb128 0xb
 402 0017 0B       		.uleb128 0xb
 403 0018 3E       		.uleb128 0x3e
 404 0019 0B       		.uleb128 0xb
 405 001a 03       		.uleb128 0x3
 406 001b 0E       		.uleb128 0xe
 407 001c 00       		.byte	0
 408 001d 00       		.byte	0
 409 001e 03       		.uleb128 0x3
 410 001f 16       		.uleb128 0x16
 411 0020 00       		.byte	0
 412 0021 03       		.uleb128 0x3
 413 0022 0E       		.uleb128 0xe
 414 0023 3A       		.uleb128 0x3a
 415 0024 0B       		.uleb128 0xb
 416 0025 3B       		.uleb128 0x3b
 417 0026 0B       		.uleb128 0xb
 418 0027 49       		.uleb128 0x49
 419 0028 13       		.uleb128 0x13
 420 0029 00       		.byte	0
 421 002a 00       		.byte	0
 422 002b 04       		.uleb128 0x4
 423 002c 24       		.uleb128 0x24
 424 002d 00       		.byte	0
 425 002e 0B       		.uleb128 0xb
 426 002f 0B       		.uleb128 0xb
 427 0030 3E       		.uleb128 0x3e
 428 0031 0B       		.uleb128 0xb
 429 0032 03       		.uleb128 0x3
 430 0033 08       		.uleb128 0x8
 431 0034 00       		.byte	0
 432 0035 00       		.byte	0
 433 0036 05       		.uleb128 0x5
 434 0037 13       		.uleb128 0x13
 435 0038 01       		.byte	0x1
 436 0039 0B       		.uleb128 0xb
 437 003a 0B       		.uleb128 0xb
 438 003b 3A       		.uleb128 0x3a
 439 003c 0B       		.uleb128 0xb
 440 003d 3B       		.uleb128 0x3b
 441 003e 0B       		.uleb128 0xb
 442 003f 01       		.uleb128 0x1
 443 0040 13       		.uleb128 0x13
 444 0041 00       		.byte	0
 445 0042 00       		.byte	0
 446 0043 06       		.uleb128 0x6
 447 0044 0D       		.uleb128 0xd
 448 0045 00       		.byte	0
 449 0046 03       		.uleb128 0x3
 450 0047 0E       		.uleb128 0xe
 451 0048 3A       		.uleb128 0x3a
 452 0049 0B       		.uleb128 0xb
 453 004a 3B       		.uleb128 0x3b
 454 004b 0B       		.uleb128 0xb
ARM GAS  D:\Windows\AppData\Local\Temp\ccriej6t.s 			page 10


 455 004c 49       		.uleb128 0x49
 456 004d 13       		.uleb128 0x13
 457 004e 38       		.uleb128 0x38
 458 004f 0B       		.uleb128 0xb
 459 0050 00       		.byte	0
 460 0051 00       		.byte	0
 461 0052 07       		.uleb128 0x7
 462 0053 0D       		.uleb128 0xd
 463 0054 00       		.byte	0
 464 0055 03       		.uleb128 0x3
 465 0056 08       		.uleb128 0x8
 466 0057 3A       		.uleb128 0x3a
 467 0058 0B       		.uleb128 0xb
 468 0059 3B       		.uleb128 0x3b
 469 005a 0B       		.uleb128 0xb
 470 005b 49       		.uleb128 0x49
 471 005c 13       		.uleb128 0x13
 472 005d 38       		.uleb128 0x38
 473 005e 0B       		.uleb128 0xb
 474 005f 00       		.byte	0
 475 0060 00       		.byte	0
 476 0061 08       		.uleb128 0x8
 477 0062 01       		.uleb128 0x1
 478 0063 01       		.byte	0x1
 479 0064 49       		.uleb128 0x49
 480 0065 13       		.uleb128 0x13
 481 0066 01       		.uleb128 0x1
 482 0067 13       		.uleb128 0x13
 483 0068 00       		.byte	0
 484 0069 00       		.byte	0
 485 006a 09       		.uleb128 0x9
 486 006b 21       		.uleb128 0x21
 487 006c 00       		.byte	0
 488 006d 49       		.uleb128 0x49
 489 006e 13       		.uleb128 0x13
 490 006f 2F       		.uleb128 0x2f
 491 0070 0B       		.uleb128 0xb
 492 0071 00       		.byte	0
 493 0072 00       		.byte	0
 494 0073 0A       		.uleb128 0xa
 495 0074 2E       		.uleb128 0x2e
 496 0075 00       		.byte	0
 497 0076 3F       		.uleb128 0x3f
 498 0077 19       		.uleb128 0x19
 499 0078 03       		.uleb128 0x3
 500 0079 0E       		.uleb128 0xe
 501 007a 3A       		.uleb128 0x3a
 502 007b 0B       		.uleb128 0xb
 503 007c 3B       		.uleb128 0x3b
 504 007d 0B       		.uleb128 0xb
 505 007e 27       		.uleb128 0x27
 506 007f 19       		.uleb128 0x19
 507 0080 11       		.uleb128 0x11
 508 0081 01       		.uleb128 0x1
 509 0082 12       		.uleb128 0x12
 510 0083 06       		.uleb128 0x6
 511 0084 40       		.uleb128 0x40
ARM GAS  D:\Windows\AppData\Local\Temp\ccriej6t.s 			page 11


 512 0085 18       		.uleb128 0x18
 513 0086 9642     		.uleb128 0x2116
 514 0088 19       		.uleb128 0x19
 515 0089 00       		.byte	0
 516 008a 00       		.byte	0
 517 008b 0B       		.uleb128 0xb
 518 008c 2E       		.uleb128 0x2e
 519 008d 01       		.byte	0x1
 520 008e 3F       		.uleb128 0x3f
 521 008f 19       		.uleb128 0x19
 522 0090 03       		.uleb128 0x3
 523 0091 0E       		.uleb128 0xe
 524 0092 3A       		.uleb128 0x3a
 525 0093 0B       		.uleb128 0xb
 526 0094 3B       		.uleb128 0x3b
 527 0095 0B       		.uleb128 0xb
 528 0096 27       		.uleb128 0x27
 529 0097 19       		.uleb128 0x19
 530 0098 11       		.uleb128 0x11
 531 0099 01       		.uleb128 0x1
 532 009a 12       		.uleb128 0x12
 533 009b 06       		.uleb128 0x6
 534 009c 40       		.uleb128 0x40
 535 009d 18       		.uleb128 0x18
 536 009e 9642     		.uleb128 0x2116
 537 00a0 19       		.uleb128 0x19
 538 00a1 01       		.uleb128 0x1
 539 00a2 13       		.uleb128 0x13
 540 00a3 00       		.byte	0
 541 00a4 00       		.byte	0
 542 00a5 0C       		.uleb128 0xc
 543 00a6 05       		.uleb128 0x5
 544 00a7 00       		.byte	0
 545 00a8 03       		.uleb128 0x3
 546 00a9 08       		.uleb128 0x8
 547 00aa 3A       		.uleb128 0x3a
 548 00ab 0B       		.uleb128 0xb
 549 00ac 3B       		.uleb128 0x3b
 550 00ad 0B       		.uleb128 0xb
 551 00ae 49       		.uleb128 0x49
 552 00af 13       		.uleb128 0x13
 553 00b0 02       		.uleb128 0x2
 554 00b1 18       		.uleb128 0x18
 555 00b2 00       		.byte	0
 556 00b3 00       		.byte	0
 557 00b4 0D       		.uleb128 0xd
 558 00b5 34       		.uleb128 0x34
 559 00b6 00       		.byte	0
 560 00b7 03       		.uleb128 0x3
 561 00b8 0E       		.uleb128 0xe
 562 00b9 3A       		.uleb128 0x3a
 563 00ba 0B       		.uleb128 0xb
 564 00bb 3B       		.uleb128 0x3b
 565 00bc 0B       		.uleb128 0xb
 566 00bd 49       		.uleb128 0x49
 567 00be 13       		.uleb128 0x13
 568 00bf 02       		.uleb128 0x2
ARM GAS  D:\Windows\AppData\Local\Temp\ccriej6t.s 			page 12


 569 00c0 18       		.uleb128 0x18
 570 00c1 00       		.byte	0
 571 00c2 00       		.byte	0
 572 00c3 0E       		.uleb128 0xe
 573 00c4 0F       		.uleb128 0xf
 574 00c5 00       		.byte	0
 575 00c6 0B       		.uleb128 0xb
 576 00c7 0B       		.uleb128 0xb
 577 00c8 49       		.uleb128 0x49
 578 00c9 13       		.uleb128 0x13
 579 00ca 00       		.byte	0
 580 00cb 00       		.byte	0
 581 00cc 0F       		.uleb128 0xf
 582 00cd 34       		.uleb128 0x34
 583 00ce 00       		.byte	0
 584 00cf 03       		.uleb128 0x3
 585 00d0 0E       		.uleb128 0xe
 586 00d1 3A       		.uleb128 0x3a
 587 00d2 0B       		.uleb128 0xb
 588 00d3 3B       		.uleb128 0x3b
 589 00d4 05       		.uleb128 0x5
 590 00d5 49       		.uleb128 0x49
 591 00d6 13       		.uleb128 0x13
 592 00d7 3F       		.uleb128 0x3f
 593 00d8 19       		.uleb128 0x19
 594 00d9 3C       		.uleb128 0x3c
 595 00da 19       		.uleb128 0x19
 596 00db 00       		.byte	0
 597 00dc 00       		.byte	0
 598 00dd 10       		.uleb128 0x10
 599 00de 35       		.uleb128 0x35
 600 00df 00       		.byte	0
 601 00e0 49       		.uleb128 0x49
 602 00e1 13       		.uleb128 0x13
 603 00e2 00       		.byte	0
 604 00e3 00       		.byte	0
 605 00e4 00       		.byte	0
 606              		.section	.debug_aranges,"",%progbits
 607 0000 24000000 		.4byte	0x24
 608 0004 0200     		.2byte	0x2
 609 0006 00000000 		.4byte	.Ldebug_info0
 610 000a 04       		.byte	0x4
 611 000b 00       		.byte	0
 612 000c 0000     		.2byte	0
 613 000e 0000     		.2byte	0
 614 0010 00000000 		.4byte	.LFB63
 615 0014 0A000000 		.4byte	.LFE63-.LFB63
 616 0018 00000000 		.4byte	.LFB64
 617 001c 94000000 		.4byte	.LFE64-.LFB64
 618 0020 00000000 		.4byte	0
 619 0024 00000000 		.4byte	0
 620              		.section	.debug_ranges,"",%progbits
 621              	.Ldebug_ranges0:
 622 0000 00000000 		.4byte	.LFB63
 623 0004 0A000000 		.4byte	.LFE63
 624 0008 00000000 		.4byte	.LFB64
 625 000c 94000000 		.4byte	.LFE64
ARM GAS  D:\Windows\AppData\Local\Temp\ccriej6t.s 			page 13


 626 0010 00000000 		.4byte	0
 627 0014 00000000 		.4byte	0
 628              		.section	.debug_line,"",%progbits
 629              	.Ldebug_line0:
 630 0000 76010000 		.section	.debug_str,"MS",%progbits,1
 630      02003D01 
 630      00000201 
 630      FB0E0D00 
 630      01010101 
 631              	.LASF3:
 632 0000 5F5F7569 		.ascii	"__uint8_t\000"
 632      6E74385F 
 632      7400
 633              	.LASF6:
 634 000a 5F5F696E 		.ascii	"__int32_t\000"
 634      7433325F 
 634      7400
 635              	.LASF27:
 636 0014 474E5520 		.ascii	"GNU C 4.9.3 20150303 (release) [ARM/embedded-4_9-br"
 636      4320342E 
 636      392E3320 
 636      32303135 
 636      30333033 
 637 0047 616E6368 		.ascii	"anch revision 221220] -mcpu=cortex-m3 -mthumb -g -O"
 637      20726576 
 637      6973696F 
 637      6E203232 
 637      31323230 
 638 007a 30202D66 		.ascii	"0 -ffunction-sections -ffat-lto-objects\000"
 638      66756E63 
 638      74696F6E 
 638      2D736563 
 638      74696F6E 
 639              	.LASF18:
 640 00a2 646F7562 		.ascii	"double\000"
 640      6C6500
 641              	.LASF21:
 642 00a9 6D696C6C 		.ascii	"millicounter\000"
 642      69636F75 
 642      6E746572 
 642      00
 643              	.LASF15:
 644 00b6 696E7433 		.ascii	"int32_t\000"
 644      325F7400 
 645              	.LASF17:
 646 00be 666C6F61 		.ascii	"float\000"
 646      7400
 647              	.LASF23:
 648 00c4 64617461 		.ascii	"data\000"
 648      00
 649              	.LASF1:
 650 00c9 756E7369 		.ascii	"unsigned char\000"
 650      676E6564 
 650      20636861 
 650      7200
 651              	.LASF8:
 652 00d7 5F5F7569 		.ascii	"__uint32_t\000"
ARM GAS  D:\Windows\AppData\Local\Temp\ccriej6t.s 			page 14


 652      6E743332 
 652      5F7400
 653              	.LASF9:
 654 00e2 6C6F6E67 		.ascii	"long unsigned int\000"
 654      20756E73 
 654      69676E65 
 654      6420696E 
 654      7400
 655              	.LASF5:
 656 00f4 73686F72 		.ascii	"short unsigned int\000"
 656      7420756E 
 656      7369676E 
 656      65642069 
 656      6E7400
 657              	.LASF30:
 658 0107 72616469 		.ascii	"radio_init_UART\000"
 658      6F5F696E 
 658      69745F55 
 658      41525400 
 659              	.LASF32:
 660 0117 49544D5F 		.ascii	"ITM_RxBuffer\000"
 660      52784275 
 660      66666572 
 660      00
 661              	.LASF4:
 662 0124 5F5F7569 		.ascii	"__uint16_t\000"
 662      6E743136 
 662      5F7400
 663              	.LASF25:
 664 012f 78626565 		.ascii	"xbee_msg\000"
 664      5F6D7367 
 664      00
 665              	.LASF2:
 666 0138 73686F72 		.ascii	"short int\000"
 666      7420696E 
 666      7400
 667              	.LASF12:
 668 0142 756E7369 		.ascii	"unsigned int\000"
 668      676E6564 
 668      20696E74 
 668      00
 669              	.LASF24:
 670 014f 44617461 		.ascii	"DataPacket\000"
 670      5061636B 
 670      657400
 671              	.LASF11:
 672 015a 6C6F6E67 		.ascii	"long long unsigned int\000"
 672      206C6F6E 
 672      6720756E 
 672      7369676E 
 672      65642069 
 673              	.LASF13:
 674 0171 75696E74 		.ascii	"uint8_t\000"
 674      385F7400 
 675              	.LASF26:
 676 0179 6D696C6C 		.ascii	"milliseconds\000"
 676      69736563 
ARM GAS  D:\Windows\AppData\Local\Temp\ccriej6t.s 			page 15


 676      6F6E6473 
 676      00
 677              	.LASF29:
 678 0186 443A5C44 		.ascii	"D:\\Downloads\\FRUCD\\Node-Capybara\\Node-Capybara\\"
 678      6F776E6C 
 678      6F616473 
 678      5C465255 
 678      43445C4E 
 679 01b5 4E6F6465 		.ascii	"Node-Beaver.cydsn\000"
 679      2D426561 
 679      7665722E 
 679      63796473 
 679      6E00
 680              	.LASF20:
 681 01c7 73697A65 		.ascii	"sizetype\000"
 681      74797065 
 681      00
 682              	.LASF10:
 683 01d0 6C6F6E67 		.ascii	"long long int\000"
 683      206C6F6E 
 683      6720696E 
 683      7400
 684              	.LASF19:
 685 01de 63686172 		.ascii	"char\000"
 685      00
 686              	.LASF14:
 687 01e3 75696E74 		.ascii	"uint16_t\000"
 687      31365F74 
 687      00
 688              	.LASF16:
 689 01ec 75696E74 		.ascii	"uint32_t\000"
 689      33325F74 
 689      00
 690              	.LASF7:
 691 01f5 6C6F6E67 		.ascii	"long int\000"
 691      20696E74 
 691      00
 692              	.LASF0:
 693 01fe 7369676E 		.ascii	"signed char\000"
 693      65642063 
 693      68617200 
 694              	.LASF28:
 695 020a 72616469 		.ascii	"radio_manager.c\000"
 695      6F5F6D61 
 695      6E616765 
 695      722E6300 
 696              	.LASF22:
 697 021a 6C656E67 		.ascii	"length\000"
 697      746800
 698              	.LASF31:
 699 0221 78626565 		.ascii	"xbee_send\000"
 699      5F73656E 
 699      6400
 700              		.ident	"GCC: (GNU Tools for ARM Embedded Processors) 4.9.3 20150303 (release) [ARM/embedded-4_9-br
