ARM GAS  D:\Windows\AppData\Local\Temp\ccdn4mUU.s 			page 1


   1              		.syntax unified
   2              		.cpu cortex-m3
   3              		.fpu softvfp
   4              		.eabi_attribute 20, 1
   5              		.eabi_attribute 21, 1
   6              		.eabi_attribute 23, 3
   7              		.eabi_attribute 24, 1
   8              		.eabi_attribute 25, 1
   9              		.eabi_attribute 26, 1
  10              		.eabi_attribute 30, 6
  11              		.eabi_attribute 34, 1
  12              		.eabi_attribute 18, 4
  13              		.thumb
  14              		.file	"SoC.c"
  15              		.text
  16              	.Ltext0:
  17              		.cfi_sections	.debug_frame
  18              		.section	.text.SoC_init,"ax",%progbits
  19              		.align	2
  20              		.global	SoC_init
  21              		.thumb
  22              		.thumb_func
  23              		.type	SoC_init, %function
  24              	SoC_init:
  25              	.LFB63:
  26              		.file 1 "SoC.c"
   1:SoC.c         **** 
   2:SoC.c         **** #include "SoC.h"
   3:SoC.c         **** 
   4:SoC.c         **** void SoC_init() {
  27              		.loc 1 4 0
  28              		.cfi_startproc
  29              		@ args = 0, pretend = 0, frame = 0
  30              		@ frame_needed = 1, uses_anonymous_args = 0
  31 0000 80B5     		push	{r7, lr}
  32              		.cfi_def_cfa_offset 8
  33              		.cfi_offset 7, -8
  34              		.cfi_offset 14, -4
  35 0002 00AF     		add	r7, sp, #0
  36              		.cfi_def_cfa_register 7
   5:SoC.c         **** 	millis_timer_Start();	
  37              		.loc 1 5 0
  38 0004 FFF7FEFF 		bl	millis_timer_Start
   6:SoC.c         **** }...
  39              		.loc 1 6 0
  40 0008 80BD     		pop	{r7, pc}
  41              		.cfi_endproc
  42              	.LFE63:
  43              		.size	SoC_init, .-SoC_init
  44 000a 00BF     		.text
  45              	.Letext0:
  46              		.file 2 "d:\\programming\\cypress\\psoc creator\\4.0\\psoc creator\\import\\gnu\\arm\\4.9.3\\arm-n
  47              		.file 3 "d:\\programming\\cypress\\psoc creator\\4.0\\psoc creator\\import\\gnu\\arm\\4.9.3\\arm-n
  48              		.file 4 "Generated_Source\\PSoC5/core_cm3.h"
  49              		.section	.debug_info,"",%progbits
  50              	.Ldebug_info0:
  51 0000 BC000000 		.4byte	0xbc
ARM GAS  D:\Windows\AppData\Local\Temp\ccdn4mUU.s 			page 2


  52 0004 0400     		.2byte	0x4
  53 0006 00000000 		.4byte	.Ldebug_abbrev0
  54 000a 04       		.byte	0x4
  55 000b 01       		.uleb128 0x1
  56 000c BC000000 		.4byte	.LASF15
  57 0010 01       		.byte	0x1
  58 0011 AD000000 		.4byte	.LASF16
  59 0015 2E000000 		.4byte	.LASF17
  60 0019 00000000 		.4byte	.Ldebug_ranges0+0
  61 001d 00000000 		.4byte	0
  62 0021 00000000 		.4byte	.Ldebug_line0
  63 0025 02       		.uleb128 0x2
  64 0026 01       		.byte	0x1
  65 0027 06       		.byte	0x6
  66 0028 5E010000 		.4byte	.LASF0
  67 002c 02       		.uleb128 0x2
  68 002d 01       		.byte	0x1
  69 002e 08       		.byte	0x8
  70 002f 9A000000 		.4byte	.LASF1
  71 0033 02       		.uleb128 0x2
  72 0034 02       		.byte	0x2
  73 0035 05       		.byte	0x5
  74 0036 7A010000 		.4byte	.LASF2
  75 003a 02       		.uleb128 0x2
  76 003b 02       		.byte	0x2
  77 003c 07       		.byte	0x7
  78 003d 0E000000 		.4byte	.LASF3
  79 0041 03       		.uleb128 0x3
  80 0042 6A010000 		.4byte	.LASF9
  81 0046 02       		.byte	0x2
  82 0047 3F       		.byte	0x3f
  83 0048 4C000000 		.4byte	0x4c
  84 004c 02       		.uleb128 0x2
  85 004d 04       		.byte	0x4
  86 004e 05       		.byte	0x5
  87 004f B3000000 		.4byte	.LASF4
  88 0053 02       		.uleb128 0x2
  89 0054 04       		.byte	0x4
  90 0055 07       		.byte	0x7
  91 0056 71000000 		.4byte	.LASF5
  92 005a 02       		.uleb128 0x2
  93 005b 08       		.byte	0x8
  94 005c 05       		.byte	0x5
  95 005d 00000000 		.4byte	.LASF6
  96 0061 02       		.uleb128 0x2
  97 0062 08       		.byte	0x8
  98 0063 07       		.byte	0x7
  99 0064 83000000 		.4byte	.LASF7
 100 0068 04       		.uleb128 0x4
 101 0069 04       		.byte	0x4
 102 006a 05       		.byte	0x5
 103 006b 696E7400 		.ascii	"int\000"
 104 006f 02       		.uleb128 0x2
 105 0070 04       		.byte	0x4
 106 0071 07       		.byte	0x7
 107 0072 21000000 		.4byte	.LASF8
 108 0076 03       		.uleb128 0x3
ARM GAS  D:\Windows\AppData\Local\Temp\ccdn4mUU.s 			page 3


 109 0077 84010000 		.4byte	.LASF10
 110 007b 03       		.byte	0x3
 111 007c 2C       		.byte	0x2c
 112 007d 41000000 		.4byte	0x41
 113 0081 02       		.uleb128 0x2
 114 0082 04       		.byte	0x4
 115 0083 04       		.byte	0x4
 116 0084 74010000 		.4byte	.LASF11
 117 0088 02       		.uleb128 0x2
 118 0089 08       		.byte	0x8
 119 008a 04       		.byte	0x4
 120 008b 4A010000 		.4byte	.LASF12
 121 008f 02       		.uleb128 0x2
 122 0090 01       		.byte	0x1
 123 0091 08       		.byte	0x8
 124 0092 A8000000 		.4byte	.LASF13
 125 0096 02       		.uleb128 0x2
 126 0097 04       		.byte	0x4
 127 0098 07       		.byte	0x7
 128 0099 8C010000 		.4byte	.LASF14
 129 009d 05       		.uleb128 0x5
 130 009e 95010000 		.4byte	.LASF18
 131 00a2 01       		.byte	0x1
 132 00a3 04       		.byte	0x4
 133 00a4 00000000 		.4byte	.LFB63
 134 00a8 0A000000 		.4byte	.LFE63-.LFB63
 135 00ac 01       		.uleb128 0x1
 136 00ad 9C       		.byte	0x9c
 137 00ae 06       		.uleb128 0x6
 138 00af 51010000 		.4byte	.LASF19
 139 00b3 04       		.byte	0x4
 140 00b4 9606     		.2byte	0x696
 141 00b6 BA000000 		.4byte	0xba
 142 00ba 07       		.uleb128 0x7
 143 00bb 76000000 		.4byte	0x76
 144 00bf 00       		.byte	0
 145              		.section	.debug_abbrev,"",%progbits
 146              	.Ldebug_abbrev0:
 147 0000 01       		.uleb128 0x1
 148 0001 11       		.uleb128 0x11
 149 0002 01       		.byte	0x1
 150 0003 25       		.uleb128 0x25
 151 0004 0E       		.uleb128 0xe
 152 0005 13       		.uleb128 0x13
 153 0006 0B       		.uleb128 0xb
 154 0007 03       		.uleb128 0x3
 155 0008 0E       		.uleb128 0xe
 156 0009 1B       		.uleb128 0x1b
 157 000a 0E       		.uleb128 0xe
 158 000b 55       		.uleb128 0x55
 159 000c 17       		.uleb128 0x17
 160 000d 11       		.uleb128 0x11
 161 000e 01       		.uleb128 0x1
 162 000f 10       		.uleb128 0x10
 163 0010 17       		.uleb128 0x17
 164 0011 00       		.byte	0
 165 0012 00       		.byte	0
ARM GAS  D:\Windows\AppData\Local\Temp\ccdn4mUU.s 			page 4


 166 0013 02       		.uleb128 0x2
 167 0014 24       		.uleb128 0x24
 168 0015 00       		.byte	0
 169 0016 0B       		.uleb128 0xb
 170 0017 0B       		.uleb128 0xb
 171 0018 3E       		.uleb128 0x3e
 172 0019 0B       		.uleb128 0xb
 173 001a 03       		.uleb128 0x3
 174 001b 0E       		.uleb128 0xe
 175 001c 00       		.byte	0
 176 001d 00       		.byte	0
 177 001e 03       		.uleb128 0x3
 178 001f 16       		.uleb128 0x16
 179 0020 00       		.byte	0
 180 0021 03       		.uleb128 0x3
 181 0022 0E       		.uleb128 0xe
 182 0023 3A       		.uleb128 0x3a
 183 0024 0B       		.uleb128 0xb
 184 0025 3B       		.uleb128 0x3b
 185 0026 0B       		.uleb128 0xb
 186 0027 49       		.uleb128 0x49
 187 0028 13       		.uleb128 0x13
 188 0029 00       		.byte	0
 189 002a 00       		.byte	0
 190 002b 04       		.uleb128 0x4
 191 002c 24       		.uleb128 0x24
 192 002d 00       		.byte	0
 193 002e 0B       		.uleb128 0xb
 194 002f 0B       		.uleb128 0xb
 195 0030 3E       		.uleb128 0x3e
 196 0031 0B       		.uleb128 0xb
 197 0032 03       		.uleb128 0x3
 198 0033 08       		.uleb128 0x8
 199 0034 00       		.byte	0
 200 0035 00       		.byte	0
 201 0036 05       		.uleb128 0x5
 202 0037 2E       		.uleb128 0x2e
 203 0038 00       		.byte	0
 204 0039 3F       		.uleb128 0x3f
 205 003a 19       		.uleb128 0x19
 206 003b 03       		.uleb128 0x3
 207 003c 0E       		.uleb128 0xe
 208 003d 3A       		.uleb128 0x3a
 209 003e 0B       		.uleb128 0xb
 210 003f 3B       		.uleb128 0x3b
 211 0040 0B       		.uleb128 0xb
 212 0041 11       		.uleb128 0x11
 213 0042 01       		.uleb128 0x1
 214 0043 12       		.uleb128 0x12
 215 0044 06       		.uleb128 0x6
 216 0045 40       		.uleb128 0x40
 217 0046 18       		.uleb128 0x18
 218 0047 9642     		.uleb128 0x2116
 219 0049 19       		.uleb128 0x19
 220 004a 00       		.byte	0
 221 004b 00       		.byte	0
 222 004c 06       		.uleb128 0x6
ARM GAS  D:\Windows\AppData\Local\Temp\ccdn4mUU.s 			page 5


 223 004d 34       		.uleb128 0x34
 224 004e 00       		.byte	0
 225 004f 03       		.uleb128 0x3
 226 0050 0E       		.uleb128 0xe
 227 0051 3A       		.uleb128 0x3a
 228 0052 0B       		.uleb128 0xb
 229 0053 3B       		.uleb128 0x3b
 230 0054 05       		.uleb128 0x5
 231 0055 49       		.uleb128 0x49
 232 0056 13       		.uleb128 0x13
 233 0057 3F       		.uleb128 0x3f
 234 0058 19       		.uleb128 0x19
 235 0059 3C       		.uleb128 0x3c
 236 005a 19       		.uleb128 0x19
 237 005b 00       		.byte	0
 238 005c 00       		.byte	0
 239 005d 07       		.uleb128 0x7
 240 005e 35       		.uleb128 0x35
 241 005f 00       		.byte	0
 242 0060 49       		.uleb128 0x49
 243 0061 13       		.uleb128 0x13
 244 0062 00       		.byte	0
 245 0063 00       		.byte	0
 246 0064 00       		.byte	0
 247              		.section	.debug_aranges,"",%progbits
 248 0000 1C000000 		.4byte	0x1c
 249 0004 0200     		.2byte	0x2
 250 0006 00000000 		.4byte	.Ldebug_info0
 251 000a 04       		.byte	0x4
 252 000b 00       		.byte	0
 253 000c 0000     		.2byte	0
 254 000e 0000     		.2byte	0
 255 0010 00000000 		.4byte	.LFB63
 256 0014 0A000000 		.4byte	.LFE63-.LFB63
 257 0018 00000000 		.4byte	0
 258 001c 00000000 		.4byte	0
 259              		.section	.debug_ranges,"",%progbits
 260              	.Ldebug_ranges0:
 261 0000 00000000 		.4byte	.LFB63
 262 0004 0A000000 		.4byte	.LFE63
 263 0008 00000000 		.4byte	0
 264 000c 00000000 		.4byte	0
 265              		.section	.debug_line,"",%progbits
 266              	.Ldebug_line0:
 267 0000 3E010000 		.section	.debug_str,"MS",%progbits,1
 267      02002901 
 267      00000201 
 267      FB0E0D00 
 267      01010101 
 268              	.LASF6:
 269 0000 6C6F6E67 		.ascii	"long long int\000"
 269      206C6F6E 
 269      6720696E 
 269      7400
 270              	.LASF3:
 271 000e 73686F72 		.ascii	"short unsigned int\000"
 271      7420756E 
ARM GAS  D:\Windows\AppData\Local\Temp\ccdn4mUU.s 			page 6


 271      7369676E 
 271      65642069 
 271      6E7400
 272              	.LASF8:
 273 0021 756E7369 		.ascii	"unsigned int\000"
 273      676E6564 
 273      20696E74 
 273      00
 274              	.LASF17:
 275 002e 443A5C44 		.ascii	"D:\\Downloads\\FRUCD\\Node-Capybara\\Node-Capybara\\"
 275      6F776E6C 
 275      6F616473 
 275      5C465255 
 275      43445C4E 
 276 005d 4E6F6465 		.ascii	"Node-Capybara.cydsn\000"
 276      2D436170 
 276      79626172 
 276      612E6379 
 276      64736E00 
 277              	.LASF5:
 278 0071 6C6F6E67 		.ascii	"long unsigned int\000"
 278      20756E73 
 278      69676E65 
 278      6420696E 
 278      7400
 279              	.LASF7:
 280 0083 6C6F6E67 		.ascii	"long long unsigned int\000"
 280      206C6F6E 
 280      6720756E 
 280      7369676E 
 280      65642069 
 281              	.LASF1:
 282 009a 756E7369 		.ascii	"unsigned char\000"
 282      676E6564 
 282      20636861 
 282      7200
 283              	.LASF13:
 284 00a8 63686172 		.ascii	"char\000"
 284      00
 285              	.LASF16:
 286 00ad 536F432E 		.ascii	"SoC.c\000"
 286      6300
 287              	.LASF4:
 288 00b3 6C6F6E67 		.ascii	"long int\000"
 288      20696E74 
 288      00
 289              	.LASF15:
 290 00bc 474E5520 		.ascii	"GNU C 4.9.3 20150303 (release) [ARM/embedded-4_9-br"
 290      4320342E 
 290      392E3320 
 290      32303135 
 290      30333033 
 291 00ef 616E6368 		.ascii	"anch revision 221220] -mcpu=cortex-m3 -mthumb -g -O"
 291      20726576 
 291      6973696F 
 291      6E203232 
 291      31323230 
ARM GAS  D:\Windows\AppData\Local\Temp\ccdn4mUU.s 			page 7


 292 0122 30202D66 		.ascii	"0 -ffunction-sections -ffat-lto-objects\000"
 292      66756E63 
 292      74696F6E 
 292      2D736563 
 292      74696F6E 
 293              	.LASF12:
 294 014a 646F7562 		.ascii	"double\000"
 294      6C6500
 295              	.LASF19:
 296 0151 49544D5F 		.ascii	"ITM_RxBuffer\000"
 296      52784275 
 296      66666572 
 296      00
 297              	.LASF0:
 298 015e 7369676E 		.ascii	"signed char\000"
 298      65642063 
 298      68617200 
 299              	.LASF9:
 300 016a 5F5F696E 		.ascii	"__int32_t\000"
 300      7433325F 
 300      7400
 301              	.LASF11:
 302 0174 666C6F61 		.ascii	"float\000"
 302      7400
 303              	.LASF2:
 304 017a 73686F72 		.ascii	"short int\000"
 304      7420696E 
 304      7400
 305              	.LASF10:
 306 0184 696E7433 		.ascii	"int32_t\000"
 306      325F7400 
 307              	.LASF14:
 308 018c 73697A65 		.ascii	"sizetype\000"
 308      74797065 
 308      00
 309              	.LASF18:
 310 0195 536F435F 		.ascii	"SoC_init\000"
 310      696E6974 
 310      00
 311              		.ident	"GCC: (GNU Tools for ARM Embedded Processors) 4.9.3 20150303 (release) [ARM/embedded-4_9-br
