ARM GAS  D:\Windows\AppData\Local\Temp\ccjt0OM5.s 			page 1


   1              		.syntax unified
   2              		.cpu cortex-m3
   3              		.fpu softvfp
   4              		.eabi_attribute 20, 1
   5              		.eabi_attribute 21, 1
   6              		.eabi_attribute 23, 3
   7              		.eabi_attribute 24, 1
   8              		.eabi_attribute 25, 1
   9              		.eabi_attribute 26, 1
  10              		.eabi_attribute 30, 6
  11              		.eabi_attribute 34, 1
  12              		.eabi_attribute 18, 4
  13              		.thumb
  14              		.file	"time_manager.c"
  15              		.text
  16              	.Ltext0:
  17              		.cfi_sections	.debug_frame
  18              		.comm	current_time,16,4
  19              		.section	.text.time_refresh_vector,"ax",%progbits
  20              		.align	2
  21              		.global	time_refresh_vector
  22              		.thumb
  23              		.thumb_func
  24              		.type	time_refresh_vector, %function
  25              	time_refresh_vector:
  26              	.LFB63:
  27              		.file 1 "time_manager.c"
   1:time_manager.c **** #include "time_manager.h"
   2:time_manager.c **** 
   3:time_manager.c **** 
   4:time_manager.c **** volatile Time current_time;
   5:time_manager.c **** 
   6:time_manager.c **** 
   7:time_manager.c **** /* CY_ISR(time_refresh_vector)
   8:time_manager.c **** 	Runs every X seconds and retreives the current time from the RTC
   9:time_manager.c **** 	Sets the refresh_status flag, which will trigger time_announce() to inject a
  10:time_manager.c **** 	message containing the current time to the data_queue.  */
  11:time_manager.c **** CY_ISR(time_refresh_vector) {
  28              		.loc 1 11 0
  29              		.cfi_startproc
  30              		@ args = 0, pretend = 0, frame = 16
  31              		@ frame_needed = 1, uses_anonymous_args = 0
  32 0000 90B5     		push	{r4, r7, lr}
  33              		.cfi_def_cfa_offset 12
  34              		.cfi_offset 4, -12
  35              		.cfi_offset 7, -8
  36              		.cfi_offset 14, -4
  37 0002 85B0     		sub	sp, sp, #20
  38              		.cfi_def_cfa_offset 32
  39 0004 00AF     		add	r7, sp, #0
  40              		.cfi_def_cfa_register 7
  12:time_manager.c **** 	current_time = time_retreive(); // get time from rtc
  41              		.loc 1 12 0
  42 0006 074C     		ldr	r4, .L2
  43 0008 3B46     		mov	r3, r7
  44 000a 1846     		mov	r0, r3
  45 000c FFF7FEFF 		bl	time_retreive
ARM GAS  D:\Windows\AppData\Local\Temp\ccjt0OM5.s 			page 2


  46 0010 3B46     		mov	r3, r7
  47 0012 0FCB     		ldmia	r3, {r0, r1, r2, r3}
  48 0014 84E80F00 		stmia	r4, {r0, r1, r2, r3}
  13:time_manager.c **** 	time_announce();
  49              		.loc 1 13 0
  50 0018 FFF7FEFF 		bl	time_announce
  14:time_manager.c **** } // CY_ISR(time_refresh_vector)
  51              		.loc 1 14 0
  52 001c 1437     		adds	r7, r7, #20
  53              		.cfi_def_cfa_offset 12
  54 001e BD46     		mov	sp, r7
  55              		.cfi_def_cfa_register 13
  56              		@ sp needed
  57 0020 90BD     		pop	{r4, r7, pc}
  58              	.L3:
  59 0022 00BF     		.align	2
  60              	.L2:
  61 0024 00000000 		.word	current_time
  62              		.cfi_endproc
  63              	.LFE63:
  64              		.size	time_refresh_vector, .-time_refresh_vector
  65              		.section	.text.wdt_reset_interupt,"ax",%progbits
  66              		.align	2
  67              		.global	wdt_reset_interupt
  68              		.thumb
  69              		.thumb_func
  70              		.type	wdt_reset_interupt, %function
  71              	wdt_reset_interupt:
  72              	.LFB64:
  15:time_manager.c **** 
  16:time_manager.c **** CY_ISR(wdt_reset_interupt) {
  73              		.loc 1 16 0
  74              		.cfi_startproc
  75              		@ args = 0, pretend = 0, frame = 0
  76              		@ frame_needed = 1, uses_anonymous_args = 0
  77 0000 80B5     		push	{r7, lr}
  78              		.cfi_def_cfa_offset 8
  79              		.cfi_offset 7, -8
  80              		.cfi_offset 14, -4
  81 0002 00AF     		add	r7, sp, #0
  82              		.cfi_def_cfa_register 7
  17:time_manager.c **** 	CyWdtClear();
  83              		.loc 1 17 0
  84 0004 FFF7FEFF 		bl	CyWdtClear
  18:time_manager.c **** }
  85              		.loc 1 18 0
  86 0008 80BD     		pop	{r7, pc}
  87              		.cfi_endproc
  88              	.LFE64:
  89              		.size	wdt_reset_interupt, .-wdt_reset_interupt
  90 000a 00BF     		.section	.text.time_init,"ax",%progbits
  91              		.align	2
  92              		.global	time_init
  93              		.thumb
  94              		.thumb_func
  95              		.type	time_init, %function
  96              	time_init:
ARM GAS  D:\Windows\AppData\Local\Temp\ccjt0OM5.s 			page 3


  97              	.LFB65:
  19:time_manager.c **** 
  20:time_manager.c **** 
  21:time_manager.c **** /* time_init()
  22:time_manager.c **** 	Takes and Returns nothing.
  23:time_manager.c **** 	Initializes i2c with RTC and configures the RTC. Starts the timers and
  24:time_manager.c **** 	time_refresh_vector interrupt.
  25:time_manager.c **** 	RTC PART: MAXIM DS3231  */
  26:time_manager.c **** void time_init(void) {
  98              		.loc 1 26 0
  99              		.cfi_startproc
 100              		@ args = 0, pretend = 0, frame = 24
 101              		@ frame_needed = 1, uses_anonymous_args = 0
 102 0000 90B5     		push	{r4, r7, lr}
 103              		.cfi_def_cfa_offset 12
 104              		.cfi_offset 4, -12
 105              		.cfi_offset 7, -8
 106              		.cfi_offset 14, -4
 107 0002 87B0     		sub	sp, sp, #28
 108              		.cfi_def_cfa_offset 40
 109 0004 00AF     		add	r7, sp, #0
 110              		.cfi_def_cfa_register 7
  27:time_manager.c **** 	rtc_i2c_Start(); // start i2c to RTC
 111              		.loc 1 27 0
 112 0006 FFF7FEFF 		bl	rtc_i2c_Start
  28:time_manager.c **** 
  29:time_manager.c **** 	// configure RTC
  30:time_manager.c **** 	rtc_i2c_MasterSendStart(RTC_ADDR, 0);   // 0, send write command
 113              		.loc 1 30 0
 114 000a 6820     		movs	r0, #104
 115 000c 0021     		movs	r1, #0
 116 000e FFF7FEFF 		bl	rtc_i2c_MasterSendStart
  31:time_manager.c **** 	rtc_i2c_MasterWriteByte(RTC_CONFIG);
 117              		.loc 1 31 0
 118 0012 0E20     		movs	r0, #14
 119 0014 FFF7FEFF 		bl	rtc_i2c_MasterWriteByte
  32:time_manager.c **** 	rtc_i2c_MasterWriteByte(0x40); // 1Hz clock
 120              		.loc 1 32 0
 121 0018 4020     		movs	r0, #64
 122 001a FFF7FEFF 		bl	rtc_i2c_MasterWriteByte
  33:time_manager.c **** 	rtc_i2c_MasterSendStop();
 123              		.loc 1 33 0
 124 001e FFF7FEFF 		bl	rtc_i2c_MasterSendStop
  34:time_manager.c **** 
  35:time_manager.c **** 	// Set 24 hour
  36:time_manager.c **** 	uint8_t byte;
  37:time_manager.c **** 	rtc_i2c_MasterSendStart(RTC_ADDR, 0);	// Move to hours register.
 125              		.loc 1 37 0
 126 0022 6820     		movs	r0, #104
 127 0024 0021     		movs	r1, #0
 128 0026 FFF7FEFF 		bl	rtc_i2c_MasterSendStart
  38:time_manager.c **** 	rtc_i2c_MasterWriteByte(RTC_HOURS);     //set register pointer
 129              		.loc 1 38 0
 130 002a 0220     		movs	r0, #2
 131 002c FFF7FEFF 		bl	rtc_i2c_MasterWriteByte
  39:time_manager.c **** 	rtc_i2c_MasterSendStop();
 132              		.loc 1 39 0
ARM GAS  D:\Windows\AppData\Local\Temp\ccjt0OM5.s 			page 4


 133 0030 FFF7FEFF 		bl	rtc_i2c_MasterSendStop
  40:time_manager.c **** 
  41:time_manager.c **** 	rtc_i2c_MasterSendStart(RTC_ADDR, 1); 	// save hours register
 134              		.loc 1 41 0
 135 0034 6820     		movs	r0, #104
 136 0036 0121     		movs	r1, #1
 137 0038 FFF7FEFF 		bl	rtc_i2c_MasterSendStart
  42:time_manager.c **** 	byte = rtc_i2c_MasterReadByte(0);		// Zero, response with NACK
 138              		.loc 1 42 0
 139 003c 0020     		movs	r0, #0
 140 003e FFF7FEFF 		bl	rtc_i2c_MasterReadByte
 141 0042 0346     		mov	r3, r0
 142 0044 FB75     		strb	r3, [r7, #23]
  43:time_manager.c **** 	rtc_i2c_MasterSendStop();
 143              		.loc 1 43 0
 144 0046 FFF7FEFF 		bl	rtc_i2c_MasterSendStop
  44:time_manager.c **** 
  45:time_manager.c **** 	rtc_i2c_MasterSendStart(RTC_ADDR, 0); 	// Set 24 hour bit
 145              		.loc 1 45 0
 146 004a 6820     		movs	r0, #104
 147 004c 0021     		movs	r1, #0
 148 004e FFF7FEFF 		bl	rtc_i2c_MasterSendStart
  46:time_manager.c **** 	rtc_i2c_MasterWriteByte(RTC_HOURS);
 149              		.loc 1 46 0
 150 0052 0220     		movs	r0, #2
 151 0054 FFF7FEFF 		bl	rtc_i2c_MasterWriteByte
  47:time_manager.c **** 	rtc_i2c_MasterWriteByte(0x40 | byte);   //bit number 6 defines 12/24 hours
 152              		.loc 1 47 0
 153 0058 FB7D     		ldrb	r3, [r7, #23]
 154 005a 43F04003 		orr	r3, r3, #64
 155 005e DBB2     		uxtb	r3, r3
 156 0060 1846     		mov	r0, r3
 157 0062 FFF7FEFF 		bl	rtc_i2c_MasterWriteByte
  48:time_manager.c **** 	rtc_i2c_MasterSendStop();
 158              		.loc 1 48 0
 159 0066 FFF7FEFF 		bl	rtc_i2c_MasterSendStop
  49:time_manager.c **** 
  50:time_manager.c **** 	time_refresh_isr_StartEx(time_refresh_vector);  // enable 1 second isr
 160              		.loc 1 50 0
 161 006a 0A48     		ldr	r0, .L6
 162 006c FFF7FEFF 		bl	time_refresh_isr_StartEx
  51:time_manager.c ****     
  52:time_manager.c **** 	// Start timers
  53:time_manager.c **** 	millis_timer_Start();
 163              		.loc 1 53 0
 164 0070 FFF7FEFF 		bl	millis_timer_Start
  54:time_manager.c **** 	time_refresh_timer_Start();
 165              		.loc 1 54 0
 166 0074 FFF7FEFF 		bl	time_refresh_timer_Start
  55:time_manager.c **** 	current_time = time_retreive(); // get time from rtc
 167              		.loc 1 55 0
 168 0078 074C     		ldr	r4, .L6+4
 169 007a 3B46     		mov	r3, r7
 170 007c 1846     		mov	r0, r3
 171 007e FFF7FEFF 		bl	time_retreive
 172 0082 3B46     		mov	r3, r7
 173 0084 0FCB     		ldmia	r3, {r0, r1, r2, r3}
ARM GAS  D:\Windows\AppData\Local\Temp\ccjt0OM5.s 			page 5


 174 0086 84E80F00 		stmia	r4, {r0, r1, r2, r3}
  56:time_manager.c **** 	time_announce();
 175              		.loc 1 56 0
 176 008a FFF7FEFF 		bl	time_announce
  57:time_manager.c **** } // time_init()
 177              		.loc 1 57 0
 178 008e 1C37     		adds	r7, r7, #28
 179              		.cfi_def_cfa_offset 12
 180 0090 BD46     		mov	sp, r7
 181              		.cfi_def_cfa_register 13
 182              		@ sp needed
 183 0092 90BD     		pop	{r4, r7, pc}
 184              	.L7:
 185              		.align	2
 186              	.L6:
 187 0094 00000000 		.word	time_refresh_vector
 188 0098 00000000 		.word	current_time
 189              		.cfi_endproc
 190              	.LFE65:
 191              		.size	time_init, .-time_init
 192              		.section	.text.wdt_init,"ax",%progbits
 193              		.align	2
 194              		.global	wdt_init
 195              		.thumb
 196              		.thumb_func
 197              		.type	wdt_init, %function
 198              	wdt_init:
 199              	.LFB66:
  58:time_manager.c **** 
  59:time_manager.c **** void wdt_init() {	//start watchdog timer
 200              		.loc 1 59 0
 201              		.cfi_startproc
 202              		@ args = 0, pretend = 0, frame = 0
 203              		@ frame_needed = 1, uses_anonymous_args = 0
 204 0000 80B5     		push	{r7, lr}
 205              		.cfi_def_cfa_offset 8
 206              		.cfi_offset 7, -8
 207              		.cfi_offset 14, -4
 208 0002 00AF     		add	r7, sp, #0
 209              		.cfi_def_cfa_register 7
  60:time_manager.c **** 	CyWdtStart(CYWDT_1024_TICKS, CYWDT_LPMODE_NOCHANGE);
 210              		.loc 1 60 0
 211 0004 0320     		movs	r0, #3
 212 0006 0021     		movs	r1, #0
 213 0008 FFF7FEFF 		bl	CyWdtStart
  61:time_manager.c **** 	watchdog_timer_Start();
 214              		.loc 1 61 0
 215 000c FFF7FEFF 		bl	watchdog_timer_Start
  62:time_manager.c **** 	wdt_reset_isr_StartEx(wdt_reset_interupt);
 216              		.loc 1 62 0
 217 0010 0148     		ldr	r0, .L9
 218 0012 FFF7FEFF 		bl	wdt_reset_isr_StartEx
  63:time_manager.c **** }
 219              		.loc 1 63 0
 220 0016 80BD     		pop	{r7, pc}
 221              	.L10:
 222              		.align	2
ARM GAS  D:\Windows\AppData\Local\Temp\ccjt0OM5.s 			page 6


 223              	.L9:
 224 0018 00000000 		.word	wdt_reset_interupt
 225              		.cfi_endproc
 226              	.LFE66:
 227              		.size	wdt_init, .-wdt_init
 228              		.section	.text.time_announce,"ax",%progbits
 229              		.align	2
 230              		.global	time_announce
 231              		.thumb
 232              		.thumb_func
 233              		.type	time_announce, %function
 234              	time_announce:
 235              	.LFB67:
  64:time_manager.c **** 
  65:time_manager.c **** /* time_announce()
  66:time_manager.c **** 	Returns nothing.
  67:time_manager.c ****     The actual time is set by the refresh_vector interrupts.
  68:time_manager.c **** */
  69:time_manager.c **** void time_announce() {
 236              		.loc 1 69 0
 237              		.cfi_startproc
 238              		@ args = 0, pretend = 0, frame = 24
 239              		@ frame_needed = 1, uses_anonymous_args = 0
 240 0000 80B5     		push	{r7, lr}
 241              		.cfi_def_cfa_offset 8
 242              		.cfi_offset 7, -8
 243              		.cfi_offset 14, -4
 244 0002 86B0     		sub	sp, sp, #24
 245              		.cfi_def_cfa_offset 32
 246 0004 00AF     		add	r7, sp, #0
 247              		.cfi_def_cfa_register 7
  70:time_manager.c **** 	DataPacket msg_time;
  71:time_manager.c **** 	/* Time Frame for serial data
  72:time_manager.c **** 		START COUNTER zero year_upper, year_lower, month, date, hour, minutes, seconds	*/
  73:time_manager.c ****     uint8_t atomic_state = CyEnterCriticalSection(); // BEGIN ATOMIC
 248              		.loc 1 73 0
 249 0006 FFF7FEFF 		bl	CyEnterCriticalSection
 250 000a 0346     		mov	r3, r0
 251 000c FB75     		strb	r3, [r7, #23]
  74:time_manager.c ****     msg_time.id = ID_TIME;
 252              		.loc 1 74 0
 253 000e 40F22313 		movw	r3, #291
 254 0012 3B81     		strh	r3, [r7, #8]	@ movhi
  75:time_manager.c **** 	msg_time.length = 8;
 255              		.loc 1 75 0
 256 0014 0823     		movs	r3, #8
 257 0016 BB72     		strb	r3, [r7, #10]
  76:time_manager.c **** 	msg_time.millicounter = current_time.millicounter;
 258              		.loc 1 76 0
 259 0018 174B     		ldr	r3, .L12
 260 001a 9B68     		ldr	r3, [r3, #8]
 261 001c 7B60     		str	r3, [r7, #4]
  77:time_manager.c **** 	msg_time.data[0] = 0;
 262              		.loc 1 77 0
 263 001e 0023     		movs	r3, #0
 264 0020 FB72     		strb	r3, [r7, #11]
  78:time_manager.c **** 	msg_time.data[1] = current_time.year >> 8;
ARM GAS  D:\Windows\AppData\Local\Temp\ccjt0OM5.s 			page 7


 265              		.loc 1 78 0
 266 0022 154B     		ldr	r3, .L12
 267 0024 9B89     		ldrh	r3, [r3, #12]	@ movhi
 268 0026 9BB2     		uxth	r3, r3
 269 0028 1B0A     		lsrs	r3, r3, #8
 270 002a 9BB2     		uxth	r3, r3
 271 002c DBB2     		uxtb	r3, r3
 272 002e 3B73     		strb	r3, [r7, #12]
  79:time_manager.c **** 	msg_time.data[2] = current_time.year;
 273              		.loc 1 79 0
 274 0030 114B     		ldr	r3, .L12
 275 0032 9B89     		ldrh	r3, [r3, #12]	@ movhi
 276 0034 9BB2     		uxth	r3, r3
 277 0036 DBB2     		uxtb	r3, r3
 278 0038 7B73     		strb	r3, [r7, #13]
  80:time_manager.c **** 	msg_time.data[3] = current_time.month;
 279              		.loc 1 80 0
 280 003a 0F4B     		ldr	r3, .L12
 281 003c 1B78     		ldrb	r3, [r3]
 282 003e DBB2     		uxtb	r3, r3
 283 0040 BB73     		strb	r3, [r7, #14]
  81:time_manager.c **** 	msg_time.data[4] = current_time.day;
 284              		.loc 1 81 0
 285 0042 0D4B     		ldr	r3, .L12
 286 0044 5B78     		ldrb	r3, [r3, #1]
 287 0046 DBB2     		uxtb	r3, r3
 288 0048 FB73     		strb	r3, [r7, #15]
  82:time_manager.c **** 	msg_time.data[5] = current_time.hour;
 289              		.loc 1 82 0
 290 004a 0B4B     		ldr	r3, .L12
 291 004c 9B78     		ldrb	r3, [r3, #2]
 292 004e DBB2     		uxtb	r3, r3
 293 0050 3B74     		strb	r3, [r7, #16]
  83:time_manager.c **** 	msg_time.data[6] = current_time.minute;
 294              		.loc 1 83 0
 295 0052 094B     		ldr	r3, .L12
 296 0054 DB78     		ldrb	r3, [r3, #3]
 297 0056 DBB2     		uxtb	r3, r3
 298 0058 7B74     		strb	r3, [r7, #17]
  84:time_manager.c **** 	msg_time.data[7] = current_time.second;
 299              		.loc 1 84 0
 300 005a 074B     		ldr	r3, .L12
 301 005c 1B79     		ldrb	r3, [r3, #4]
 302 005e DBB2     		uxtb	r3, r3
 303 0060 BB74     		strb	r3, [r7, #18]
  85:time_manager.c **** 
  86:time_manager.c **** 	msg_recieve(&msg_time);
 304              		.loc 1 86 0
 305 0062 3B1D     		adds	r3, r7, #4
 306 0064 1846     		mov	r0, r3
 307 0066 FFF7FEFF 		bl	msg_recieve
  87:time_manager.c ****     CyExitCriticalSection(atomic_state); // END ATOMIC
 308              		.loc 1 87 0
 309 006a FB7D     		ldrb	r3, [r7, #23]	@ zero_extendqisi2
 310 006c 1846     		mov	r0, r3
 311 006e FFF7FEFF 		bl	CyExitCriticalSection
  88:time_manager.c **** } // time_announce()
ARM GAS  D:\Windows\AppData\Local\Temp\ccjt0OM5.s 			page 8


 312              		.loc 1 88 0
 313 0072 1837     		adds	r7, r7, #24
 314              		.cfi_def_cfa_offset 8
 315 0074 BD46     		mov	sp, r7
 316              		.cfi_def_cfa_register 13
 317              		@ sp needed
 318 0076 80BD     		pop	{r7, pc}
 319              	.L13:
 320              		.align	2
 321              	.L12:
 322 0078 00000000 		.word	current_time
 323              		.cfi_endproc
 324              	.LFE67:
 325              		.size	time_announce, .-time_announce
 326              		.section	.text.time_get,"ax",%progbits
 327              		.align	2
 328              		.global	time_get
 329              		.thumb
 330              		.thumb_func
 331              		.type	time_get, %function
 332              	time_get:
 333              	.LFB68:
  89:time_manager.c **** 
  90:time_manager.c **** 
  91:time_manager.c **** 
  92:time_manager.c **** /* time_get()
  93:time_manager.c **** 	Takes nothing. Returns the current time with millicounter. */
  94:time_manager.c **** Time time_get(void) {
 334              		.loc 1 94 0
 335              		.cfi_startproc
 336              		@ args = 0, pretend = 0, frame = 24
 337              		@ frame_needed = 1, uses_anonymous_args = 0
 338 0000 90B5     		push	{r4, r7, lr}
 339              		.cfi_def_cfa_offset 12
 340              		.cfi_offset 4, -12
 341              		.cfi_offset 7, -8
 342              		.cfi_offset 14, -4
 343 0002 87B0     		sub	sp, sp, #28
 344              		.cfi_def_cfa_offset 40
 345 0004 00AF     		add	r7, sp, #0
 346              		.cfi_def_cfa_register 7
 347 0006 7861     		str	r0, [r7, #20]
  95:time_manager.c **** 	current_time = time_retreive();
 348              		.loc 1 95 0
 349 0008 094C     		ldr	r4, .L16
 350 000a 3B46     		mov	r3, r7
 351 000c 1846     		mov	r0, r3
 352 000e FFF7FEFF 		bl	time_retreive
 353 0012 3B46     		mov	r3, r7
 354 0014 0FCB     		ldmia	r3, {r0, r1, r2, r3}
 355 0016 84E80F00 		stmia	r4, {r0, r1, r2, r3}
  96:time_manager.c **** 	return current_time;
 356              		.loc 1 96 0
 357 001a 7B69     		ldr	r3, [r7, #20]
 358 001c 044A     		ldr	r2, .L16
 359 001e 1C46     		mov	r4, r3
 360 0020 1346     		mov	r3, r2
ARM GAS  D:\Windows\AppData\Local\Temp\ccjt0OM5.s 			page 9


 361 0022 0FCB     		ldmia	r3, {r0, r1, r2, r3}
 362 0024 84E80F00 		stmia	r4, {r0, r1, r2, r3}
  97:time_manager.c **** } // time_get()
 363              		.loc 1 97 0
 364 0028 7869     		ldr	r0, [r7, #20]
 365 002a 1C37     		adds	r7, r7, #28
 366              		.cfi_def_cfa_offset 12
 367 002c BD46     		mov	sp, r7
 368              		.cfi_def_cfa_register 13
 369              		@ sp needed
 370 002e 90BD     		pop	{r4, r7, pc}
 371              	.L17:
 372              		.align	2
 373              	.L16:
 374 0030 00000000 		.word	current_time
 375              		.cfi_endproc
 376              	.LFE68:
 377              		.size	time_get, .-time_get
 378              		.section	.text.time_set,"ax",%progbits
 379              		.align	2
 380              		.global	time_set
 381              		.thumb
 382              		.thumb_func
 383              		.type	time_set, %function
 384              	time_set:
 385              	.LFB69:
  98:time_manager.c **** 
  99:time_manager.c **** 
 100:time_manager.c **** void time_set(Time now) {
 386              		.loc 1 100 0
 387              		.cfi_startproc
 388              		@ args = 0, pretend = 0, frame = 24
 389              		@ frame_needed = 1, uses_anonymous_args = 0
 390 0000 90B5     		push	{r4, r7, lr}
 391              		.cfi_def_cfa_offset 12
 392              		.cfi_offset 4, -12
 393              		.cfi_offset 7, -8
 394              		.cfi_offset 14, -4
 395 0002 87B0     		sub	sp, sp, #28
 396              		.cfi_def_cfa_offset 40
 397 0004 00AF     		add	r7, sp, #0
 398              		.cfi_def_cfa_register 7
 399 0006 3C46     		mov	r4, r7
 400 0008 84E80F00 		stmia	r4, {r0, r1, r2, r3}
 101:time_manager.c **** 	// Set 24 hour
 102:time_manager.c **** 	uint8_t byte;
 103:time_manager.c **** 
 104:time_manager.c **** 	rtc_i2c_MasterSendStart(RTC_ADDR, 0);
 401              		.loc 1 104 0
 402 000c 6820     		movs	r0, #104
 403 000e 0021     		movs	r1, #0
 404 0010 FFF7FEFF 		bl	rtc_i2c_MasterSendStart
 105:time_manager.c **** 	rtc_i2c_MasterWriteByte(0x00);      // move to top of register file
 405              		.loc 1 105 0
 406 0014 0020     		movs	r0, #0
 407 0016 FFF7FEFF 		bl	rtc_i2c_MasterWriteByte
 106:time_manager.c **** 
ARM GAS  D:\Windows\AppData\Local\Temp\ccjt0OM5.s 			page 10


 107:time_manager.c **** 	byte = now.second % 10;             // seconds
 408              		.loc 1 107 0
 409 001a 3A79     		ldrb	r2, [r7, #4]	@ zero_extendqisi2
 410 001c 574B     		ldr	r3, .L19
 411 001e A3FB0213 		umull	r1, r3, r3, r2
 412 0022 D908     		lsrs	r1, r3, #3
 413 0024 0B46     		mov	r3, r1
 414 0026 9B00     		lsls	r3, r3, #2
 415 0028 0B44     		add	r3, r3, r1
 416 002a 5B00     		lsls	r3, r3, #1
 417 002c D31A     		subs	r3, r2, r3
 418 002e FB75     		strb	r3, [r7, #23]
 108:time_manager.c **** 	byte |= (now.second / 10) << 4;     // 10 seconds   0-59
 419              		.loc 1 108 0
 420 0030 3B79     		ldrb	r3, [r7, #4]	@ zero_extendqisi2
 421 0032 524A     		ldr	r2, .L19
 422 0034 A2FB0323 		umull	r2, r3, r2, r3
 423 0038 DB08     		lsrs	r3, r3, #3
 424 003a DBB2     		uxtb	r3, r3
 425 003c 1B01     		lsls	r3, r3, #4
 426 003e DAB2     		uxtb	r2, r3
 427 0040 FB7D     		ldrb	r3, [r7, #23]	@ zero_extendqisi2
 428 0042 1343     		orrs	r3, r3, r2
 429 0044 DBB2     		uxtb	r3, r3
 430 0046 FB75     		strb	r3, [r7, #23]
 109:time_manager.c **** 	rtc_i2c_MasterWriteByte(byte);
 431              		.loc 1 109 0
 432 0048 FB7D     		ldrb	r3, [r7, #23]	@ zero_extendqisi2
 433 004a 1846     		mov	r0, r3
 434 004c FFF7FEFF 		bl	rtc_i2c_MasterWriteByte
 110:time_manager.c **** 
 111:time_manager.c **** 	byte = now.minute % 10;             // minute
 435              		.loc 1 111 0
 436 0050 FA78     		ldrb	r2, [r7, #3]	@ zero_extendqisi2
 437 0052 4A4B     		ldr	r3, .L19
 438 0054 A3FB0213 		umull	r1, r3, r3, r2
 439 0058 D908     		lsrs	r1, r3, #3
 440 005a 0B46     		mov	r3, r1
 441 005c 9B00     		lsls	r3, r3, #2
 442 005e 0B44     		add	r3, r3, r1
 443 0060 5B00     		lsls	r3, r3, #1
 444 0062 D31A     		subs	r3, r2, r3
 445 0064 FB75     		strb	r3, [r7, #23]
 112:time_manager.c **** 	byte |= (now.minute/ 10) << 4;      // 10 minute    0-59
 446              		.loc 1 112 0
 447 0066 FB78     		ldrb	r3, [r7, #3]	@ zero_extendqisi2
 448 0068 444A     		ldr	r2, .L19
 449 006a A2FB0323 		umull	r2, r3, r2, r3
 450 006e DB08     		lsrs	r3, r3, #3
 451 0070 DBB2     		uxtb	r3, r3
 452 0072 1B01     		lsls	r3, r3, #4
 453 0074 DAB2     		uxtb	r2, r3
 454 0076 FB7D     		ldrb	r3, [r7, #23]	@ zero_extendqisi2
 455 0078 1343     		orrs	r3, r3, r2
 456 007a DBB2     		uxtb	r3, r3
 457 007c FB75     		strb	r3, [r7, #23]
 113:time_manager.c **** 	rtc_i2c_MasterWriteByte(byte);
ARM GAS  D:\Windows\AppData\Local\Temp\ccjt0OM5.s 			page 11


 458              		.loc 1 113 0
 459 007e FB7D     		ldrb	r3, [r7, #23]	@ zero_extendqisi2
 460 0080 1846     		mov	r0, r3
 461 0082 FFF7FEFF 		bl	rtc_i2c_MasterWriteByte
 114:time_manager.c **** 
 115:time_manager.c **** 	byte = now.hour % 10;               // hour
 462              		.loc 1 115 0
 463 0086 BA78     		ldrb	r2, [r7, #2]	@ zero_extendqisi2
 464 0088 3C4B     		ldr	r3, .L19
 465 008a A3FB0213 		umull	r1, r3, r3, r2
 466 008e D908     		lsrs	r1, r3, #3
 467 0090 0B46     		mov	r3, r1
 468 0092 9B00     		lsls	r3, r3, #2
 469 0094 0B44     		add	r3, r3, r1
 470 0096 5B00     		lsls	r3, r3, #1
 471 0098 D31A     		subs	r3, r2, r3
 472 009a FB75     		strb	r3, [r7, #23]
 116:time_manager.c **** 	byte |= (now.hour / 10) << 4;       // 10 hour      0-23 
 473              		.loc 1 116 0
 474 009c BB78     		ldrb	r3, [r7, #2]	@ zero_extendqisi2
 475 009e 374A     		ldr	r2, .L19
 476 00a0 A2FB0323 		umull	r2, r3, r2, r3
 477 00a4 DB08     		lsrs	r3, r3, #3
 478 00a6 DBB2     		uxtb	r3, r3
 479 00a8 1B01     		lsls	r3, r3, #4
 480 00aa DAB2     		uxtb	r2, r3
 481 00ac FB7D     		ldrb	r3, [r7, #23]	@ zero_extendqisi2
 482 00ae 1343     		orrs	r3, r3, r2
 483 00b0 DBB2     		uxtb	r3, r3
 484 00b2 FB75     		strb	r3, [r7, #23]
 117:time_manager.c **** 	rtc_i2c_MasterWriteByte(byte);
 485              		.loc 1 117 0
 486 00b4 FB7D     		ldrb	r3, [r7, #23]	@ zero_extendqisi2
 487 00b6 1846     		mov	r0, r3
 488 00b8 FFF7FEFF 		bl	rtc_i2c_MasterWriteByte
 118:time_manager.c **** 
 119:time_manager.c **** 	rtc_i2c_MasterSendStop(); // End Receiving
 489              		.loc 1 119 0
 490 00bc FFF7FEFF 		bl	rtc_i2c_MasterSendStop
 120:time_manager.c **** 
 121:time_manager.c **** 	// skip day
 122:time_manager.c **** 
 123:time_manager.c **** 	rtc_i2c_MasterSendStart(RTC_ADDR, 0);
 491              		.loc 1 123 0
 492 00c0 6820     		movs	r0, #104
 493 00c2 0021     		movs	r1, #0
 494 00c4 FFF7FEFF 		bl	rtc_i2c_MasterSendStart
 124:time_manager.c **** 	rtc_i2c_MasterWriteByte(RTC_DATE);  // move to Date
 495              		.loc 1 124 0
 496 00c8 0420     		movs	r0, #4
 497 00ca FFF7FEFF 		bl	rtc_i2c_MasterWriteByte
 125:time_manager.c **** 
 126:time_manager.c **** 	byte = now.day % 10;                // day
 498              		.loc 1 126 0
 499 00ce 7A78     		ldrb	r2, [r7, #1]	@ zero_extendqisi2
 500 00d0 2A4B     		ldr	r3, .L19
 501 00d2 A3FB0213 		umull	r1, r3, r3, r2
ARM GAS  D:\Windows\AppData\Local\Temp\ccjt0OM5.s 			page 12


 502 00d6 D908     		lsrs	r1, r3, #3
 503 00d8 0B46     		mov	r3, r1
 504 00da 9B00     		lsls	r3, r3, #2
 505 00dc 0B44     		add	r3, r3, r1
 506 00de 5B00     		lsls	r3, r3, #1
 507 00e0 D31A     		subs	r3, r2, r3
 508 00e2 FB75     		strb	r3, [r7, #23]
 127:time_manager.c **** 	byte |= (now.day / 10) << 4;        // 10 day       0-31
 509              		.loc 1 127 0
 510 00e4 7B78     		ldrb	r3, [r7, #1]	@ zero_extendqisi2
 511 00e6 254A     		ldr	r2, .L19
 512 00e8 A2FB0323 		umull	r2, r3, r2, r3
 513 00ec DB08     		lsrs	r3, r3, #3
 514 00ee DBB2     		uxtb	r3, r3
 515 00f0 1B01     		lsls	r3, r3, #4
 516 00f2 DAB2     		uxtb	r2, r3
 517 00f4 FB7D     		ldrb	r3, [r7, #23]	@ zero_extendqisi2
 518 00f6 1343     		orrs	r3, r3, r2
 519 00f8 DBB2     		uxtb	r3, r3
 520 00fa FB75     		strb	r3, [r7, #23]
 128:time_manager.c **** 	rtc_i2c_MasterWriteByte(byte);
 521              		.loc 1 128 0
 522 00fc FB7D     		ldrb	r3, [r7, #23]	@ zero_extendqisi2
 523 00fe 1846     		mov	r0, r3
 524 0100 FFF7FEFF 		bl	rtc_i2c_MasterWriteByte
 129:time_manager.c **** 
 130:time_manager.c **** 	byte = now.month % 10;              // month
 525              		.loc 1 130 0
 526 0104 3A78     		ldrb	r2, [r7]	@ zero_extendqisi2
 527 0106 1D4B     		ldr	r3, .L19
 528 0108 A3FB0213 		umull	r1, r3, r3, r2
 529 010c D908     		lsrs	r1, r3, #3
 530 010e 0B46     		mov	r3, r1
 531 0110 9B00     		lsls	r3, r3, #2
 532 0112 0B44     		add	r3, r3, r1
 533 0114 5B00     		lsls	r3, r3, #1
 534 0116 D31A     		subs	r3, r2, r3
 535 0118 FB75     		strb	r3, [r7, #23]
 131:time_manager.c **** 	byte |= (now.month / 10) << 4;      // 10 month     1-12
 536              		.loc 1 131 0
 537 011a 3B78     		ldrb	r3, [r7]	@ zero_extendqisi2
 538 011c 174A     		ldr	r2, .L19
 539 011e A2FB0323 		umull	r2, r3, r2, r3
 540 0122 DB08     		lsrs	r3, r3, #3
 541 0124 DBB2     		uxtb	r3, r3
 542 0126 1B01     		lsls	r3, r3, #4
 543 0128 DAB2     		uxtb	r2, r3
 544 012a FB7D     		ldrb	r3, [r7, #23]	@ zero_extendqisi2
 545 012c 1343     		orrs	r3, r3, r2
 546 012e DBB2     		uxtb	r3, r3
 547 0130 FB75     		strb	r3, [r7, #23]
 132:time_manager.c **** 	rtc_i2c_MasterWriteByte(byte);
 548              		.loc 1 132 0
 549 0132 FB7D     		ldrb	r3, [r7, #23]	@ zero_extendqisi2
 550 0134 1846     		mov	r0, r3
 551 0136 FFF7FEFF 		bl	rtc_i2c_MasterWriteByte
 133:time_manager.c **** 
ARM GAS  D:\Windows\AppData\Local\Temp\ccjt0OM5.s 			page 13


 134:time_manager.c **** 	byte = now.year % 10;               // year
 552              		.loc 1 134 0
 553 013a BA89     		ldrh	r2, [r7, #12]
 554 013c 0F4B     		ldr	r3, .L19
 555 013e A3FB0213 		umull	r1, r3, r3, r2
 556 0142 D908     		lsrs	r1, r3, #3
 557 0144 0B46     		mov	r3, r1
 558 0146 9B00     		lsls	r3, r3, #2
 559 0148 0B44     		add	r3, r3, r1
 560 014a 5B00     		lsls	r3, r3, #1
 561 014c D31A     		subs	r3, r2, r3
 562 014e 9BB2     		uxth	r3, r3
 563 0150 FB75     		strb	r3, [r7, #23]
 135:time_manager.c **** 	byte |= (now.year / 10) << 4;       // 10 year      0-99
 564              		.loc 1 135 0
 565 0152 BB89     		ldrh	r3, [r7, #12]
 566 0154 094A     		ldr	r2, .L19
 567 0156 A2FB0323 		umull	r2, r3, r2, r3
 568 015a DB08     		lsrs	r3, r3, #3
 569 015c 9BB2     		uxth	r3, r3
 570 015e 1B01     		lsls	r3, r3, #4
 571 0160 DAB2     		uxtb	r2, r3
 572 0162 FB7D     		ldrb	r3, [r7, #23]	@ zero_extendqisi2
 573 0164 1343     		orrs	r3, r3, r2
 574 0166 DBB2     		uxtb	r3, r3
 575 0168 FB75     		strb	r3, [r7, #23]
 136:time_manager.c **** 	rtc_i2c_MasterWriteByte(byte);
 576              		.loc 1 136 0
 577 016a FB7D     		ldrb	r3, [r7, #23]	@ zero_extendqisi2
 578 016c 1846     		mov	r0, r3
 579 016e FFF7FEFF 		bl	rtc_i2c_MasterWriteByte
 137:time_manager.c **** 
 138:time_manager.c **** 	rtc_i2c_MasterSendStop(); // End Receiving
 580              		.loc 1 138 0
 581 0172 FFF7FEFF 		bl	rtc_i2c_MasterSendStop
 139:time_manager.c **** } // time_set()
 582              		.loc 1 139 0
 583 0176 1C37     		adds	r7, r7, #28
 584              		.cfi_def_cfa_offset 12
 585 0178 BD46     		mov	sp, r7
 586              		.cfi_def_cfa_register 13
 587              		@ sp needed
 588 017a 90BD     		pop	{r4, r7, pc}
 589              	.L20:
 590              		.align	2
 591              	.L19:
 592 017c CDCCCCCC 		.word	-858993459
 593              		.cfi_endproc
 594              	.LFE69:
 595              		.size	time_set, .-time_set
 596              		.section	.text.time_retreive,"ax",%progbits
 597              		.align	2
 598              		.global	time_retreive
 599              		.thumb
 600              		.thumb_func
 601              		.type	time_retreive, %function
 602              	time_retreive:
ARM GAS  D:\Windows\AppData\Local\Temp\ccjt0OM5.s 			page 14


 603              	.LFB70:
 140:time_manager.c **** 
 141:time_manager.c **** 
 142:time_manager.c **** 
 143:time_manager.c **** /* time_retreive()
 144:time_manager.c **** 	Takes nothing. Returns the current time.
 145:time_manager.c **** 
 146:time_manager.c **** 	Communicates with an external RTC with i2c to obtain the current time.
 147:time_manager.c **** 	Sets the register pointer in the RTC to 0 and then reads the data sequencially
 148:time_manager.c **** 	from the register. The RTC auto-increments after reading each byte. Converts
 149:time_manager.c **** 	the binary encoded decimal to simple binary representation. Reads the
 150:time_manager.c **** 	millisecond counter into the current time.
 151:time_manager.c **** 
 152:time_manager.c **** 	RTC PART: MAXIM DS3231
 153:time_manager.c **** */
 154:time_manager.c **** Time time_retreive(void) {
 604              		.loc 1 154 0
 605              		.cfi_startproc
 606              		@ args = 0, pretend = 0, frame = 32
 607              		@ frame_needed = 1, uses_anonymous_args = 0
 608 0000 90B5     		push	{r4, r7, lr}
 609              		.cfi_def_cfa_offset 12
 610              		.cfi_offset 4, -12
 611              		.cfi_offset 7, -8
 612              		.cfi_offset 14, -4
 613 0002 89B0     		sub	sp, sp, #36
 614              		.cfi_def_cfa_offset 48
 615 0004 00AF     		add	r7, sp, #0
 616              		.cfi_def_cfa_register 7
 617 0006 7860     		str	r0, [r7, #4]
 155:time_manager.c **** 	Time tmp_time;
 156:time_manager.c **** 	uint8_t byte;
 157:time_manager.c **** 
 158:time_manager.c **** 	// Set register pointer to 0
 159:time_manager.c **** 	rtc_i2c_MasterSendStart(RTC_ADDR, 0);
 618              		.loc 1 159 0
 619 0008 6820     		movs	r0, #104
 620 000a 0021     		movs	r1, #0
 621 000c FFF7FEFF 		bl	rtc_i2c_MasterSendStart
 160:time_manager.c **** 	rtc_i2c_MasterWriteByte(0x00);
 622              		.loc 1 160 0
 623 0010 0020     		movs	r0, #0
 624 0012 FFF7FEFF 		bl	rtc_i2c_MasterWriteByte
 161:time_manager.c **** 	rtc_i2c_MasterSendStop();
 625              		.loc 1 161 0
 626 0016 FFF7FEFF 		bl	rtc_i2c_MasterSendStop
 162:time_manager.c **** 	
 163:time_manager.c **** 	// Read data from registers
 164:time_manager.c **** 	rtc_i2c_MasterSendStart(RTC_ADDR, 1); // Begin receiving
 627              		.loc 1 164 0
 628 001a 6820     		movs	r0, #104
 629 001c 0121     		movs	r1, #1
 630 001e FFF7FEFF 		bl	rtc_i2c_MasterSendStart
 165:time_manager.c **** 
 166:time_manager.c **** 	byte = rtc_i2c_MasterReadByte(1);
 631              		.loc 1 166 0
 632 0022 0120     		movs	r0, #1
ARM GAS  D:\Windows\AppData\Local\Temp\ccjt0OM5.s 			page 15


 633 0024 FFF7FEFF 		bl	rtc_i2c_MasterReadByte
 634 0028 0346     		mov	r3, r0
 635 002a FB77     		strb	r3, [r7, #31]
 167:time_manager.c **** 	tmp_time.second = byte & 0x0F; // seconds
 636              		.loc 1 167 0
 637 002c FB7F     		ldrb	r3, [r7, #31]
 638 002e 03F00F03 		and	r3, r3, #15
 639 0032 DBB2     		uxtb	r3, r3
 640 0034 3B74     		strb	r3, [r7, #16]
 168:time_manager.c **** 	tmp_time.second += 10 * (byte >> 4); // 10 seconds
 641              		.loc 1 168 0
 642 0036 3A7C     		ldrb	r2, [r7, #16]	@ zero_extendqisi2
 643 0038 FB7F     		ldrb	r3, [r7, #31]	@ zero_extendqisi2
 644 003a 1B09     		lsrs	r3, r3, #4
 645 003c DBB2     		uxtb	r3, r3
 646 003e 1946     		mov	r1, r3
 647 0040 8900     		lsls	r1, r1, #2
 648 0042 0B44     		add	r3, r3, r1
 649 0044 5B00     		lsls	r3, r3, #1
 650 0046 DBB2     		uxtb	r3, r3
 651 0048 1344     		add	r3, r3, r2
 652 004a DBB2     		uxtb	r3, r3
 653 004c 3B74     		strb	r3, [r7, #16]
 169:time_manager.c **** 
 170:time_manager.c **** 	byte = rtc_i2c_MasterReadByte(1);
 654              		.loc 1 170 0
 655 004e 0120     		movs	r0, #1
 656 0050 FFF7FEFF 		bl	rtc_i2c_MasterReadByte
 657 0054 0346     		mov	r3, r0
 658 0056 FB77     		strb	r3, [r7, #31]
 171:time_manager.c **** 	tmp_time.minute = byte & 0x0F; // minutes
 659              		.loc 1 171 0
 660 0058 FB7F     		ldrb	r3, [r7, #31]
 661 005a 03F00F03 		and	r3, r3, #15
 662 005e DBB2     		uxtb	r3, r3
 663 0060 FB73     		strb	r3, [r7, #15]
 172:time_manager.c **** 	tmp_time.minute += 10 * (byte >> 4); // 10 seconds
 664              		.loc 1 172 0
 665 0062 FA7B     		ldrb	r2, [r7, #15]	@ zero_extendqisi2
 666 0064 FB7F     		ldrb	r3, [r7, #31]	@ zero_extendqisi2
 667 0066 1B09     		lsrs	r3, r3, #4
 668 0068 DBB2     		uxtb	r3, r3
 669 006a 1946     		mov	r1, r3
 670 006c 8900     		lsls	r1, r1, #2
 671 006e 0B44     		add	r3, r3, r1
 672 0070 5B00     		lsls	r3, r3, #1
 673 0072 DBB2     		uxtb	r3, r3
 674 0074 1344     		add	r3, r3, r2
 675 0076 DBB2     		uxtb	r3, r3
 676 0078 FB73     		strb	r3, [r7, #15]
 173:time_manager.c **** 
 174:time_manager.c **** 	byte = rtc_i2c_MasterReadByte(1);
 677              		.loc 1 174 0
 678 007a 0120     		movs	r0, #1
 679 007c FFF7FEFF 		bl	rtc_i2c_MasterReadByte
 680 0080 0346     		mov	r3, r0
 681 0082 FB77     		strb	r3, [r7, #31]
ARM GAS  D:\Windows\AppData\Local\Temp\ccjt0OM5.s 			page 16


 175:time_manager.c **** 	tmp_time.hour = byte & 0x0F; // hours 
 682              		.loc 1 175 0
 683 0084 FB7F     		ldrb	r3, [r7, #31]
 684 0086 03F00F03 		and	r3, r3, #15
 685 008a DBB2     		uxtb	r3, r3
 686 008c BB73     		strb	r3, [r7, #14]
 176:time_manager.c **** 	tmp_time.hour += 10 * ((byte&0x3F) >> 4); // 10 hours
 687              		.loc 1 176 0
 688 008e BA7B     		ldrb	r2, [r7, #14]	@ zero_extendqisi2
 689 0090 FB7F     		ldrb	r3, [r7, #31]	@ zero_extendqisi2
 690 0092 03F03F03 		and	r3, r3, #63
 691 0096 1B11     		asrs	r3, r3, #4
 692 0098 DBB2     		uxtb	r3, r3
 693 009a 1946     		mov	r1, r3
 694 009c 8900     		lsls	r1, r1, #2
 695 009e 0B44     		add	r3, r3, r1
 696 00a0 5B00     		lsls	r3, r3, #1
 697 00a2 DBB2     		uxtb	r3, r3
 698 00a4 1344     		add	r3, r3, r2
 699 00a6 DBB2     		uxtb	r3, r3
 700 00a8 BB73     		strb	r3, [r7, #14]
 177:time_manager.c **** 
 178:time_manager.c **** 	byte = rtc_i2c_MasterReadByte(1); // skip day
 701              		.loc 1 178 0
 702 00aa 0120     		movs	r0, #1
 703 00ac FFF7FEFF 		bl	rtc_i2c_MasterReadByte
 704 00b0 0346     		mov	r3, r0
 705 00b2 FB77     		strb	r3, [r7, #31]
 179:time_manager.c **** 
 180:time_manager.c **** 	byte = rtc_i2c_MasterReadByte(1);
 706              		.loc 1 180 0
 707 00b4 0120     		movs	r0, #1
 708 00b6 FFF7FEFF 		bl	rtc_i2c_MasterReadByte
 709 00ba 0346     		mov	r3, r0
 710 00bc FB77     		strb	r3, [r7, #31]
 181:time_manager.c **** 	tmp_time.day = byte & 0x0F; // date
 711              		.loc 1 181 0
 712 00be FB7F     		ldrb	r3, [r7, #31]
 713 00c0 03F00F03 		and	r3, r3, #15
 714 00c4 DBB2     		uxtb	r3, r3
 715 00c6 7B73     		strb	r3, [r7, #13]
 182:time_manager.c **** 	tmp_time.day += 10 * (byte >> 4); // 10 date
 716              		.loc 1 182 0
 717 00c8 7A7B     		ldrb	r2, [r7, #13]	@ zero_extendqisi2
 718 00ca FB7F     		ldrb	r3, [r7, #31]	@ zero_extendqisi2
 719 00cc 1B09     		lsrs	r3, r3, #4
 720 00ce DBB2     		uxtb	r3, r3
 721 00d0 1946     		mov	r1, r3
 722 00d2 8900     		lsls	r1, r1, #2
 723 00d4 0B44     		add	r3, r3, r1
 724 00d6 5B00     		lsls	r3, r3, #1
 725 00d8 DBB2     		uxtb	r3, r3
 726 00da 1344     		add	r3, r3, r2
 727 00dc DBB2     		uxtb	r3, r3
 728 00de 7B73     		strb	r3, [r7, #13]
 183:time_manager.c **** 
 184:time_manager.c **** 	byte = rtc_i2c_MasterReadByte(1);
ARM GAS  D:\Windows\AppData\Local\Temp\ccjt0OM5.s 			page 17


 729              		.loc 1 184 0
 730 00e0 0120     		movs	r0, #1
 731 00e2 FFF7FEFF 		bl	rtc_i2c_MasterReadByte
 732 00e6 0346     		mov	r3, r0
 733 00e8 FB77     		strb	r3, [r7, #31]
 185:time_manager.c **** 	tmp_time.month = byte & 0x0F; // Month/Century 
 734              		.loc 1 185 0
 735 00ea FB7F     		ldrb	r3, [r7, #31]
 736 00ec 03F00F03 		and	r3, r3, #15
 737 00f0 DBB2     		uxtb	r3, r3
 738 00f2 3B73     		strb	r3, [r7, #12]
 186:time_manager.c **** 	tmp_time.month += 10 * ((byte & 0x01) >> 4); // 10 Month
 739              		.loc 1 186 0
 740 00f4 3B7B     		ldrb	r3, [r7, #12]	@ zero_extendqisi2
 741 00f6 3B73     		strb	r3, [r7, #12]
 187:time_manager.c **** 
 188:time_manager.c **** 	byte = rtc_i2c_MasterReadByte(0);
 742              		.loc 1 188 0
 743 00f8 0020     		movs	r0, #0
 744 00fa FFF7FEFF 		bl	rtc_i2c_MasterReadByte
 745 00fe 0346     		mov	r3, r0
 746 0100 FB77     		strb	r3, [r7, #31]
 189:time_manager.c **** 	rtc_i2c_MasterSendStop(); // End Receiving
 747              		.loc 1 189 0
 748 0102 FFF7FEFF 		bl	rtc_i2c_MasterSendStop
 190:time_manager.c **** 	tmp_time.year = byte & 0x0F; // Year
 749              		.loc 1 190 0
 750 0106 FB7F     		ldrb	r3, [r7, #31]	@ zero_extendqisi2
 751 0108 9BB2     		uxth	r3, r3
 752 010a 03F00F03 		and	r3, r3, #15
 753 010e 9BB2     		uxth	r3, r3
 754 0110 3B83     		strh	r3, [r7, #24]	@ movhi
 191:time_manager.c **** 	tmp_time.year += 10 * (byte >> 4); // 10 Years
 755              		.loc 1 191 0
 756 0112 3A8B     		ldrh	r2, [r7, #24]
 757 0114 FB7F     		ldrb	r3, [r7, #31]	@ zero_extendqisi2
 758 0116 1B09     		lsrs	r3, r3, #4
 759 0118 DBB2     		uxtb	r3, r3
 760 011a 9BB2     		uxth	r3, r3
 761 011c 1946     		mov	r1, r3	@ movhi
 762 011e 8900     		lsls	r1, r1, #2
 763 0120 0B44     		add	r3, r3, r1
 764 0122 5B00     		lsls	r3, r3, #1
 765 0124 9BB2     		uxth	r3, r3
 766 0126 1344     		add	r3, r3, r2
 767 0128 9BB2     		uxth	r3, r3
 768 012a 3B83     		strh	r3, [r7, #24]	@ movhi
 192:time_manager.c ****     tmp_time.year += 0x7D0;     // add year 2000;
 769              		.loc 1 192 0
 770 012c 3B8B     		ldrh	r3, [r7, #24]
 771 012e 03F5FA63 		add	r3, r3, #2000
 772 0132 9BB2     		uxth	r3, r3
 773 0134 3B83     		strh	r3, [r7, #24]	@ movhi
 193:time_manager.c **** 
 194:time_manager.c ****     tmp_time.millicounter = millis_timer_ReadCounter();
 774              		.loc 1 194 0
 775 0136 FFF7FEFF 		bl	millis_timer_ReadCounter
ARM GAS  D:\Windows\AppData\Local\Temp\ccjt0OM5.s 			page 18


 776 013a 0346     		mov	r3, r0
 777 013c 7B61     		str	r3, [r7, #20]
 195:time_manager.c **** 
 196:time_manager.c **** 	return tmp_time; 
 778              		.loc 1 196 0
 779 013e 7B68     		ldr	r3, [r7, #4]
 780 0140 1C46     		mov	r4, r3
 781 0142 07F10C03 		add	r3, r7, #12
 782 0146 0FCB     		ldmia	r3, {r0, r1, r2, r3}
 783 0148 84E80F00 		stmia	r4, {r0, r1, r2, r3}
 197:time_manager.c **** } // time_retreive()
 784              		.loc 1 197 0
 785 014c 7868     		ldr	r0, [r7, #4]
 786 014e 2437     		adds	r7, r7, #36
 787              		.cfi_def_cfa_offset 12
 788 0150 BD46     		mov	sp, r7
 789              		.cfi_def_cfa_register 13
 790              		@ sp needed
 791 0152 90BD     		pop	{r4, r7, pc}
 792              		.cfi_endproc
 793              	.LFE70:
 794              		.size	time_retreive, .-time_retreive
 795              		.text
 796              	.Letext0:
 797              		.file 2 "d:\\programming\\cypress\\psoc creator\\4.0\\psoc creator\\import\\gnu\\arm\\4.9.3\\arm-n
 798              		.file 3 "d:\\programming\\cypress\\psoc creator\\4.0\\psoc creator\\import\\gnu\\arm\\4.9.3\\arm-n
 799              		.file 4 "data.h"
 800              		.file 5 "time_manager.h"
 801              		.file 6 "Generated_Source\\PSoC5/core_cm3.h"
 802              		.section	.debug_info,"",%progbits
 803              	.Ldebug_info0:
 804 0000 C4020000 		.4byte	0x2c4
 805 0004 0400     		.2byte	0x4
 806 0006 00000000 		.4byte	.Ldebug_abbrev0
 807 000a 04       		.byte	0x4
 808 000b 01       		.uleb128 0x1
 809 000c F2010000 		.4byte	.LASF41
 810 0010 01       		.byte	0x1
 811 0011 B1010000 		.4byte	.LASF42
 812 0015 00000000 		.4byte	.LASF43
 813 0019 00000000 		.4byte	.Ldebug_ranges0+0
 814 001d 00000000 		.4byte	0
 815 0021 00000000 		.4byte	.Ldebug_line0
 816 0025 02       		.uleb128 0x2
 817 0026 01       		.byte	0x1
 818 0027 06       		.byte	0x6
 819 0028 A0020000 		.4byte	.LASF0
 820 002c 03       		.uleb128 0x3
 821 002d 4C000000 		.4byte	.LASF3
 822 0031 02       		.byte	0x2
 823 0032 1D       		.byte	0x1d
 824 0033 37000000 		.4byte	0x37
 825 0037 02       		.uleb128 0x2
 826 0038 01       		.byte	0x1
 827 0039 08       		.byte	0x8
 828 003a CE000000 		.4byte	.LASF1
 829 003e 02       		.uleb128 0x2
ARM GAS  D:\Windows\AppData\Local\Temp\ccjt0OM5.s 			page 19


 830 003f 02       		.byte	0x2
 831 0040 05       		.byte	0x5
 832 0041 5E010000 		.4byte	.LASF2
 833 0045 03       		.uleb128 0x3
 834 0046 43010000 		.4byte	.LASF4
 835 004a 02       		.byte	0x2
 836 004b 2B       		.byte	0x2b
 837 004c 50000000 		.4byte	0x50
 838 0050 02       		.uleb128 0x2
 839 0051 02       		.byte	0x2
 840 0052 07       		.byte	0x7
 841 0053 03010000 		.4byte	.LASF5
 842 0057 03       		.uleb128 0x3
 843 0058 63000000 		.4byte	.LASF6
 844 005c 02       		.byte	0x2
 845 005d 3F       		.byte	0x3f
 846 005e 62000000 		.4byte	0x62
 847 0062 02       		.uleb128 0x2
 848 0063 04       		.byte	0x4
 849 0064 05       		.byte	0x5
 850 0065 97020000 		.4byte	.LASF7
 851 0069 03       		.uleb128 0x3
 852 006a DC000000 		.4byte	.LASF8
 853 006e 02       		.byte	0x2
 854 006f 41       		.byte	0x41
 855 0070 74000000 		.4byte	0x74
 856 0074 02       		.uleb128 0x2
 857 0075 04       		.byte	0x4
 858 0076 07       		.byte	0x7
 859 0077 F1000000 		.4byte	.LASF9
 860 007b 02       		.uleb128 0x2
 861 007c 08       		.byte	0x8
 862 007d 05       		.byte	0x5
 863 007e D1010000 		.4byte	.LASF10
 864 0082 02       		.uleb128 0x2
 865 0083 08       		.byte	0x8
 866 0084 07       		.byte	0x7
 867 0085 8D010000 		.4byte	.LASF11
 868 0089 04       		.uleb128 0x4
 869 008a 04       		.byte	0x4
 870 008b 05       		.byte	0x5
 871 008c 696E7400 		.ascii	"int\000"
 872 0090 02       		.uleb128 0x2
 873 0091 04       		.byte	0x4
 874 0092 07       		.byte	0x7
 875 0093 75010000 		.4byte	.LASF12
 876 0097 03       		.uleb128 0x3
 877 0098 A4010000 		.4byte	.LASF13
 878 009c 03       		.byte	0x3
 879 009d 15       		.byte	0x15
 880 009e 2C000000 		.4byte	0x2c
 881 00a2 03       		.uleb128 0x3
 882 00a3 85020000 		.4byte	.LASF14
 883 00a7 03       		.byte	0x3
 884 00a8 21       		.byte	0x21
 885 00a9 45000000 		.4byte	0x45
 886 00ad 03       		.uleb128 0x3
ARM GAS  D:\Windows\AppData\Local\Temp\ccjt0OM5.s 			page 20


 887 00ae C0010000 		.4byte	.LASF15
 888 00b2 03       		.byte	0x3
 889 00b3 2C       		.byte	0x2c
 890 00b4 57000000 		.4byte	0x57
 891 00b8 03       		.uleb128 0x3
 892 00b9 8E020000 		.4byte	.LASF16
 893 00bd 03       		.byte	0x3
 894 00be 2D       		.byte	0x2d
 895 00bf 69000000 		.4byte	0x69
 896 00c3 02       		.uleb128 0x2
 897 00c4 04       		.byte	0x4
 898 00c5 04       		.byte	0x4
 899 00c6 BA000000 		.4byte	.LASF17
 900 00ca 02       		.uleb128 0x2
 901 00cb 08       		.byte	0x8
 902 00cc 04       		.byte	0x4
 903 00cd 4E010000 		.4byte	.LASF18
 904 00d1 02       		.uleb128 0x2
 905 00d2 01       		.byte	0x1
 906 00d3 08       		.byte	0x8
 907 00d4 ED010000 		.4byte	.LASF19
 908 00d8 02       		.uleb128 0x2
 909 00d9 04       		.byte	0x4
 910 00da 07       		.byte	0x7
 911 00db C8010000 		.4byte	.LASF20
 912 00df 05       		.uleb128 0x5
 913 00e0 10       		.byte	0x10
 914 00e1 04       		.byte	0x4
 915 00e2 0A       		.byte	0xa
 916 00e3 17010000 		.4byte	0x117
 917 00e7 06       		.uleb128 0x6
 918 00e8 9A000000 		.4byte	.LASF21
 919 00ec 04       		.byte	0x4
 920 00ed 0B       		.byte	0xb
 921 00ee B8000000 		.4byte	0xb8
 922 00f2 00       		.byte	0
 923 00f3 07       		.uleb128 0x7
 924 00f4 696400   		.ascii	"id\000"
 925 00f7 04       		.byte	0x4
 926 00f8 0C       		.byte	0xc
 927 00f9 A2000000 		.4byte	0xa2
 928 00fd 04       		.byte	0x4
 929 00fe 06       		.uleb128 0x6
 930 00ff AC020000 		.4byte	.LASF22
 931 0103 04       		.byte	0x4
 932 0104 0D       		.byte	0xd
 933 0105 97000000 		.4byte	0x97
 934 0109 06       		.byte	0x6
 935 010a 06       		.uleb128 0x6
 936 010b C0000000 		.4byte	.LASF23
 937 010f 04       		.byte	0x4
 938 0110 0E       		.byte	0xe
 939 0111 17010000 		.4byte	0x117
 940 0115 07       		.byte	0x7
 941 0116 00       		.byte	0
 942 0117 08       		.uleb128 0x8
 943 0118 97000000 		.4byte	0x97
ARM GAS  D:\Windows\AppData\Local\Temp\ccjt0OM5.s 			page 21


 944 011c 27010000 		.4byte	0x127
 945 0120 09       		.uleb128 0x9
 946 0121 D8000000 		.4byte	0xd8
 947 0125 07       		.byte	0x7
 948 0126 00       		.byte	0
 949 0127 03       		.uleb128 0x3
 950 0128 82010000 		.4byte	.LASF24
 951 012c 04       		.byte	0x4
 952 012d 0F       		.byte	0xf
 953 012e DF000000 		.4byte	0xdf
 954 0132 05       		.uleb128 0x5
 955 0133 10       		.byte	0x10
 956 0134 05       		.byte	0x5
 957 0135 12       		.byte	0x12
 958 0136 8F010000 		.4byte	0x18f
 959 013a 06       		.uleb128 0x6
 960 013b 94000000 		.4byte	.LASF25
 961 013f 05       		.byte	0x5
 962 0140 13       		.byte	0x13
 963 0141 97000000 		.4byte	0x97
 964 0145 00       		.byte	0
 965 0146 07       		.uleb128 0x7
 966 0147 64617900 		.ascii	"day\000"
 967 014b 05       		.byte	0x5
 968 014c 13       		.byte	0x13
 969 014d 97000000 		.4byte	0x97
 970 0151 01       		.byte	0x1
 971 0152 06       		.uleb128 0x6
 972 0153 AC010000 		.4byte	.LASF26
 973 0157 05       		.byte	0x5
 974 0158 13       		.byte	0x13
 975 0159 97000000 		.4byte	0x97
 976 015d 02       		.byte	0x2
 977 015e 06       		.uleb128 0x6
 978 015f 6D000000 		.4byte	.LASF27
 979 0163 05       		.byte	0x5
 980 0164 13       		.byte	0x13
 981 0165 97000000 		.4byte	0x97
 982 0169 03       		.byte	0x3
 983 016a 06       		.uleb128 0x6
 984 016b 37010000 		.4byte	.LASF28
 985 016f 05       		.byte	0x5
 986 0170 13       		.byte	0x13
 987 0171 97000000 		.4byte	0x97
 988 0175 04       		.byte	0x4
 989 0176 06       		.uleb128 0x6
 990 0177 9A000000 		.4byte	.LASF21
 991 017b 05       		.byte	0x5
 992 017c 14       		.byte	0x14
 993 017d B8000000 		.4byte	0xb8
 994 0181 08       		.byte	0x8
 995 0182 06       		.uleb128 0x6
 996 0183 3E010000 		.4byte	.LASF29
 997 0187 05       		.byte	0x5
 998 0188 15       		.byte	0x15
 999 0189 A2000000 		.4byte	0xa2
 1000 018d 0C       		.byte	0xc
ARM GAS  D:\Windows\AppData\Local\Temp\ccjt0OM5.s 			page 22


 1001 018e 00       		.byte	0
 1002 018f 03       		.uleb128 0x3
 1003 0190 B3020000 		.4byte	.LASF30
 1004 0194 05       		.byte	0x5
 1005 0195 16       		.byte	0x16
 1006 0196 32010000 		.4byte	0x132
 1007 019a 0A       		.uleb128 0xa
 1008 019b 16010000 		.4byte	.LASF31
 1009 019f 01       		.byte	0x1
 1010 01a0 0B       		.byte	0xb
 1011 01a1 00000000 		.4byte	.LFB63
 1012 01a5 28000000 		.4byte	.LFE63-.LFB63
 1013 01a9 01       		.uleb128 0x1
 1014 01aa 9C       		.byte	0x9c
 1015 01ab 0A       		.uleb128 0xa
 1016 01ac A7000000 		.4byte	.LASF32
 1017 01b0 01       		.byte	0x1
 1018 01b1 10       		.byte	0x10
 1019 01b2 00000000 		.4byte	.LFB64
 1020 01b6 0A000000 		.4byte	.LFE64-.LFB64
 1021 01ba 01       		.uleb128 0x1
 1022 01bb 9C       		.byte	0x9c
 1023 01bc 0B       		.uleb128 0xb
 1024 01bd E7000000 		.4byte	.LASF36
 1025 01c1 01       		.byte	0x1
 1026 01c2 1A       		.byte	0x1a
 1027 01c3 00000000 		.4byte	.LFB65
 1028 01c7 9C000000 		.4byte	.LFE65-.LFB65
 1029 01cb 01       		.uleb128 0x1
 1030 01cc 9C       		.byte	0x9c
 1031 01cd E0010000 		.4byte	0x1e0
 1032 01d1 0C       		.uleb128 0xc
 1033 01d2 80020000 		.4byte	.LASF33
 1034 01d6 01       		.byte	0x1
 1035 01d7 24       		.byte	0x24
 1036 01d8 97000000 		.4byte	0x97
 1037 01dc 02       		.uleb128 0x2
 1038 01dd 91       		.byte	0x91
 1039 01de 6F       		.sleb128 -17
 1040 01df 00       		.byte	0
 1041 01e0 0D       		.uleb128 0xd
 1042 01e1 55010000 		.4byte	.LASF44
 1043 01e5 01       		.byte	0x1
 1044 01e6 3B       		.byte	0x3b
 1045 01e7 00000000 		.4byte	.LFB66
 1046 01eb 1C000000 		.4byte	.LFE66-.LFB66
 1047 01ef 01       		.uleb128 0x1
 1048 01f0 9C       		.byte	0x9c
 1049 01f1 0E       		.uleb128 0xe
 1050 01f2 7D000000 		.4byte	.LASF45
 1051 01f6 01       		.byte	0x1
 1052 01f7 45       		.byte	0x45
 1053 01f8 00000000 		.4byte	.LFB67
 1054 01fc 7C000000 		.4byte	.LFE67-.LFB67
 1055 0200 01       		.uleb128 0x1
 1056 0201 9C       		.byte	0x9c
 1057 0202 23020000 		.4byte	0x223
ARM GAS  D:\Windows\AppData\Local\Temp\ccjt0OM5.s 			page 23


 1058 0206 0C       		.uleb128 0xc
 1059 0207 C5000000 		.4byte	.LASF34
 1060 020b 01       		.byte	0x1
 1061 020c 46       		.byte	0x46
 1062 020d 27010000 		.4byte	0x127
 1063 0211 02       		.uleb128 0x2
 1064 0212 91       		.byte	0x91
 1065 0213 64       		.sleb128 -28
 1066 0214 0C       		.uleb128 0xc
 1067 0215 68010000 		.4byte	.LASF35
 1068 0219 01       		.byte	0x1
 1069 021a 49       		.byte	0x49
 1070 021b 97000000 		.4byte	0x97
 1071 021f 02       		.uleb128 0x2
 1072 0220 91       		.byte	0x91
 1073 0221 77       		.sleb128 -9
 1074 0222 00       		.byte	0
 1075 0223 0F       		.uleb128 0xf
 1076 0224 43000000 		.4byte	.LASF46
 1077 0228 01       		.byte	0x1
 1078 0229 5E       		.byte	0x5e
 1079 022a 8F010000 		.4byte	0x18f
 1080 022e 00000000 		.4byte	.LFB68
 1081 0232 34000000 		.4byte	.LFE68-.LFB68
 1082 0236 01       		.uleb128 0x1
 1083 0237 9C       		.byte	0x9c
 1084 0238 0B       		.uleb128 0xb
 1085 0239 8B000000 		.4byte	.LASF37
 1086 023d 01       		.byte	0x1
 1087 023e 64       		.byte	0x64
 1088 023f 00000000 		.4byte	.LFB69
 1089 0243 80010000 		.4byte	.LFE69-.LFB69
 1090 0247 01       		.uleb128 0x1
 1091 0248 9C       		.byte	0x9c
 1092 0249 6A020000 		.4byte	0x26a
 1093 024d 10       		.uleb128 0x10
 1094 024e 6E6F7700 		.ascii	"now\000"
 1095 0252 01       		.byte	0x1
 1096 0253 64       		.byte	0x64
 1097 0254 8F010000 		.4byte	0x18f
 1098 0258 02       		.uleb128 0x2
 1099 0259 91       		.byte	0x91
 1100 025a 58       		.sleb128 -40
 1101 025b 0C       		.uleb128 0xc
 1102 025c 80020000 		.4byte	.LASF33
 1103 0260 01       		.byte	0x1
 1104 0261 66       		.byte	0x66
 1105 0262 97000000 		.4byte	0x97
 1106 0266 02       		.uleb128 0x2
 1107 0267 91       		.byte	0x91
 1108 0268 6F       		.sleb128 -17
 1109 0269 00       		.byte	0
 1110 026a 11       		.uleb128 0x11
 1111 026b DF010000 		.4byte	.LASF47
 1112 026f 01       		.byte	0x1
 1113 0270 9A       		.byte	0x9a
 1114 0271 8F010000 		.4byte	0x18f
ARM GAS  D:\Windows\AppData\Local\Temp\ccjt0OM5.s 			page 24


 1115 0275 00000000 		.4byte	.LFB70
 1116 0279 54010000 		.4byte	.LFE70-.LFB70
 1117 027d 01       		.uleb128 0x1
 1118 027e 9C       		.byte	0x9c
 1119 027f A0020000 		.4byte	0x2a0
 1120 0283 0C       		.uleb128 0xc
 1121 0284 74000000 		.4byte	.LASF38
 1122 0288 01       		.byte	0x1
 1123 0289 9B       		.byte	0x9b
 1124 028a 8F010000 		.4byte	0x18f
 1125 028e 02       		.uleb128 0x2
 1126 028f 91       		.byte	0x91
 1127 0290 5C       		.sleb128 -36
 1128 0291 0C       		.uleb128 0xc
 1129 0292 80020000 		.4byte	.LASF33
 1130 0296 01       		.byte	0x1
 1131 0297 9C       		.byte	0x9c
 1132 0298 97000000 		.4byte	0x97
 1133 029c 02       		.uleb128 0x2
 1134 029d 91       		.byte	0x91
 1135 029e 6F       		.sleb128 -17
 1136 029f 00       		.byte	0
 1137 02a0 12       		.uleb128 0x12
 1138 02a1 2A010000 		.4byte	.LASF39
 1139 02a5 06       		.byte	0x6
 1140 02a6 9606     		.2byte	0x696
 1141 02a8 AC020000 		.4byte	0x2ac
 1142 02ac 13       		.uleb128 0x13
 1143 02ad AD000000 		.4byte	0xad
 1144 02b1 14       		.uleb128 0x14
 1145 02b2 56000000 		.4byte	.LASF40
 1146 02b6 01       		.byte	0x1
 1147 02b7 04       		.byte	0x4
 1148 02b8 C2020000 		.4byte	0x2c2
 1149 02bc 05       		.uleb128 0x5
 1150 02bd 03       		.byte	0x3
 1151 02be 00000000 		.4byte	current_time
 1152 02c2 13       		.uleb128 0x13
 1153 02c3 8F010000 		.4byte	0x18f
 1154 02c7 00       		.byte	0
 1155              		.section	.debug_abbrev,"",%progbits
 1156              	.Ldebug_abbrev0:
 1157 0000 01       		.uleb128 0x1
 1158 0001 11       		.uleb128 0x11
 1159 0002 01       		.byte	0x1
 1160 0003 25       		.uleb128 0x25
 1161 0004 0E       		.uleb128 0xe
 1162 0005 13       		.uleb128 0x13
 1163 0006 0B       		.uleb128 0xb
 1164 0007 03       		.uleb128 0x3
 1165 0008 0E       		.uleb128 0xe
 1166 0009 1B       		.uleb128 0x1b
 1167 000a 0E       		.uleb128 0xe
 1168 000b 55       		.uleb128 0x55
 1169 000c 17       		.uleb128 0x17
 1170 000d 11       		.uleb128 0x11
 1171 000e 01       		.uleb128 0x1
ARM GAS  D:\Windows\AppData\Local\Temp\ccjt0OM5.s 			page 25


 1172 000f 10       		.uleb128 0x10
 1173 0010 17       		.uleb128 0x17
 1174 0011 00       		.byte	0
 1175 0012 00       		.byte	0
 1176 0013 02       		.uleb128 0x2
 1177 0014 24       		.uleb128 0x24
 1178 0015 00       		.byte	0
 1179 0016 0B       		.uleb128 0xb
 1180 0017 0B       		.uleb128 0xb
 1181 0018 3E       		.uleb128 0x3e
 1182 0019 0B       		.uleb128 0xb
 1183 001a 03       		.uleb128 0x3
 1184 001b 0E       		.uleb128 0xe
 1185 001c 00       		.byte	0
 1186 001d 00       		.byte	0
 1187 001e 03       		.uleb128 0x3
 1188 001f 16       		.uleb128 0x16
 1189 0020 00       		.byte	0
 1190 0021 03       		.uleb128 0x3
 1191 0022 0E       		.uleb128 0xe
 1192 0023 3A       		.uleb128 0x3a
 1193 0024 0B       		.uleb128 0xb
 1194 0025 3B       		.uleb128 0x3b
 1195 0026 0B       		.uleb128 0xb
 1196 0027 49       		.uleb128 0x49
 1197 0028 13       		.uleb128 0x13
 1198 0029 00       		.byte	0
 1199 002a 00       		.byte	0
 1200 002b 04       		.uleb128 0x4
 1201 002c 24       		.uleb128 0x24
 1202 002d 00       		.byte	0
 1203 002e 0B       		.uleb128 0xb
 1204 002f 0B       		.uleb128 0xb
 1205 0030 3E       		.uleb128 0x3e
 1206 0031 0B       		.uleb128 0xb
 1207 0032 03       		.uleb128 0x3
 1208 0033 08       		.uleb128 0x8
 1209 0034 00       		.byte	0
 1210 0035 00       		.byte	0
 1211 0036 05       		.uleb128 0x5
 1212 0037 13       		.uleb128 0x13
 1213 0038 01       		.byte	0x1
 1214 0039 0B       		.uleb128 0xb
 1215 003a 0B       		.uleb128 0xb
 1216 003b 3A       		.uleb128 0x3a
 1217 003c 0B       		.uleb128 0xb
 1218 003d 3B       		.uleb128 0x3b
 1219 003e 0B       		.uleb128 0xb
 1220 003f 01       		.uleb128 0x1
 1221 0040 13       		.uleb128 0x13
 1222 0041 00       		.byte	0
 1223 0042 00       		.byte	0
 1224 0043 06       		.uleb128 0x6
 1225 0044 0D       		.uleb128 0xd
 1226 0045 00       		.byte	0
 1227 0046 03       		.uleb128 0x3
 1228 0047 0E       		.uleb128 0xe
ARM GAS  D:\Windows\AppData\Local\Temp\ccjt0OM5.s 			page 26


 1229 0048 3A       		.uleb128 0x3a
 1230 0049 0B       		.uleb128 0xb
 1231 004a 3B       		.uleb128 0x3b
 1232 004b 0B       		.uleb128 0xb
 1233 004c 49       		.uleb128 0x49
 1234 004d 13       		.uleb128 0x13
 1235 004e 38       		.uleb128 0x38
 1236 004f 0B       		.uleb128 0xb
 1237 0050 00       		.byte	0
 1238 0051 00       		.byte	0
 1239 0052 07       		.uleb128 0x7
 1240 0053 0D       		.uleb128 0xd
 1241 0054 00       		.byte	0
 1242 0055 03       		.uleb128 0x3
 1243 0056 08       		.uleb128 0x8
 1244 0057 3A       		.uleb128 0x3a
 1245 0058 0B       		.uleb128 0xb
 1246 0059 3B       		.uleb128 0x3b
 1247 005a 0B       		.uleb128 0xb
 1248 005b 49       		.uleb128 0x49
 1249 005c 13       		.uleb128 0x13
 1250 005d 38       		.uleb128 0x38
 1251 005e 0B       		.uleb128 0xb
 1252 005f 00       		.byte	0
 1253 0060 00       		.byte	0
 1254 0061 08       		.uleb128 0x8
 1255 0062 01       		.uleb128 0x1
 1256 0063 01       		.byte	0x1
 1257 0064 49       		.uleb128 0x49
 1258 0065 13       		.uleb128 0x13
 1259 0066 01       		.uleb128 0x1
 1260 0067 13       		.uleb128 0x13
 1261 0068 00       		.byte	0
 1262 0069 00       		.byte	0
 1263 006a 09       		.uleb128 0x9
 1264 006b 21       		.uleb128 0x21
 1265 006c 00       		.byte	0
 1266 006d 49       		.uleb128 0x49
 1267 006e 13       		.uleb128 0x13
 1268 006f 2F       		.uleb128 0x2f
 1269 0070 0B       		.uleb128 0xb
 1270 0071 00       		.byte	0
 1271 0072 00       		.byte	0
 1272 0073 0A       		.uleb128 0xa
 1273 0074 2E       		.uleb128 0x2e
 1274 0075 00       		.byte	0
 1275 0076 3F       		.uleb128 0x3f
 1276 0077 19       		.uleb128 0x19
 1277 0078 03       		.uleb128 0x3
 1278 0079 0E       		.uleb128 0xe
 1279 007a 3A       		.uleb128 0x3a
 1280 007b 0B       		.uleb128 0xb
 1281 007c 3B       		.uleb128 0x3b
 1282 007d 0B       		.uleb128 0xb
 1283 007e 27       		.uleb128 0x27
 1284 007f 19       		.uleb128 0x19
 1285 0080 11       		.uleb128 0x11
ARM GAS  D:\Windows\AppData\Local\Temp\ccjt0OM5.s 			page 27


 1286 0081 01       		.uleb128 0x1
 1287 0082 12       		.uleb128 0x12
 1288 0083 06       		.uleb128 0x6
 1289 0084 40       		.uleb128 0x40
 1290 0085 18       		.uleb128 0x18
 1291 0086 9642     		.uleb128 0x2116
 1292 0088 19       		.uleb128 0x19
 1293 0089 00       		.byte	0
 1294 008a 00       		.byte	0
 1295 008b 0B       		.uleb128 0xb
 1296 008c 2E       		.uleb128 0x2e
 1297 008d 01       		.byte	0x1
 1298 008e 3F       		.uleb128 0x3f
 1299 008f 19       		.uleb128 0x19
 1300 0090 03       		.uleb128 0x3
 1301 0091 0E       		.uleb128 0xe
 1302 0092 3A       		.uleb128 0x3a
 1303 0093 0B       		.uleb128 0xb
 1304 0094 3B       		.uleb128 0x3b
 1305 0095 0B       		.uleb128 0xb
 1306 0096 27       		.uleb128 0x27
 1307 0097 19       		.uleb128 0x19
 1308 0098 11       		.uleb128 0x11
 1309 0099 01       		.uleb128 0x1
 1310 009a 12       		.uleb128 0x12
 1311 009b 06       		.uleb128 0x6
 1312 009c 40       		.uleb128 0x40
 1313 009d 18       		.uleb128 0x18
 1314 009e 9642     		.uleb128 0x2116
 1315 00a0 19       		.uleb128 0x19
 1316 00a1 01       		.uleb128 0x1
 1317 00a2 13       		.uleb128 0x13
 1318 00a3 00       		.byte	0
 1319 00a4 00       		.byte	0
 1320 00a5 0C       		.uleb128 0xc
 1321 00a6 34       		.uleb128 0x34
 1322 00a7 00       		.byte	0
 1323 00a8 03       		.uleb128 0x3
 1324 00a9 0E       		.uleb128 0xe
 1325 00aa 3A       		.uleb128 0x3a
 1326 00ab 0B       		.uleb128 0xb
 1327 00ac 3B       		.uleb128 0x3b
 1328 00ad 0B       		.uleb128 0xb
 1329 00ae 49       		.uleb128 0x49
 1330 00af 13       		.uleb128 0x13
 1331 00b0 02       		.uleb128 0x2
 1332 00b1 18       		.uleb128 0x18
 1333 00b2 00       		.byte	0
 1334 00b3 00       		.byte	0
 1335 00b4 0D       		.uleb128 0xd
 1336 00b5 2E       		.uleb128 0x2e
 1337 00b6 00       		.byte	0
 1338 00b7 3F       		.uleb128 0x3f
 1339 00b8 19       		.uleb128 0x19
 1340 00b9 03       		.uleb128 0x3
 1341 00ba 0E       		.uleb128 0xe
 1342 00bb 3A       		.uleb128 0x3a
ARM GAS  D:\Windows\AppData\Local\Temp\ccjt0OM5.s 			page 28


 1343 00bc 0B       		.uleb128 0xb
 1344 00bd 3B       		.uleb128 0x3b
 1345 00be 0B       		.uleb128 0xb
 1346 00bf 11       		.uleb128 0x11
 1347 00c0 01       		.uleb128 0x1
 1348 00c1 12       		.uleb128 0x12
 1349 00c2 06       		.uleb128 0x6
 1350 00c3 40       		.uleb128 0x40
 1351 00c4 18       		.uleb128 0x18
 1352 00c5 9642     		.uleb128 0x2116
 1353 00c7 19       		.uleb128 0x19
 1354 00c8 00       		.byte	0
 1355 00c9 00       		.byte	0
 1356 00ca 0E       		.uleb128 0xe
 1357 00cb 2E       		.uleb128 0x2e
 1358 00cc 01       		.byte	0x1
 1359 00cd 3F       		.uleb128 0x3f
 1360 00ce 19       		.uleb128 0x19
 1361 00cf 03       		.uleb128 0x3
 1362 00d0 0E       		.uleb128 0xe
 1363 00d1 3A       		.uleb128 0x3a
 1364 00d2 0B       		.uleb128 0xb
 1365 00d3 3B       		.uleb128 0x3b
 1366 00d4 0B       		.uleb128 0xb
 1367 00d5 11       		.uleb128 0x11
 1368 00d6 01       		.uleb128 0x1
 1369 00d7 12       		.uleb128 0x12
 1370 00d8 06       		.uleb128 0x6
 1371 00d9 40       		.uleb128 0x40
 1372 00da 18       		.uleb128 0x18
 1373 00db 9642     		.uleb128 0x2116
 1374 00dd 19       		.uleb128 0x19
 1375 00de 01       		.uleb128 0x1
 1376 00df 13       		.uleb128 0x13
 1377 00e0 00       		.byte	0
 1378 00e1 00       		.byte	0
 1379 00e2 0F       		.uleb128 0xf
 1380 00e3 2E       		.uleb128 0x2e
 1381 00e4 00       		.byte	0
 1382 00e5 3F       		.uleb128 0x3f
 1383 00e6 19       		.uleb128 0x19
 1384 00e7 03       		.uleb128 0x3
 1385 00e8 0E       		.uleb128 0xe
 1386 00e9 3A       		.uleb128 0x3a
 1387 00ea 0B       		.uleb128 0xb
 1388 00eb 3B       		.uleb128 0x3b
 1389 00ec 0B       		.uleb128 0xb
 1390 00ed 27       		.uleb128 0x27
 1391 00ee 19       		.uleb128 0x19
 1392 00ef 49       		.uleb128 0x49
 1393 00f0 13       		.uleb128 0x13
 1394 00f1 11       		.uleb128 0x11
 1395 00f2 01       		.uleb128 0x1
 1396 00f3 12       		.uleb128 0x12
 1397 00f4 06       		.uleb128 0x6
 1398 00f5 40       		.uleb128 0x40
 1399 00f6 18       		.uleb128 0x18
ARM GAS  D:\Windows\AppData\Local\Temp\ccjt0OM5.s 			page 29


 1400 00f7 9642     		.uleb128 0x2116
 1401 00f9 19       		.uleb128 0x19
 1402 00fa 00       		.byte	0
 1403 00fb 00       		.byte	0
 1404 00fc 10       		.uleb128 0x10
 1405 00fd 05       		.uleb128 0x5
 1406 00fe 00       		.byte	0
 1407 00ff 03       		.uleb128 0x3
 1408 0100 08       		.uleb128 0x8
 1409 0101 3A       		.uleb128 0x3a
 1410 0102 0B       		.uleb128 0xb
 1411 0103 3B       		.uleb128 0x3b
 1412 0104 0B       		.uleb128 0xb
 1413 0105 49       		.uleb128 0x49
 1414 0106 13       		.uleb128 0x13
 1415 0107 02       		.uleb128 0x2
 1416 0108 18       		.uleb128 0x18
 1417 0109 00       		.byte	0
 1418 010a 00       		.byte	0
 1419 010b 11       		.uleb128 0x11
 1420 010c 2E       		.uleb128 0x2e
 1421 010d 01       		.byte	0x1
 1422 010e 3F       		.uleb128 0x3f
 1423 010f 19       		.uleb128 0x19
 1424 0110 03       		.uleb128 0x3
 1425 0111 0E       		.uleb128 0xe
 1426 0112 3A       		.uleb128 0x3a
 1427 0113 0B       		.uleb128 0xb
 1428 0114 3B       		.uleb128 0x3b
 1429 0115 0B       		.uleb128 0xb
 1430 0116 27       		.uleb128 0x27
 1431 0117 19       		.uleb128 0x19
 1432 0118 49       		.uleb128 0x49
 1433 0119 13       		.uleb128 0x13
 1434 011a 11       		.uleb128 0x11
 1435 011b 01       		.uleb128 0x1
 1436 011c 12       		.uleb128 0x12
 1437 011d 06       		.uleb128 0x6
 1438 011e 40       		.uleb128 0x40
 1439 011f 18       		.uleb128 0x18
 1440 0120 9642     		.uleb128 0x2116
 1441 0122 19       		.uleb128 0x19
 1442 0123 01       		.uleb128 0x1
 1443 0124 13       		.uleb128 0x13
 1444 0125 00       		.byte	0
 1445 0126 00       		.byte	0
 1446 0127 12       		.uleb128 0x12
 1447 0128 34       		.uleb128 0x34
 1448 0129 00       		.byte	0
 1449 012a 03       		.uleb128 0x3
 1450 012b 0E       		.uleb128 0xe
 1451 012c 3A       		.uleb128 0x3a
 1452 012d 0B       		.uleb128 0xb
 1453 012e 3B       		.uleb128 0x3b
 1454 012f 05       		.uleb128 0x5
 1455 0130 49       		.uleb128 0x49
 1456 0131 13       		.uleb128 0x13
ARM GAS  D:\Windows\AppData\Local\Temp\ccjt0OM5.s 			page 30


 1457 0132 3F       		.uleb128 0x3f
 1458 0133 19       		.uleb128 0x19
 1459 0134 3C       		.uleb128 0x3c
 1460 0135 19       		.uleb128 0x19
 1461 0136 00       		.byte	0
 1462 0137 00       		.byte	0
 1463 0138 13       		.uleb128 0x13
 1464 0139 35       		.uleb128 0x35
 1465 013a 00       		.byte	0
 1466 013b 49       		.uleb128 0x49
 1467 013c 13       		.uleb128 0x13
 1468 013d 00       		.byte	0
 1469 013e 00       		.byte	0
 1470 013f 14       		.uleb128 0x14
 1471 0140 34       		.uleb128 0x34
 1472 0141 00       		.byte	0
 1473 0142 03       		.uleb128 0x3
 1474 0143 0E       		.uleb128 0xe
 1475 0144 3A       		.uleb128 0x3a
 1476 0145 0B       		.uleb128 0xb
 1477 0146 3B       		.uleb128 0x3b
 1478 0147 0B       		.uleb128 0xb
 1479 0148 49       		.uleb128 0x49
 1480 0149 13       		.uleb128 0x13
 1481 014a 3F       		.uleb128 0x3f
 1482 014b 19       		.uleb128 0x19
 1483 014c 02       		.uleb128 0x2
 1484 014d 18       		.uleb128 0x18
 1485 014e 00       		.byte	0
 1486 014f 00       		.byte	0
 1487 0150 00       		.byte	0
 1488              		.section	.debug_aranges,"",%progbits
 1489 0000 54000000 		.4byte	0x54
 1490 0004 0200     		.2byte	0x2
 1491 0006 00000000 		.4byte	.Ldebug_info0
 1492 000a 04       		.byte	0x4
 1493 000b 00       		.byte	0
 1494 000c 0000     		.2byte	0
 1495 000e 0000     		.2byte	0
 1496 0010 00000000 		.4byte	.LFB63
 1497 0014 28000000 		.4byte	.LFE63-.LFB63
 1498 0018 00000000 		.4byte	.LFB64
 1499 001c 0A000000 		.4byte	.LFE64-.LFB64
 1500 0020 00000000 		.4byte	.LFB65
 1501 0024 9C000000 		.4byte	.LFE65-.LFB65
 1502 0028 00000000 		.4byte	.LFB66
 1503 002c 1C000000 		.4byte	.LFE66-.LFB66
 1504 0030 00000000 		.4byte	.LFB67
 1505 0034 7C000000 		.4byte	.LFE67-.LFB67
 1506 0038 00000000 		.4byte	.LFB68
 1507 003c 34000000 		.4byte	.LFE68-.LFB68
 1508 0040 00000000 		.4byte	.LFB69
 1509 0044 80010000 		.4byte	.LFE69-.LFB69
 1510 0048 00000000 		.4byte	.LFB70
 1511 004c 54010000 		.4byte	.LFE70-.LFB70
 1512 0050 00000000 		.4byte	0
 1513 0054 00000000 		.4byte	0
ARM GAS  D:\Windows\AppData\Local\Temp\ccjt0OM5.s 			page 31


 1514              		.section	.debug_ranges,"",%progbits
 1515              	.Ldebug_ranges0:
 1516 0000 00000000 		.4byte	.LFB63
 1517 0004 28000000 		.4byte	.LFE63
 1518 0008 00000000 		.4byte	.LFB64
 1519 000c 0A000000 		.4byte	.LFE64
 1520 0010 00000000 		.4byte	.LFB65
 1521 0014 9C000000 		.4byte	.LFE65
 1522 0018 00000000 		.4byte	.LFB66
 1523 001c 1C000000 		.4byte	.LFE66
 1524 0020 00000000 		.4byte	.LFB67
 1525 0024 7C000000 		.4byte	.LFE67
 1526 0028 00000000 		.4byte	.LFB68
 1527 002c 34000000 		.4byte	.LFE68
 1528 0030 00000000 		.4byte	.LFB69
 1529 0034 80010000 		.4byte	.LFE69
 1530 0038 00000000 		.4byte	.LFB70
 1531 003c 54010000 		.4byte	.LFE70
 1532 0040 00000000 		.4byte	0
 1533 0044 00000000 		.4byte	0
 1534              		.section	.debug_line,"",%progbits
 1535              	.Ldebug_line0:
 1536 0000 35020000 		.section	.debug_str,"MS",%progbits,1
 1536      02004E01 
 1536      00000201 
 1536      FB0E0D00 
 1536      01010101 
 1537              	.LASF43:
 1538 0000 443A5C44 		.ascii	"D:\\Downloads\\FRUCD\\Node-Capybara\\Node-Capybara\\"
 1538      6F776E6C 
 1538      6F616473 
 1538      5C465255 
 1538      43445C4E 
 1539 002f 4E6F6465 		.ascii	"Node-Capybara.cydsn\000"
 1539      2D436170 
 1539      79626172 
 1539      612E6379 
 1539      64736E00 
 1540              	.LASF46:
 1541 0043 74696D65 		.ascii	"time_get\000"
 1541      5F676574 
 1541      00
 1542              	.LASF3:
 1543 004c 5F5F7569 		.ascii	"__uint8_t\000"
 1543      6E74385F 
 1543      7400
 1544              	.LASF40:
 1545 0056 63757272 		.ascii	"current_time\000"
 1545      656E745F 
 1545      74696D65 
 1545      00
 1546              	.LASF6:
 1547 0063 5F5F696E 		.ascii	"__int32_t\000"
 1547      7433325F 
 1547      7400
 1548              	.LASF27:
 1549 006d 6D696E75 		.ascii	"minute\000"
ARM GAS  D:\Windows\AppData\Local\Temp\ccjt0OM5.s 			page 32


 1549      746500
 1550              	.LASF38:
 1551 0074 746D705F 		.ascii	"tmp_time\000"
 1551      74696D65 
 1551      00
 1552              	.LASF45:
 1553 007d 74696D65 		.ascii	"time_announce\000"
 1553      5F616E6E 
 1553      6F756E63 
 1553      6500
 1554              	.LASF37:
 1555 008b 74696D65 		.ascii	"time_set\000"
 1555      5F736574 
 1555      00
 1556              	.LASF25:
 1557 0094 6D6F6E74 		.ascii	"month\000"
 1557      6800
 1558              	.LASF21:
 1559 009a 6D696C6C 		.ascii	"millicounter\000"
 1559      69636F75 
 1559      6E746572 
 1559      00
 1560              	.LASF32:
 1561 00a7 7764745F 		.ascii	"wdt_reset_interupt\000"
 1561      72657365 
 1561      745F696E 
 1561      74657275 
 1561      707400
 1562              	.LASF17:
 1563 00ba 666C6F61 		.ascii	"float\000"
 1563      7400
 1564              	.LASF23:
 1565 00c0 64617461 		.ascii	"data\000"
 1565      00
 1566              	.LASF34:
 1567 00c5 6D73675F 		.ascii	"msg_time\000"
 1567      74696D65 
 1567      00
 1568              	.LASF1:
 1569 00ce 756E7369 		.ascii	"unsigned char\000"
 1569      676E6564 
 1569      20636861 
 1569      7200
 1570              	.LASF8:
 1571 00dc 5F5F7569 		.ascii	"__uint32_t\000"
 1571      6E743332 
 1571      5F7400
 1572              	.LASF36:
 1573 00e7 74696D65 		.ascii	"time_init\000"
 1573      5F696E69 
 1573      7400
 1574              	.LASF9:
 1575 00f1 6C6F6E67 		.ascii	"long unsigned int\000"
 1575      20756E73 
 1575      69676E65 
 1575      6420696E 
 1575      7400
ARM GAS  D:\Windows\AppData\Local\Temp\ccjt0OM5.s 			page 33


 1576              	.LASF5:
 1577 0103 73686F72 		.ascii	"short unsigned int\000"
 1577      7420756E 
 1577      7369676E 
 1577      65642069 
 1577      6E7400
 1578              	.LASF31:
 1579 0116 74696D65 		.ascii	"time_refresh_vector\000"
 1579      5F726566 
 1579      72657368 
 1579      5F766563 
 1579      746F7200 
 1580              	.LASF39:
 1581 012a 49544D5F 		.ascii	"ITM_RxBuffer\000"
 1581      52784275 
 1581      66666572 
 1581      00
 1582              	.LASF28:
 1583 0137 7365636F 		.ascii	"second\000"
 1583      6E6400
 1584              	.LASF29:
 1585 013e 79656172 		.ascii	"year\000"
 1585      00
 1586              	.LASF4:
 1587 0143 5F5F7569 		.ascii	"__uint16_t\000"
 1587      6E743136 
 1587      5F7400
 1588              	.LASF18:
 1589 014e 646F7562 		.ascii	"double\000"
 1589      6C6500
 1590              	.LASF44:
 1591 0155 7764745F 		.ascii	"wdt_init\000"
 1591      696E6974 
 1591      00
 1592              	.LASF2:
 1593 015e 73686F72 		.ascii	"short int\000"
 1593      7420696E 
 1593      7400
 1594              	.LASF35:
 1595 0168 61746F6D 		.ascii	"atomic_state\000"
 1595      69635F73 
 1595      74617465 
 1595      00
 1596              	.LASF12:
 1597 0175 756E7369 		.ascii	"unsigned int\000"
 1597      676E6564 
 1597      20696E74 
 1597      00
 1598              	.LASF24:
 1599 0182 44617461 		.ascii	"DataPacket\000"
 1599      5061636B 
 1599      657400
 1600              	.LASF11:
 1601 018d 6C6F6E67 		.ascii	"long long unsigned int\000"
 1601      206C6F6E 
 1601      6720756E 
 1601      7369676E 
ARM GAS  D:\Windows\AppData\Local\Temp\ccjt0OM5.s 			page 34


 1601      65642069 
 1602              	.LASF13:
 1603 01a4 75696E74 		.ascii	"uint8_t\000"
 1603      385F7400 
 1604              	.LASF26:
 1605 01ac 686F7572 		.ascii	"hour\000"
 1605      00
 1606              	.LASF42:
 1607 01b1 74696D65 		.ascii	"time_manager.c\000"
 1607      5F6D616E 
 1607      61676572 
 1607      2E6300
 1608              	.LASF15:
 1609 01c0 696E7433 		.ascii	"int32_t\000"
 1609      325F7400 
 1610              	.LASF20:
 1611 01c8 73697A65 		.ascii	"sizetype\000"
 1611      74797065 
 1611      00
 1612              	.LASF10:
 1613 01d1 6C6F6E67 		.ascii	"long long int\000"
 1613      206C6F6E 
 1613      6720696E 
 1613      7400
 1614              	.LASF47:
 1615 01df 74696D65 		.ascii	"time_retreive\000"
 1615      5F726574 
 1615      72656976 
 1615      6500
 1616              	.LASF19:
 1617 01ed 63686172 		.ascii	"char\000"
 1617      00
 1618              	.LASF41:
 1619 01f2 474E5520 		.ascii	"GNU C 4.9.3 20150303 (release) [ARM/embedded-4_9-br"
 1619      4320342E 
 1619      392E3320 
 1619      32303135 
 1619      30333033 
 1620 0225 616E6368 		.ascii	"anch revision 221220] -mcpu=cortex-m3 -mthumb -g -O"
 1620      20726576 
 1620      6973696F 
 1620      6E203232 
 1620      31323230 
 1621 0258 30202D66 		.ascii	"0 -ffunction-sections -ffat-lto-objects\000"
 1621      66756E63 
 1621      74696F6E 
 1621      2D736563 
 1621      74696F6E 
 1622              	.LASF33:
 1623 0280 62797465 		.ascii	"byte\000"
 1623      00
 1624              	.LASF14:
 1625 0285 75696E74 		.ascii	"uint16_t\000"
 1625      31365F74 
 1625      00
 1626              	.LASF16:
 1627 028e 75696E74 		.ascii	"uint32_t\000"
ARM GAS  D:\Windows\AppData\Local\Temp\ccjt0OM5.s 			page 35


 1627      33325F74 
 1627      00
 1628              	.LASF7:
 1629 0297 6C6F6E67 		.ascii	"long int\000"
 1629      20696E74 
 1629      00
 1630              	.LASF0:
 1631 02a0 7369676E 		.ascii	"signed char\000"
 1631      65642063 
 1631      68617200 
 1632              	.LASF22:
 1633 02ac 6C656E67 		.ascii	"length\000"
 1633      746800
 1634              	.LASF30:
 1635 02b3 54696D65 		.ascii	"Time\000"
 1635      00
 1636              		.ident	"GCC: (GNU Tools for ARM Embedded Processors) 4.9.3 20150303 (release) [ARM/embedded-4_9-br
