ARM GAS  D:\Windows\AppData\Local\Temp\ccx2DxkT.s 			page 1


   1              		.syntax unified
   2              		.cpu cortex-m3
   3              		.fpu softvfp
   4              		.eabi_attribute 20, 1
   5              		.eabi_attribute 21, 1
   6              		.eabi_attribute 23, 3
   7              		.eabi_attribute 24, 1
   8              		.eabi_attribute 25, 1
   9              		.eabi_attribute 26, 1
  10              		.eabi_attribute 30, 6
  11              		.eabi_attribute 34, 1
  12              		.eabi_attribute 18, 4
  13              		.thumb
  14              		.file	"usb_manager.c"
  15              		.text
  16              	.Ltext0:
  17              		.cfi_sections	.debug_frame
  18              		.global	test_usb_message
  19              		.data
  20              		.align	2
  21              		.type	test_usb_message, %object
  22              		.size	test_usb_message, 8
  23              	test_usb_message:
  24 0000 50       		.byte	80
  25 0001 53       		.byte	83
  26 0002 6F       		.byte	111
  27 0003 43       		.byte	67
  28 0004 21       		.byte	33
  29 0005 21       		.byte	33
  30 0006 0D       		.byte	13
  31 0007 0A       		.byte	10
  32              		.section	.text.usb_init,"ax",%progbits
  33              		.align	2
  34              		.global	usb_init
  35              		.thumb
  36              		.thumb_func
  37              		.type	usb_init, %function
  38              	usb_init:
  39              	.LFB63:
  40              		.file 1 "usb_manager.c"
   1:usb_manager.c **** #include "usb_manager.h"
   2:usb_manager.c **** #include "can_manager.h"
   3:usb_manager.c **** 
   4:usb_manager.c **** uint8_t test_usb_message[8] = {'P','S','o','C','!','!','\r','\n'};
   5:usb_manager.c **** extern uint16_t can_head, can_tail;
   6:usb_manager.c **** 
   7:usb_manager.c **** 
   8:usb_manager.c **** /* usb_init()
   9:usb_manager.c **** 	Takes nothing. Returns nothing.
  10:usb_manager.c **** 	Initializes USB UART for the device 0. Disables voltage regulator and
  11:usb_manager.c **** 	pass-through Vcc for pull-up. */
  12:usb_manager.c **** void usb_init() {
  41              		.loc 1 12 0
  42              		.cfi_startproc
  43              		@ args = 0, pretend = 0, frame = 0
  44              		@ frame_needed = 1, uses_anonymous_args = 0
  45 0000 80B5     		push	{r7, lr}
ARM GAS  D:\Windows\AppData\Local\Temp\ccx2DxkT.s 			page 2


  46              		.cfi_def_cfa_offset 8
  47              		.cfi_offset 7, -8
  48              		.cfi_offset 14, -4
  49 0002 00AF     		add	r7, sp, #0
  50              		.cfi_def_cfa_register 7
  13:usb_manager.c **** 	USBUART_1_Start(0, USBUART_1_3V_OPERATION);
  51              		.loc 1 13 0
  52 0004 0020     		movs	r0, #0
  53 0006 0021     		movs	r1, #0
  54 0008 FFF7FEFF 		bl	USBUART_1_Start
  14:usb_manager.c **** } // usb_init()
  55              		.loc 1 14 0
  56 000c 80BD     		pop	{r7, pc}
  57              		.cfi_endproc
  58              	.LFE63:
  59              		.size	usb_init, .-usb_init
  60 000e 00BF     		.section	.text.usb_write,"ax",%progbits
  61              		.align	2
  62              		.global	usb_write
  63              		.thumb
  64              		.thumb_func
  65              		.type	usb_write, %function
  66              	usb_write:
  67              	.LFB64:
  15:usb_manager.c **** 
  16:usb_manager.c **** 
  17:usb_manager.c **** /* usb_put()
  18:usb_manager.c **** 	Takes a DataPacket queue (data-queue) with a head and a tail index to the
  19:usb_manager.c **** 	queue.  Returns nothing.
  20:usb_manager.c **** 
  21:usb_manager.c **** 	Checks is the USB exists and configured. If USB is configured, frame and send
  22:usb_manager.c **** 	all packets in the DataPacket queue. Each byte is checked and escaped by
  23:usb_manager.c **** 	usb_escape.
  24:usb_manager.c **** 
  25:usb_manager.c **** 	TODO: OBSOLETE, need to update */
  26:usb_manager.c **** /*
  27:usb_manager.c **** void usb_put(const DataPacket* data_queue, uint16_t data_head, uint16_t data_tail) {
  28:usb_manager.c **** 	uint16_t pos;
  29:usb_manager.c **** 	uint32_t num_char;
  30:usb_manager.c **** 	char buffer[128];
  31:usb_manager.c **** 	int length_data, length_can; // Testing
  32:usb_manager.c **** 	length_data = length_can = 0; // Testing
  33:usb_manager.c **** 
  34:usb_manager.c ****     if(USBUART_1_GetConfiguration()) {
  35:usb_manager.c **** 		USBUART_1_CDC_Init(); // USB Initialization
  36:usb_manager.c **** 
  37:usb_manager.c **** 		for(pos=data_head; pos!=data_tail; pos=(pos+1)%DATA_QUEUE_LENGTH) {
  38:usb_manager.c **** 			num_char = sprintf(buffer,
  39:usb_manager.c **** 				"%ums\t0x%03X\t"
  40:usb_manager.c **** 				"Value %02X %02X %02X %02X  %02X %02X %02X %02X \r\n",
  41:usb_manager.c **** 				(unsigned)data_queue[pos].millicounter, data_queue[pos].id,
  42:usb_manager.c **** 				data_queue[pos].data[0],
  43:usb_manager.c **** 				data_queue[pos].data[1],
  44:usb_manager.c **** 				data_queue[pos].data[2],
  45:usb_manager.c **** 				data_queue[pos].data[3],
  46:usb_manager.c **** 				data_queue[pos].data[4],
  47:usb_manager.c **** 				data_queue[pos].data[5],
ARM GAS  D:\Windows\AppData\Local\Temp\ccx2DxkT.s 			page 3


  48:usb_manager.c **** 				data_queue[pos].data[6],
  49:usb_manager.c **** 				data_queue[pos].data[7]);
  50:usb_manager.c **** 
  51:usb_manager.c **** 			while(USBUART_1_CDCIsReady() == 0);
  52:usb_manager.c **** 			USBUART_1_PutData((uint8_t*)buffer, num_char);
  53:usb_manager.c **** 		} // for all messages in data queue
  54:usb_manager.c **** 
  55:usb_manager.c **** 		// Print lengths
  56:usb_manager.c **** 		length_data = (int)data_tail - (int)data_head;
  57:usb_manager.c **** 		if(length_data < 0)
  58:usb_manager.c **** 			length_data = (int)data_tail + (int)DATA_QUEUE_LENGTH - (int)data_head;
  59:usb_manager.c **** 
  60:usb_manager.c **** 		length_can = (int)can_tail - (int)can_head;
  61:usb_manager.c **** 		if(length_can < 0)
  62:usb_manager.c **** 			length_can = (int)can_tail + (int)CAN_QUEUE_LENGTH - (int)can_head;
  63:usb_manager.c **** 
  64:usb_manager.c **** 		num_char = sprintf(buffer, "DATA: %d/%d, CAN: %d/%d\r\n",
  65:usb_manager.c **** 			length_data, DATA_QUEUE_LENGTH, length_can, CAN_QUEUE_LENGTH);
  66:usb_manager.c **** 
  67:usb_manager.c **** 		while(USBUART_1_CDCIsReady() == 0);
  68:usb_manager.c **** 		USBUART_1_PutData((uint8_t*)buffer, num_char);
  69:usb_manager.c **** 		// End print lengths
  70:usb_manager.c **** 
  71:usb_manager.c **** 		
  72:usb_manager.c **** 		while(USBUART_1_CDCIsReady() == 0);
  73:usb_manager.c **** 		USBUART_1_PutData(test_usb_message, 8); // Test message "PSoC!!!"
  74:usb_manager.c **** 	}	// if configuration successful
  75:usb_manager.c ****   
  76:usb_manager.c ****   
  77:usb_manager.c **** 	// open multiline comment here
  78:usb_manager.c **** 	uint16_t pos;
  79:usb_manager.c **** 	uint16_t buff_end = 0; // points to next empty space
  80:usb_manager.c **** 	uint8_t buffer[UART_BUFF_LENGTH];
  81:usb_manager.c **** 	int8_t byte;
  82:usb_manager.c **** 
  83:usb_manager.c ****   if(USBUART_1_GetConfiguration())
  84:usb_manager.c **** 	{
  85:usb_manager.c **** 		USBUART_1_CDC_Init(); // USB Initialization
  86:usb_manager.c **** 
  87:usb_manager.c **** 		for(pos=data_head; pos!=data_tail; pos=(pos+1)%DATA_QUEUE_LENGTH)
  88:usb_manager.c **** 		{
  89:usb_manager.c **** 			buff_end = 0;
  90:usb_manager.c **** 			buffer[buff_end++] = START_B;	
  91:usb_manager.c **** 
  92:usb_manager.c **** 			usb_escape(buffer, &buff_end, data_queue[pos].id >> 8);
  93:usb_manager.c **** 			usb_escape(buffer, &buff_end, data_queue[pos].id);
  94:usb_manager.c **** 			usb_escape(buffer, &buff_end, data_queue[pos].millicounter >> 16);
  95:usb_manager.c **** 			usb_escape(buffer, &buff_end, data_queue[pos].millicounter >> 8);
  96:usb_manager.c **** 			usb_escape(buffer, &buff_end, data_queue[pos].millicounter);
  97:usb_manager.c **** 
  98:usb_manager.c **** 			for(byte = data_queue[pos].length; byte >= 0; byte--)
  99:usb_manager.c **** 				usb_escape(buffer, &buff_end, data_queue[pos].data[byte]);
 100:usb_manager.c **** 
 101:usb_manager.c **** 			while(USBUART_1_CDCIsReady() == 0);
 102:usb_manager.c **** 			USBUART_1_PutData(buffer, buff_end);
 103:usb_manager.c **** 		} // for all messages in data queue
 104:usb_manager.c **** 	}	// if configuration successful
ARM GAS  D:\Windows\AppData\Local\Temp\ccx2DxkT.s 			page 4


 105:usb_manager.c **** 	// close multiline comment here
 106:usb_manager.c **** } // usb_send()
 107:usb_manager.c **** */
 108:usb_manager.c **** 
 109:usb_manager.c **** void usb_write(DataPacket * msg) {
  68              		.loc 1 109 0
  69              		.cfi_startproc
  70              		@ args = 0, pretend = 0, frame = 8
  71              		@ frame_needed = 1, uses_anonymous_args = 0
  72              		@ link register save eliminated.
  73 0000 80B4     		push	{r7}
  74              		.cfi_def_cfa_offset 4
  75              		.cfi_offset 7, -4
  76 0002 83B0     		sub	sp, sp, #12
  77              		.cfi_def_cfa_offset 16
  78 0004 00AF     		add	r7, sp, #0
  79              		.cfi_def_cfa_register 7
  80 0006 7860     		str	r0, [r7, #4]
 110:usb_manager.c **** }
  81              		.loc 1 110 0
  82 0008 0C37     		adds	r7, r7, #12
  83              		.cfi_def_cfa_offset 4
  84 000a BD46     		mov	sp, r7
  85              		.cfi_def_cfa_register 13
  86              		@ sp needed
  87 000c 5DF8047B 		ldr	r7, [sp], #4
  88              		.cfi_restore 7
  89              		.cfi_def_cfa_offset 0
  90 0010 7047     		bx	lr
  91              		.cfi_endproc
  92              	.LFE64:
  93              		.size	usb_write, .-usb_write
  94 0012 00BF     		.section	.text.usb_escape,"ax",%progbits
  95              		.align	2
  96              		.global	usb_escape
  97              		.thumb
  98              		.thumb_func
  99              		.type	usb_escape, %function
 100              	usb_escape:
 101              	.LFB65:
 111:usb_manager.c **** 
 112:usb_manager.c **** /* usb_escape()
 113:usb_manager.c **** 	Takes a character buffer (buffer) with a pointer pointing to the end of it
 114:usb_manager.c **** 	(buff_end) and a byte to add (byte).
 115:usb_manager.c **** 	Returns nothing.
 116:usb_manager.c **** 
 117:usb_manager.c **** 	If the byte needs to be escaped, it is prefixed with an escape character
 118:usb_manager.c **** 	(ESCAP_B) and XORed with the XOR character (XOR_B).
 119:usb_manager.c **** 	Else, the byte is simply added to the end of the buffer.
 120:usb_manager.c **** 
 121:usb_manager.c **** 	The buffer is incremented to point to the first empty element in the buffer by
 122:usb_manager.c **** 	the end of the function. */
 123:usb_manager.c **** void usb_escape(uint8_t* buffer, uint16_t* buff_end, uint8_t byte) {
 102              		.loc 1 123 0
 103              		.cfi_startproc
 104              		@ args = 0, pretend = 0, frame = 16
 105              		@ frame_needed = 1, uses_anonymous_args = 0
ARM GAS  D:\Windows\AppData\Local\Temp\ccx2DxkT.s 			page 5


 106              		@ link register save eliminated.
 107 0000 80B4     		push	{r7}
 108              		.cfi_def_cfa_offset 4
 109              		.cfi_offset 7, -4
 110 0002 85B0     		sub	sp, sp, #20
 111              		.cfi_def_cfa_offset 24
 112 0004 00AF     		add	r7, sp, #0
 113              		.cfi_def_cfa_register 7
 114 0006 F860     		str	r0, [r7, #12]
 115 0008 B960     		str	r1, [r7, #8]
 116 000a 1346     		mov	r3, r2
 117 000c FB71     		strb	r3, [r7, #7]
 124:usb_manager.c **** 	if(byte == START_B || byte == ESCAP_B) {
 118              		.loc 1 124 0
 119 000e FB79     		ldrb	r3, [r7, #7]	@ zero_extendqisi2
 120 0010 7E2B     		cmp	r3, #126
 121 0012 02D0     		beq	.L4
 122              		.loc 1 124 0 is_stmt 0 discriminator 1
 123 0014 FB79     		ldrb	r3, [r7, #7]	@ zero_extendqisi2
 124 0016 7D2B     		cmp	r3, #125
 125 0018 19D1     		bne	.L5
 126              	.L4:
 125:usb_manager.c **** 		buffer[(*buff_end)++] = ESCAP_B;
 127              		.loc 1 125 0 is_stmt 1
 128 001a BB68     		ldr	r3, [r7, #8]
 129 001c 1B88     		ldrh	r3, [r3]
 130 001e 5A1C     		adds	r2, r3, #1
 131 0020 91B2     		uxth	r1, r2
 132 0022 BA68     		ldr	r2, [r7, #8]
 133 0024 1180     		strh	r1, [r2]	@ movhi
 134 0026 1A46     		mov	r2, r3
 135 0028 FB68     		ldr	r3, [r7, #12]
 136 002a 1344     		add	r3, r3, r2
 137 002c 7D22     		movs	r2, #125
 138 002e 1A70     		strb	r2, [r3]
 126:usb_manager.c **** 		buffer[(*buff_end)++] = byte ^ XOR_B; // XOR 0x20 Escaped byte
 139              		.loc 1 126 0
 140 0030 BB68     		ldr	r3, [r7, #8]
 141 0032 1B88     		ldrh	r3, [r3]
 142 0034 5A1C     		adds	r2, r3, #1
 143 0036 91B2     		uxth	r1, r2
 144 0038 BA68     		ldr	r2, [r7, #8]
 145 003a 1180     		strh	r1, [r2]	@ movhi
 146 003c 1A46     		mov	r2, r3
 147 003e FB68     		ldr	r3, [r7, #12]
 148 0040 1344     		add	r3, r3, r2
 149 0042 FA79     		ldrb	r2, [r7, #7]
 150 0044 82F02002 		eor	r2, r2, #32
 151 0048 D2B2     		uxtb	r2, r2
 152 004a 1A70     		strb	r2, [r3]
 153 004c 0AE0     		b	.L3
 154              	.L5:
 127:usb_manager.c **** 	} // if need to escape byte
 128:usb_manager.c **** 	else {
 129:usb_manager.c **** 		buffer[(*buff_end)++] = byte;
 155              		.loc 1 129 0
 156 004e BB68     		ldr	r3, [r7, #8]
ARM GAS  D:\Windows\AppData\Local\Temp\ccx2DxkT.s 			page 6


 157 0050 1B88     		ldrh	r3, [r3]
 158 0052 5A1C     		adds	r2, r3, #1
 159 0054 91B2     		uxth	r1, r2
 160 0056 BA68     		ldr	r2, [r7, #8]
 161 0058 1180     		strh	r1, [r2]	@ movhi
 162 005a 1A46     		mov	r2, r3
 163 005c FB68     		ldr	r3, [r7, #12]
 164 005e 1344     		add	r3, r3, r2
 165 0060 FA79     		ldrb	r2, [r7, #7]
 166 0062 1A70     		strb	r2, [r3]
 167              	.L3:
 130:usb_manager.c ****     }
 131:usb_manager.c **** } // usb_escape()
 168              		.loc 1 131 0
 169 0064 1437     		adds	r7, r7, #20
 170              		.cfi_def_cfa_offset 4
 171 0066 BD46     		mov	sp, r7
 172              		.cfi_def_cfa_register 13
 173              		@ sp needed
 174 0068 5DF8047B 		ldr	r7, [sp], #4
 175              		.cfi_restore 7
 176              		.cfi_def_cfa_offset 0
 177 006c 7047     		bx	lr
 178              		.cfi_endproc
 179              	.LFE65:
 180              		.size	usb_escape, .-usb_escape
 181 006e 00BF     		.section	.text.usb_get,"ax",%progbits
 182              		.align	2
 183              		.global	usb_get
 184              		.thumb
 185              		.thumb_func
 186              		.type	usb_get, %function
 187              	usb_get:
 188              	.LFB66:
 132:usb_manager.c **** 
 133:usb_manager.c **** 
 134:usb_manager.c **** void usb_get() {
 189              		.loc 1 134 0
 190              		.cfi_startproc
 191              		@ args = 0, pretend = 0, frame = 72
 192              		@ frame_needed = 1, uses_anonymous_args = 0
 193 0000 80B5     		push	{r7, lr}
 194              		.cfi_def_cfa_offset 8
 195              		.cfi_offset 7, -8
 196              		.cfi_offset 14, -4
 197 0002 92B0     		sub	sp, sp, #72
 198              		.cfi_def_cfa_offset 80
 199 0004 00AF     		add	r7, sp, #0
 200              		.cfi_def_cfa_register 7
 135:usb_manager.c **** 	uint8_t count;
 136:usb_manager.c **** 	uint8_t rx_buffer[64];
 137:usb_manager.c **** 
 138:usb_manager.c **** 	if(USBUART_1_DataIsReady()) {   
 201              		.loc 1 138 0
 202 0006 FFF7FEFF 		bl	USBUART_1_DataIsReady
 203 000a 0346     		mov	r3, r0
 204 000c 002B     		cmp	r3, #0
ARM GAS  D:\Windows\AppData\Local\Temp\ccx2DxkT.s 			page 7


 205 000e 13D0     		beq	.L7
 139:usb_manager.c **** 		count = USBUART_1_GetAll(rx_buffer); // maximum of 64 bits only
 206              		.loc 1 139 0
 207 0010 3B1D     		adds	r3, r7, #4
 208 0012 1846     		mov	r0, r3
 209 0014 FFF7FEFF 		bl	USBUART_1_GetAll
 210 0018 0346     		mov	r3, r0
 211 001a 87F84730 		strb	r3, [r7, #71]
 140:usb_manager.c **** 		if(count) {
 141:usb_manager.c **** 			//LED_Write(1);
 142:usb_manager.c **** 			//process user data
 143:usb_manager.c **** 		} // data exists
 144:usb_manager.c **** 		for(count=0;count<255;count++);
 212              		.loc 1 144 0
 213 001e 0023     		movs	r3, #0
 214 0020 87F84730 		strb	r3, [r7, #71]
 215 0024 04E0     		b	.L9
 216              	.L10:
 217              		.loc 1 144 0 is_stmt 0 discriminator 3
 218 0026 97F84730 		ldrb	r3, [r7, #71]	@ zero_extendqisi2
 219 002a 0133     		adds	r3, r3, #1
 220 002c 87F84730 		strb	r3, [r7, #71]
 221              	.L9:
 222              		.loc 1 144 0 discriminator 1
 223 0030 97F84730 		ldrb	r3, [r7, #71]	@ zero_extendqisi2
 224 0034 FF2B     		cmp	r3, #255
 225 0036 F6D1     		bne	.L10
 226              	.L7:
 145:usb_manager.c **** 		//LED_Write(0);
 146:usb_manager.c **** 	} // if data is to be received
 147:usb_manager.c **** } // usb_get()
 227              		.loc 1 147 0 is_stmt 1
 228 0038 4837     		adds	r7, r7, #72
 229              		.cfi_def_cfa_offset 8
 230 003a BD46     		mov	sp, r7
 231              		.cfi_def_cfa_register 13
 232              		@ sp needed
 233 003c 80BD     		pop	{r7, pc}
 234              		.cfi_endproc
 235              	.LFE66:
 236              		.size	usb_get, .-usb_get
 237 003e 00BF     		.text
 238              	.Letext0:
 239              		.file 2 "d:\\programming\\cypress\\psoc creator\\4.0\\psoc creator\\import\\gnu\\arm\\4.9.3\\arm-n
 240              		.file 3 "d:\\programming\\cypress\\psoc creator\\4.0\\psoc creator\\import\\gnu\\arm\\4.9.3\\arm-n
 241              		.file 4 "data.h"
 242              		.file 5 "Generated_Source\\PSoC5/core_cm3.h"
 243              		.section	.debug_info,"",%progbits
 244              	.Ldebug_info0:
 245 0000 1B020000 		.4byte	0x21b
 246 0004 0400     		.2byte	0x4
 247 0006 00000000 		.4byte	.Ldebug_abbrev0
 248 000a 04       		.byte	0x4
 249 000b 01       		.uleb128 0x1
 250 000c 60000000 		.4byte	.LASF34
 251 0010 01       		.byte	0x1
 252 0011 36020000 		.4byte	.LASF35
ARM GAS  D:\Windows\AppData\Local\Temp\ccx2DxkT.s 			page 8


 253 0015 00000000 		.4byte	.LASF36
 254 0019 00000000 		.4byte	.Ldebug_ranges0+0
 255 001d 00000000 		.4byte	0
 256 0021 00000000 		.4byte	.Ldebug_line0
 257 0025 02       		.uleb128 0x2
 258 0026 01       		.byte	0x1
 259 0027 06       		.byte	0x6
 260 0028 44020000 		.4byte	.LASF0
 261 002c 03       		.uleb128 0x3
 262 002d 43000000 		.4byte	.LASF3
 263 0031 02       		.byte	0x2
 264 0032 1D       		.byte	0x1d
 265 0033 37000000 		.4byte	0x37
 266 0037 02       		.uleb128 0x2
 267 0038 01       		.byte	0x1
 268 0039 08       		.byte	0x8
 269 003a 20010000 		.4byte	.LASF1
 270 003e 02       		.uleb128 0x2
 271 003f 02       		.byte	0x2
 272 0040 05       		.byte	0x5
 273 0041 86010000 		.4byte	.LASF2
 274 0045 03       		.uleb128 0x3
 275 0046 6B010000 		.4byte	.LASF4
 276 004a 02       		.byte	0x2
 277 004b 2B       		.byte	0x2b
 278 004c 50000000 		.4byte	0x50
 279 0050 02       		.uleb128 0x2
 280 0051 02       		.byte	0x2
 281 0052 07       		.byte	0x7
 282 0053 4B010000 		.4byte	.LASF5
 283 0057 03       		.uleb128 0x3
 284 0058 4D000000 		.4byte	.LASF6
 285 005c 02       		.byte	0x2
 286 005d 3F       		.byte	0x3f
 287 005e 62000000 		.4byte	0x62
 288 0062 02       		.uleb128 0x2
 289 0063 04       		.byte	0x4
 290 0064 05       		.byte	0x5
 291 0065 57000000 		.4byte	.LASF7
 292 0069 03       		.uleb128 0x3
 293 006a 2E010000 		.4byte	.LASF8
 294 006e 02       		.byte	0x2
 295 006f 41       		.byte	0x41
 296 0070 74000000 		.4byte	0x74
 297 0074 02       		.uleb128 0x2
 298 0075 04       		.byte	0x4
 299 0076 07       		.byte	0x7
 300 0077 39010000 		.4byte	.LASF9
 301 007b 02       		.uleb128 0x2
 302 007c 08       		.byte	0x8
 303 007d 05       		.byte	0x5
 304 007e EB010000 		.4byte	.LASF10
 305 0082 02       		.uleb128 0x2
 306 0083 08       		.byte	0x8
 307 0084 07       		.byte	0x7
 308 0085 B1010000 		.4byte	.LASF11
 309 0089 04       		.uleb128 0x4
ARM GAS  D:\Windows\AppData\Local\Temp\ccx2DxkT.s 			page 9


 310 008a 04       		.byte	0x4
 311 008b 05       		.byte	0x5
 312 008c 696E7400 		.ascii	"int\000"
 313 0090 02       		.uleb128 0x2
 314 0091 04       		.byte	0x4
 315 0092 07       		.byte	0x7
 316 0093 99010000 		.4byte	.LASF12
 317 0097 03       		.uleb128 0x3
 318 0098 C8010000 		.4byte	.LASF13
 319 009c 03       		.byte	0x3
 320 009d 15       		.byte	0x15
 321 009e 2C000000 		.4byte	0x2c
 322 00a2 03       		.uleb128 0x3
 323 00a3 04020000 		.4byte	.LASF14
 324 00a7 03       		.byte	0x3
 325 00a8 21       		.byte	0x21
 326 00a9 45000000 		.4byte	0x45
 327 00ad 03       		.uleb128 0x3
 328 00ae DA010000 		.4byte	.LASF15
 329 00b2 03       		.byte	0x3
 330 00b3 2C       		.byte	0x2c
 331 00b4 57000000 		.4byte	0x57
 332 00b8 03       		.uleb128 0x3
 333 00b9 2D020000 		.4byte	.LASF16
 334 00bd 03       		.byte	0x3
 335 00be 2D       		.byte	0x2d
 336 00bf 69000000 		.4byte	0x69
 337 00c3 02       		.uleb128 0x2
 338 00c4 04       		.byte	0x4
 339 00c5 04       		.byte	0x4
 340 00c6 0B010000 		.4byte	.LASF17
 341 00ca 02       		.uleb128 0x2
 342 00cb 08       		.byte	0x8
 343 00cc 04       		.byte	0x4
 344 00cd 76010000 		.4byte	.LASF18
 345 00d1 02       		.uleb128 0x2
 346 00d2 01       		.byte	0x1
 347 00d3 08       		.byte	0x8
 348 00d4 F9010000 		.4byte	.LASF19
 349 00d8 02       		.uleb128 0x2
 350 00d9 04       		.byte	0x4
 351 00da 07       		.byte	0x7
 352 00db E2010000 		.4byte	.LASF20
 353 00df 05       		.uleb128 0x5
 354 00e0 10       		.byte	0x10
 355 00e1 04       		.byte	0x4
 356 00e2 0A       		.byte	0xa
 357 00e3 17010000 		.4byte	0x117
 358 00e7 06       		.uleb128 0x6
 359 00e8 FE000000 		.4byte	.LASF21
 360 00ec 04       		.byte	0x4
 361 00ed 0B       		.byte	0xb
 362 00ee B8000000 		.4byte	0xb8
 363 00f2 00       		.byte	0
 364 00f3 07       		.uleb128 0x7
 365 00f4 696400   		.ascii	"id\000"
 366 00f7 04       		.byte	0x4
ARM GAS  D:\Windows\AppData\Local\Temp\ccx2DxkT.s 			page 10


 367 00f8 0C       		.byte	0xc
 368 00f9 A2000000 		.4byte	0xa2
 369 00fd 04       		.byte	0x4
 370 00fe 06       		.uleb128 0x6
 371 00ff 50020000 		.4byte	.LASF22
 372 0103 04       		.byte	0x4
 373 0104 0D       		.byte	0xd
 374 0105 97000000 		.4byte	0x97
 375 0109 06       		.byte	0x6
 376 010a 06       		.uleb128 0x6
 377 010b 11010000 		.4byte	.LASF23
 378 010f 04       		.byte	0x4
 379 0110 0E       		.byte	0xe
 380 0111 17010000 		.4byte	0x117
 381 0115 07       		.byte	0x7
 382 0116 00       		.byte	0
 383 0117 08       		.uleb128 0x8
 384 0118 97000000 		.4byte	0x97
 385 011c 27010000 		.4byte	0x127
 386 0120 09       		.uleb128 0x9
 387 0121 D8000000 		.4byte	0xd8
 388 0125 07       		.byte	0x7
 389 0126 00       		.byte	0
 390 0127 03       		.uleb128 0x3
 391 0128 A6010000 		.4byte	.LASF24
 392 012c 04       		.byte	0x4
 393 012d 0F       		.byte	0xf
 394 012e DF000000 		.4byte	0xdf
 395 0132 0A       		.uleb128 0xa
 396 0133 7D010000 		.4byte	.LASF37
 397 0137 01       		.byte	0x1
 398 0138 0C       		.byte	0xc
 399 0139 00000000 		.4byte	.LFB63
 400 013d 0E000000 		.4byte	.LFE63-.LFB63
 401 0141 01       		.uleb128 0x1
 402 0142 9C       		.byte	0x9c
 403 0143 0B       		.uleb128 0xb
 404 0144 D0010000 		.4byte	.LASF25
 405 0148 01       		.byte	0x1
 406 0149 6D       		.byte	0x6d
 407 014a 00000000 		.4byte	.LFB64
 408 014e 12000000 		.4byte	.LFE64-.LFB64
 409 0152 01       		.uleb128 0x1
 410 0153 9C       		.byte	0x9c
 411 0154 67010000 		.4byte	0x167
 412 0158 0C       		.uleb128 0xc
 413 0159 6D736700 		.ascii	"msg\000"
 414 015d 01       		.byte	0x1
 415 015e 6D       		.byte	0x6d
 416 015f 67010000 		.4byte	0x167
 417 0163 02       		.uleb128 0x2
 418 0164 91       		.byte	0x91
 419 0165 74       		.sleb128 -12
 420 0166 00       		.byte	0
 421 0167 0D       		.uleb128 0xd
 422 0168 04       		.byte	0x4
 423 0169 27010000 		.4byte	0x127
ARM GAS  D:\Windows\AppData\Local\Temp\ccx2DxkT.s 			page 11


 424 016d 0B       		.uleb128 0xb
 425 016e EE000000 		.4byte	.LASF26
 426 0172 01       		.byte	0x1
 427 0173 7B       		.byte	0x7b
 428 0174 00000000 		.4byte	.LFB65
 429 0178 6E000000 		.4byte	.LFE65-.LFB65
 430 017c 01       		.uleb128 0x1
 431 017d 9C       		.byte	0x9c
 432 017e AD010000 		.4byte	0x1ad
 433 0182 0E       		.uleb128 0xe
 434 0183 0D020000 		.4byte	.LASF27
 435 0187 01       		.byte	0x1
 436 0188 7B       		.byte	0x7b
 437 0189 AD010000 		.4byte	0x1ad
 438 018d 02       		.uleb128 0x2
 439 018e 91       		.byte	0x91
 440 018f 74       		.sleb128 -12
 441 0190 0E       		.uleb128 0xe
 442 0191 90010000 		.4byte	.LASF28
 443 0195 01       		.byte	0x1
 444 0196 7B       		.byte	0x7b
 445 0197 B3010000 		.4byte	0x1b3
 446 019b 02       		.uleb128 0x2
 447 019c 91       		.byte	0x91
 448 019d 70       		.sleb128 -16
 449 019e 0E       		.uleb128 0xe
 450 019f F9000000 		.4byte	.LASF29
 451 01a3 01       		.byte	0x1
 452 01a4 7B       		.byte	0x7b
 453 01a5 97000000 		.4byte	0x97
 454 01a9 02       		.uleb128 0x2
 455 01aa 91       		.byte	0x91
 456 01ab 6F       		.sleb128 -17
 457 01ac 00       		.byte	0
 458 01ad 0D       		.uleb128 0xd
 459 01ae 04       		.byte	0x4
 460 01af 97000000 		.4byte	0x97
 461 01b3 0D       		.uleb128 0xd
 462 01b4 04       		.byte	0x4
 463 01b5 A2000000 		.4byte	0xa2
 464 01b9 0F       		.uleb128 0xf
 465 01ba 14020000 		.4byte	.LASF38
 466 01be 01       		.byte	0x1
 467 01bf 86       		.byte	0x86
 468 01c0 00000000 		.4byte	.LFB66
 469 01c4 3E000000 		.4byte	.LFE66-.LFB66
 470 01c8 01       		.uleb128 0x1
 471 01c9 9C       		.byte	0x9c
 472 01ca EC010000 		.4byte	0x1ec
 473 01ce 10       		.uleb128 0x10
 474 01cf FE010000 		.4byte	.LASF30
 475 01d3 01       		.byte	0x1
 476 01d4 87       		.byte	0x87
 477 01d5 97000000 		.4byte	0x97
 478 01d9 02       		.uleb128 0x2
 479 01da 91       		.byte	0x91
 480 01db 77       		.sleb128 -9
ARM GAS  D:\Windows\AppData\Local\Temp\ccx2DxkT.s 			page 12


 481 01dc 10       		.uleb128 0x10
 482 01dd 16010000 		.4byte	.LASF31
 483 01e1 01       		.byte	0x1
 484 01e2 88       		.byte	0x88
 485 01e3 EC010000 		.4byte	0x1ec
 486 01e7 03       		.uleb128 0x3
 487 01e8 91       		.byte	0x91
 488 01e9 B47F     		.sleb128 -76
 489 01eb 00       		.byte	0
 490 01ec 08       		.uleb128 0x8
 491 01ed 97000000 		.4byte	0x97
 492 01f1 FC010000 		.4byte	0x1fc
 493 01f5 09       		.uleb128 0x9
 494 01f6 D8000000 		.4byte	0xd8
 495 01fa 3F       		.byte	0x3f
 496 01fb 00       		.byte	0
 497 01fc 11       		.uleb128 0x11
 498 01fd 5E010000 		.4byte	.LASF32
 499 0201 05       		.byte	0x5
 500 0202 9606     		.2byte	0x696
 501 0204 08020000 		.4byte	0x208
 502 0208 12       		.uleb128 0x12
 503 0209 AD000000 		.4byte	0xad
 504 020d 13       		.uleb128 0x13
 505 020e 1C020000 		.4byte	.LASF33
 506 0212 01       		.byte	0x1
 507 0213 04       		.byte	0x4
 508 0214 17010000 		.4byte	0x117
 509 0218 05       		.uleb128 0x5
 510 0219 03       		.byte	0x3
 511 021a 00000000 		.4byte	test_usb_message
 512 021e 00       		.byte	0
 513              		.section	.debug_abbrev,"",%progbits
 514              	.Ldebug_abbrev0:
 515 0000 01       		.uleb128 0x1
 516 0001 11       		.uleb128 0x11
 517 0002 01       		.byte	0x1
 518 0003 25       		.uleb128 0x25
 519 0004 0E       		.uleb128 0xe
 520 0005 13       		.uleb128 0x13
 521 0006 0B       		.uleb128 0xb
 522 0007 03       		.uleb128 0x3
 523 0008 0E       		.uleb128 0xe
 524 0009 1B       		.uleb128 0x1b
 525 000a 0E       		.uleb128 0xe
 526 000b 55       		.uleb128 0x55
 527 000c 17       		.uleb128 0x17
 528 000d 11       		.uleb128 0x11
 529 000e 01       		.uleb128 0x1
 530 000f 10       		.uleb128 0x10
 531 0010 17       		.uleb128 0x17
 532 0011 00       		.byte	0
 533 0012 00       		.byte	0
 534 0013 02       		.uleb128 0x2
 535 0014 24       		.uleb128 0x24
 536 0015 00       		.byte	0
 537 0016 0B       		.uleb128 0xb
ARM GAS  D:\Windows\AppData\Local\Temp\ccx2DxkT.s 			page 13


 538 0017 0B       		.uleb128 0xb
 539 0018 3E       		.uleb128 0x3e
 540 0019 0B       		.uleb128 0xb
 541 001a 03       		.uleb128 0x3
 542 001b 0E       		.uleb128 0xe
 543 001c 00       		.byte	0
 544 001d 00       		.byte	0
 545 001e 03       		.uleb128 0x3
 546 001f 16       		.uleb128 0x16
 547 0020 00       		.byte	0
 548 0021 03       		.uleb128 0x3
 549 0022 0E       		.uleb128 0xe
 550 0023 3A       		.uleb128 0x3a
 551 0024 0B       		.uleb128 0xb
 552 0025 3B       		.uleb128 0x3b
 553 0026 0B       		.uleb128 0xb
 554 0027 49       		.uleb128 0x49
 555 0028 13       		.uleb128 0x13
 556 0029 00       		.byte	0
 557 002a 00       		.byte	0
 558 002b 04       		.uleb128 0x4
 559 002c 24       		.uleb128 0x24
 560 002d 00       		.byte	0
 561 002e 0B       		.uleb128 0xb
 562 002f 0B       		.uleb128 0xb
 563 0030 3E       		.uleb128 0x3e
 564 0031 0B       		.uleb128 0xb
 565 0032 03       		.uleb128 0x3
 566 0033 08       		.uleb128 0x8
 567 0034 00       		.byte	0
 568 0035 00       		.byte	0
 569 0036 05       		.uleb128 0x5
 570 0037 13       		.uleb128 0x13
 571 0038 01       		.byte	0x1
 572 0039 0B       		.uleb128 0xb
 573 003a 0B       		.uleb128 0xb
 574 003b 3A       		.uleb128 0x3a
 575 003c 0B       		.uleb128 0xb
 576 003d 3B       		.uleb128 0x3b
 577 003e 0B       		.uleb128 0xb
 578 003f 01       		.uleb128 0x1
 579 0040 13       		.uleb128 0x13
 580 0041 00       		.byte	0
 581 0042 00       		.byte	0
 582 0043 06       		.uleb128 0x6
 583 0044 0D       		.uleb128 0xd
 584 0045 00       		.byte	0
 585 0046 03       		.uleb128 0x3
 586 0047 0E       		.uleb128 0xe
 587 0048 3A       		.uleb128 0x3a
 588 0049 0B       		.uleb128 0xb
 589 004a 3B       		.uleb128 0x3b
 590 004b 0B       		.uleb128 0xb
 591 004c 49       		.uleb128 0x49
 592 004d 13       		.uleb128 0x13
 593 004e 38       		.uleb128 0x38
 594 004f 0B       		.uleb128 0xb
ARM GAS  D:\Windows\AppData\Local\Temp\ccx2DxkT.s 			page 14


 595 0050 00       		.byte	0
 596 0051 00       		.byte	0
 597 0052 07       		.uleb128 0x7
 598 0053 0D       		.uleb128 0xd
 599 0054 00       		.byte	0
 600 0055 03       		.uleb128 0x3
 601 0056 08       		.uleb128 0x8
 602 0057 3A       		.uleb128 0x3a
 603 0058 0B       		.uleb128 0xb
 604 0059 3B       		.uleb128 0x3b
 605 005a 0B       		.uleb128 0xb
 606 005b 49       		.uleb128 0x49
 607 005c 13       		.uleb128 0x13
 608 005d 38       		.uleb128 0x38
 609 005e 0B       		.uleb128 0xb
 610 005f 00       		.byte	0
 611 0060 00       		.byte	0
 612 0061 08       		.uleb128 0x8
 613 0062 01       		.uleb128 0x1
 614 0063 01       		.byte	0x1
 615 0064 49       		.uleb128 0x49
 616 0065 13       		.uleb128 0x13
 617 0066 01       		.uleb128 0x1
 618 0067 13       		.uleb128 0x13
 619 0068 00       		.byte	0
 620 0069 00       		.byte	0
 621 006a 09       		.uleb128 0x9
 622 006b 21       		.uleb128 0x21
 623 006c 00       		.byte	0
 624 006d 49       		.uleb128 0x49
 625 006e 13       		.uleb128 0x13
 626 006f 2F       		.uleb128 0x2f
 627 0070 0B       		.uleb128 0xb
 628 0071 00       		.byte	0
 629 0072 00       		.byte	0
 630 0073 0A       		.uleb128 0xa
 631 0074 2E       		.uleb128 0x2e
 632 0075 00       		.byte	0
 633 0076 3F       		.uleb128 0x3f
 634 0077 19       		.uleb128 0x19
 635 0078 03       		.uleb128 0x3
 636 0079 0E       		.uleb128 0xe
 637 007a 3A       		.uleb128 0x3a
 638 007b 0B       		.uleb128 0xb
 639 007c 3B       		.uleb128 0x3b
 640 007d 0B       		.uleb128 0xb
 641 007e 11       		.uleb128 0x11
 642 007f 01       		.uleb128 0x1
 643 0080 12       		.uleb128 0x12
 644 0081 06       		.uleb128 0x6
 645 0082 40       		.uleb128 0x40
 646 0083 18       		.uleb128 0x18
 647 0084 9642     		.uleb128 0x2116
 648 0086 19       		.uleb128 0x19
 649 0087 00       		.byte	0
 650 0088 00       		.byte	0
 651 0089 0B       		.uleb128 0xb
ARM GAS  D:\Windows\AppData\Local\Temp\ccx2DxkT.s 			page 15


 652 008a 2E       		.uleb128 0x2e
 653 008b 01       		.byte	0x1
 654 008c 3F       		.uleb128 0x3f
 655 008d 19       		.uleb128 0x19
 656 008e 03       		.uleb128 0x3
 657 008f 0E       		.uleb128 0xe
 658 0090 3A       		.uleb128 0x3a
 659 0091 0B       		.uleb128 0xb
 660 0092 3B       		.uleb128 0x3b
 661 0093 0B       		.uleb128 0xb
 662 0094 27       		.uleb128 0x27
 663 0095 19       		.uleb128 0x19
 664 0096 11       		.uleb128 0x11
 665 0097 01       		.uleb128 0x1
 666 0098 12       		.uleb128 0x12
 667 0099 06       		.uleb128 0x6
 668 009a 40       		.uleb128 0x40
 669 009b 18       		.uleb128 0x18
 670 009c 9742     		.uleb128 0x2117
 671 009e 19       		.uleb128 0x19
 672 009f 01       		.uleb128 0x1
 673 00a0 13       		.uleb128 0x13
 674 00a1 00       		.byte	0
 675 00a2 00       		.byte	0
 676 00a3 0C       		.uleb128 0xc
 677 00a4 05       		.uleb128 0x5
 678 00a5 00       		.byte	0
 679 00a6 03       		.uleb128 0x3
 680 00a7 08       		.uleb128 0x8
 681 00a8 3A       		.uleb128 0x3a
 682 00a9 0B       		.uleb128 0xb
 683 00aa 3B       		.uleb128 0x3b
 684 00ab 0B       		.uleb128 0xb
 685 00ac 49       		.uleb128 0x49
 686 00ad 13       		.uleb128 0x13
 687 00ae 02       		.uleb128 0x2
 688 00af 18       		.uleb128 0x18
 689 00b0 00       		.byte	0
 690 00b1 00       		.byte	0
 691 00b2 0D       		.uleb128 0xd
 692 00b3 0F       		.uleb128 0xf
 693 00b4 00       		.byte	0
 694 00b5 0B       		.uleb128 0xb
 695 00b6 0B       		.uleb128 0xb
 696 00b7 49       		.uleb128 0x49
 697 00b8 13       		.uleb128 0x13
 698 00b9 00       		.byte	0
 699 00ba 00       		.byte	0
 700 00bb 0E       		.uleb128 0xe
 701 00bc 05       		.uleb128 0x5
 702 00bd 00       		.byte	0
 703 00be 03       		.uleb128 0x3
 704 00bf 0E       		.uleb128 0xe
 705 00c0 3A       		.uleb128 0x3a
 706 00c1 0B       		.uleb128 0xb
 707 00c2 3B       		.uleb128 0x3b
 708 00c3 0B       		.uleb128 0xb
ARM GAS  D:\Windows\AppData\Local\Temp\ccx2DxkT.s 			page 16


 709 00c4 49       		.uleb128 0x49
 710 00c5 13       		.uleb128 0x13
 711 00c6 02       		.uleb128 0x2
 712 00c7 18       		.uleb128 0x18
 713 00c8 00       		.byte	0
 714 00c9 00       		.byte	0
 715 00ca 0F       		.uleb128 0xf
 716 00cb 2E       		.uleb128 0x2e
 717 00cc 01       		.byte	0x1
 718 00cd 3F       		.uleb128 0x3f
 719 00ce 19       		.uleb128 0x19
 720 00cf 03       		.uleb128 0x3
 721 00d0 0E       		.uleb128 0xe
 722 00d1 3A       		.uleb128 0x3a
 723 00d2 0B       		.uleb128 0xb
 724 00d3 3B       		.uleb128 0x3b
 725 00d4 0B       		.uleb128 0xb
 726 00d5 11       		.uleb128 0x11
 727 00d6 01       		.uleb128 0x1
 728 00d7 12       		.uleb128 0x12
 729 00d8 06       		.uleb128 0x6
 730 00d9 40       		.uleb128 0x40
 731 00da 18       		.uleb128 0x18
 732 00db 9642     		.uleb128 0x2116
 733 00dd 19       		.uleb128 0x19
 734 00de 01       		.uleb128 0x1
 735 00df 13       		.uleb128 0x13
 736 00e0 00       		.byte	0
 737 00e1 00       		.byte	0
 738 00e2 10       		.uleb128 0x10
 739 00e3 34       		.uleb128 0x34
 740 00e4 00       		.byte	0
 741 00e5 03       		.uleb128 0x3
 742 00e6 0E       		.uleb128 0xe
 743 00e7 3A       		.uleb128 0x3a
 744 00e8 0B       		.uleb128 0xb
 745 00e9 3B       		.uleb128 0x3b
 746 00ea 0B       		.uleb128 0xb
 747 00eb 49       		.uleb128 0x49
 748 00ec 13       		.uleb128 0x13
 749 00ed 02       		.uleb128 0x2
 750 00ee 18       		.uleb128 0x18
 751 00ef 00       		.byte	0
 752 00f0 00       		.byte	0
 753 00f1 11       		.uleb128 0x11
 754 00f2 34       		.uleb128 0x34
 755 00f3 00       		.byte	0
 756 00f4 03       		.uleb128 0x3
 757 00f5 0E       		.uleb128 0xe
 758 00f6 3A       		.uleb128 0x3a
 759 00f7 0B       		.uleb128 0xb
 760 00f8 3B       		.uleb128 0x3b
 761 00f9 05       		.uleb128 0x5
 762 00fa 49       		.uleb128 0x49
 763 00fb 13       		.uleb128 0x13
 764 00fc 3F       		.uleb128 0x3f
 765 00fd 19       		.uleb128 0x19
ARM GAS  D:\Windows\AppData\Local\Temp\ccx2DxkT.s 			page 17


 766 00fe 3C       		.uleb128 0x3c
 767 00ff 19       		.uleb128 0x19
 768 0100 00       		.byte	0
 769 0101 00       		.byte	0
 770 0102 12       		.uleb128 0x12
 771 0103 35       		.uleb128 0x35
 772 0104 00       		.byte	0
 773 0105 49       		.uleb128 0x49
 774 0106 13       		.uleb128 0x13
 775 0107 00       		.byte	0
 776 0108 00       		.byte	0
 777 0109 13       		.uleb128 0x13
 778 010a 34       		.uleb128 0x34
 779 010b 00       		.byte	0
 780 010c 03       		.uleb128 0x3
 781 010d 0E       		.uleb128 0xe
 782 010e 3A       		.uleb128 0x3a
 783 010f 0B       		.uleb128 0xb
 784 0110 3B       		.uleb128 0x3b
 785 0111 0B       		.uleb128 0xb
 786 0112 49       		.uleb128 0x49
 787 0113 13       		.uleb128 0x13
 788 0114 3F       		.uleb128 0x3f
 789 0115 19       		.uleb128 0x19
 790 0116 02       		.uleb128 0x2
 791 0117 18       		.uleb128 0x18
 792 0118 00       		.byte	0
 793 0119 00       		.byte	0
 794 011a 00       		.byte	0
 795              		.section	.debug_aranges,"",%progbits
 796 0000 34000000 		.4byte	0x34
 797 0004 0200     		.2byte	0x2
 798 0006 00000000 		.4byte	.Ldebug_info0
 799 000a 04       		.byte	0x4
 800 000b 00       		.byte	0
 801 000c 0000     		.2byte	0
 802 000e 0000     		.2byte	0
 803 0010 00000000 		.4byte	.LFB63
 804 0014 0E000000 		.4byte	.LFE63-.LFB63
 805 0018 00000000 		.4byte	.LFB64
 806 001c 12000000 		.4byte	.LFE64-.LFB64
 807 0020 00000000 		.4byte	.LFB65
 808 0024 6E000000 		.4byte	.LFE65-.LFB65
 809 0028 00000000 		.4byte	.LFB66
 810 002c 3E000000 		.4byte	.LFE66-.LFB66
 811 0030 00000000 		.4byte	0
 812 0034 00000000 		.4byte	0
 813              		.section	.debug_ranges,"",%progbits
 814              	.Ldebug_ranges0:
 815 0000 00000000 		.4byte	.LFB63
 816 0004 0E000000 		.4byte	.LFE63
 817 0008 00000000 		.4byte	.LFB64
 818 000c 12000000 		.4byte	.LFE64
 819 0010 00000000 		.4byte	.LFB65
 820 0014 6E000000 		.4byte	.LFE65
 821 0018 00000000 		.4byte	.LFB66
 822 001c 3E000000 		.4byte	.LFE66
ARM GAS  D:\Windows\AppData\Local\Temp\ccx2DxkT.s 			page 18


 823 0020 00000000 		.4byte	0
 824 0024 00000000 		.4byte	0
 825              		.section	.debug_line,"",%progbits
 826              	.Ldebug_line0:
 827 0000 9F010000 		.section	.debug_str,"MS",%progbits,1
 827      02003B01 
 827      00000201 
 827      FB0E0D00 
 827      01010101 
 828              	.LASF36:
 829 0000 443A5C44 		.ascii	"D:\\Downloads\\FRUCD\\Node-Capybara\\Node-Capybara\\"
 829      6F776E6C 
 829      6F616473 
 829      5C465255 
 829      43445C4E 
 830 002f 4E6F6465 		.ascii	"Node-Capybara.cydsn\000"
 830      2D436170 
 830      79626172 
 830      612E6379 
 830      64736E00 
 831              	.LASF3:
 832 0043 5F5F7569 		.ascii	"__uint8_t\000"
 832      6E74385F 
 832      7400
 833              	.LASF6:
 834 004d 5F5F696E 		.ascii	"__int32_t\000"
 834      7433325F 
 834      7400
 835              	.LASF7:
 836 0057 6C6F6E67 		.ascii	"long int\000"
 836      20696E74 
 836      00
 837              	.LASF34:
 838 0060 474E5520 		.ascii	"GNU C 4.9.3 20150303 (release) [ARM/embedded-4_9-br"
 838      4320342E 
 838      392E3320 
 838      32303135 
 838      30333033 
 839 0093 616E6368 		.ascii	"anch revision 221220] -mcpu=cortex-m3 -mthumb -g -O"
 839      20726576 
 839      6973696F 
 839      6E203232 
 839      31323230 
 840 00c6 30202D66 		.ascii	"0 -ffunction-sections -ffat-lto-objects\000"
 840      66756E63 
 840      74696F6E 
 840      2D736563 
 840      74696F6E 
 841              	.LASF26:
 842 00ee 7573625F 		.ascii	"usb_escape\000"
 842      65736361 
 842      706500
 843              	.LASF29:
 844 00f9 62797465 		.ascii	"byte\000"
 844      00
 845              	.LASF21:
 846 00fe 6D696C6C 		.ascii	"millicounter\000"
ARM GAS  D:\Windows\AppData\Local\Temp\ccx2DxkT.s 			page 19


 846      69636F75 
 846      6E746572 
 846      00
 847              	.LASF17:
 848 010b 666C6F61 		.ascii	"float\000"
 848      7400
 849              	.LASF23:
 850 0111 64617461 		.ascii	"data\000"
 850      00
 851              	.LASF31:
 852 0116 72785F62 		.ascii	"rx_buffer\000"
 852      75666665 
 852      7200
 853              	.LASF1:
 854 0120 756E7369 		.ascii	"unsigned char\000"
 854      676E6564 
 854      20636861 
 854      7200
 855              	.LASF8:
 856 012e 5F5F7569 		.ascii	"__uint32_t\000"
 856      6E743332 
 856      5F7400
 857              	.LASF9:
 858 0139 6C6F6E67 		.ascii	"long unsigned int\000"
 858      20756E73 
 858      69676E65 
 858      6420696E 
 858      7400
 859              	.LASF5:
 860 014b 73686F72 		.ascii	"short unsigned int\000"
 860      7420756E 
 860      7369676E 
 860      65642069 
 860      6E7400
 861              	.LASF32:
 862 015e 49544D5F 		.ascii	"ITM_RxBuffer\000"
 862      52784275 
 862      66666572 
 862      00
 863              	.LASF4:
 864 016b 5F5F7569 		.ascii	"__uint16_t\000"
 864      6E743136 
 864      5F7400
 865              	.LASF18:
 866 0176 646F7562 		.ascii	"double\000"
 866      6C6500
 867              	.LASF37:
 868 017d 7573625F 		.ascii	"usb_init\000"
 868      696E6974 
 868      00
 869              	.LASF2:
 870 0186 73686F72 		.ascii	"short int\000"
 870      7420696E 
 870      7400
 871              	.LASF28:
 872 0190 62756666 		.ascii	"buff_end\000"
 872      5F656E64 
ARM GAS  D:\Windows\AppData\Local\Temp\ccx2DxkT.s 			page 20


 872      00
 873              	.LASF12:
 874 0199 756E7369 		.ascii	"unsigned int\000"
 874      676E6564 
 874      20696E74 
 874      00
 875              	.LASF24:
 876 01a6 44617461 		.ascii	"DataPacket\000"
 876      5061636B 
 876      657400
 877              	.LASF11:
 878 01b1 6C6F6E67 		.ascii	"long long unsigned int\000"
 878      206C6F6E 
 878      6720756E 
 878      7369676E 
 878      65642069 
 879              	.LASF13:
 880 01c8 75696E74 		.ascii	"uint8_t\000"
 880      385F7400 
 881              	.LASF25:
 882 01d0 7573625F 		.ascii	"usb_write\000"
 882      77726974 
 882      6500
 883              	.LASF15:
 884 01da 696E7433 		.ascii	"int32_t\000"
 884      325F7400 
 885              	.LASF20:
 886 01e2 73697A65 		.ascii	"sizetype\000"
 886      74797065 
 886      00
 887              	.LASF10:
 888 01eb 6C6F6E67 		.ascii	"long long int\000"
 888      206C6F6E 
 888      6720696E 
 888      7400
 889              	.LASF19:
 890 01f9 63686172 		.ascii	"char\000"
 890      00
 891              	.LASF30:
 892 01fe 636F756E 		.ascii	"count\000"
 892      7400
 893              	.LASF14:
 894 0204 75696E74 		.ascii	"uint16_t\000"
 894      31365F74 
 894      00
 895              	.LASF27:
 896 020d 62756666 		.ascii	"buffer\000"
 896      657200
 897              	.LASF38:
 898 0214 7573625F 		.ascii	"usb_get\000"
 898      67657400 
 899              	.LASF33:
 900 021c 74657374 		.ascii	"test_usb_message\000"
 900      5F757362 
 900      5F6D6573 
 900      73616765 
 900      00
ARM GAS  D:\Windows\AppData\Local\Temp\ccx2DxkT.s 			page 21


 901              	.LASF16:
 902 022d 75696E74 		.ascii	"uint32_t\000"
 902      33325F74 
 902      00
 903              	.LASF35:
 904 0236 7573625F 		.ascii	"usb_manager.c\000"
 904      6D616E61 
 904      6765722E 
 904      6300
 905              	.LASF0:
 906 0244 7369676E 		.ascii	"signed char\000"
 906      65642063 
 906      68617200 
 907              	.LASF22:
 908 0250 6C656E67 		.ascii	"length\000"
 908      746800
 909              		.ident	"GCC: (GNU Tools for ARM Embedded Processors) 4.9.3 20150303 (release) [ARM/embedded-4_9-br
